[0.020s] Invoking command in '/home/avmi-lab-user/ThreatField2025/workspace/ros2_ws/build/px4_ros_com': AMENT_PREFIX_PATH=/home/avmi-lab-user/ThreatField2025/workspace/ros2_ws/install/px4_msgs:${AMENT_PREFIX_PATH} CMAKE_PREFIX_PATH=/home/avmi-lab-user/ThreatField2025/workspace/ros2_ws/install/px4_msgs:/opt/ros/humble LD_LIBRARY_PATH=/home/avmi-lab-user/ThreatField2025/workspace/ros2_ws/install/px4_msgs/lib:${LD_LIBRARY_PATH} PYTHONPATH=/home/avmi-lab-user/ThreatField2025/workspace/ros2_ws/install/px4_msgs/local/lib/python3.10/dist-packages:${PYTHONPATH} /usr/bin/cmake --build /home/avmi-lab-user/ThreatField2025/workspace/ros2_ws/build/px4_ros_com -- -j8 -l8
[0.194s] [ 14%] Built target vehicle_gps_position_listener
[0.204s] [ 28%] Built target debug_vect_advertiser
[0.240s] [ 42%] Built target frame_transforms
[0.240s] [ 57%] Built target offboard_control
[0.240s] [ 57%] Built target ament_cmake_python_symlink_px4_ros_com
[0.282s] [ 71%] Built target sensor_combined_listener
[0.325s] [ 85%] Built target offboard_control_srv
[0.328s] [100%] Built target vehicle_local_position_listener
[1.127s] running egg_info
[1.173s] writing px4_ros_com.egg-info/PKG-INFO
[1.173s] writing dependency_links to px4_ros_com.egg-info/dependency_links.txt
[1.174s] writing top-level names to px4_ros_com.egg-info/top_level.txt
[1.256s] reading manifest file 'px4_ros_com.egg-info/SOURCES.txt'
[1.256s] writing manifest file 'px4_ros_com.egg-info/SOURCES.txt'
[1.324s] [100%] Built target ament_cmake_python_build_px4_ros_com_egg
[1.450s] Invoked command in '/home/avmi-lab-user/ThreatField2025/workspace/ros2_ws/build/px4_ros_com' returned '0': AMENT_PREFIX_PATH=/home/avmi-lab-user/ThreatField2025/workspace/ros2_ws/install/px4_msgs:${AMENT_PREFIX_PATH} CMAKE_PREFIX_PATH=/home/avmi-lab-user/ThreatField2025/workspace/ros2_ws/install/px4_msgs:/opt/ros/humble LD_LIBRARY_PATH=/home/avmi-lab-user/ThreatField2025/workspace/ros2_ws/install/px4_msgs/lib:${LD_LIBRARY_PATH} PYTHONPATH=/home/avmi-lab-user/ThreatField2025/workspace/ros2_ws/install/px4_msgs/local/lib/python3.10/dist-packages:${PYTHONPATH} /usr/bin/cmake --build /home/avmi-lab-user/ThreatField2025/workspace/ros2_ws/build/px4_ros_com -- -j8 -l8
[1.451s] Invoking command in '/home/avmi-lab-user/ThreatField2025/workspace/ros2_ws/build/px4_ros_com': AMENT_PREFIX_PATH=/home/avmi-lab-user/ThreatField2025/workspace/ros2_ws/install/px4_msgs:${AMENT_PREFIX_PATH} CMAKE_PREFIX_PATH=/home/avmi-lab-user/ThreatField2025/workspace/ros2_ws/install/px4_msgs:/opt/ros/humble LD_LIBRARY_PATH=/home/avmi-lab-user/ThreatField2025/workspace/ros2_ws/install/px4_msgs/lib:${LD_LIBRARY_PATH} PYTHONPATH=/home/avmi-lab-user/ThreatField2025/workspace/ros2_ws/install/px4_msgs/local/lib/python3.10/dist-packages:${PYTHONPATH} /usr/bin/cmake --install /home/avmi-lab-user/ThreatField2025/workspace/ros2_ws/build/px4_ros_com
[1.482s] -- Install configuration: ""
[1.482s] -- Execute custom install script
[1.483s] -- Up-to-date symlink: /home/avmi-lab-user/ThreatField2025/workspace/ros2_ws/install/px4_ros_com/lib/px4_ros_com/sensor_combined_listener
[1.484s] -- Up-to-date symlink: /home/avmi-lab-user/ThreatField2025/workspace/ros2_ws/install/px4_ros_com/lib/px4_ros_com/vehicle_gps_position_listener
[1.484s] -- Up-to-date symlink: /home/avmi-lab-user/ThreatField2025/workspace/ros2_ws/install/px4_ros_com/lib/px4_ros_com/debug_vect_advertiser
[1.484s] -- Up-to-date symlink: /home/avmi-lab-user/ThreatField2025/workspace/ros2_ws/install/px4_ros_com/lib/px4_ros_com/offboard_control
[1.484s] -- Up-to-date symlink: /home/avmi-lab-user/ThreatField2025/workspace/ros2_ws/install/px4_ros_com/lib/px4_ros_com/offboard_control_srv
[1.484s] -- Up-to-date symlink: /home/avmi-lab-user/ThreatField2025/workspace/ros2_ws/install/px4_ros_com/lib/px4_ros_com/vehicle_local_position_listener
[1.484s] -- Up-to-date symlink: /home/avmi-lab-user/ThreatField2025/workspace/ros2_ws/install/px4_ros_com/share/px4_ros_com/environment/library_path.sh
[1.484s] -- Up-to-date symlink: /home/avmi-lab-user/ThreatField2025/workspace/ros2_ws/install/px4_ros_com/share/px4_ros_com/environment/library_path.dsv
[1.488s] -- Up-to-date symlink: /home/avmi-lab-user/ThreatField2025/workspace/ros2_ws/install/px4_ros_com/include/px4_ros_com/frame_transforms.h
[1.489s] -- Up-to-date symlink: /home/avmi-lab-user/ThreatField2025/workspace/ros2_ws/install/px4_ros_com/share/px4_ros_com//launch/offboard_control_launch.yaml
[1.489s] -- Up-to-date symlink: /home/avmi-lab-user/ThreatField2025/workspace/ros2_ws/install/px4_ros_com/share/px4_ros_com//launch/sensor_combined_listener.launch.py
[1.489s] -- Up-to-date symlink: /home/avmi-lab-user/ThreatField2025/workspace/ros2_ws/install/px4_ros_com/share/px4_ros_com//launch/vehicle_local_listener.launch.py
[1.489s] -- Up-to-date symlink: /home/avmi-lab-user/ThreatField2025/workspace/ros2_ws/install/px4_ros_com/share/px4_ros_com//test/__init__.py
[1.490s] -- Up-to-date symlink: /home/avmi-lab-user/ThreatField2025/workspace/ros2_ws/install/px4_ros_com/share/px4_ros_com//test/pipeline_io_test.py
[1.490s] -- Up-to-date symlink: /home/avmi-lab-user/ThreatField2025/workspace/ros2_ws/install/px4_ros_com/share/px4_ros_com//test/test_input.py
[1.490s] -- Up-to-date symlink: /home/avmi-lab-user/ThreatField2025/workspace/ros2_ws/install/px4_ros_com/share/px4_ros_com//test/test_output.py
[1.490s] -- Up-to-date symlink: /home/avmi-lab-user/ThreatField2025/workspace/ros2_ws/install/px4_ros_com/share/px4_ros_com/environment/pythonpath.sh
[1.490s] -- Up-to-date symlink: /home/avmi-lab-user/ThreatField2025/workspace/ros2_ws/install/px4_ros_com/share/px4_ros_com/environment/pythonpath.dsv
[1.490s] -- Up-to-date symlink: /home/avmi-lab-user/ThreatField2025/workspace/ros2_ws/install/px4_ros_com/local/lib/python3.10/dist-packages/px4_ros_com-0.1.0-py3.10.egg-info/PKG-INFO
[1.490s] -- Up-to-date symlink: /home/avmi-lab-user/ThreatField2025/workspace/ros2_ws/install/px4_ros_com/local/lib/python3.10/dist-packages/px4_ros_com-0.1.0-py3.10.egg-info/SOURCES.txt
[1.492s] -- Up-to-date symlink: /home/avmi-lab-user/ThreatField2025/workspace/ros2_ws/install/px4_ros_com/local/lib/python3.10/dist-packages/px4_ros_com-0.1.0-py3.10.egg-info/dependency_links.txt
[1.492s] -- Up-to-date symlink: /home/avmi-lab-user/ThreatField2025/workspace/ros2_ws/install/px4_ros_com/local/lib/python3.10/dist-packages/px4_ros_com-0.1.0-py3.10.egg-info/top_level.txt
[1.492s] -- Up-to-date symlink: /home/avmi-lab-user/ThreatField2025/workspace/ros2_ws/install/px4_ros_com/local/lib/python3.10/dist-packages/px4_ros_com/__init__.py
[1.492s] -- Up-to-date symlink: /home/avmi-lab-user/ThreatField2025/workspace/ros2_ws/install/px4_ros_com/local/lib/python3.10/dist-packages/px4_ros_com/module_to_import.py
[1.492s] -- Up-to-date symlink: /home/avmi-lab-user/ThreatField2025/workspace/ros2_ws/install/px4_ros_com/lib/px4_ros_com/offboard_control.py
[1.492s] -- Up-to-date symlink: /home/avmi-lab-user/ThreatField2025/workspace/ros2_ws/install/px4_ros_com/share/ament_index/resource_index/package_run_dependencies/px4_ros_com
[1.493s] -- Up-to-date symlink: /home/avmi-lab-user/ThreatField2025/workspace/ros2_ws/install/px4_ros_com/share/ament_index/resource_index/parent_prefix_path/px4_ros_com
[1.493s] -- Up-to-date symlink: /home/avmi-lab-user/ThreatField2025/workspace/ros2_ws/install/px4_ros_com/share/px4_ros_com/environment/ament_prefix_path.sh
[1.493s] -- Up-to-date symlink: /home/avmi-lab-user/ThreatField2025/workspace/ros2_ws/install/px4_ros_com/share/px4_ros_com/environment/ament_prefix_path.dsv
[1.493s] -- Up-to-date symlink: /home/avmi-lab-user/ThreatField2025/workspace/ros2_ws/install/px4_ros_com/share/px4_ros_com/environment/path.sh
[1.501s] -- Up-to-date symlink: /home/avmi-lab-user/ThreatField2025/workspace/ros2_ws/install/px4_ros_com/share/px4_ros_com/environment/path.dsv
[1.501s] -- Up-to-date symlink: /home/avmi-lab-user/ThreatField2025/workspace/ros2_ws/install/px4_ros_com/share/px4_ros_com/local_setup.bash
[1.502s] -- Up-to-date symlink: /home/avmi-lab-user/ThreatField2025/workspace/ros2_ws/install/px4_ros_com/share/px4_ros_com/local_setup.sh
[1.502s] -- Up-to-date symlink: /home/avmi-lab-user/ThreatField2025/workspace/ros2_ws/install/px4_ros_com/share/px4_ros_com/local_setup.zsh
[1.502s] -- Up-to-date symlink: /home/avmi-lab-user/ThreatField2025/workspace/ros2_ws/install/px4_ros_com/share/px4_ros_com/local_setup.dsv
[1.502s] -- Symlinking: /home/avmi-lab-user/ThreatField2025/workspace/ros2_ws/install/px4_ros_com/share/px4_ros_com/package.dsv
[1.521s] -- Up-to-date symlink: /home/avmi-lab-user/ThreatField2025/workspace/ros2_ws/install/px4_ros_com/share/ament_index/resource_index/packages/px4_ros_com
[1.521s] -- Up-to-date symlink: /home/avmi-lab-user/ThreatField2025/workspace/ros2_ws/install/px4_ros_com/share/px4_ros_com/cmake/ament_cmake_export_dependencies-extras.cmake
[1.521s] -- Up-to-date symlink: /home/avmi-lab-user/ThreatField2025/workspace/ros2_ws/install/px4_ros_com/share/px4_ros_com/cmake/ament_cmake_export_targets-extras.cmake
[1.522s] -- Up-to-date symlink: /home/avmi-lab-user/ThreatField2025/workspace/ros2_ws/install/px4_ros_com/share/px4_ros_com/cmake/ament_cmake_export_include_directories-extras.cmake
[1.522s] -- Up-to-date symlink: /home/avmi-lab-user/ThreatField2025/workspace/ros2_ws/install/px4_ros_com/share/px4_ros_com/cmake/ament_cmake_export_libraries-extras.cmake
[1.522s] -- Up-to-date symlink: /home/avmi-lab-user/ThreatField2025/workspace/ros2_ws/install/px4_ros_com/share/px4_ros_com/cmake/px4_ros_comConfig.cmake
[1.522s] -- Up-to-date symlink: /home/avmi-lab-user/ThreatField2025/workspace/ros2_ws/install/px4_ros_com/share/px4_ros_com/cmake/px4_ros_comConfig-version.cmake
[1.522s] -- Up-to-date symlink: /home/avmi-lab-user/ThreatField2025/workspace/ros2_ws/install/px4_ros_com/share/px4_ros_com/package.xml
[1.523s] -- Up-to-date: /home/avmi-lab-user/ThreatField2025/workspace/ros2_ws/install/px4_ros_com/lib/libframe_transforms.so
[1.588s] Listing '/home/avmi-lab-user/ThreatField2025/workspace/ros2_ws/install/px4_ros_com/local/lib/python3.10/dist-packages/px4_ros_com'...
[1.594s] -- Up-to-date: /home/avmi-lab-user/ThreatField2025/workspace/ros2_ws/install/px4_ros_com/share/px4_ros_com/cmake/export_frame_transformsExport.cmake
[1.594s] -- Up-to-date: /home/avmi-lab-user/ThreatField2025/workspace/ros2_ws/install/px4_ros_com/share/px4_ros_com/cmake/export_frame_transformsExport-noconfig.cmake
[1.608s] Invoked command in '/home/avmi-lab-user/ThreatField2025/workspace/ros2_ws/build/px4_ros_com' returned '0': AMENT_PREFIX_PATH=/home/avmi-lab-user/ThreatField2025/workspace/ros2_ws/install/px4_msgs:${AMENT_PREFIX_PATH} CMAKE_PREFIX_PATH=/home/avmi-lab-user/ThreatField2025/workspace/ros2_ws/install/px4_msgs:/opt/ros/humble LD_LIBRARY_PATH=/home/avmi-lab-user/ThreatField2025/workspace/ros2_ws/install/px4_msgs/lib:${LD_LIBRARY_PATH} PYTHONPATH=/home/avmi-lab-user/ThreatField2025/workspace/ros2_ws/install/px4_msgs/local/lib/python3.10/dist-packages:${PYTHONPATH} /usr/bin/cmake --install /home/avmi-lab-user/ThreatField2025/workspace/ros2_ws/build/px4_ros_com
