[0.083s] DEBUG:colcon:Command line arguments: ['/usr/bin/colcon', 'build']
[0.083s] DEBUG:colcon:Parsed command line arguments: Namespace(log_base=None, log_level=None, verb_name='build', build_base='build', install_base='install', merge_install=False, symlink_install=False, test_result_base=None, continue_on_error=False, executor='parallel', parallel_workers=8, event_handlers=None, ignore_user_meta=False, metas=['./colcon.meta'], base_paths=['.'], packages_ignore=None, packages_ignore_regex=None, paths=None, packages_up_to=None, packages_up_to_regex=None, packages_above=None, packages_above_and_dependencies=None, packages_above_depth=None, packages_select_by_dep=None, packages_skip_by_dep=None, packages_skip_up_to=None, packages_select_build_failed=False, packages_skip_build_finished=False, packages_select_test_failures=False, packages_skip_test_passed=False, packages_select=None, packages_skip=None, packages_select_regex=None, packages_skip_regex=None, packages_start=None, packages_end=None, allow_overriding=[], cmake_args=None, cmake_target=None, cmake_target_skip_unavailable=False, cmake_clean_cache=False, cmake_clean_first=False, cmake_force_configure=False, ament_cmake_args=None, catkin_cmake_args=None, catkin_skip_building_tests=False, mixin_files=None, mixin=None, verb_parser=<colcon_mixin.mixin.mixin_argument.MixinArgumentDecorator object at 0x7ec165b80f70>, verb_extension=<colcon_core.verb.build.BuildVerb object at 0x7ec165b808e0>, main=<bound method BuildVerb.main of <colcon_core.verb.build.BuildVerb object at 0x7ec165b808e0>>, mixin_verb=('build',))
[0.114s] Level 1:colcon.colcon_core.package_discovery:discover_packages(colcon_meta) check parameters
[0.114s] Level 1:colcon.colcon_core.package_discovery:discover_packages(recursive) check parameters
[0.114s] Level 1:colcon.colcon_core.package_discovery:discover_packages(ignore) check parameters
[0.114s] Level 1:colcon.colcon_core.package_discovery:discover_packages(path) check parameters
[0.114s] Level 1:colcon.colcon_core.package_discovery:discover_packages(colcon_meta) discover
[0.114s] Level 1:colcon.colcon_core.package_discovery:discover_packages(recursive) discover
[0.114s] INFO:colcon.colcon_core.package_discovery:Crawling recursively for packages in '/home/avmi-lab-user/ThreatField2025/workspace/ros2_ws'
[0.114s] Level 1:colcon.colcon_core.package_identification:_identify(.) by extensions ['ignore', 'ignore_ament_install']
[0.114s] Level 1:colcon.colcon_core.package_identification:_identify(.) by extension 'ignore'
[0.114s] Level 1:colcon.colcon_core.package_identification:_identify(.) by extension 'ignore_ament_install'
[0.114s] Level 1:colcon.colcon_core.package_identification:_identify(.) by extensions ['colcon_pkg']
[0.114s] Level 1:colcon.colcon_core.package_identification:_identify(.) by extension 'colcon_pkg'
[0.114s] Level 1:colcon.colcon_core.package_identification:_identify(.) by extensions ['colcon_meta']
[0.114s] Level 1:colcon.colcon_core.package_identification:_identify(.) by extension 'colcon_meta'
[0.114s] Level 1:colcon.colcon_core.package_identification:_identify(.) by extensions ['ros']
[0.114s] Level 1:colcon.colcon_core.package_identification:_identify(.) by extension 'ros'
[0.125s] Level 1:colcon.colcon_core.package_identification:_identify(.) by extensions ['cmake', 'python']
[0.125s] Level 1:colcon.colcon_core.package_identification:_identify(.) by extension 'cmake'
[0.125s] Level 1:colcon.colcon_core.package_identification:_identify(.) by extension 'python'
[0.125s] Level 1:colcon.colcon_core.package_identification:_identify(.) by extensions ['python_setup_py']
[0.125s] Level 1:colcon.colcon_core.package_identification:_identify(.) by extension 'python_setup_py'
[0.125s] Level 1:colcon.colcon_core.package_identification:_identify(build) by extensions ['ignore', 'ignore_ament_install']
[0.126s] Level 1:colcon.colcon_core.package_identification:_identify(build) by extension 'ignore'
[0.126s] Level 1:colcon.colcon_core.package_identification:_identify(build) ignored
[0.126s] Level 1:colcon.colcon_core.package_identification:_identify(install) by extensions ['ignore', 'ignore_ament_install']
[0.126s] Level 1:colcon.colcon_core.package_identification:_identify(install) by extension 'ignore'
[0.126s] Level 1:colcon.colcon_core.package_identification:_identify(install) ignored
[0.126s] Level 1:colcon.colcon_core.package_identification:_identify(log) by extensions ['ignore', 'ignore_ament_install']
[0.126s] Level 1:colcon.colcon_core.package_identification:_identify(log) by extension 'ignore'
[0.126s] Level 1:colcon.colcon_core.package_identification:_identify(log) ignored
[0.126s] Level 1:colcon.colcon_core.package_identification:_identify(src) by extensions ['ignore', 'ignore_ament_install']
[0.126s] Level 1:colcon.colcon_core.package_identification:_identify(src) by extension 'ignore'
[0.126s] Level 1:colcon.colcon_core.package_identification:_identify(src) by extension 'ignore_ament_install'
[0.126s] Level 1:colcon.colcon_core.package_identification:_identify(src) by extensions ['colcon_pkg']
[0.126s] Level 1:colcon.colcon_core.package_identification:_identify(src) by extension 'colcon_pkg'
[0.126s] Level 1:colcon.colcon_core.package_identification:_identify(src) by extensions ['colcon_meta']
[0.126s] Level 1:colcon.colcon_core.package_identification:_identify(src) by extension 'colcon_meta'
[0.126s] Level 1:colcon.colcon_core.package_identification:_identify(src) by extensions ['ros']
[0.126s] Level 1:colcon.colcon_core.package_identification:_identify(src) by extension 'ros'
[0.126s] Level 1:colcon.colcon_core.package_identification:_identify(src) by extensions ['cmake', 'python']
[0.126s] Level 1:colcon.colcon_core.package_identification:_identify(src) by extension 'cmake'
[0.126s] Level 1:colcon.colcon_core.package_identification:_identify(src) by extension 'python'
[0.126s] Level 1:colcon.colcon_core.package_identification:_identify(src) by extensions ['python_setup_py']
[0.127s] Level 1:colcon.colcon_core.package_identification:_identify(src) by extension 'python_setup_py'
[0.127s] Level 1:colcon.colcon_core.package_identification:_identify(src/Micro-XRCE-DDS-Agent) by extensions ['ignore', 'ignore_ament_install']
[0.127s] Level 1:colcon.colcon_core.package_identification:_identify(src/Micro-XRCE-DDS-Agent) by extension 'ignore'
[0.127s] Level 1:colcon.colcon_core.package_identification:_identify(src/Micro-XRCE-DDS-Agent) by extension 'ignore_ament_install'
[0.127s] Level 1:colcon.colcon_core.package_identification:_identify(src/Micro-XRCE-DDS-Agent) by extensions ['colcon_pkg']
[0.127s] Level 1:colcon.colcon_core.package_identification:_identify(src/Micro-XRCE-DDS-Agent) by extension 'colcon_pkg'
[0.128s] INFO:colcon.colcon_metadata.metadata.colcon_pkg:Setting type 'cmake' of package 'src/Micro-XRCE-DDS-Agent' from colcon.pkg
[0.128s] INFO:colcon.colcon_metadata.metadata.colcon_pkg:Setting name 'microxrcedds_agent' of package 'src/Micro-XRCE-DDS-Agent' from colcon.pkg
[0.128s] DEBUG:colcon.colcon_core.package_identification:Package 'src/Micro-XRCE-DDS-Agent' with type 'cmake' and name 'microxrcedds_agent'
[0.128s] Level 1:colcon.colcon_core.package_identification:_identify(src/build) by extensions ['ignore', 'ignore_ament_install']
[0.128s] Level 1:colcon.colcon_core.package_identification:_identify(src/build) by extension 'ignore'
[0.128s] Level 1:colcon.colcon_core.package_identification:_identify(src/build) ignored
[0.128s] Level 1:colcon.colcon_core.package_identification:_identify(src/install) by extensions ['ignore', 'ignore_ament_install']
[0.128s] Level 1:colcon.colcon_core.package_identification:_identify(src/install) by extension 'ignore'
[0.128s] Level 1:colcon.colcon_core.package_identification:_identify(src/install) ignored
[0.128s] Level 1:colcon.colcon_core.package_identification:_identify(src/interface) by extensions ['ignore', 'ignore_ament_install']
[0.128s] Level 1:colcon.colcon_core.package_identification:_identify(src/interface) by extension 'ignore'
[0.128s] Level 1:colcon.colcon_core.package_identification:_identify(src/interface) by extension 'ignore_ament_install'
[0.128s] Level 1:colcon.colcon_core.package_identification:_identify(src/interface) by extensions ['colcon_pkg']
[0.128s] Level 1:colcon.colcon_core.package_identification:_identify(src/interface) by extension 'colcon_pkg'
[0.128s] Level 1:colcon.colcon_core.package_identification:_identify(src/interface) by extensions ['colcon_meta']
[0.128s] Level 1:colcon.colcon_core.package_identification:_identify(src/interface) by extension 'colcon_meta'
[0.128s] Level 1:colcon.colcon_core.package_identification:_identify(src/interface) by extensions ['ros']
[0.128s] Level 1:colcon.colcon_core.package_identification:_identify(src/interface) by extension 'ros'
[0.131s] DEBUG:colcon.colcon_core.package_identification:Package 'src/interface' with type 'ros.ament_cmake' and name 'interface'
[0.131s] Level 1:colcon.colcon_core.package_identification:_identify(src/log) by extensions ['ignore', 'ignore_ament_install']
[0.131s] Level 1:colcon.colcon_core.package_identification:_identify(src/log) by extension 'ignore'
[0.131s] Level 1:colcon.colcon_core.package_identification:_identify(src/log) ignored
[0.131s] Level 1:colcon.colcon_core.package_identification:_identify(src/py_sensor) by extensions ['ignore', 'ignore_ament_install']
[0.131s] Level 1:colcon.colcon_core.package_identification:_identify(src/py_sensor) by extension 'ignore'
[0.131s] Level 1:colcon.colcon_core.package_identification:_identify(src/py_sensor) by extension 'ignore_ament_install'
[0.131s] Level 1:colcon.colcon_core.package_identification:_identify(src/py_sensor) by extensions ['colcon_pkg']
[0.131s] Level 1:colcon.colcon_core.package_identification:_identify(src/py_sensor) by extension 'colcon_pkg'
[0.131s] Level 1:colcon.colcon_core.package_identification:_identify(src/py_sensor) by extensions ['colcon_meta']
[0.131s] Level 1:colcon.colcon_core.package_identification:_identify(src/py_sensor) by extension 'colcon_meta'
[0.131s] Level 1:colcon.colcon_core.package_identification:_identify(src/py_sensor) by extensions ['ros']
[0.131s] Level 1:colcon.colcon_core.package_identification:_identify(src/py_sensor) by extension 'ros'
[0.132s] DEBUG:colcon.colcon_core.package_identification:Package 'src/py_sensor' with type 'ros.ament_python' and name 'py_sensor'
[0.132s] Level 1:colcon.colcon_core.package_discovery:discover_packages(recursive) using defaults
[0.132s] Level 1:colcon.colcon_core.package_discovery:discover_packages(ignore) discover
[0.132s] Level 1:colcon.colcon_core.package_discovery:discover_packages(ignore) using defaults
[0.132s] Level 1:colcon.colcon_core.package_discovery:discover_packages(path) discover
[0.132s] Level 1:colcon.colcon_core.package_discovery:discover_packages(path) using defaults
[0.148s] INFO:colcon.colcon_metadata.metadata.colcon_pkg:Updating descriptor of package 'src/Micro-XRCE-DDS-Agent' from colcon.pkg: {'name': 'microxrcedds_agent', 'type': 'cmake', 'dependencies': ['fastcdr', 'fastrtps'], 'cmake-args': ['-DUAGENT_ISOLATED_INSTALL=OFF', '-DUAGENT_USE_SYSTEM_FASTCDR=ON', '-DUAGENT_USE_SYSTEM_FASTDDS=ON']}
[0.150s] Level 1:colcon.colcon_core.package_discovery:discover_packages(prefix_path) check parameters
[0.150s] Level 1:colcon.colcon_core.package_discovery:discover_packages(prefix_path) discover
[0.152s] DEBUG:colcon.colcon_installed_package_information.package_discovery:Found 17 installed packages in /home/avmi-lab-user/turtlebot4_ws/install
[0.153s] DEBUG:colcon.colcon_installed_package_information.package_discovery:Found 295 installed packages in /opt/ros/humble
[0.154s] Level 1:colcon.colcon_core.package_discovery:discover_packages(prefix_path) using defaults
[0.182s] Level 5:colcon.colcon_core.verb:set package 'interface' build argument 'cmake_args' from command line to 'None'
[0.182s] Level 5:colcon.colcon_core.verb:set package 'interface' build argument 'cmake_target' from command line to 'None'
[0.182s] Level 5:colcon.colcon_core.verb:set package 'interface' build argument 'cmake_target_skip_unavailable' from command line to 'False'
[0.182s] Level 5:colcon.colcon_core.verb:set package 'interface' build argument 'cmake_clean_cache' from command line to 'False'
[0.182s] Level 5:colcon.colcon_core.verb:set package 'interface' build argument 'cmake_clean_first' from command line to 'False'
[0.182s] Level 5:colcon.colcon_core.verb:set package 'interface' build argument 'cmake_force_configure' from command line to 'False'
[0.182s] Level 5:colcon.colcon_core.verb:set package 'interface' build argument 'ament_cmake_args' from command line to 'None'
[0.182s] Level 5:colcon.colcon_core.verb:set package 'interface' build argument 'catkin_cmake_args' from command line to 'None'
[0.182s] Level 5:colcon.colcon_core.verb:set package 'interface' build argument 'catkin_skip_building_tests' from command line to 'False'
[0.182s] DEBUG:colcon.colcon_core.verb:Building package 'interface' with the following arguments: {'ament_cmake_args': None, 'build_base': '/home/avmi-lab-user/ThreatField2025/workspace/ros2_ws/build/interface', 'catkin_cmake_args': None, 'catkin_skip_building_tests': False, 'cmake_args': None, 'cmake_clean_cache': False, 'cmake_clean_first': False, 'cmake_force_configure': False, 'cmake_target': None, 'cmake_target_skip_unavailable': False, 'install_base': '/home/avmi-lab-user/ThreatField2025/workspace/ros2_ws/install/interface', 'merge_install': False, 'path': '/home/avmi-lab-user/ThreatField2025/workspace/ros2_ws/src/interface', 'symlink_install': False, 'test_result_base': None}
[0.183s] Level 5:colcon.colcon_core.verb:set package 'microxrcedds_agent' build argument 'cmake_args' from command line to 'None'
[0.183s] Level 5:colcon.colcon_core.verb:overwrite package 'microxrcedds_agent' build argument 'cmake_args' from package metadata with '['-DUAGENT_ISOLATED_INSTALL=OFF', '-DUAGENT_USE_SYSTEM_FASTCDR=ON', '-DUAGENT_USE_SYSTEM_FASTDDS=ON']' (before: 'None')
[0.183s] Level 5:colcon.colcon_core.verb:set package 'microxrcedds_agent' build argument 'cmake_target' from command line to 'None'
[0.183s] Level 5:colcon.colcon_core.verb:set package 'microxrcedds_agent' build argument 'cmake_target_skip_unavailable' from command line to 'False'
[0.183s] Level 5:colcon.colcon_core.verb:set package 'microxrcedds_agent' build argument 'cmake_clean_cache' from command line to 'False'
[0.183s] Level 5:colcon.colcon_core.verb:set package 'microxrcedds_agent' build argument 'cmake_clean_first' from command line to 'False'
[0.183s] Level 5:colcon.colcon_core.verb:set package 'microxrcedds_agent' build argument 'cmake_force_configure' from command line to 'False'
[0.183s] Level 5:colcon.colcon_core.verb:set package 'microxrcedds_agent' build argument 'ament_cmake_args' from command line to 'None'
[0.183s] Level 5:colcon.colcon_core.verb:set package 'microxrcedds_agent' build argument 'catkin_cmake_args' from command line to 'None'
[0.183s] Level 5:colcon.colcon_core.verb:set package 'microxrcedds_agent' build argument 'catkin_skip_building_tests' from command line to 'False'
[0.183s] DEBUG:colcon.colcon_core.verb:Building package 'microxrcedds_agent' with the following arguments: {'ament_cmake_args': None, 'build_base': '/home/avmi-lab-user/ThreatField2025/workspace/ros2_ws/build/microxrcedds_agent', 'catkin_cmake_args': None, 'catkin_skip_building_tests': False, 'cmake_args': ['-DUAGENT_ISOLATED_INSTALL=OFF', '-DUAGENT_USE_SYSTEM_FASTCDR=ON', '-DUAGENT_USE_SYSTEM_FASTDDS=ON'], 'cmake_clean_cache': False, 'cmake_clean_first': False, 'cmake_force_configure': False, 'cmake_target': None, 'cmake_target_skip_unavailable': False, 'install_base': '/home/avmi-lab-user/ThreatField2025/workspace/ros2_ws/install/microxrcedds_agent', 'merge_install': False, 'path': '/home/avmi-lab-user/ThreatField2025/workspace/ros2_ws/src/Micro-XRCE-DDS-Agent', 'symlink_install': False, 'test_result_base': None}
[0.183s] Level 5:colcon.colcon_core.verb:set package 'py_sensor' build argument 'cmake_args' from command line to 'None'
[0.183s] Level 5:colcon.colcon_core.verb:set package 'py_sensor' build argument 'cmake_target' from command line to 'None'
[0.183s] Level 5:colcon.colcon_core.verb:set package 'py_sensor' build argument 'cmake_target_skip_unavailable' from command line to 'False'
[0.183s] Level 5:colcon.colcon_core.verb:set package 'py_sensor' build argument 'cmake_clean_cache' from command line to 'False'
[0.183s] Level 5:colcon.colcon_core.verb:set package 'py_sensor' build argument 'cmake_clean_first' from command line to 'False'
[0.183s] Level 5:colcon.colcon_core.verb:set package 'py_sensor' build argument 'cmake_force_configure' from command line to 'False'
[0.183s] Level 5:colcon.colcon_core.verb:set package 'py_sensor' build argument 'ament_cmake_args' from command line to 'None'
[0.183s] Level 5:colcon.colcon_core.verb:set package 'py_sensor' build argument 'catkin_cmake_args' from command line to 'None'
[0.183s] Level 5:colcon.colcon_core.verb:set package 'py_sensor' build argument 'catkin_skip_building_tests' from command line to 'False'
[0.183s] DEBUG:colcon.colcon_core.verb:Building package 'py_sensor' with the following arguments: {'ament_cmake_args': None, 'build_base': '/home/avmi-lab-user/ThreatField2025/workspace/ros2_ws/build/py_sensor', 'catkin_cmake_args': None, 'catkin_skip_building_tests': False, 'cmake_args': None, 'cmake_clean_cache': False, 'cmake_clean_first': False, 'cmake_force_configure': False, 'cmake_target': None, 'cmake_target_skip_unavailable': False, 'install_base': '/home/avmi-lab-user/ThreatField2025/workspace/ros2_ws/install/py_sensor', 'merge_install': False, 'path': '/home/avmi-lab-user/ThreatField2025/workspace/ros2_ws/src/py_sensor', 'symlink_install': False, 'test_result_base': None}
[0.183s] INFO:colcon.colcon_core.executor:Executing jobs using 'parallel' executor
[0.184s] DEBUG:colcon.colcon_parallel_executor.executor.parallel:run_until_complete
[0.184s] INFO:colcon.colcon_ros.task.ament_cmake.build:Building ROS package in '/home/avmi-lab-user/ThreatField2025/workspace/ros2_ws/src/interface' with build type 'ament_cmake'
[0.185s] INFO:colcon.colcon_cmake.task.cmake.build:Building CMake package in '/home/avmi-lab-user/ThreatField2025/workspace/ros2_ws/src/interface'
[0.186s] INFO:colcon.colcon_core.plugin_system:Skipping extension 'colcon_core.shell.bat': Not used on non-Windows systems
[0.186s] INFO:colcon.colcon_core.shell:Skip shell extension 'powershell' for command environment: Not usable outside of PowerShell
[0.186s] DEBUG:colcon.colcon_core.shell:Skip shell extension 'dsv' for command environment
[0.189s] INFO:colcon.colcon_cmake.task.cmake.build:Building CMake package in '/home/avmi-lab-user/ThreatField2025/workspace/ros2_ws/src/Micro-XRCE-DDS-Agent'
[0.189s] INFO:colcon.colcon_core.shell:Skip shell extension 'powershell' for command environment: Not usable outside of PowerShell
[0.189s] DEBUG:colcon.colcon_core.shell:Skip shell extension 'dsv' for command environment
[0.196s] DEBUG:colcon.colcon_core.event_handler.log_command:Invoking command in '/home/avmi-lab-user/ThreatField2025/workspace/ros2_ws/build/interface': CMAKE_PREFIX_PATH=${CMAKE_PREFIX_PATH}:/home/avmi-lab-user/turtlebot4_ws/install/py_sub:/home/avmi-lab-user/turtlebot4_ws/install/path_pubsub:/home/avmi-lab-user/turtlebot4_ws/install/opencv_tests:/home/avmi-lab-user/turtlebot4_ws/install/avmi_lab_threat_field:/opt/ros/humble /usr/bin/cmake --build /home/avmi-lab-user/ThreatField2025/workspace/ros2_ws/build/interface -- -j8 -l8
[0.200s] DEBUG:colcon.colcon_core.event_handler.log_command:Invoking command in '/home/avmi-lab-user/ThreatField2025/workspace/ros2_ws/build/microxrcedds_agent': /usr/bin/cmake /home/avmi-lab-user/ThreatField2025/workspace/ros2_ws/src/Micro-XRCE-DDS-Agent -DUAGENT_ISOLATED_INSTALL=OFF -DUAGENT_USE_SYSTEM_FASTCDR=ON -DUAGENT_USE_SYSTEM_FASTDDS=ON -DCMAKE_INSTALL_PREFIX=/home/avmi-lab-user/ThreatField2025/workspace/ros2_ws/install/microxrcedds_agent
[0.542s] DEBUG:colcon.colcon_core.event_handler.log_command:Invoked command in '/home/avmi-lab-user/ThreatField2025/workspace/ros2_ws/build/interface' returned '0': CMAKE_PREFIX_PATH=${CMAKE_PREFIX_PATH}:/home/avmi-lab-user/turtlebot4_ws/install/py_sub:/home/avmi-lab-user/turtlebot4_ws/install/path_pubsub:/home/avmi-lab-user/turtlebot4_ws/install/opencv_tests:/home/avmi-lab-user/turtlebot4_ws/install/avmi_lab_threat_field:/opt/ros/humble /usr/bin/cmake --build /home/avmi-lab-user/ThreatField2025/workspace/ros2_ws/build/interface -- -j8 -l8
[0.551s] DEBUG:colcon.colcon_core.event_handler.log_command:Invoking command in '/home/avmi-lab-user/ThreatField2025/workspace/ros2_ws/build/interface': CMAKE_PREFIX_PATH=${CMAKE_PREFIX_PATH}:/home/avmi-lab-user/turtlebot4_ws/install/py_sub:/home/avmi-lab-user/turtlebot4_ws/install/path_pubsub:/home/avmi-lab-user/turtlebot4_ws/install/opencv_tests:/home/avmi-lab-user/turtlebot4_ws/install/avmi_lab_threat_field:/opt/ros/humble /usr/bin/cmake --install /home/avmi-lab-user/ThreatField2025/workspace/ros2_ws/build/interface
[0.598s] Level 1:colcon.colcon_core.environment:create_environment_scripts_only(interface)
[0.599s] DEBUG:colcon.colcon_core.event_handler.log_command:Invoked command in '/home/avmi-lab-user/ThreatField2025/workspace/ros2_ws/build/interface' returned '0': CMAKE_PREFIX_PATH=${CMAKE_PREFIX_PATH}:/home/avmi-lab-user/turtlebot4_ws/install/py_sub:/home/avmi-lab-user/turtlebot4_ws/install/path_pubsub:/home/avmi-lab-user/turtlebot4_ws/install/opencv_tests:/home/avmi-lab-user/turtlebot4_ws/install/avmi_lab_threat_field:/opt/ros/humble /usr/bin/cmake --install /home/avmi-lab-user/ThreatField2025/workspace/ros2_ws/build/interface
[0.600s] Level 1:colcon.colcon_core.environment:checking '/home/avmi-lab-user/ThreatField2025/workspace/ros2_ws/install/interface' for CMake module files
[0.601s] Level 1:colcon.colcon_core.environment:checking '/home/avmi-lab-user/ThreatField2025/workspace/ros2_ws/install/interface' for CMake config files
[0.601s] Level 1:colcon.colcon_core.shell:create_environment_hook('interface', 'cmake_prefix_path')
[0.601s] INFO:colcon.colcon_core.shell:Creating environment hook '/home/avmi-lab-user/ThreatField2025/workspace/ros2_ws/install/interface/share/interface/hook/cmake_prefix_path.ps1'
[0.602s] INFO:colcon.colcon_core.shell:Creating environment descriptor '/home/avmi-lab-user/ThreatField2025/workspace/ros2_ws/install/interface/share/interface/hook/cmake_prefix_path.dsv'
[0.602s] INFO:colcon.colcon_core.shell:Creating environment hook '/home/avmi-lab-user/ThreatField2025/workspace/ros2_ws/install/interface/share/interface/hook/cmake_prefix_path.sh'
[0.603s] Level 1:colcon.colcon_core.environment:checking '/home/avmi-lab-user/ThreatField2025/workspace/ros2_ws/install/interface/lib'
[0.603s] Level 1:colcon.colcon_core.shell:create_environment_hook('interface', 'ld_library_path_lib')
[0.603s] INFO:colcon.colcon_core.shell:Creating environment hook '/home/avmi-lab-user/ThreatField2025/workspace/ros2_ws/install/interface/share/interface/hook/ld_library_path_lib.ps1'
[0.603s] INFO:colcon.colcon_core.shell:Creating environment descriptor '/home/avmi-lab-user/ThreatField2025/workspace/ros2_ws/install/interface/share/interface/hook/ld_library_path_lib.dsv'
[0.604s] INFO:colcon.colcon_core.shell:Creating environment hook '/home/avmi-lab-user/ThreatField2025/workspace/ros2_ws/install/interface/share/interface/hook/ld_library_path_lib.sh'
[0.604s] Level 1:colcon.colcon_core.environment:checking '/home/avmi-lab-user/ThreatField2025/workspace/ros2_ws/install/interface/bin'
[0.604s] Level 1:colcon.colcon_core.environment:checking '/home/avmi-lab-user/ThreatField2025/workspace/ros2_ws/install/interface/lib/pkgconfig/interface.pc'
[0.604s] Level 1:colcon.colcon_core.environment:checking '/home/avmi-lab-user/ThreatField2025/workspace/ros2_ws/install/interface/lib/python3.10/site-packages'
[0.604s] Level 1:colcon.colcon_core.environment:checking '/home/avmi-lab-user/ThreatField2025/workspace/ros2_ws/install/interface/bin'
[0.604s] INFO:colcon.colcon_core.shell:Creating package script '/home/avmi-lab-user/ThreatField2025/workspace/ros2_ws/install/interface/share/interface/package.ps1'
[0.605s] INFO:colcon.colcon_core.shell:Creating package descriptor '/home/avmi-lab-user/ThreatField2025/workspace/ros2_ws/install/interface/share/interface/package.dsv'
[0.605s] INFO:colcon.colcon_core.shell:Creating package script '/home/avmi-lab-user/ThreatField2025/workspace/ros2_ws/install/interface/share/interface/package.sh'
[0.606s] INFO:colcon.colcon_core.shell:Creating package script '/home/avmi-lab-user/ThreatField2025/workspace/ros2_ws/install/interface/share/interface/package.bash'
[0.607s] INFO:colcon.colcon_core.shell:Creating package script '/home/avmi-lab-user/ThreatField2025/workspace/ros2_ws/install/interface/share/interface/package.zsh'
[0.607s] Level 1:colcon.colcon_core.environment:create_file_with_runtime_dependencies(/home/avmi-lab-user/ThreatField2025/workspace/ros2_ws/install/interface/share/colcon-core/packages/interface)
[0.608s] Level 1:colcon.colcon_core.environment:create_environment_scripts_only(interface)
[0.608s] Level 1:colcon.colcon_core.environment:checking '/home/avmi-lab-user/ThreatField2025/workspace/ros2_ws/install/interface' for CMake module files
[0.609s] Level 1:colcon.colcon_core.environment:checking '/home/avmi-lab-user/ThreatField2025/workspace/ros2_ws/install/interface' for CMake config files
[0.609s] Level 1:colcon.colcon_core.shell:create_environment_hook('interface', 'cmake_prefix_path')
[0.609s] INFO:colcon.colcon_core.shell:Creating environment hook '/home/avmi-lab-user/ThreatField2025/workspace/ros2_ws/install/interface/share/interface/hook/cmake_prefix_path.ps1'
[0.609s] INFO:colcon.colcon_core.shell:Creating environment descriptor '/home/avmi-lab-user/ThreatField2025/workspace/ros2_ws/install/interface/share/interface/hook/cmake_prefix_path.dsv'
[0.610s] INFO:colcon.colcon_core.shell:Creating environment hook '/home/avmi-lab-user/ThreatField2025/workspace/ros2_ws/install/interface/share/interface/hook/cmake_prefix_path.sh'
[0.610s] Level 1:colcon.colcon_core.environment:checking '/home/avmi-lab-user/ThreatField2025/workspace/ros2_ws/install/interface/lib'
[0.610s] Level 1:colcon.colcon_core.shell:create_environment_hook('interface', 'ld_library_path_lib')
[0.610s] INFO:colcon.colcon_core.shell:Creating environment hook '/home/avmi-lab-user/ThreatField2025/workspace/ros2_ws/install/interface/share/interface/hook/ld_library_path_lib.ps1'
[0.611s] INFO:colcon.colcon_core.shell:Creating environment descriptor '/home/avmi-lab-user/ThreatField2025/workspace/ros2_ws/install/interface/share/interface/hook/ld_library_path_lib.dsv'
[0.611s] INFO:colcon.colcon_core.shell:Creating environment hook '/home/avmi-lab-user/ThreatField2025/workspace/ros2_ws/install/interface/share/interface/hook/ld_library_path_lib.sh'
[0.612s] Level 1:colcon.colcon_core.environment:checking '/home/avmi-lab-user/ThreatField2025/workspace/ros2_ws/install/interface/bin'
[0.612s] Level 1:colcon.colcon_core.environment:checking '/home/avmi-lab-user/ThreatField2025/workspace/ros2_ws/install/interface/lib/pkgconfig/interface.pc'
[0.612s] Level 1:colcon.colcon_core.environment:checking '/home/avmi-lab-user/ThreatField2025/workspace/ros2_ws/install/interface/lib/python3.10/site-packages'
[0.612s] Level 1:colcon.colcon_core.environment:checking '/home/avmi-lab-user/ThreatField2025/workspace/ros2_ws/install/interface/bin'
[0.613s] INFO:colcon.colcon_core.shell:Creating package script '/home/avmi-lab-user/ThreatField2025/workspace/ros2_ws/install/interface/share/interface/package.ps1'
[0.613s] INFO:colcon.colcon_core.shell:Creating package descriptor '/home/avmi-lab-user/ThreatField2025/workspace/ros2_ws/install/interface/share/interface/package.dsv'
[0.614s] INFO:colcon.colcon_core.shell:Creating package script '/home/avmi-lab-user/ThreatField2025/workspace/ros2_ws/install/interface/share/interface/package.sh'
[0.614s] INFO:colcon.colcon_core.shell:Creating package script '/home/avmi-lab-user/ThreatField2025/workspace/ros2_ws/install/interface/share/interface/package.bash'
[0.615s] INFO:colcon.colcon_core.shell:Creating package script '/home/avmi-lab-user/ThreatField2025/workspace/ros2_ws/install/interface/share/interface/package.zsh'
[0.615s] Level 1:colcon.colcon_core.environment:create_file_with_runtime_dependencies(/home/avmi-lab-user/ThreatField2025/workspace/ros2_ws/install/interface/share/colcon-core/packages/interface)
[0.616s] INFO:colcon.colcon_ros.task.ament_python.build:Building ROS package in '/home/avmi-lab-user/ThreatField2025/workspace/ros2_ws/src/py_sensor' with build type 'ament_python'
[0.616s] Level 1:colcon.colcon_core.shell:create_environment_hook('py_sensor', 'ament_prefix_path')
[0.616s] INFO:colcon.colcon_core.shell:Creating environment hook '/home/avmi-lab-user/ThreatField2025/workspace/ros2_ws/install/py_sensor/share/py_sensor/hook/ament_prefix_path.ps1'
[0.617s] INFO:colcon.colcon_core.shell:Creating environment descriptor '/home/avmi-lab-user/ThreatField2025/workspace/ros2_ws/install/py_sensor/share/py_sensor/hook/ament_prefix_path.dsv'
[0.618s] INFO:colcon.colcon_core.shell:Creating environment hook '/home/avmi-lab-user/ThreatField2025/workspace/ros2_ws/install/py_sensor/share/py_sensor/hook/ament_prefix_path.sh'
[0.619s] INFO:colcon.colcon_core.shell:Skip shell extension 'powershell' for command environment: Not usable outside of PowerShell
[0.619s] DEBUG:colcon.colcon_core.shell:Skip shell extension 'dsv' for command environment
[0.623s] DEBUG:colcon.colcon_core.event_handler.log_command:Invoked command in '/home/avmi-lab-user/ThreatField2025/workspace/ros2_ws/build/microxrcedds_agent' returned '0': /usr/bin/cmake /home/avmi-lab-user/ThreatField2025/workspace/ros2_ws/src/Micro-XRCE-DDS-Agent -DUAGENT_ISOLATED_INSTALL=OFF -DUAGENT_USE_SYSTEM_FASTCDR=ON -DUAGENT_USE_SYSTEM_FASTDDS=ON -DCMAKE_INSTALL_PREFIX=/home/avmi-lab-user/ThreatField2025/workspace/ros2_ws/install/microxrcedds_agent
[0.624s] DEBUG:colcon.colcon_core.event_handler.log_command:Invoking command in '/home/avmi-lab-user/ThreatField2025/workspace/ros2_ws/build/microxrcedds_agent': /usr/bin/cmake --build /home/avmi-lab-user/ThreatField2025/workspace/ros2_ws/build/microxrcedds_agent -- -j8 -l8
[0.812s] INFO:colcon.colcon_core.task.python.build:Building Python package in '/home/avmi-lab-user/ThreatField2025/workspace/ros2_ws/src/py_sensor'
[0.812s] INFO:colcon.colcon_core.shell:Skip shell extension 'powershell' for command environment: Not usable outside of PowerShell
[0.812s] DEBUG:colcon.colcon_core.shell:Skip shell extension 'dsv' for command environment
[1.138s] DEBUG:colcon.colcon_core.event_handler.log_command:Invoking command in '/home/avmi-lab-user/ThreatField2025/workspace/ros2_ws/src/py_sensor': AMENT_PREFIX_PATH=/home/avmi-lab-user/ThreatField2025/workspace/ros2_ws/install/interface:${AMENT_PREFIX_PATH} CMAKE_PREFIX_PATH=/home/avmi-lab-user/ThreatField2025/workspace/ros2_ws/install/interface:${CMAKE_PREFIX_PATH} LD_LIBRARY_PATH=/home/avmi-lab-user/ThreatField2025/workspace/ros2_ws/install/interface/lib:${LD_LIBRARY_PATH} PYTHONPATH=/home/avmi-lab-user/ThreatField2025/workspace/ros2_ws/build/py_sensor/prefix_override:/usr/lib/python3/dist-packages/colcon_core/task/python/colcon_distutils_commands:/home/avmi-lab-user/ThreatField2025/workspace/ros2_ws/install/py_sensor/lib/python3.10/site-packages:/home/avmi-lab-user/ThreatField2025/workspace/ros2_ws/install/interface/local/lib/python3.10/dist-packages:${PYTHONPATH} /usr/bin/python3 -W ignore:setup.py install is deprecated -W ignore:easy_install command is deprecated setup.py egg_info --egg-base ../../build/py_sensor build --build-base /home/avmi-lab-user/ThreatField2025/workspace/ros2_ws/build/py_sensor/build install --record /home/avmi-lab-user/ThreatField2025/workspace/ros2_ws/build/py_sensor/install.log --single-version-externally-managed install_data
[1.465s] Level 1:colcon.colcon_core.environment:checking '/home/avmi-lab-user/ThreatField2025/workspace/ros2_ws/install/py_sensor' for CMake module files
[1.465s] DEBUG:colcon.colcon_core.event_handler.log_command:Invoked command in '/home/avmi-lab-user/ThreatField2025/workspace/ros2_ws/src/py_sensor' returned '0': AMENT_PREFIX_PATH=/home/avmi-lab-user/ThreatField2025/workspace/ros2_ws/install/interface:${AMENT_PREFIX_PATH} CMAKE_PREFIX_PATH=/home/avmi-lab-user/ThreatField2025/workspace/ros2_ws/install/interface:${CMAKE_PREFIX_PATH} LD_LIBRARY_PATH=/home/avmi-lab-user/ThreatField2025/workspace/ros2_ws/install/interface/lib:${LD_LIBRARY_PATH} PYTHONPATH=/home/avmi-lab-user/ThreatField2025/workspace/ros2_ws/build/py_sensor/prefix_override:/usr/lib/python3/dist-packages/colcon_core/task/python/colcon_distutils_commands:/home/avmi-lab-user/ThreatField2025/workspace/ros2_ws/install/py_sensor/lib/python3.10/site-packages:/home/avmi-lab-user/ThreatField2025/workspace/ros2_ws/install/interface/local/lib/python3.10/dist-packages:${PYTHONPATH} /usr/bin/python3 -W ignore:setup.py install is deprecated -W ignore:easy_install command is deprecated setup.py egg_info --egg-base ../../build/py_sensor build --build-base /home/avmi-lab-user/ThreatField2025/workspace/ros2_ws/build/py_sensor/build install --record /home/avmi-lab-user/ThreatField2025/workspace/ros2_ws/build/py_sensor/install.log --single-version-externally-managed install_data
[1.466s] Level 1:colcon.colcon_core.environment:checking '/home/avmi-lab-user/ThreatField2025/workspace/ros2_ws/install/py_sensor' for CMake config files
[1.466s] Level 1:colcon.colcon_core.environment:checking '/home/avmi-lab-user/ThreatField2025/workspace/ros2_ws/install/py_sensor/lib'
[1.466s] Level 1:colcon.colcon_core.environment:checking '/home/avmi-lab-user/ThreatField2025/workspace/ros2_ws/install/py_sensor/bin'
[1.466s] Level 1:colcon.colcon_core.environment:checking '/home/avmi-lab-user/ThreatField2025/workspace/ros2_ws/install/py_sensor/lib/pkgconfig/py_sensor.pc'
[1.466s] Level 1:colcon.colcon_core.environment:checking '/home/avmi-lab-user/ThreatField2025/workspace/ros2_ws/install/py_sensor/lib/python3.10/site-packages'
[1.467s] Level 1:colcon.colcon_core.shell:create_environment_hook('py_sensor', 'pythonpath')
[1.467s] INFO:colcon.colcon_core.shell:Creating environment hook '/home/avmi-lab-user/ThreatField2025/workspace/ros2_ws/install/py_sensor/share/py_sensor/hook/pythonpath.ps1'
[1.467s] INFO:colcon.colcon_core.shell:Creating environment descriptor '/home/avmi-lab-user/ThreatField2025/workspace/ros2_ws/install/py_sensor/share/py_sensor/hook/pythonpath.dsv'
[1.467s] INFO:colcon.colcon_core.shell:Creating environment hook '/home/avmi-lab-user/ThreatField2025/workspace/ros2_ws/install/py_sensor/share/py_sensor/hook/pythonpath.sh'
[1.468s] Level 1:colcon.colcon_core.environment:checking '/home/avmi-lab-user/ThreatField2025/workspace/ros2_ws/install/py_sensor/bin'
[1.468s] Level 1:colcon.colcon_core.environment:create_environment_scripts_only(py_sensor)
[1.468s] INFO:colcon.colcon_core.shell:Creating package script '/home/avmi-lab-user/ThreatField2025/workspace/ros2_ws/install/py_sensor/share/py_sensor/package.ps1'
[1.468s] INFO:colcon.colcon_core.shell:Creating package descriptor '/home/avmi-lab-user/ThreatField2025/workspace/ros2_ws/install/py_sensor/share/py_sensor/package.dsv'
[1.469s] INFO:colcon.colcon_core.shell:Creating package script '/home/avmi-lab-user/ThreatField2025/workspace/ros2_ws/install/py_sensor/share/py_sensor/package.sh'
[1.469s] INFO:colcon.colcon_core.shell:Creating package script '/home/avmi-lab-user/ThreatField2025/workspace/ros2_ws/install/py_sensor/share/py_sensor/package.bash'
[1.469s] INFO:colcon.colcon_core.shell:Creating package script '/home/avmi-lab-user/ThreatField2025/workspace/ros2_ws/install/py_sensor/share/py_sensor/package.zsh'
[1.469s] Level 1:colcon.colcon_core.environment:create_file_with_runtime_dependencies(/home/avmi-lab-user/ThreatField2025/workspace/ros2_ws/install/py_sensor/share/colcon-core/packages/py_sensor)
[35.490s] DEBUG:colcon.colcon_core.event_handler.log_command:Invoked command in '/home/avmi-lab-user/ThreatField2025/workspace/ros2_ws/build/microxrcedds_agent' returned '0': /usr/bin/cmake --build /home/avmi-lab-user/ThreatField2025/workspace/ros2_ws/build/microxrcedds_agent -- -j8 -l8
[35.491s] DEBUG:colcon.colcon_core.event_handler.log_command:Invoking command in '/home/avmi-lab-user/ThreatField2025/workspace/ros2_ws/build/microxrcedds_agent': /usr/bin/cmake --install /home/avmi-lab-user/ThreatField2025/workspace/ros2_ws/build/microxrcedds_agent
[35.516s] Level 1:colcon.colcon_core.environment:create_environment_scripts_only(microxrcedds_agent)
[35.516s] Level 1:colcon.colcon_core.environment:checking '/home/avmi-lab-user/ThreatField2025/workspace/ros2_ws/install/microxrcedds_agent' for CMake module files
[35.516s] DEBUG:colcon.colcon_core.event_handler.log_command:Invoked command in '/home/avmi-lab-user/ThreatField2025/workspace/ros2_ws/build/microxrcedds_agent' returned '0': /usr/bin/cmake --install /home/avmi-lab-user/ThreatField2025/workspace/ros2_ws/build/microxrcedds_agent
[35.517s] Level 1:colcon.colcon_core.environment:checking '/home/avmi-lab-user/ThreatField2025/workspace/ros2_ws/install/microxrcedds_agent' for CMake config files
[35.517s] Level 1:colcon.colcon_core.shell:create_environment_hook('microxrcedds_agent', 'cmake_prefix_path')
[35.517s] INFO:colcon.colcon_core.shell:Creating environment hook '/home/avmi-lab-user/ThreatField2025/workspace/ros2_ws/install/microxrcedds_agent/share/microxrcedds_agent/hook/cmake_prefix_path.ps1'
[35.518s] INFO:colcon.colcon_core.shell:Creating environment descriptor '/home/avmi-lab-user/ThreatField2025/workspace/ros2_ws/install/microxrcedds_agent/share/microxrcedds_agent/hook/cmake_prefix_path.dsv'
[35.518s] INFO:colcon.colcon_core.shell:Creating environment hook '/home/avmi-lab-user/ThreatField2025/workspace/ros2_ws/install/microxrcedds_agent/share/microxrcedds_agent/hook/cmake_prefix_path.sh'
[35.519s] Level 1:colcon.colcon_core.environment:checking '/home/avmi-lab-user/ThreatField2025/workspace/ros2_ws/install/microxrcedds_agent/lib'
[35.519s] Level 1:colcon.colcon_core.shell:create_environment_hook('microxrcedds_agent', 'ld_library_path_lib')
[35.519s] INFO:colcon.colcon_core.shell:Creating environment hook '/home/avmi-lab-user/ThreatField2025/workspace/ros2_ws/install/microxrcedds_agent/share/microxrcedds_agent/hook/ld_library_path_lib.ps1'
[35.519s] INFO:colcon.colcon_core.shell:Creating environment descriptor '/home/avmi-lab-user/ThreatField2025/workspace/ros2_ws/install/microxrcedds_agent/share/microxrcedds_agent/hook/ld_library_path_lib.dsv'
[35.520s] INFO:colcon.colcon_core.shell:Creating environment hook '/home/avmi-lab-user/ThreatField2025/workspace/ros2_ws/install/microxrcedds_agent/share/microxrcedds_agent/hook/ld_library_path_lib.sh'
[35.520s] Level 1:colcon.colcon_core.environment:checking '/home/avmi-lab-user/ThreatField2025/workspace/ros2_ws/install/microxrcedds_agent/bin'
[35.520s] Level 1:colcon.colcon_core.shell:create_environment_hook('microxrcedds_agent', 'path')
[35.520s] INFO:colcon.colcon_core.shell:Creating environment hook '/home/avmi-lab-user/ThreatField2025/workspace/ros2_ws/install/microxrcedds_agent/share/microxrcedds_agent/hook/path.ps1'
[35.521s] INFO:colcon.colcon_core.shell:Creating environment descriptor '/home/avmi-lab-user/ThreatField2025/workspace/ros2_ws/install/microxrcedds_agent/share/microxrcedds_agent/hook/path.dsv'
[35.521s] INFO:colcon.colcon_core.shell:Creating environment hook '/home/avmi-lab-user/ThreatField2025/workspace/ros2_ws/install/microxrcedds_agent/share/microxrcedds_agent/hook/path.sh'
[35.521s] Level 1:colcon.colcon_core.environment:checking '/home/avmi-lab-user/ThreatField2025/workspace/ros2_ws/install/microxrcedds_agent/lib/pkgconfig/microxrcedds_agent.pc'
[35.522s] Level 1:colcon.colcon_core.environment:checking '/home/avmi-lab-user/ThreatField2025/workspace/ros2_ws/install/microxrcedds_agent/lib/python3.10/site-packages'
[35.522s] Level 1:colcon.colcon_core.environment:checking '/home/avmi-lab-user/ThreatField2025/workspace/ros2_ws/install/microxrcedds_agent/bin'
[35.522s] Level 1:colcon.colcon_core.shell:create_environment_hook('microxrcedds_agent', 'pythonscriptspath')
[35.522s] INFO:colcon.colcon_core.shell:Creating environment hook '/home/avmi-lab-user/ThreatField2025/workspace/ros2_ws/install/microxrcedds_agent/share/microxrcedds_agent/hook/pythonscriptspath.ps1'
[35.522s] INFO:colcon.colcon_core.shell:Creating environment descriptor '/home/avmi-lab-user/ThreatField2025/workspace/ros2_ws/install/microxrcedds_agent/share/microxrcedds_agent/hook/pythonscriptspath.dsv'
[35.523s] INFO:colcon.colcon_core.shell:Creating environment hook '/home/avmi-lab-user/ThreatField2025/workspace/ros2_ws/install/microxrcedds_agent/share/microxrcedds_agent/hook/pythonscriptspath.sh'
[35.523s] INFO:colcon.colcon_core.shell:Creating package script '/home/avmi-lab-user/ThreatField2025/workspace/ros2_ws/install/microxrcedds_agent/share/microxrcedds_agent/package.ps1'
[35.524s] INFO:colcon.colcon_core.shell:Creating package descriptor '/home/avmi-lab-user/ThreatField2025/workspace/ros2_ws/install/microxrcedds_agent/share/microxrcedds_agent/package.dsv'
[35.524s] INFO:colcon.colcon_core.shell:Creating package script '/home/avmi-lab-user/ThreatField2025/workspace/ros2_ws/install/microxrcedds_agent/share/microxrcedds_agent/package.sh'
[35.525s] INFO:colcon.colcon_core.shell:Creating package script '/home/avmi-lab-user/ThreatField2025/workspace/ros2_ws/install/microxrcedds_agent/share/microxrcedds_agent/package.bash'
[35.525s] INFO:colcon.colcon_core.shell:Creating package script '/home/avmi-lab-user/ThreatField2025/workspace/ros2_ws/install/microxrcedds_agent/share/microxrcedds_agent/package.zsh'
[35.525s] Level 1:colcon.colcon_core.environment:create_file_with_runtime_dependencies(/home/avmi-lab-user/ThreatField2025/workspace/ros2_ws/install/microxrcedds_agent/share/colcon-core/packages/microxrcedds_agent)
[35.526s] DEBUG:colcon.colcon_parallel_executor.executor.parallel:closing loop
[35.526s] DEBUG:colcon.colcon_parallel_executor.executor.parallel:loop closed
[35.526s] DEBUG:colcon.colcon_parallel_executor.executor.parallel:run_until_complete finished with '0'
[35.526s] DEBUG:colcon.colcon_core.event_reactor:joining thread
[35.530s] INFO:colcon.colcon_core.plugin_system:Skipping extension 'colcon_notification.desktop_notification.terminal_notifier': Not used on non-Darwin systems
[35.530s] INFO:colcon.colcon_core.plugin_system:Skipping extension 'colcon_notification.desktop_notification.win32': Not used on non-Windows systems
[35.531s] INFO:colcon.colcon_notification.desktop_notification:Sending desktop notification using 'notify2'
[35.545s] DEBUG:colcon.colcon_core.event_reactor:joined thread
[35.545s] INFO:colcon.colcon_core.shell:Creating prefix script '/home/avmi-lab-user/ThreatField2025/workspace/ros2_ws/install/local_setup.ps1'
[35.546s] INFO:colcon.colcon_core.shell:Creating prefix util module '/home/avmi-lab-user/ThreatField2025/workspace/ros2_ws/install/_local_setup_util_ps1.py'
[35.547s] INFO:colcon.colcon_core.shell:Creating prefix chain script '/home/avmi-lab-user/ThreatField2025/workspace/ros2_ws/install/setup.ps1'
[35.548s] INFO:colcon.colcon_core.shell:Creating prefix script '/home/avmi-lab-user/ThreatField2025/workspace/ros2_ws/install/local_setup.sh'
[35.549s] INFO:colcon.colcon_core.shell:Creating prefix util module '/home/avmi-lab-user/ThreatField2025/workspace/ros2_ws/install/_local_setup_util_sh.py'
[35.549s] INFO:colcon.colcon_core.shell:Creating prefix chain script '/home/avmi-lab-user/ThreatField2025/workspace/ros2_ws/install/setup.sh'
[35.550s] INFO:colcon.colcon_core.shell:Creating prefix script '/home/avmi-lab-user/ThreatField2025/workspace/ros2_ws/install/local_setup.bash'
[35.551s] INFO:colcon.colcon_core.shell:Creating prefix chain script '/home/avmi-lab-user/ThreatField2025/workspace/ros2_ws/install/setup.bash'
[35.552s] INFO:colcon.colcon_core.shell:Creating prefix script '/home/avmi-lab-user/ThreatField2025/workspace/ros2_ws/install/local_setup.zsh'
[35.552s] INFO:colcon.colcon_core.shell:Creating prefix chain script '/home/avmi-lab-user/ThreatField2025/workspace/ros2_ws/install/setup.zsh'
