running egg_info
writing ../../build/py_sensor/py_sensor.egg-info/PKG-INFO
writing dependency_links to ../../build/py_sensor/py_sensor.egg-info/dependency_links.txt
writing entry points to ../../build/py_sensor/py_sensor.egg-info/entry_points.txt
writing requirements to ../../build/py_sensor/py_sensor.egg-info/requires.txt
writing top-level names to ../../build/py_sensor/py_sensor.egg-info/top_level.txt
reading manifest file '../../build/py_sensor/py_sensor.egg-info/SOURCES.txt'
adding license file 'LICENSE'
writing manifest file '../../build/py_sensor/py_sensor.egg-info/SOURCES.txt'
running build
running build_py
copying py_sensor/sensor_node.py -> /home/eldavo07/ThreatField2025/workspace/ros2_ws/build/py_sensor/build/lib/py_sensor
running install
running install_lib
running install_data
copying package.xml -> /home/eldavo07/ThreatField2025/workspace/ros2_ws/install/py_sensor/share/py_sensor
running install_egg_info
removing '/home/eldavo07/ThreatField2025/workspace/ros2_ws/install/py_sensor/lib/python3.10/site-packages/py_sensor-0.0.0-py3.10.egg-info' (and everything under it)
Copying ../../build/py_sensor/py_sensor.egg-info to /home/eldavo07/ThreatField2025/workspace/ros2_ws/install/py_sensor/lib/python3.10/site-packages/py_sensor-0.0.0-py3.10.egg-info
running install_scripts
Installing sense script to /home/eldavo07/ThreatField2025/workspace/ros2_ws/install/py_sensor/lib/py_sensor
writing list of installed files to '/home/eldavo07/ThreatField2025/workspace/ros2_ws/build/py_sensor/install.log'
