[0.042s] Invoking command in '/home/avmi-lab-user/ThreatField2025/workspace/ros2_ws/build/draw_flight_mode': AMENT_PREFIX_PATH=/home/avmi-lab-user/ThreatField2025/workspace/ros2_ws/install/px4_ros2_cpp:/home/avmi-lab-user/ThreatField2025/workspace/ros2_ws/install/px4_msgs:${AMENT_PREFIX_PATH} CMAKE_PREFIX_PATH=/home/avmi-lab-user/ThreatField2025/workspace/ros2_ws/install/px4_ros2_cpp:/home/avmi-lab-user/ThreatField2025/workspace/ros2_ws/install/px4_msgs:/opt/ros/humble LD_LIBRARY_PATH=/home/avmi-lab-user/ThreatField2025/workspace/ros2_ws/install/px4_ros2_cpp/lib:/home/avmi-lab-user/ThreatField2025/workspace/ros2_ws/install/px4_msgs/lib:${LD_LIBRARY_PATH} PYTHONPATH=/home/avmi-lab-user/ThreatField2025/workspace/ros2_ws/install/px4_msgs/local/lib/python3.10/dist-packages:${PYTHONPATH} /usr/bin/cmake --build /home/avmi-lab-user/ThreatField2025/workspace/ros2_ws/build/draw_flight_mode -- -j8 -l8
[0.105s] [35m[1mConsolidate compiler generated dependencies of target draw_r[0m
[0.160s] [ 50%] [32m[1mLinking CXX executable draw_r[0m
[3.348s] [100%] Built target draw_r
[3.443s] Invoked command in '/home/avmi-lab-user/ThreatField2025/workspace/ros2_ws/build/draw_flight_mode' returned '0': AMENT_PREFIX_PATH=/home/avmi-lab-user/ThreatField2025/workspace/ros2_ws/install/px4_ros2_cpp:/home/avmi-lab-user/ThreatField2025/workspace/ros2_ws/install/px4_msgs:${AMENT_PREFIX_PATH} CMAKE_PREFIX_PATH=/home/avmi-lab-user/ThreatField2025/workspace/ros2_ws/install/px4_ros2_cpp:/home/avmi-lab-user/ThreatField2025/workspace/ros2_ws/install/px4_msgs:/opt/ros/humble LD_LIBRARY_PATH=/home/avmi-lab-user/ThreatField2025/workspace/ros2_ws/install/px4_ros2_cpp/lib:/home/avmi-lab-user/ThreatField2025/workspace/ros2_ws/install/px4_msgs/lib:${LD_LIBRARY_PATH} PYTHONPATH=/home/avmi-lab-user/ThreatField2025/workspace/ros2_ws/install/px4_msgs/local/lib/python3.10/dist-packages:${PYTHONPATH} /usr/bin/cmake --build /home/avmi-lab-user/ThreatField2025/workspace/ros2_ws/build/draw_flight_mode -- -j8 -l8
[3.448s] Invoking command in '/home/avmi-lab-user/ThreatField2025/workspace/ros2_ws/build/draw_flight_mode': AMENT_PREFIX_PATH=/home/avmi-lab-user/ThreatField2025/workspace/ros2_ws/install/px4_ros2_cpp:/home/avmi-lab-user/ThreatField2025/workspace/ros2_ws/install/px4_msgs:${AMENT_PREFIX_PATH} CMAKE_PREFIX_PATH=/home/avmi-lab-user/ThreatField2025/workspace/ros2_ws/install/px4_ros2_cpp:/home/avmi-lab-user/ThreatField2025/workspace/ros2_ws/install/px4_msgs:/opt/ros/humble LD_LIBRARY_PATH=/home/avmi-lab-user/ThreatField2025/workspace/ros2_ws/install/px4_ros2_cpp/lib:/home/avmi-lab-user/ThreatField2025/workspace/ros2_ws/install/px4_msgs/lib:${LD_LIBRARY_PATH} PYTHONPATH=/home/avmi-lab-user/ThreatField2025/workspace/ros2_ws/install/px4_msgs/local/lib/python3.10/dist-packages:${PYTHONPATH} /usr/bin/cmake --install /home/avmi-lab-user/ThreatField2025/workspace/ros2_ws/build/draw_flight_mode
[3.467s] -- Install configuration: ""
[3.468s] -- Installing: /home/avmi-lab-user/ThreatField2025/workspace/ros2_ws/install/draw_flight_mode/lib/draw_flight_mode/draw_r
[3.468s] -- Set runtime path of "/home/avmi-lab-user/ThreatField2025/workspace/ros2_ws/install/draw_flight_mode/lib/draw_flight_mode/draw_r" to ""
[3.468s] -- Up-to-date: /home/avmi-lab-user/ThreatField2025/workspace/ros2_ws/install/draw_flight_mode/share/ament_index/resource_index/package_run_dependencies/draw_flight_mode
[3.468s] -- Up-to-date: /home/avmi-lab-user/ThreatField2025/workspace/ros2_ws/install/draw_flight_mode/share/ament_index/resource_index/parent_prefix_path/draw_flight_mode
[3.468s] -- Up-to-date: /home/avmi-lab-user/ThreatField2025/workspace/ros2_ws/install/draw_flight_mode/share/draw_flight_mode/environment/ament_prefix_path.sh
[3.468s] -- Up-to-date: /home/avmi-lab-user/ThreatField2025/workspace/ros2_ws/install/draw_flight_mode/share/draw_flight_mode/environment/ament_prefix_path.dsv
[3.468s] -- Up-to-date: /home/avmi-lab-user/ThreatField2025/workspace/ros2_ws/install/draw_flight_mode/share/draw_flight_mode/environment/path.sh
[3.468s] -- Up-to-date: /home/avmi-lab-user/ThreatField2025/workspace/ros2_ws/install/draw_flight_mode/share/draw_flight_mode/environment/path.dsv
[3.468s] -- Up-to-date: /home/avmi-lab-user/ThreatField2025/workspace/ros2_ws/install/draw_flight_mode/share/draw_flight_mode/local_setup.bash
[3.469s] -- Up-to-date: /home/avmi-lab-user/ThreatField2025/workspace/ros2_ws/install/draw_flight_mode/share/draw_flight_mode/local_setup.sh
[3.469s] -- Up-to-date: /home/avmi-lab-user/ThreatField2025/workspace/ros2_ws/install/draw_flight_mode/share/draw_flight_mode/local_setup.zsh
[3.469s] -- Up-to-date: /home/avmi-lab-user/ThreatField2025/workspace/ros2_ws/install/draw_flight_mode/share/draw_flight_mode/local_setup.dsv
[3.469s] -- Installing: /home/avmi-lab-user/ThreatField2025/workspace/ros2_ws/install/draw_flight_mode/share/draw_flight_mode/package.dsv
[3.469s] -- Up-to-date: /home/avmi-lab-user/ThreatField2025/workspace/ros2_ws/install/draw_flight_mode/share/ament_index/resource_index/packages/draw_flight_mode
[3.469s] -- Up-to-date: /home/avmi-lab-user/ThreatField2025/workspace/ros2_ws/install/draw_flight_mode/share/draw_flight_mode/cmake/draw_flight_modeConfig.cmake
[3.469s] -- Up-to-date: /home/avmi-lab-user/ThreatField2025/workspace/ros2_ws/install/draw_flight_mode/share/draw_flight_mode/cmake/draw_flight_modeConfig-version.cmake
[3.469s] -- Up-to-date: /home/avmi-lab-user/ThreatField2025/workspace/ros2_ws/install/draw_flight_mode/share/draw_flight_mode/package.xml
[3.559s] Invoked command in '/home/avmi-lab-user/ThreatField2025/workspace/ros2_ws/build/draw_flight_mode' returned '0': AMENT_PREFIX_PATH=/home/avmi-lab-user/ThreatField2025/workspace/ros2_ws/install/px4_ros2_cpp:/home/avmi-lab-user/ThreatField2025/workspace/ros2_ws/install/px4_msgs:${AMENT_PREFIX_PATH} CMAKE_PREFIX_PATH=/home/avmi-lab-user/ThreatField2025/workspace/ros2_ws/install/px4_ros2_cpp:/home/avmi-lab-user/ThreatField2025/workspace/ros2_ws/install/px4_msgs:/opt/ros/humble LD_LIBRARY_PATH=/home/avmi-lab-user/ThreatField2025/workspace/ros2_ws/install/px4_ros2_cpp/lib:/home/avmi-lab-user/ThreatField2025/workspace/ros2_ws/install/px4_msgs/lib:${LD_LIBRARY_PATH} PYTHONPATH=/home/avmi-lab-user/ThreatField2025/workspace/ros2_ws/install/px4_msgs/local/lib/python3.10/dist-packages:${PYTHONPATH} /usr/bin/cmake --install /home/avmi-lab-user/ThreatField2025/workspace/ros2_ws/build/draw_flight_mode
