[  0%] Built target ament_cmake_python_symlink_px4_msgs
[  0%] Built target px4_msgs__cpp
[ 12%] Built target px4_msgs__rosidl_generator_c
[ 25%] Built target px4_msgs__rosidl_typesupport_c
[ 38%] Built target px4_msgs__rosidl_typesupport_introspection_c
[ 50%] Built target px4_msgs__rosidl_typesupport_cpp
[ 69%] Built target px4_msgs__rosidl_typesupport_introspection_cpp
[ 75%] Built target px4_msgs__rosidl_typesupport_fastrtps_cpp
[ 88%] Built target px4_msgs__rosidl_typesupport_fastrtps_c
[ 88%] Built target px4_msgs
[ 88%] Built target px4_msgs__py
[100%] Built target px4_msgs__rosidl_generator_py
running egg_info
[100%] Built target px4_msgs__rosidl_typesupport_fastrtps_c__pyext
[100%] Built target px4_msgs__rosidl_typesupport_c__pyext
[100%] Built target px4_msgs__rosidl_typesupport_introspection_c__pyext
writing px4_msgs.egg-info/PKG-INFO
writing dependency_links to px4_msgs.egg-info/dependency_links.txt
writing top-level names to px4_msgs.egg-info/top_level.txt
reading manifest file 'px4_msgs.egg-info/SOURCES.txt'
writing manifest file 'px4_msgs.egg-info/SOURCES.txt'
gmake[2]: *** [CMakeFiles/ament_cmake_python_build_px4_msgs_egg.dir/build.make:70: CMakeFiles/ament_cmake_python_build_px4_msgs_egg] Interrupt
gmake[1]: *** [CMakeFiles/Makefile2:447: CMakeFiles/ament_cmake_python_build_px4_msgs_egg.dir/all] Interrupt
gmake: *** [Makefile:146: all] Interrupt
