[0.010s] Invoking command in '/home/avmi-lab-user/ThreatField2025/workspace/ros2_ws/build/px4_msgs': CMAKE_PREFIX_PATH=${CMAKE_PREFIX_PATH}:/home/avmi-lab-user/ThreatField2025/workspace/ros2_ws/install/py_sensor:/opt/ros/humble /usr/bin/cmake --build /home/avmi-lab-user/ThreatField2025/workspace/ros2_ws/build/px4_msgs -- -j8 -l8
[0.529s] [  0%] Built target ament_cmake_python_symlink_px4_msgs
[0.552s] [  0%] Built target px4_msgs__cpp
[0.593s] [ 12%] Built target px4_msgs__rosidl_generator_c
[0.682s] [ 25%] Built target px4_msgs__rosidl_typesupport_c
[0.689s] [ 38%] Built target px4_msgs__rosidl_typesupport_introspection_c
[0.696s] [ 50%] Built target px4_msgs__rosidl_typesupport_cpp
[0.731s] [ 69%] Built target px4_msgs__rosidl_typesupport_introspection_cpp
[0.731s] [ 75%] Built target px4_msgs__rosidl_typesupport_fastrtps_cpp
[0.757s] [ 88%] Built target px4_msgs__rosidl_typesupport_fastrtps_c
[0.778s] [ 88%] Built target px4_msgs
[0.806s] [ 88%] Built target px4_msgs__py
[0.895s] [100%] Built target px4_msgs__rosidl_generator_py
[0.914s] running egg_info
[0.919s] [100%] Built target px4_msgs__rosidl_typesupport_fastrtps_c__pyext
[0.922s] [100%] Built target px4_msgs__rosidl_typesupport_c__pyext
[0.924s] [100%] Built target px4_msgs__rosidl_typesupport_introspection_c__pyext
[0.929s] writing px4_msgs.egg-info/PKG-INFO
[0.929s] writing dependency_links to px4_msgs.egg-info/dependency_links.txt
[0.929s] writing top-level names to px4_msgs.egg-info/top_level.txt
[0.984s] reading manifest file 'px4_msgs.egg-info/SOURCES.txt'
[0.986s] writing manifest file 'px4_msgs.egg-info/SOURCES.txt'
[1.014s] gmake[2]: *** [CMakeFiles/ament_cmake_python_build_px4_msgs_egg.dir/build.make:70: CMakeFiles/ament_cmake_python_build_px4_msgs_egg] Interrupt
[1.014s] gmake[1]: *** [CMakeFiles/Makefile2:447: CMakeFiles/ament_cmake_python_build_px4_msgs_egg.dir/all] Interrupt
[1.014s] gmake: *** [Makefile:146: all] Interrupt
