[0.009s] Invoking command in '/home/eldavo07/ThreatField2025/workspace/ros2_ws/build/px4_ros2_cpp': AMENT_PREFIX_PATH=/home/eldavo07/ThreatField2025/workspace/ros2_ws/install/px4_msgs:${AMENT_PREFIX_PATH} CMAKE_PREFIX_PATH=/home/eldavo07/ThreatField2025/workspace/ros2_ws/install/px4_msgs:/home/eldavo07/ThreatField2025/workspace/ros2_ws/install/sensor_pubsub:/home/eldavo07/ThreatField2025/workspace/ros2_ws/install/px4_ros_com:/home/eldavo07/ThreatField2025/workspace/ros2_ws/install/example_mode_with_executor_cpp:/home/eldavo07/ThreatField2025/workspace/ros2_ws/install/example_mode_vtol_cpp:/home/eldavo07/ThreatField2025/workspace/ros2_ws/install/example_mode_rtl_replacement_cpp:/home/eldavo07/ThreatField2025/workspace/ros2_ws/install/example_mode_manual_cpp:/home/eldavo07/ThreatField2025/workspace/ros2_ws/install/example_mode_goto_global_cpp:/home/eldavo07/ThreatField2025/workspace/ros2_ws/install/example_mode_goto_cpp:/home/eldavo07/ThreatField2025/workspace/ros2_ws/install/example_mode_fw_attitude_cpp:/home/eldavo07/ThreatField2025/workspace/ros2_ws/install/example_local_navigation_cpp:/home/eldavo07/ThreatField2025/workspace/ros2_ws/install/example_global_navigation_cpp:/home/eldavo07/ThreatField2025/workspace/ros2_ws/install/example_executor_with_multiple_modes_cpp:/home/eldavo07/ThreatField2025/workspace/ros2_ws/install/draw_flight_mode:/home/eldavo07/ThreatField2025/workspace/ros2_ws/install/px4_ros2_cpp:/home/eldavo07/ThreatField2025/workspace/ros2_ws/install/interface:/home/eldavo07/ThreatField2025/workspace/ros2_ws/install/py_sensor:/opt/ros/humble LD_LIBRARY_PATH=/home/eldavo07/ThreatField2025/workspace/ros2_ws/install/px4_msgs/lib:/home/eldavo07/ThreatField2025/workspace/ros2_ws/install/px4_ros_com/lib:/home/eldavo07/ThreatField2025/workspace/ros2_ws/install/px4_ros2_cpp/lib:/home/eldavo07/ThreatField2025/workspace/ros2_ws/install/interface/lib:/opt/ros/humble/opt/rviz_ogre_vendor/lib:/opt/ros/humble/lib/x86_64-linux-gnu:/opt/ros/humble/lib PYTHONPATH=/home/eldavo07/ThreatField2025/workspace/ros2_ws/install/px4_msgs/local/lib/python3.10/dist-packages:${PYTHONPATH} /usr/bin/cmake /home/eldavo07/ThreatField2025/workspace/ros2_ws/src/px4-ros2-interface-lib/px4_ros2_cpp -DCMAKE_INSTALL_PREFIX=/home/eldavo07/ThreatField2025/workspace/ros2_ws/install/px4_ros2_cpp
[0.063s] -- The C compiler identification is GNU 11.4.0
[0.124s] -- The CXX compiler identification is GNU 11.4.0
[0.131s] -- Detecting C compiler ABI info
[0.201s] -- Detecting C compiler ABI info - done
[0.210s] -- Check for working C compiler: /usr/bin/cc - skipped
[0.210s] -- Detecting C compile features
[0.210s] -- Detecting C compile features - done
[0.214s] -- Detecting CXX compiler ABI info
[0.295s] -- Detecting CXX compiler ABI info - done
[0.303s] -- Check for working CXX compiler: /usr/bin/c++ - skipped
[0.304s] -- Detecting CXX compile features
[0.304s] -- Detecting CXX compile features - done
[0.307s] -- Found ament_cmake: 1.3.12 (/opt/ros/humble/share/ament_cmake/cmake)
[0.718s] -- Found Python3: /usr/bin/python3 (found version "3.10.12") found components: Interpreter 
[0.836s] -- Found ament_index_cpp: 1.4.0 (/opt/ros/humble/share/ament_index_cpp/cmake)
[0.840s] -- Found rclcpp: 16.0.14 (/opt/ros/humble/share/rclcpp/cmake)
[0.885s] -- Found rosidl_generator_c: 3.1.7 (/opt/ros/humble/share/rosidl_generator_c/cmake)
[0.891s] -- Found rosidl_adapter: 3.1.7 (/opt/ros/humble/share/rosidl_adapter/cmake)
[0.900s] -- Found rosidl_generator_cpp: 3.1.7 (/opt/ros/humble/share/rosidl_generator_cpp/cmake)
[0.913s] -- Using all available rosidl_typesupport_c: rosidl_typesupport_fastrtps_c;rosidl_typesupport_introspection_c
[0.931s] -- Using all available rosidl_typesupport_cpp: rosidl_typesupport_fastrtps_cpp;rosidl_typesupport_introspection_cpp
[0.990s] -- Found rmw_implementation_cmake: 6.1.2 (/opt/ros/humble/share/rmw_implementation_cmake/cmake)
[0.994s] -- Found rmw_fastrtps_cpp: 6.2.8 (/opt/ros/humble/share/rmw_fastrtps_cpp/cmake)
[1.100s] -- Found OpenSSL: /usr/lib/x86_64-linux-gnu/libcrypto.so (found version "3.0.2")  
[1.131s] -- Found FastRTPS: /opt/ros/humble/include  
[1.176s] -- Using RMW implementation 'rmw_fastrtps_cpp' as default
[1.188s] -- Looking for pthread.h
[1.266s] -- Looking for pthread.h - found
[1.267s] -- Performing Test CMAKE_HAVE_LIBC_PTHREAD
[1.344s] -- Performing Test CMAKE_HAVE_LIBC_PTHREAD - Success
[1.345s] -- Found Threads: TRUE  
[1.410s] -- Found px4_msgs: 2.0.1 (/home/eldavo07/ThreatField2025/workspace/ros2_ws/install/px4_msgs/share/px4_msgs/cmake)
[1.424s] -- Found eigen3_cmake_module: 0.1.1 (/opt/ros/humble/share/eigen3_cmake_module/cmake)
[1.432s] -- Found Eigen3: TRUE (found version "3.4.0") 
[1.436s] -- Found ament_lint_auto: 0.12.14 (/opt/ros/humble/share/ament_lint_auto/cmake)
[1.438s] -- Found ament_cmake_gtest: 1.3.12 (/opt/ros/humble/share/ament_cmake_gtest/cmake)
[1.529s] -- Found gtest sources under '/opt/ros/humble/src/gtest_vendor': C++ tests using 'Google Test' will be built
[1.538s] -- Added test 'copyright' to check source files copyright and LICENSE
[1.548s] -- Added test 'cppcheck' to perform static code analysis on C / C++ code
[1.548s] -- Configured cppcheck include dirs: /home/eldavo07/ThreatField2025/workspace/ros2_ws/src/px4-ros2-interface-lib/px4_ros2_cpp/include
[1.549s] -- Configured cppcheck exclude dirs and/or files: 
[1.556s] -- Added test 'cpplint' to check C / C++ code against the Google style
[1.556s] -- Configured cpplint exclude dirs and/or files: 
[1.559s] -- Added test 'lint_cmake' to check CMake code style
[1.567s] -- Added test 'uncrustify' to check C / C++ code style
[1.568s] -- Configured uncrustify additional arguments: 
[1.569s] -- Added test 'xmllint' to check XML markup files
[1.572s] -- Configuring done
[1.604s] -- Generating done
[1.614s] -- Build files have been written to: /home/eldavo07/ThreatField2025/workspace/ros2_ws/build/px4_ros2_cpp
[1.624s] Invoked command in '/home/eldavo07/ThreatField2025/workspace/ros2_ws/build/px4_ros2_cpp' returned '0': AMENT_PREFIX_PATH=/home/eldavo07/ThreatField2025/workspace/ros2_ws/install/px4_msgs:${AMENT_PREFIX_PATH} CMAKE_PREFIX_PATH=/home/eldavo07/ThreatField2025/workspace/ros2_ws/install/px4_msgs:/home/eldavo07/ThreatField2025/workspace/ros2_ws/install/sensor_pubsub:/home/eldavo07/ThreatField2025/workspace/ros2_ws/install/px4_ros_com:/home/eldavo07/ThreatField2025/workspace/ros2_ws/install/example_mode_with_executor_cpp:/home/eldavo07/ThreatField2025/workspace/ros2_ws/install/example_mode_vtol_cpp:/home/eldavo07/ThreatField2025/workspace/ros2_ws/install/example_mode_rtl_replacement_cpp:/home/eldavo07/ThreatField2025/workspace/ros2_ws/install/example_mode_manual_cpp:/home/eldavo07/ThreatField2025/workspace/ros2_ws/install/example_mode_goto_global_cpp:/home/eldavo07/ThreatField2025/workspace/ros2_ws/install/example_mode_goto_cpp:/home/eldavo07/ThreatField2025/workspace/ros2_ws/install/example_mode_fw_attitude_cpp:/home/eldavo07/ThreatField2025/workspace/ros2_ws/install/example_local_navigation_cpp:/home/eldavo07/ThreatField2025/workspace/ros2_ws/install/example_global_navigation_cpp:/home/eldavo07/ThreatField2025/workspace/ros2_ws/install/example_executor_with_multiple_modes_cpp:/home/eldavo07/ThreatField2025/workspace/ros2_ws/install/draw_flight_mode:/home/eldavo07/ThreatField2025/workspace/ros2_ws/install/px4_ros2_cpp:/home/eldavo07/ThreatField2025/workspace/ros2_ws/install/interface:/home/eldavo07/ThreatField2025/workspace/ros2_ws/install/py_sensor:/opt/ros/humble LD_LIBRARY_PATH=/home/eldavo07/ThreatField2025/workspace/ros2_ws/install/px4_msgs/lib:/home/eldavo07/ThreatField2025/workspace/ros2_ws/install/px4_ros_com/lib:/home/eldavo07/ThreatField2025/workspace/ros2_ws/install/px4_ros2_cpp/lib:/home/eldavo07/ThreatField2025/workspace/ros2_ws/install/interface/lib:/opt/ros/humble/opt/rviz_ogre_vendor/lib:/opt/ros/humble/lib/x86_64-linux-gnu:/opt/ros/humble/lib PYTHONPATH=/home/eldavo07/ThreatField2025/workspace/ros2_ws/install/px4_msgs/local/lib/python3.10/dist-packages:${PYTHONPATH} /usr/bin/cmake /home/eldavo07/ThreatField2025/workspace/ros2_ws/src/px4-ros2-interface-lib/px4_ros2_cpp -DCMAKE_INSTALL_PREFIX=/home/eldavo07/ThreatField2025/workspace/ros2_ws/install/px4_ros2_cpp
[1.626s] Invoking command in '/home/eldavo07/ThreatField2025/workspace/ros2_ws/build/px4_ros2_cpp': AMENT_PREFIX_PATH=/home/eldavo07/ThreatField2025/workspace/ros2_ws/install/px4_msgs:${AMENT_PREFIX_PATH} CMAKE_PREFIX_PATH=/home/eldavo07/ThreatField2025/workspace/ros2_ws/install/px4_msgs:/home/eldavo07/ThreatField2025/workspace/ros2_ws/install/sensor_pubsub:/home/eldavo07/ThreatField2025/workspace/ros2_ws/install/px4_ros_com:/home/eldavo07/ThreatField2025/workspace/ros2_ws/install/example_mode_with_executor_cpp:/home/eldavo07/ThreatField2025/workspace/ros2_ws/install/example_mode_vtol_cpp:/home/eldavo07/ThreatField2025/workspace/ros2_ws/install/example_mode_rtl_replacement_cpp:/home/eldavo07/ThreatField2025/workspace/ros2_ws/install/example_mode_manual_cpp:/home/eldavo07/ThreatField2025/workspace/ros2_ws/install/example_mode_goto_global_cpp:/home/eldavo07/ThreatField2025/workspace/ros2_ws/install/example_mode_goto_cpp:/home/eldavo07/ThreatField2025/workspace/ros2_ws/install/example_mode_fw_attitude_cpp:/home/eldavo07/ThreatField2025/workspace/ros2_ws/install/example_local_navigation_cpp:/home/eldavo07/ThreatField2025/workspace/ros2_ws/install/example_global_navigation_cpp:/home/eldavo07/ThreatField2025/workspace/ros2_ws/install/example_executor_with_multiple_modes_cpp:/home/eldavo07/ThreatField2025/workspace/ros2_ws/install/draw_flight_mode:/home/eldavo07/ThreatField2025/workspace/ros2_ws/install/px4_ros2_cpp:/home/eldavo07/ThreatField2025/workspace/ros2_ws/install/interface:/home/eldavo07/ThreatField2025/workspace/ros2_ws/install/py_sensor:/opt/ros/humble LD_LIBRARY_PATH=/home/eldavo07/ThreatField2025/workspace/ros2_ws/install/px4_msgs/lib:/home/eldavo07/ThreatField2025/workspace/ros2_ws/install/px4_ros_com/lib:/home/eldavo07/ThreatField2025/workspace/ros2_ws/install/px4_ros2_cpp/lib:/home/eldavo07/ThreatField2025/workspace/ros2_ws/install/interface/lib:/opt/ros/humble/opt/rviz_ogre_vendor/lib:/opt/ros/humble/lib/x86_64-linux-gnu:/opt/ros/humble/lib PYTHONPATH=/home/eldavo07/ThreatField2025/workspace/ros2_ws/install/px4_msgs/local/lib/python3.10/dist-packages:${PYTHONPATH} /usr/bin/cmake --build /home/eldavo07/ThreatField2025/workspace/ros2_ws/build/px4_ros2_cpp -- -j12 -l12
[1.694s] [  4%] [32mBuilding CXX object CMakeFiles/integration_utils.dir/test/integration/util.cpp.o[0m
[1.694s] [  4%] [32mBuilding CXX object gtest/CMakeFiles/gtest.dir/src/gtest-all.cc.o[0m
[1.694s] [  8%] [32mBuilding CXX object gtest/CMakeFiles/gtest_main.dir/src/gtest_main.cc.o[0m
[1.694s] [  8%] [32mBuilding CXX object CMakeFiles/px4_ros2_cpp.dir/src/components/manual_control_input.cpp.o[0m
[1.694s] [ 10%] [32mBuilding CXX object CMakeFiles/px4_ros2_cpp.dir/src/components/message_compatibility_check.cpp.o[0m
[1.695s] [ 12%] [32mBuilding CXX object CMakeFiles/px4_ros2_cpp.dir/src/components/mode.cpp.o[0m
[1.695s] [ 14%] [32mBuilding CXX object CMakeFiles/px4_ros2_cpp.dir/src/components/health_and_arming_checks.cpp.o[0m
[1.695s] [ 16%] [32mBuilding CXX object CMakeFiles/px4_ros2_cpp.dir/src/components/overrides.cpp.o[0m
[1.695s] [ 18%] [32mBuilding CXX object CMakeFiles/px4_ros2_cpp.dir/src/components/registration.cpp.o[0m
[1.695s] [ 20%] [32mBuilding CXX object CMakeFiles/px4_ros2_cpp.dir/src/components/mode_executor.cpp.o[0m
[1.697s] [ 22%] [32mBuilding CXX object CMakeFiles/unit_utils.dir/test/unit/utils/util.cpp.o[0m
[1.701s] [ 24%] [32mBuilding CXX object CMakeFiles/px4_ros2_cpp.dir/src/components/wait_for_fmu.cpp.o[0m
[6.147s] [ 26%] [32m[1mLinking CXX static library libgtest_main.a[0m
[6.609s] [ 26%] Built target gtest_main
[6.651s] [ 28%] [32mBuilding CXX object CMakeFiles/px4_ros2_cpp.dir/src/control/peripheral_actuators.cpp.o[0m
[12.572s] [ 30%] [32m[1mLinking CXX shared library libunit_utils.so[0m
[13.097s] [ 30%] Built target unit_utils
[13.128s] [ 32%] [32mBuilding CXX object CMakeFiles/px4_ros2_cpp.dir/src/control/vtol.cpp.o[0m
[17.191s] [ 34%] [32m[1mLinking CXX static library libgtest.a[0m
[17.491s] [ 34%] Built target gtest
[17.542s] [ 36%] [32mBuilding CXX object CMakeFiles/px4_ros2_cpp.dir/src/control/setpoint_types/direct_actuators.cpp.o[0m
[20.460s] [ 38%] [32mBuilding CXX object CMakeFiles/px4_ros2_cpp.dir/src/control/setpoint_types/goto.cpp.o[0m
[30.147s] [ 40%] [32mBuilding CXX object CMakeFiles/px4_ros2_cpp.dir/src/control/setpoint_types/fixedwing_lateral_longitudinal.cpp.o[0m
[41.636s] [ 42%] [32mBuilding CXX object CMakeFiles/px4_ros2_cpp.dir/src/control/setpoint_types/experimental/attitude.cpp.o[0m
[42.495s] [ 44%] [32mBuilding CXX object CMakeFiles/px4_ros2_cpp.dir/src/control/setpoint_types/experimental/rates.cpp.o[0m
[42.711s] [ 46%] [32mBuilding CXX object CMakeFiles/px4_ros2_cpp.dir/src/control/setpoint_types/experimental/trajectory.cpp.o[0m
[43.143s] [ 48%] [32mBuilding CXX object CMakeFiles/px4_ros2_cpp.dir/src/navigation/experimental/global_position_measurement_interface.cpp.o[0m
[43.596s] [ 50%] [32mBuilding CXX object CMakeFiles/px4_ros2_cpp.dir/src/navigation/experimental/local_position_measurement_interface.cpp.o[0m
[44.036s] [ 52%] [32mBuilding CXX object CMakeFiles/px4_ros2_cpp.dir/src/odometry/attitude.cpp.o[0m
[44.408s] [ 54%] [32m[1mLinking CXX shared library libintegration_utils.so[0m
[45.240s] [ 56%] [32mBuilding CXX object CMakeFiles/px4_ros2_cpp.dir/src/odometry/global_position.cpp.o[0m
[45.775s] [ 56%] Built target integration_utils
[45.805s] [ 58%] [32mBuilding CXX object CMakeFiles/px4_ros2_cpp.dir/src/odometry/local_position.cpp.o[0m
[46.652s] [ 60%] [32mBuilding CXX object CMakeFiles/px4_ros2_cpp.dir/src/odometry/angular_velocity.cpp.o[0m
[52.844s] [ 62%] [32mBuilding CXX object CMakeFiles/px4_ros2_cpp.dir/src/odometry/airspeed.cpp.o[0m
[56.214s] [ 64%] [32mBuilding CXX object CMakeFiles/px4_ros2_cpp.dir/src/utils/geodesic.cpp.o[0m
[59.011s] [ 66%] [32mBuilding CXX object CMakeFiles/px4_ros2_cpp.dir/src/utils/map_projection_impl.cpp.o[0m
[72.135s] [ 68%] [32m[1mLinking CXX shared library libpx4_ros2_cpp.so[0m
[77.085s] [ 68%] Built target px4_ros2_cpp
[77.120s] [ 74%] [32mBuilding CXX object CMakeFiles/integration_tests.dir/test/integration/arming_check.cpp.o[0m
[77.120s] [ 74%] [32mBuilding CXX object CMakeFiles/px4_ros2_cpp_unit_tests.dir/test/unit/global_navigation.cpp.o[0m
[77.122s] [ 74%] [32mBuilding CXX object CMakeFiles/px4_ros2_cpp_unit_tests.dir/test/unit/local_navigation.cpp.o[0m
[77.122s] [ 80%] [32mBuilding CXX object CMakeFiles/px4_ros2_cpp_unit_tests.dir/test/unit/main.cpp.o[0m
[77.122s] [ 82%] [32mBuilding CXX object CMakeFiles/integration_tests.dir/test/integration/local_navigation.cpp.o[0m
[77.122s] [ 82%] [32mBuilding CXX object CMakeFiles/px4_ros2_cpp_unit_tests.dir/test/unit/modes.cpp.o[0m
[77.122s] [ 76%] [32mBuilding CXX object CMakeFiles/integration_tests.dir/test/integration/global_navigation.cpp.o[0m
[77.123s] [ 84%] [32mBuilding CXX object CMakeFiles/integration_tests.dir/test/integration/mode.cpp.o[0m
[77.123s] [ 86%] [32mBuilding CXX object CMakeFiles/px4_ros2_cpp_unit_tests.dir/test/unit/utils/frame_conversion.cpp.o[0m
[77.123s] [ 88%] [32mBuilding CXX object CMakeFiles/px4_ros2_cpp_unit_tests.dir/test/unit/utils/geodesic.cpp.o[0m
[77.123s] [ 90%] [32mBuilding CXX object CMakeFiles/integration_tests.dir/test/integration/mode_executor.cpp.o[0m
[77.124s] [ 92%] [32mBuilding CXX object CMakeFiles/integration_tests.dir/test/integration/overrides.cpp.o[0m
[87.382s] [ 94%] [32mBuilding CXX object CMakeFiles/px4_ros2_cpp_unit_tests.dir/test/unit/utils/geometry.cpp.o[0m
[89.047s] [ 96%] [32mBuilding CXX object CMakeFiles/px4_ros2_cpp_unit_tests.dir/test/unit/utils/map_projection_impl.cpp.o[0m
[101.322s] [ 98%] [32m[1mLinking CXX executable px4_ros2_cpp_unit_tests[0m
[101.999s] [100%] [32m[1mLinking CXX executable integration_tests[0m
[102.866s] [100%] Built target px4_ros2_cpp_unit_tests
[103.515s] [100%] Built target integration_tests
[103.526s] Invoked command in '/home/eldavo07/ThreatField2025/workspace/ros2_ws/build/px4_ros2_cpp' returned '0': AMENT_PREFIX_PATH=/home/eldavo07/ThreatField2025/workspace/ros2_ws/install/px4_msgs:${AMENT_PREFIX_PATH} CMAKE_PREFIX_PATH=/home/eldavo07/ThreatField2025/workspace/ros2_ws/install/px4_msgs:/home/eldavo07/ThreatField2025/workspace/ros2_ws/install/sensor_pubsub:/home/eldavo07/ThreatField2025/workspace/ros2_ws/install/px4_ros_com:/home/eldavo07/ThreatField2025/workspace/ros2_ws/install/example_mode_with_executor_cpp:/home/eldavo07/ThreatField2025/workspace/ros2_ws/install/example_mode_vtol_cpp:/home/eldavo07/ThreatField2025/workspace/ros2_ws/install/example_mode_rtl_replacement_cpp:/home/eldavo07/ThreatField2025/workspace/ros2_ws/install/example_mode_manual_cpp:/home/eldavo07/ThreatField2025/workspace/ros2_ws/install/example_mode_goto_global_cpp:/home/eldavo07/ThreatField2025/workspace/ros2_ws/install/example_mode_goto_cpp:/home/eldavo07/ThreatField2025/workspace/ros2_ws/install/example_mode_fw_attitude_cpp:/home/eldavo07/ThreatField2025/workspace/ros2_ws/install/example_local_navigation_cpp:/home/eldavo07/ThreatField2025/workspace/ros2_ws/install/example_global_navigation_cpp:/home/eldavo07/ThreatField2025/workspace/ros2_ws/install/example_executor_with_multiple_modes_cpp:/home/eldavo07/ThreatField2025/workspace/ros2_ws/install/draw_flight_mode:/home/eldavo07/ThreatField2025/workspace/ros2_ws/install/px4_ros2_cpp:/home/eldavo07/ThreatField2025/workspace/ros2_ws/install/interface:/home/eldavo07/ThreatField2025/workspace/ros2_ws/install/py_sensor:/opt/ros/humble LD_LIBRARY_PATH=/home/eldavo07/ThreatField2025/workspace/ros2_ws/install/px4_msgs/lib:/home/eldavo07/ThreatField2025/workspace/ros2_ws/install/px4_ros_com/lib:/home/eldavo07/ThreatField2025/workspace/ros2_ws/install/px4_ros2_cpp/lib:/home/eldavo07/ThreatField2025/workspace/ros2_ws/install/interface/lib:/opt/ros/humble/opt/rviz_ogre_vendor/lib:/opt/ros/humble/lib/x86_64-linux-gnu:/opt/ros/humble/lib PYTHONPATH=/home/eldavo07/ThreatField2025/workspace/ros2_ws/install/px4_msgs/local/lib/python3.10/dist-packages:${PYTHONPATH} /usr/bin/cmake --build /home/eldavo07/ThreatField2025/workspace/ros2_ws/build/px4_ros2_cpp -- -j12 -l12
[103.527s] Invoking command in '/home/eldavo07/ThreatField2025/workspace/ros2_ws/build/px4_ros2_cpp': AMENT_PREFIX_PATH=/home/eldavo07/ThreatField2025/workspace/ros2_ws/install/px4_msgs:${AMENT_PREFIX_PATH} CMAKE_PREFIX_PATH=/home/eldavo07/ThreatField2025/workspace/ros2_ws/install/px4_msgs:/home/eldavo07/ThreatField2025/workspace/ros2_ws/install/sensor_pubsub:/home/eldavo07/ThreatField2025/workspace/ros2_ws/install/px4_ros_com:/home/eldavo07/ThreatField2025/workspace/ros2_ws/install/example_mode_with_executor_cpp:/home/eldavo07/ThreatField2025/workspace/ros2_ws/install/example_mode_vtol_cpp:/home/eldavo07/ThreatField2025/workspace/ros2_ws/install/example_mode_rtl_replacement_cpp:/home/eldavo07/ThreatField2025/workspace/ros2_ws/install/example_mode_manual_cpp:/home/eldavo07/ThreatField2025/workspace/ros2_ws/install/example_mode_goto_global_cpp:/home/eldavo07/ThreatField2025/workspace/ros2_ws/install/example_mode_goto_cpp:/home/eldavo07/ThreatField2025/workspace/ros2_ws/install/example_mode_fw_attitude_cpp:/home/eldavo07/ThreatField2025/workspace/ros2_ws/install/example_local_navigation_cpp:/home/eldavo07/ThreatField2025/workspace/ros2_ws/install/example_global_navigation_cpp:/home/eldavo07/ThreatField2025/workspace/ros2_ws/install/example_executor_with_multiple_modes_cpp:/home/eldavo07/ThreatField2025/workspace/ros2_ws/install/draw_flight_mode:/home/eldavo07/ThreatField2025/workspace/ros2_ws/install/px4_ros2_cpp:/home/eldavo07/ThreatField2025/workspace/ros2_ws/install/interface:/home/eldavo07/ThreatField2025/workspace/ros2_ws/install/py_sensor:/opt/ros/humble LD_LIBRARY_PATH=/home/eldavo07/ThreatField2025/workspace/ros2_ws/install/px4_msgs/lib:/home/eldavo07/ThreatField2025/workspace/ros2_ws/install/px4_ros_com/lib:/home/eldavo07/ThreatField2025/workspace/ros2_ws/install/px4_ros2_cpp/lib:/home/eldavo07/ThreatField2025/workspace/ros2_ws/install/interface/lib:/opt/ros/humble/opt/rviz_ogre_vendor/lib:/opt/ros/humble/lib/x86_64-linux-gnu:/opt/ros/humble/lib PYTHONPATH=/home/eldavo07/ThreatField2025/workspace/ros2_ws/install/px4_msgs/local/lib/python3.10/dist-packages:${PYTHONPATH} /usr/bin/cmake --install /home/eldavo07/ThreatField2025/workspace/ros2_ws/build/px4_ros2_cpp
[103.534s] -- Install configuration: ""
[103.534s] -- Installing: /home/eldavo07/ThreatField2025/workspace/ros2_ws/install/px4_ros2_cpp/share/px4_ros2_cpp/environment/library_path.sh
[103.535s] -- Installing: /home/eldavo07/ThreatField2025/workspace/ros2_ws/install/px4_ros2_cpp/share/px4_ros2_cpp/environment/library_path.dsv
[103.535s] -- Installing: /home/eldavo07/ThreatField2025/workspace/ros2_ws/install/px4_ros2_cpp/include/px4_ros2
[103.535s] -- Installing: /home/eldavo07/ThreatField2025/workspace/ros2_ws/install/px4_ros2_cpp/include/px4_ros2/common
[103.535s] -- Installing: /home/eldavo07/ThreatField2025/workspace/ros2_ws/install/px4_ros2_cpp/include/px4_ros2/common/frame.hpp
[103.535s] -- Installing: /home/eldavo07/ThreatField2025/workspace/ros2_ws/install/px4_ros2_cpp/include/px4_ros2/common/setpoint_base.hpp
[103.535s] -- Installing: /home/eldavo07/ThreatField2025/workspace/ros2_ws/install/px4_ros2_cpp/include/px4_ros2/common/context.hpp
[103.535s] -- Installing: /home/eldavo07/ThreatField2025/workspace/ros2_ws/install/px4_ros2_cpp/include/px4_ros2/common/requirement_flags.hpp
[103.535s] -- Installing: /home/eldavo07/ThreatField2025/workspace/ros2_ws/install/px4_ros2_cpp/include/px4_ros2/utils
[103.535s] -- Installing: /home/eldavo07/ThreatField2025/workspace/ros2_ws/install/px4_ros2_cpp/include/px4_ros2/utils/geodesic.hpp
[103.536s] -- Installing: /home/eldavo07/ThreatField2025/workspace/ros2_ws/install/px4_ros2_cpp/include/px4_ros2/utils/frame_conversion.hpp
[103.536s] -- Installing: /home/eldavo07/ThreatField2025/workspace/ros2_ws/install/px4_ros2_cpp/include/px4_ros2/utils/geometry.hpp
[103.536s] -- Installing: /home/eldavo07/ThreatField2025/workspace/ros2_ws/install/px4_ros2_cpp/include/px4_ros2/utils/groups.dox
[103.536s] -- Installing: /home/eldavo07/ThreatField2025/workspace/ros2_ws/install/px4_ros2_cpp/include/px4_ros2/utils/message_version.hpp
[103.536s] -- Installing: /home/eldavo07/ThreatField2025/workspace/ros2_ws/install/px4_ros2_cpp/include/px4_ros2/utils/subscription.hpp
[103.536s] -- Installing: /home/eldavo07/ThreatField2025/workspace/ros2_ws/install/px4_ros2_cpp/include/px4_ros2/odometry
[103.536s] -- Installing: /home/eldavo07/ThreatField2025/workspace/ros2_ws/install/px4_ros2_cpp/include/px4_ros2/odometry/local_position.hpp
[103.536s] -- Installing: /home/eldavo07/ThreatField2025/workspace/ros2_ws/install/px4_ros2_cpp/include/px4_ros2/odometry/global_position.hpp
[103.537s] -- Installing: /home/eldavo07/ThreatField2025/workspace/ros2_ws/install/px4_ros2_cpp/include/px4_ros2/odometry/groups.dox
[103.537s] -- Installing: /home/eldavo07/ThreatField2025/workspace/ros2_ws/install/px4_ros2_cpp/include/px4_ros2/odometry/attitude.hpp
[103.537s] -- Installing: /home/eldavo07/ThreatField2025/workspace/ros2_ws/install/px4_ros2_cpp/include/px4_ros2/odometry/angular_velocity.hpp
[103.537s] -- Installing: /home/eldavo07/ThreatField2025/workspace/ros2_ws/install/px4_ros2_cpp/include/px4_ros2/odometry/airspeed.hpp
[103.537s] -- Installing: /home/eldavo07/ThreatField2025/workspace/ros2_ws/install/px4_ros2_cpp/include/px4_ros2/components
[103.537s] -- Installing: /home/eldavo07/ThreatField2025/workspace/ros2_ws/install/px4_ros2_cpp/include/px4_ros2/components/mode_executor.hpp
[103.537s] -- Installing: /home/eldavo07/ThreatField2025/workspace/ros2_ws/install/px4_ros2_cpp/include/px4_ros2/components/wait_for_fmu.hpp
[103.537s] -- Installing: /home/eldavo07/ThreatField2025/workspace/ros2_ws/install/px4_ros2_cpp/include/px4_ros2/components/node_with_mode.hpp
[103.538s] -- Installing: /home/eldavo07/ThreatField2025/workspace/ros2_ws/install/px4_ros2_cpp/include/px4_ros2/components/health_and_arming_checks.hpp
[103.538s] -- Installing: /home/eldavo07/ThreatField2025/workspace/ros2_ws/install/px4_ros2_cpp/include/px4_ros2/components/groups.dox
[103.538s] -- Installing: /home/eldavo07/ThreatField2025/workspace/ros2_ws/install/px4_ros2_cpp/include/px4_ros2/components/message_compatibility_check.hpp
[103.538s] -- Installing: /home/eldavo07/ThreatField2025/workspace/ros2_ws/install/px4_ros2_cpp/include/px4_ros2/components/overrides.hpp
[103.538s] -- Installing: /home/eldavo07/ThreatField2025/workspace/ros2_ws/install/px4_ros2_cpp/include/px4_ros2/components/events.hpp
[103.538s] -- Installing: /home/eldavo07/ThreatField2025/workspace/ros2_ws/install/px4_ros2_cpp/include/px4_ros2/components/mode.hpp
[103.538s] -- Installing: /home/eldavo07/ThreatField2025/workspace/ros2_ws/install/px4_ros2_cpp/include/px4_ros2/components/manual_control_input.hpp
[103.539s] -- Installing: /home/eldavo07/ThreatField2025/workspace/ros2_ws/install/px4_ros2_cpp/include/px4_ros2/control
[103.539s] -- Installing: /home/eldavo07/ThreatField2025/workspace/ros2_ws/install/px4_ros2_cpp/include/px4_ros2/control/peripheral_actuators.hpp
[103.539s] -- Installing: /home/eldavo07/ThreatField2025/workspace/ros2_ws/install/px4_ros2_cpp/include/px4_ros2/control/setpoint_types
[103.539s] -- Installing: /home/eldavo07/ThreatField2025/workspace/ros2_ws/install/px4_ros2_cpp/include/px4_ros2/control/setpoint_types/goto.hpp
[103.539s] -- Installing: /home/eldavo07/ThreatField2025/workspace/ros2_ws/install/px4_ros2_cpp/include/px4_ros2/control/setpoint_types/experimental
[103.539s] -- Installing: /home/eldavo07/ThreatField2025/workspace/ros2_ws/install/px4_ros2_cpp/include/px4_ros2/control/setpoint_types/experimental/attitude.hpp
[103.539s] -- Installing: /home/eldavo07/ThreatField2025/workspace/ros2_ws/install/px4_ros2_cpp/include/px4_ros2/control/setpoint_types/experimental/trajectory.hpp
[103.539s] -- Installing: /home/eldavo07/ThreatField2025/workspace/ros2_ws/install/px4_ros2_cpp/include/px4_ros2/control/setpoint_types/experimental/rates.hpp
[103.539s] -- Installing: /home/eldavo07/ThreatField2025/workspace/ros2_ws/install/px4_ros2_cpp/include/px4_ros2/control/setpoint_types/groups.dox
[103.540s] -- Installing: /home/eldavo07/ThreatField2025/workspace/ros2_ws/install/px4_ros2_cpp/include/px4_ros2/control/setpoint_types/direct_actuators.hpp
[103.540s] -- Installing: /home/eldavo07/ThreatField2025/workspace/ros2_ws/install/px4_ros2_cpp/include/px4_ros2/control/setpoint_types/fixedwing_lateral_longitudinal.hpp
[103.540s] -- Installing: /home/eldavo07/ThreatField2025/workspace/ros2_ws/install/px4_ros2_cpp/include/px4_ros2/control/groups.dox
[103.540s] -- Installing: /home/eldavo07/ThreatField2025/workspace/ros2_ws/install/px4_ros2_cpp/include/px4_ros2/control/vtol.hpp
[103.540s] -- Installing: /home/eldavo07/ThreatField2025/workspace/ros2_ws/install/px4_ros2_cpp/include/px4_ros2/navigation
[103.540s] -- Installing: /home/eldavo07/ThreatField2025/workspace/ros2_ws/install/px4_ros2_cpp/include/px4_ros2/navigation/experimental
[103.540s] -- Installing: /home/eldavo07/ThreatField2025/workspace/ros2_ws/install/px4_ros2_cpp/include/px4_ros2/navigation/experimental/navigation_interface_base.hpp
[103.540s] -- Installing: /home/eldavo07/ThreatField2025/workspace/ros2_ws/install/px4_ros2_cpp/include/px4_ros2/navigation/experimental/local_position_measurement_interface.hpp
[103.540s] -- Installing: /home/eldavo07/ThreatField2025/workspace/ros2_ws/install/px4_ros2_cpp/include/px4_ros2/navigation/experimental/global_position_measurement_interface.hpp
[103.541s] -- Installing: /home/eldavo07/ThreatField2025/workspace/ros2_ws/install/px4_ros2_cpp/include/px4_ros2/navigation/groups.dox
[103.541s] -- Installing: /home/eldavo07/ThreatField2025/workspace/ros2_ws/install/px4_ros2_cpp/include/px4_ros2/vehicle_state
[103.541s] -- Installing: /home/eldavo07/ThreatField2025/workspace/ros2_ws/install/px4_ros2_cpp/include/px4_ros2/vehicle_state/vtol_status.hpp
[103.541s] -- Installing: /home/eldavo07/ThreatField2025/workspace/ros2_ws/install/px4_ros2_cpp/include/px4_ros2/vehicle_state/home_position.hpp
[103.541s] -- Installing: /home/eldavo07/ThreatField2025/workspace/ros2_ws/install/px4_ros2_cpp/include/px4_ros2/vehicle_state/land_detected.hpp
[103.541s] -- Installing: /home/eldavo07/ThreatField2025/workspace/ros2_ws/install/px4_ros2_cpp/include/px4_ros2/vehicle_state/groups.dox
[103.542s] -- Installing: /home/eldavo07/ThreatField2025/workspace/ros2_ws/install/px4_ros2_cpp/include/px4_ros2/vehicle_state/battery.hpp
[103.542s] -- Installing: /home/eldavo07/ThreatField2025/workspace/ros2_ws/install/px4_ros2_cpp/include/px4_ros2/vehicle_state/vehicle_status.hpp
[103.542s] -- Installing: /home/eldavo07/ThreatField2025/workspace/ros2_ws/install/px4_ros2_cpp/lib/libpx4_ros2_cpp.so
[103.588s] -- Set runtime path of "/home/eldavo07/ThreatField2025/workspace/ros2_ws/install/px4_ros2_cpp/lib/libpx4_ros2_cpp.so" to ""
[103.588s] -- Installing: /home/eldavo07/ThreatField2025/workspace/ros2_ws/install/px4_ros2_cpp/share/ament_index/resource_index/package_run_dependencies/px4_ros2_cpp
[103.588s] -- Installing: /home/eldavo07/ThreatField2025/workspace/ros2_ws/install/px4_ros2_cpp/share/ament_index/resource_index/parent_prefix_path/px4_ros2_cpp
[103.588s] -- Installing: /home/eldavo07/ThreatField2025/workspace/ros2_ws/install/px4_ros2_cpp/share/px4_ros2_cpp/environment/ament_prefix_path.sh
[103.588s] -- Installing: /home/eldavo07/ThreatField2025/workspace/ros2_ws/install/px4_ros2_cpp/share/px4_ros2_cpp/environment/ament_prefix_path.dsv
[103.588s] -- Installing: /home/eldavo07/ThreatField2025/workspace/ros2_ws/install/px4_ros2_cpp/share/px4_ros2_cpp/environment/path.sh
[103.589s] -- Installing: /home/eldavo07/ThreatField2025/workspace/ros2_ws/install/px4_ros2_cpp/share/px4_ros2_cpp/environment/path.dsv
[103.589s] -- Installing: /home/eldavo07/ThreatField2025/workspace/ros2_ws/install/px4_ros2_cpp/share/px4_ros2_cpp/local_setup.bash
[103.589s] -- Installing: /home/eldavo07/ThreatField2025/workspace/ros2_ws/install/px4_ros2_cpp/share/px4_ros2_cpp/local_setup.sh
[103.589s] -- Installing: /home/eldavo07/ThreatField2025/workspace/ros2_ws/install/px4_ros2_cpp/share/px4_ros2_cpp/local_setup.zsh
[103.589s] -- Installing: /home/eldavo07/ThreatField2025/workspace/ros2_ws/install/px4_ros2_cpp/share/px4_ros2_cpp/local_setup.dsv
[103.589s] -- Installing: /home/eldavo07/ThreatField2025/workspace/ros2_ws/install/px4_ros2_cpp/share/px4_ros2_cpp/package.dsv
[103.590s] -- Installing: /home/eldavo07/ThreatField2025/workspace/ros2_ws/install/px4_ros2_cpp/share/ament_index/resource_index/packages/px4_ros2_cpp
[103.590s] -- Installing: /home/eldavo07/ThreatField2025/workspace/ros2_ws/install/px4_ros2_cpp/share/px4_ros2_cpp/cmake/px4_ros2_cppExport.cmake
[103.590s] -- Installing: /home/eldavo07/ThreatField2025/workspace/ros2_ws/install/px4_ros2_cpp/share/px4_ros2_cpp/cmake/px4_ros2_cppExport-noconfig.cmake
[103.590s] -- Installing: /home/eldavo07/ThreatField2025/workspace/ros2_ws/install/px4_ros2_cpp/share/px4_ros2_cpp/cmake/ament_cmake_export_targets-extras.cmake
[103.590s] -- Installing: /home/eldavo07/ThreatField2025/workspace/ros2_ws/install/px4_ros2_cpp/share/px4_ros2_cpp/cmake/ament_cmake_export_dependencies-extras.cmake
[103.591s] -- Installing: /home/eldavo07/ThreatField2025/workspace/ros2_ws/install/px4_ros2_cpp/share/px4_ros2_cpp/cmake/px4_ros2_cppConfig.cmake
[103.591s] -- Installing: /home/eldavo07/ThreatField2025/workspace/ros2_ws/install/px4_ros2_cpp/share/px4_ros2_cpp/cmake/px4_ros2_cppConfig-version.cmake
[103.591s] -- Installing: /home/eldavo07/ThreatField2025/workspace/ros2_ws/install/px4_ros2_cpp/share/px4_ros2_cpp/package.xml
[103.593s] Invoked command in '/home/eldavo07/ThreatField2025/workspace/ros2_ws/build/px4_ros2_cpp' returned '0': AMENT_PREFIX_PATH=/home/eldavo07/ThreatField2025/workspace/ros2_ws/install/px4_msgs:${AMENT_PREFIX_PATH} CMAKE_PREFIX_PATH=/home/eldavo07/ThreatField2025/workspace/ros2_ws/install/px4_msgs:/home/eldavo07/ThreatField2025/workspace/ros2_ws/install/sensor_pubsub:/home/eldavo07/ThreatField2025/workspace/ros2_ws/install/px4_ros_com:/home/eldavo07/ThreatField2025/workspace/ros2_ws/install/example_mode_with_executor_cpp:/home/eldavo07/ThreatField2025/workspace/ros2_ws/install/example_mode_vtol_cpp:/home/eldavo07/ThreatField2025/workspace/ros2_ws/install/example_mode_rtl_replacement_cpp:/home/eldavo07/ThreatField2025/workspace/ros2_ws/install/example_mode_manual_cpp:/home/eldavo07/ThreatField2025/workspace/ros2_ws/install/example_mode_goto_global_cpp:/home/eldavo07/ThreatField2025/workspace/ros2_ws/install/example_mode_goto_cpp:/home/eldavo07/ThreatField2025/workspace/ros2_ws/install/example_mode_fw_attitude_cpp:/home/eldavo07/ThreatField2025/workspace/ros2_ws/install/example_local_navigation_cpp:/home/eldavo07/ThreatField2025/workspace/ros2_ws/install/example_global_navigation_cpp:/home/eldavo07/ThreatField2025/workspace/ros2_ws/install/example_executor_with_multiple_modes_cpp:/home/eldavo07/ThreatField2025/workspace/ros2_ws/install/draw_flight_mode:/home/eldavo07/ThreatField2025/workspace/ros2_ws/install/px4_ros2_cpp:/home/eldavo07/ThreatField2025/workspace/ros2_ws/install/interface:/home/eldavo07/ThreatField2025/workspace/ros2_ws/install/py_sensor:/opt/ros/humble LD_LIBRARY_PATH=/home/eldavo07/ThreatField2025/workspace/ros2_ws/install/px4_msgs/lib:/home/eldavo07/ThreatField2025/workspace/ros2_ws/install/px4_ros_com/lib:/home/eldavo07/ThreatField2025/workspace/ros2_ws/install/px4_ros2_cpp/lib:/home/eldavo07/ThreatField2025/workspace/ros2_ws/install/interface/lib:/opt/ros/humble/opt/rviz_ogre_vendor/lib:/opt/ros/humble/lib/x86_64-linux-gnu:/opt/ros/humble/lib PYTHONPATH=/home/eldavo07/ThreatField2025/workspace/ros2_ws/install/px4_msgs/local/lib/python3.10/dist-packages:${PYTHONPATH} /usr/bin/cmake --install /home/eldavo07/ThreatField2025/workspace/ros2_ws/build/px4_ros2_cpp
