[0.077s] Invoking command in '/home/eldavo07/ThreatField2025/workspace/ros2_ws/build/example_mode_vtol_cpp': CMAKE_PREFIX_PATH=/home/eldavo07/ThreatField2025/workspace/ros2_ws/install/px4_ros2_cpp:/home/eldavo07/ThreatField2025/workspace/ros2_ws/install/px4_msgs:/home/eldavo07/ThreatField2025/workspace/ros2_ws/install/px4_ros_com:/home/eldavo07/ThreatField2025/workspace/ros2_ws/install/example_mode_with_executor_cpp:/home/eldavo07/ThreatField2025/workspace/ros2_ws/install/example_mode_vtol_cpp:/home/eldavo07/ThreatField2025/workspace/ros2_ws/install/example_mode_rtl_replacement_cpp:/home/eldavo07/ThreatField2025/workspace/ros2_ws/install/example_mode_manual_cpp:/home/eldavo07/ThreatField2025/workspace/ros2_ws/install/example_mode_goto_global_cpp:/home/eldavo07/ThreatField2025/workspace/ros2_ws/install/example_mode_goto_cpp:/home/eldavo07/ThreatField2025/workspace/ros2_ws/install/example_mode_fw_attitude_cpp:/home/eldavo07/ThreatField2025/workspace/ros2_ws/install/example_local_navigation_cpp:/home/eldavo07/ThreatField2025/workspace/ros2_ws/install/example_global_navigation_cpp:/home/eldavo07/ThreatField2025/workspace/ros2_ws/install/example_executor_with_multiple_modes_cpp:/home/eldavo07/ThreatField2025/workspace/ros2_ws/install/draw_flight_mode:/home/eldavo07/ThreatField2025/workspace/ros2_ws/install/interface:/home/eldavo07/ThreatField2025/workspace/ros2_ws/install/py_sensor:/opt/ros/humble LD_LIBRARY_PATH=/home/eldavo07/ThreatField2025/workspace/ros2_ws/install/px4_ros2_cpp/lib:/home/eldavo07/ThreatField2025/workspace/ros2_ws/install/px4_msgs/lib:/home/eldavo07/ThreatField2025/workspace/ros2_ws/install/px4_ros_com/lib:/home/eldavo07/ThreatField2025/workspace/ros2_ws/install/interface/lib:/opt/ros/humble/opt/rviz_ogre_vendor/lib:/opt/ros/humble/lib/x86_64-linux-gnu:/opt/ros/humble/lib /usr/bin/cmake --build /home/eldavo07/ThreatField2025/workspace/ros2_ws/build/example_mode_vtol_cpp -- -j12 -l12
[20.573s] -- Found eigen3_cmake_module: 0.1.1 (/opt/ros/humble/share/eigen3_cmake_module/cmake)
[20.574s] -- Found ament_cmake: 1.3.12 (/opt/ros/humble/share/ament_cmake/cmake)
[20.574s] -- Found rclcpp: 16.0.14 (/opt/ros/humble/share/rclcpp/cmake)
[20.574s] -- Found rosidl_generator_c: 3.1.7 (/opt/ros/humble/share/rosidl_generator_c/cmake)
[20.576s] -- Found rosidl_adapter: 3.1.7 (/opt/ros/humble/share/rosidl_adapter/cmake)
[20.576s] -- Found rosidl_generator_cpp: 3.1.7 (/opt/ros/humble/share/rosidl_generator_cpp/cmake)
[20.577s] -- Using all available rosidl_typesupport_c: rosidl_typesupport_fastrtps_c;rosidl_typesupport_introspection_c
[20.577s] -- Using all available rosidl_typesupport_cpp: rosidl_typesupport_fastrtps_cpp;rosidl_typesupport_introspection_cpp
[20.578s] -- Found rmw_implementation_cmake: 6.1.2 (/opt/ros/humble/share/rmw_implementation_cmake/cmake)
[20.578s] -- Found rmw_fastrtps_cpp: 6.2.8 (/opt/ros/humble/share/rmw_fastrtps_cpp/cmake)
[20.579s] -- Using RMW implementation 'rmw_fastrtps_cpp' as default
[20.586s] -- Found px4_ros2_cpp: 0.0.1 (/home/eldavo07/ThreatField2025/workspace/ros2_ws/install/px4_ros2_cpp/share/px4_ros2_cpp/cmake)
[20.586s] -- Found ament_lint_auto: 0.12.14 (/opt/ros/humble/share/ament_lint_auto/cmake)
[20.586s] -- Added test 'copyright' to check source files copyright and LICENSE
[20.587s] -- Added test 'cppcheck' to perform static code analysis on C / C++ code
[20.587s] -- Configured cppcheck include dirs: /home/eldavo07/ThreatField2025/workspace/ros2_ws/src/px4-ros2-interface-lib/examples/cpp/modes/vtol/include
[20.587s] -- Configured cppcheck exclude dirs and/or files: 
[20.587s] -- Added test 'cpplint' to check C / C++ code against the Google style
[20.587s] -- Configured cpplint exclude dirs and/or files: 
[20.588s] -- Added test 'lint_cmake' to check CMake code style
[20.588s] -- Added test 'uncrustify' to check C / C++ code style
[20.588s] -- Configured uncrustify additional arguments: 
[20.588s] -- Added test 'xmllint' to check XML markup files
[20.589s] -- Configuring done
[20.589s] -- Generating done
[20.594s] -- Build files have been written to: /home/eldavo07/ThreatField2025/workspace/ros2_ws/build/example_mode_vtol_cpp
[20.594s] [35m[1mConsolidate compiler generated dependencies of target example_mode_vtol[0m
[20.594s] [ 50%] [32mBuilding CXX object CMakeFiles/example_mode_vtol.dir/src/main.cpp.o[0m
[20.595s] [100%] [32m[1mLinking CXX executable example_mode_vtol[0m
[22.635s] [100%] Built target example_mode_vtol
[22.664s] Invoked command in '/home/eldavo07/ThreatField2025/workspace/ros2_ws/build/example_mode_vtol_cpp' returned '0': CMAKE_PREFIX_PATH=/home/eldavo07/ThreatField2025/workspace/ros2_ws/install/px4_ros2_cpp:/home/eldavo07/ThreatField2025/workspace/ros2_ws/install/px4_msgs:/home/eldavo07/ThreatField2025/workspace/ros2_ws/install/px4_ros_com:/home/eldavo07/ThreatField2025/workspace/ros2_ws/install/example_mode_with_executor_cpp:/home/eldavo07/ThreatField2025/workspace/ros2_ws/install/example_mode_vtol_cpp:/home/eldavo07/ThreatField2025/workspace/ros2_ws/install/example_mode_rtl_replacement_cpp:/home/eldavo07/ThreatField2025/workspace/ros2_ws/install/example_mode_manual_cpp:/home/eldavo07/ThreatField2025/workspace/ros2_ws/install/example_mode_goto_global_cpp:/home/eldavo07/ThreatField2025/workspace/ros2_ws/install/example_mode_goto_cpp:/home/eldavo07/ThreatField2025/workspace/ros2_ws/install/example_mode_fw_attitude_cpp:/home/eldavo07/ThreatField2025/workspace/ros2_ws/install/example_local_navigation_cpp:/home/eldavo07/ThreatField2025/workspace/ros2_ws/install/example_global_navigation_cpp:/home/eldavo07/ThreatField2025/workspace/ros2_ws/install/example_executor_with_multiple_modes_cpp:/home/eldavo07/ThreatField2025/workspace/ros2_ws/install/draw_flight_mode:/home/eldavo07/ThreatField2025/workspace/ros2_ws/install/interface:/home/eldavo07/ThreatField2025/workspace/ros2_ws/install/py_sensor:/opt/ros/humble LD_LIBRARY_PATH=/home/eldavo07/ThreatField2025/workspace/ros2_ws/install/px4_ros2_cpp/lib:/home/eldavo07/ThreatField2025/workspace/ros2_ws/install/px4_msgs/lib:/home/eldavo07/ThreatField2025/workspace/ros2_ws/install/px4_ros_com/lib:/home/eldavo07/ThreatField2025/workspace/ros2_ws/install/interface/lib:/opt/ros/humble/opt/rviz_ogre_vendor/lib:/opt/ros/humble/lib/x86_64-linux-gnu:/opt/ros/humble/lib /usr/bin/cmake --build /home/eldavo07/ThreatField2025/workspace/ros2_ws/build/example_mode_vtol_cpp -- -j12 -l12
[22.669s] Invoking command in '/home/eldavo07/ThreatField2025/workspace/ros2_ws/build/example_mode_vtol_cpp': CMAKE_PREFIX_PATH=/home/eldavo07/ThreatField2025/workspace/ros2_ws/install/px4_ros2_cpp:/home/eldavo07/ThreatField2025/workspace/ros2_ws/install/px4_msgs:/home/eldavo07/ThreatField2025/workspace/ros2_ws/install/px4_ros_com:/home/eldavo07/ThreatField2025/workspace/ros2_ws/install/example_mode_with_executor_cpp:/home/eldavo07/ThreatField2025/workspace/ros2_ws/install/example_mode_vtol_cpp:/home/eldavo07/ThreatField2025/workspace/ros2_ws/install/example_mode_rtl_replacement_cpp:/home/eldavo07/ThreatField2025/workspace/ros2_ws/install/example_mode_manual_cpp:/home/eldavo07/ThreatField2025/workspace/ros2_ws/install/example_mode_goto_global_cpp:/home/eldavo07/ThreatField2025/workspace/ros2_ws/install/example_mode_goto_cpp:/home/eldavo07/ThreatField2025/workspace/ros2_ws/install/example_mode_fw_attitude_cpp:/home/eldavo07/ThreatField2025/workspace/ros2_ws/install/example_local_navigation_cpp:/home/eldavo07/ThreatField2025/workspace/ros2_ws/install/example_global_navigation_cpp:/home/eldavo07/ThreatField2025/workspace/ros2_ws/install/example_executor_with_multiple_modes_cpp:/home/eldavo07/ThreatField2025/workspace/ros2_ws/install/draw_flight_mode:/home/eldavo07/ThreatField2025/workspace/ros2_ws/install/interface:/home/eldavo07/ThreatField2025/workspace/ros2_ws/install/py_sensor:/opt/ros/humble LD_LIBRARY_PATH=/home/eldavo07/ThreatField2025/workspace/ros2_ws/install/px4_ros2_cpp/lib:/home/eldavo07/ThreatField2025/workspace/ros2_ws/install/px4_msgs/lib:/home/eldavo07/ThreatField2025/workspace/ros2_ws/install/px4_ros_com/lib:/home/eldavo07/ThreatField2025/workspace/ros2_ws/install/interface/lib:/opt/ros/humble/opt/rviz_ogre_vendor/lib:/opt/ros/humble/lib/x86_64-linux-gnu:/opt/ros/humble/lib /usr/bin/cmake --install /home/eldavo07/ThreatField2025/workspace/ros2_ws/build/example_mode_vtol_cpp
[22.692s] -- Install configuration: ""
[22.692s] -- Installing: /home/eldavo07/ThreatField2025/workspace/ros2_ws/install/example_mode_vtol_cpp/lib/example_mode_vtol_cpp/example_mode_vtol
[22.695s] -- Set runtime path of "/home/eldavo07/ThreatField2025/workspace/ros2_ws/install/example_mode_vtol_cpp/lib/example_mode_vtol_cpp/example_mode_vtol" to ""
[22.695s] -- Installing: /home/eldavo07/ThreatField2025/workspace/ros2_ws/install/example_mode_vtol_cpp/share/ament_index/resource_index/package_run_dependencies/example_mode_vtol_cpp
[22.696s] -- Installing: /home/eldavo07/ThreatField2025/workspace/ros2_ws/install/example_mode_vtol_cpp/share/ament_index/resource_index/parent_prefix_path/example_mode_vtol_cpp
[22.696s] -- Installing: /home/eldavo07/ThreatField2025/workspace/ros2_ws/install/example_mode_vtol_cpp/share/example_mode_vtol_cpp/environment/ament_prefix_path.sh
[22.697s] -- Installing: /home/eldavo07/ThreatField2025/workspace/ros2_ws/install/example_mode_vtol_cpp/share/example_mode_vtol_cpp/environment/ament_prefix_path.dsv
[22.697s] -- Installing: /home/eldavo07/ThreatField2025/workspace/ros2_ws/install/example_mode_vtol_cpp/share/example_mode_vtol_cpp/environment/path.sh
[22.698s] -- Installing: /home/eldavo07/ThreatField2025/workspace/ros2_ws/install/example_mode_vtol_cpp/share/example_mode_vtol_cpp/environment/path.dsv
[22.699s] -- Installing: /home/eldavo07/ThreatField2025/workspace/ros2_ws/install/example_mode_vtol_cpp/share/example_mode_vtol_cpp/local_setup.bash
[22.699s] -- Installing: /home/eldavo07/ThreatField2025/workspace/ros2_ws/install/example_mode_vtol_cpp/share/example_mode_vtol_cpp/local_setup.sh
[22.700s] -- Installing: /home/eldavo07/ThreatField2025/workspace/ros2_ws/install/example_mode_vtol_cpp/share/example_mode_vtol_cpp/local_setup.zsh
[22.700s] -- Installing: /home/eldavo07/ThreatField2025/workspace/ros2_ws/install/example_mode_vtol_cpp/share/example_mode_vtol_cpp/local_setup.dsv
[22.701s] -- Installing: /home/eldavo07/ThreatField2025/workspace/ros2_ws/install/example_mode_vtol_cpp/share/example_mode_vtol_cpp/package.dsv
[22.701s] -- Installing: /home/eldavo07/ThreatField2025/workspace/ros2_ws/install/example_mode_vtol_cpp/share/ament_index/resource_index/packages/example_mode_vtol_cpp
[22.702s] -- Installing: /home/eldavo07/ThreatField2025/workspace/ros2_ws/install/example_mode_vtol_cpp/share/example_mode_vtol_cpp/cmake/example_mode_vtol_cppConfig.cmake
[22.702s] -- Installing: /home/eldavo07/ThreatField2025/workspace/ros2_ws/install/example_mode_vtol_cpp/share/example_mode_vtol_cpp/cmake/example_mode_vtol_cppConfig-version.cmake
[22.703s] -- Installing: /home/eldavo07/ThreatField2025/workspace/ros2_ws/install/example_mode_vtol_cpp/share/example_mode_vtol_cpp/package.xml
[22.708s] Invoked command in '/home/eldavo07/ThreatField2025/workspace/ros2_ws/build/example_mode_vtol_cpp' returned '0': CMAKE_PREFIX_PATH=/home/eldavo07/ThreatField2025/workspace/ros2_ws/install/px4_ros2_cpp:/home/eldavo07/ThreatField2025/workspace/ros2_ws/install/px4_msgs:/home/eldavo07/ThreatField2025/workspace/ros2_ws/install/px4_ros_com:/home/eldavo07/ThreatField2025/workspace/ros2_ws/install/example_mode_with_executor_cpp:/home/eldavo07/ThreatField2025/workspace/ros2_ws/install/example_mode_vtol_cpp:/home/eldavo07/ThreatField2025/workspace/ros2_ws/install/example_mode_rtl_replacement_cpp:/home/eldavo07/ThreatField2025/workspace/ros2_ws/install/example_mode_manual_cpp:/home/eldavo07/ThreatField2025/workspace/ros2_ws/install/example_mode_goto_global_cpp:/home/eldavo07/ThreatField2025/workspace/ros2_ws/install/example_mode_goto_cpp:/home/eldavo07/ThreatField2025/workspace/ros2_ws/install/example_mode_fw_attitude_cpp:/home/eldavo07/ThreatField2025/workspace/ros2_ws/install/example_local_navigation_cpp:/home/eldavo07/ThreatField2025/workspace/ros2_ws/install/example_global_navigation_cpp:/home/eldavo07/ThreatField2025/workspace/ros2_ws/install/example_executor_with_multiple_modes_cpp:/home/eldavo07/ThreatField2025/workspace/ros2_ws/install/draw_flight_mode:/home/eldavo07/ThreatField2025/workspace/ros2_ws/install/interface:/home/eldavo07/ThreatField2025/workspace/ros2_ws/install/py_sensor:/opt/ros/humble LD_LIBRARY_PATH=/home/eldavo07/ThreatField2025/workspace/ros2_ws/install/px4_ros2_cpp/lib:/home/eldavo07/ThreatField2025/workspace/ros2_ws/install/px4_msgs/lib:/home/eldavo07/ThreatField2025/workspace/ros2_ws/install/px4_ros_com/lib:/home/eldavo07/ThreatField2025/workspace/ros2_ws/install/interface/lib:/opt/ros/humble/opt/rviz_ogre_vendor/lib:/opt/ros/humble/lib/x86_64-linux-gnu:/opt/ros/humble/lib /usr/bin/cmake --install /home/eldavo07/ThreatField2025/workspace/ros2_ws/build/example_mode_vtol_cpp
