[0.046s] Invoking command in '/home/avmi-lab-user/ThreatField2025/workspace/ros2_ws/build/px4_ros_com': CMAKE_PREFIX_PATH=/home/avmi-lab-user/ThreatField2025/workspace/ros2_ws/install/px4_msgs:/home/avmi-lab-user/ThreatField2025/workspace/ros2_ws/install/sensor_pubsub:/home/avmi-lab-user/ThreatField2025/workspace/ros2_ws/install/px4_ros_com:/home/avmi-lab-user/ThreatField2025/workspace/ros2_ws/install/example_mode_with_executor_cpp:/home/avmi-lab-user/ThreatField2025/workspace/ros2_ws/install/example_mode_vtol_cpp:/home/avmi-lab-user/ThreatField2025/workspace/ros2_ws/install/example_mode_rtl_replacement_cpp:/home/avmi-lab-user/ThreatField2025/workspace/ros2_ws/install/example_mode_manual_cpp:/home/avmi-lab-user/ThreatField2025/workspace/ros2_ws/install/example_mode_goto_global_cpp:/home/avmi-lab-user/ThreatField2025/workspace/ros2_ws/install/example_mode_goto_cpp:/home/avmi-lab-user/ThreatField2025/workspace/ros2_ws/install/example_mode_fw_attitude_cpp:/home/avmi-lab-user/ThreatField2025/workspace/ros2_ws/install/example_local_navigation_cpp:/home/avmi-lab-user/ThreatField2025/workspace/ros2_ws/install/example_global_navigation_cpp:/home/avmi-lab-user/ThreatField2025/workspace/ros2_ws/install/example_executor_with_multiple_modes_cpp:/home/avmi-lab-user/ThreatField2025/workspace/ros2_ws/install/draw_flight_mode:/home/avmi-lab-user/ThreatField2025/workspace/ros2_ws/install/px4_ros2_cpp:/home/avmi-lab-user/ThreatField2025/workspace/ros2_ws/install/interface:/home/avmi-lab-user/ThreatField2025/workspace/ros2_ws/install/py_sensor:/opt/ros/humble LD_LIBRARY_PATH=/home/avmi-lab-user/ThreatField2025/workspace/ros2_ws/install/px4_msgs/lib:/home/avmi-lab-user/ThreatField2025/workspace/ros2_ws/install/px4_ros_com/lib:/home/avmi-lab-user/ThreatField2025/workspace/ros2_ws/install/px4_ros2_cpp/lib:/home/avmi-lab-user/ThreatField2025/workspace/ros2_ws/install/interface/lib:/opt/ros/humble/opt/rviz_ogre_vendor/lib:/opt/ros/humble/lib/x86_64-linux-gnu:/opt/ros/humble/lib /usr/bin/cmake --build /home/avmi-lab-user/ThreatField2025/workspace/ros2_ws/build/px4_ros_com -- -j8 -l8
[0.256s] [ 14%] Built target sensor_combined_listener
[0.256s] [ 28%] Built target vehicle_gps_position_listener
[0.256s] [ 42%] Built target vehicle_local_position_listener
[0.263s] [ 57%] Built target frame_transforms
[0.285s] [ 71%] Built target debug_vect_advertiser
[0.285s] [ 71%] Built target ament_cmake_python_symlink_px4_ros_com
[0.285s] [ 85%] Built target offboard_control_srv
[0.289s] [100%] Built target offboard_control
[1.340s] running egg_info
[1.371s] writing px4_ros_com.egg-info/PKG-INFO
[1.372s] writing dependency_links to px4_ros_com.egg-info/dependency_links.txt
[1.372s] writing top-level names to px4_ros_com.egg-info/top_level.txt
[1.466s] reading manifest file 'px4_ros_com.egg-info/SOURCES.txt'
[1.466s] writing manifest file 'px4_ros_com.egg-info/SOURCES.txt'
[1.641s] [100%] Built target ament_cmake_python_build_px4_ros_com_egg
[1.695s] Invoked command in '/home/avmi-lab-user/ThreatField2025/workspace/ros2_ws/build/px4_ros_com' returned '0': CMAKE_PREFIX_PATH=/home/avmi-lab-user/ThreatField2025/workspace/ros2_ws/install/px4_msgs:/home/avmi-lab-user/ThreatField2025/workspace/ros2_ws/install/sensor_pubsub:/home/avmi-lab-user/ThreatField2025/workspace/ros2_ws/install/px4_ros_com:/home/avmi-lab-user/ThreatField2025/workspace/ros2_ws/install/example_mode_with_executor_cpp:/home/avmi-lab-user/ThreatField2025/workspace/ros2_ws/install/example_mode_vtol_cpp:/home/avmi-lab-user/ThreatField2025/workspace/ros2_ws/install/example_mode_rtl_replacement_cpp:/home/avmi-lab-user/ThreatField2025/workspace/ros2_ws/install/example_mode_manual_cpp:/home/avmi-lab-user/ThreatField2025/workspace/ros2_ws/install/example_mode_goto_global_cpp:/home/avmi-lab-user/ThreatField2025/workspace/ros2_ws/install/example_mode_goto_cpp:/home/avmi-lab-user/ThreatField2025/workspace/ros2_ws/install/example_mode_fw_attitude_cpp:/home/avmi-lab-user/ThreatField2025/workspace/ros2_ws/install/example_local_navigation_cpp:/home/avmi-lab-user/ThreatField2025/workspace/ros2_ws/install/example_global_navigation_cpp:/home/avmi-lab-user/ThreatField2025/workspace/ros2_ws/install/example_executor_with_multiple_modes_cpp:/home/avmi-lab-user/ThreatField2025/workspace/ros2_ws/install/draw_flight_mode:/home/avmi-lab-user/ThreatField2025/workspace/ros2_ws/install/px4_ros2_cpp:/home/avmi-lab-user/ThreatField2025/workspace/ros2_ws/install/interface:/home/avmi-lab-user/ThreatField2025/workspace/ros2_ws/install/py_sensor:/opt/ros/humble LD_LIBRARY_PATH=/home/avmi-lab-user/ThreatField2025/workspace/ros2_ws/install/px4_msgs/lib:/home/avmi-lab-user/ThreatField2025/workspace/ros2_ws/install/px4_ros_com/lib:/home/avmi-lab-user/ThreatField2025/workspace/ros2_ws/install/px4_ros2_cpp/lib:/home/avmi-lab-user/ThreatField2025/workspace/ros2_ws/install/interface/lib:/opt/ros/humble/opt/rviz_ogre_vendor/lib:/opt/ros/humble/lib/x86_64-linux-gnu:/opt/ros/humble/lib /usr/bin/cmake --build /home/avmi-lab-user/ThreatField2025/workspace/ros2_ws/build/px4_ros_com -- -j8 -l8
[1.700s] Invoking command in '/home/avmi-lab-user/ThreatField2025/workspace/ros2_ws/build/px4_ros_com': CMAKE_PREFIX_PATH=/home/avmi-lab-user/ThreatField2025/workspace/ros2_ws/install/px4_msgs:/home/avmi-lab-user/ThreatField2025/workspace/ros2_ws/install/sensor_pubsub:/home/avmi-lab-user/ThreatField2025/workspace/ros2_ws/install/px4_ros_com:/home/avmi-lab-user/ThreatField2025/workspace/ros2_ws/install/example_mode_with_executor_cpp:/home/avmi-lab-user/ThreatField2025/workspace/ros2_ws/install/example_mode_vtol_cpp:/home/avmi-lab-user/ThreatField2025/workspace/ros2_ws/install/example_mode_rtl_replacement_cpp:/home/avmi-lab-user/ThreatField2025/workspace/ros2_ws/install/example_mode_manual_cpp:/home/avmi-lab-user/ThreatField2025/workspace/ros2_ws/install/example_mode_goto_global_cpp:/home/avmi-lab-user/ThreatField2025/workspace/ros2_ws/install/example_mode_goto_cpp:/home/avmi-lab-user/ThreatField2025/workspace/ros2_ws/install/example_mode_fw_attitude_cpp:/home/avmi-lab-user/ThreatField2025/workspace/ros2_ws/install/example_local_navigation_cpp:/home/avmi-lab-user/ThreatField2025/workspace/ros2_ws/install/example_global_navigation_cpp:/home/avmi-lab-user/ThreatField2025/workspace/ros2_ws/install/example_executor_with_multiple_modes_cpp:/home/avmi-lab-user/ThreatField2025/workspace/ros2_ws/install/draw_flight_mode:/home/avmi-lab-user/ThreatField2025/workspace/ros2_ws/install/px4_ros2_cpp:/home/avmi-lab-user/ThreatField2025/workspace/ros2_ws/install/interface:/home/avmi-lab-user/ThreatField2025/workspace/ros2_ws/install/py_sensor:/opt/ros/humble LD_LIBRARY_PATH=/home/avmi-lab-user/ThreatField2025/workspace/ros2_ws/install/px4_msgs/lib:/home/avmi-lab-user/ThreatField2025/workspace/ros2_ws/install/px4_ros_com/lib:/home/avmi-lab-user/ThreatField2025/workspace/ros2_ws/install/px4_ros2_cpp/lib:/home/avmi-lab-user/ThreatField2025/workspace/ros2_ws/install/interface/lib:/opt/ros/humble/opt/rviz_ogre_vendor/lib:/opt/ros/humble/lib/x86_64-linux-gnu:/opt/ros/humble/lib /usr/bin/cmake --install /home/avmi-lab-user/ThreatField2025/workspace/ros2_ws/build/px4_ros_com
[1.716s] -- Install configuration: ""
[1.716s] -- Execute custom install script
[1.717s] -- Up-to-date symlink: /home/avmi-lab-user/ThreatField2025/workspace/ros2_ws/install/px4_ros_com/lib/px4_ros_com/sensor_combined_listener
[1.718s] -- Up-to-date symlink: /home/avmi-lab-user/ThreatField2025/workspace/ros2_ws/install/px4_ros_com/lib/px4_ros_com/vehicle_gps_position_listener
[1.718s] -- Up-to-date symlink: /home/avmi-lab-user/ThreatField2025/workspace/ros2_ws/install/px4_ros_com/lib/px4_ros_com/debug_vect_advertiser
[1.718s] -- Up-to-date symlink: /home/avmi-lab-user/ThreatField2025/workspace/ros2_ws/install/px4_ros_com/lib/px4_ros_com/offboard_control
[1.718s] -- Up-to-date symlink: /home/avmi-lab-user/ThreatField2025/workspace/ros2_ws/install/px4_ros_com/lib/px4_ros_com/offboard_control_srv
[1.720s] -- Up-to-date symlink: /home/avmi-lab-user/ThreatField2025/workspace/ros2_ws/install/px4_ros_com/lib/px4_ros_com/vehicle_local_position_listener
[1.720s] -- Up-to-date symlink: /home/avmi-lab-user/ThreatField2025/workspace/ros2_ws/install/px4_ros_com/share/px4_ros_com/environment/library_path.sh
[1.720s] -- Up-to-date symlink: /home/avmi-lab-user/ThreatField2025/workspace/ros2_ws/install/px4_ros_com/share/px4_ros_com/environment/library_path.dsv
[1.720s] -- Up-to-date symlink: /home/avmi-lab-user/ThreatField2025/workspace/ros2_ws/install/px4_ros_com/include/px4_ros_com/frame_transforms.h
[1.720s] -- Up-to-date symlink: /home/avmi-lab-user/ThreatField2025/workspace/ros2_ws/install/px4_ros_com/share/px4_ros_com//launch/offboard_control_launch.yaml
[1.727s] -- Up-to-date symlink: /home/avmi-lab-user/ThreatField2025/workspace/ros2_ws/install/px4_ros_com/share/px4_ros_com//launch/sensor_combined_listener.launch.py
[1.728s] -- Up-to-date symlink: /home/avmi-lab-user/ThreatField2025/workspace/ros2_ws/install/px4_ros_com/share/px4_ros_com//launch/vehicle_local_listener.launch.py
[1.728s] -- Up-to-date symlink: /home/avmi-lab-user/ThreatField2025/workspace/ros2_ws/install/px4_ros_com/share/px4_ros_com//test/__init__.py
[1.728s] -- Up-to-date symlink: /home/avmi-lab-user/ThreatField2025/workspace/ros2_ws/install/px4_ros_com/share/px4_ros_com//test/pipeline_io_test.py
[1.728s] -- Up-to-date symlink: /home/avmi-lab-user/ThreatField2025/workspace/ros2_ws/install/px4_ros_com/share/px4_ros_com//test/test_input.py
[1.728s] -- Up-to-date symlink: /home/avmi-lab-user/ThreatField2025/workspace/ros2_ws/install/px4_ros_com/share/px4_ros_com//test/test_output.py
[1.728s] -- Up-to-date symlink: /home/avmi-lab-user/ThreatField2025/workspace/ros2_ws/install/px4_ros_com/share/px4_ros_com/environment/pythonpath.sh
[1.728s] -- Up-to-date symlink: /home/avmi-lab-user/ThreatField2025/workspace/ros2_ws/install/px4_ros_com/share/px4_ros_com/environment/pythonpath.dsv
[1.728s] -- Up-to-date symlink: /home/avmi-lab-user/ThreatField2025/workspace/ros2_ws/install/px4_ros_com/local/lib/python3.10/dist-packages/px4_ros_com-0.1.0-py3.10.egg-info/PKG-INFO
[1.728s] -- Up-to-date symlink: /home/avmi-lab-user/ThreatField2025/workspace/ros2_ws/install/px4_ros_com/local/lib/python3.10/dist-packages/px4_ros_com-0.1.0-py3.10.egg-info/SOURCES.txt
[1.728s] -- Up-to-date symlink: /home/avmi-lab-user/ThreatField2025/workspace/ros2_ws/install/px4_ros_com/local/lib/python3.10/dist-packages/px4_ros_com-0.1.0-py3.10.egg-info/dependency_links.txt
[1.728s] -- Up-to-date symlink: /home/avmi-lab-user/ThreatField2025/workspace/ros2_ws/install/px4_ros_com/local/lib/python3.10/dist-packages/px4_ros_com-0.1.0-py3.10.egg-info/top_level.txt
[1.728s] -- Up-to-date symlink: /home/avmi-lab-user/ThreatField2025/workspace/ros2_ws/install/px4_ros_com/local/lib/python3.10/dist-packages/px4_ros_com/__init__.py
[1.733s] -- Up-to-date symlink: /home/avmi-lab-user/ThreatField2025/workspace/ros2_ws/install/px4_ros_com/local/lib/python3.10/dist-packages/px4_ros_com/module_to_import.py
[1.734s] -- Up-to-date symlink: /home/avmi-lab-user/ThreatField2025/workspace/ros2_ws/install/px4_ros_com/lib/px4_ros_com/offboard_control.py
[1.734s] -- Up-to-date symlink: /home/avmi-lab-user/ThreatField2025/workspace/ros2_ws/install/px4_ros_com/share/ament_index/resource_index/package_run_dependencies/px4_ros_com
[1.734s] -- Up-to-date symlink: /home/avmi-lab-user/ThreatField2025/workspace/ros2_ws/install/px4_ros_com/share/ament_index/resource_index/parent_prefix_path/px4_ros_com
[1.734s] -- Up-to-date symlink: /home/avmi-lab-user/ThreatField2025/workspace/ros2_ws/install/px4_ros_com/share/px4_ros_com/environment/ament_prefix_path.sh
[1.734s] -- Up-to-date symlink: /home/avmi-lab-user/ThreatField2025/workspace/ros2_ws/install/px4_ros_com/share/px4_ros_com/environment/ament_prefix_path.dsv
[1.734s] -- Up-to-date symlink: /home/avmi-lab-user/ThreatField2025/workspace/ros2_ws/install/px4_ros_com/share/px4_ros_com/environment/path.sh
[1.734s] -- Up-to-date symlink: /home/avmi-lab-user/ThreatField2025/workspace/ros2_ws/install/px4_ros_com/share/px4_ros_com/environment/path.dsv
[1.737s] -- Up-to-date symlink: /home/avmi-lab-user/ThreatField2025/workspace/ros2_ws/install/px4_ros_com/share/px4_ros_com/local_setup.bash
[1.737s] -- Up-to-date symlink: /home/avmi-lab-user/ThreatField2025/workspace/ros2_ws/install/px4_ros_com/share/px4_ros_com/local_setup.sh
[1.737s] -- Up-to-date symlink: /home/avmi-lab-user/ThreatField2025/workspace/ros2_ws/install/px4_ros_com/share/px4_ros_com/local_setup.zsh
[1.737s] -- Up-to-date symlink: /home/avmi-lab-user/ThreatField2025/workspace/ros2_ws/install/px4_ros_com/share/px4_ros_com/local_setup.dsv
[1.737s] -- Symlinking: /home/avmi-lab-user/ThreatField2025/workspace/ros2_ws/install/px4_ros_com/share/px4_ros_com/package.dsv
[1.748s] -- Up-to-date symlink: /home/avmi-lab-user/ThreatField2025/workspace/ros2_ws/install/px4_ros_com/share/ament_index/resource_index/packages/px4_ros_com
[1.748s] -- Up-to-date symlink: /home/avmi-lab-user/ThreatField2025/workspace/ros2_ws/install/px4_ros_com/share/px4_ros_com/cmake/ament_cmake_export_dependencies-extras.cmake
[1.749s] -- Up-to-date symlink: /home/avmi-lab-user/ThreatField2025/workspace/ros2_ws/install/px4_ros_com/share/px4_ros_com/cmake/ament_cmake_export_targets-extras.cmake
[1.749s] -- Up-to-date symlink: /home/avmi-lab-user/ThreatField2025/workspace/ros2_ws/install/px4_ros_com/share/px4_ros_com/cmake/ament_cmake_export_include_directories-extras.cmake
[1.749s] -- Up-to-date symlink: /home/avmi-lab-user/ThreatField2025/workspace/ros2_ws/install/px4_ros_com/share/px4_ros_com/cmake/ament_cmake_export_libraries-extras.cmake
[1.750s] -- Up-to-date symlink: /home/avmi-lab-user/ThreatField2025/workspace/ros2_ws/install/px4_ros_com/share/px4_ros_com/cmake/px4_ros_comConfig.cmake
[1.750s] -- Up-to-date symlink: /home/avmi-lab-user/ThreatField2025/workspace/ros2_ws/install/px4_ros_com/share/px4_ros_com/cmake/px4_ros_comConfig-version.cmake
[1.750s] -- Up-to-date symlink: /home/avmi-lab-user/ThreatField2025/workspace/ros2_ws/install/px4_ros_com/share/px4_ros_com/package.xml
[1.751s] -- Up-to-date: /home/avmi-lab-user/ThreatField2025/workspace/ros2_ws/install/px4_ros_com/lib/libframe_transforms.so
[1.796s] Listing '/home/avmi-lab-user/ThreatField2025/workspace/ros2_ws/install/px4_ros_com/local/lib/python3.10/dist-packages/px4_ros_com'...
[1.802s] -- Up-to-date: /home/avmi-lab-user/ThreatField2025/workspace/ros2_ws/install/px4_ros_com/share/px4_ros_com/cmake/export_frame_transformsExport.cmake
[1.803s] -- Up-to-date: /home/avmi-lab-user/ThreatField2025/workspace/ros2_ws/install/px4_ros_com/share/px4_ros_com/cmake/export_frame_transformsExport-noconfig.cmake
[1.806s] Invoked command in '/home/avmi-lab-user/ThreatField2025/workspace/ros2_ws/build/px4_ros_com' returned '0': CMAKE_PREFIX_PATH=/home/avmi-lab-user/ThreatField2025/workspace/ros2_ws/install/px4_msgs:/home/avmi-lab-user/ThreatField2025/workspace/ros2_ws/install/sensor_pubsub:/home/avmi-lab-user/ThreatField2025/workspace/ros2_ws/install/px4_ros_com:/home/avmi-lab-user/ThreatField2025/workspace/ros2_ws/install/example_mode_with_executor_cpp:/home/avmi-lab-user/ThreatField2025/workspace/ros2_ws/install/example_mode_vtol_cpp:/home/avmi-lab-user/ThreatField2025/workspace/ros2_ws/install/example_mode_rtl_replacement_cpp:/home/avmi-lab-user/ThreatField2025/workspace/ros2_ws/install/example_mode_manual_cpp:/home/avmi-lab-user/ThreatField2025/workspace/ros2_ws/install/example_mode_goto_global_cpp:/home/avmi-lab-user/ThreatField2025/workspace/ros2_ws/install/example_mode_goto_cpp:/home/avmi-lab-user/ThreatField2025/workspace/ros2_ws/install/example_mode_fw_attitude_cpp:/home/avmi-lab-user/ThreatField2025/workspace/ros2_ws/install/example_local_navigation_cpp:/home/avmi-lab-user/ThreatField2025/workspace/ros2_ws/install/example_global_navigation_cpp:/home/avmi-lab-user/ThreatField2025/workspace/ros2_ws/install/example_executor_with_multiple_modes_cpp:/home/avmi-lab-user/ThreatField2025/workspace/ros2_ws/install/draw_flight_mode:/home/avmi-lab-user/ThreatField2025/workspace/ros2_ws/install/px4_ros2_cpp:/home/avmi-lab-user/ThreatField2025/workspace/ros2_ws/install/interface:/home/avmi-lab-user/ThreatField2025/workspace/ros2_ws/install/py_sensor:/opt/ros/humble LD_LIBRARY_PATH=/home/avmi-lab-user/ThreatField2025/workspace/ros2_ws/install/px4_msgs/lib:/home/avmi-lab-user/ThreatField2025/workspace/ros2_ws/install/px4_ros_com/lib:/home/avmi-lab-user/ThreatField2025/workspace/ros2_ws/install/px4_ros2_cpp/lib:/home/avmi-lab-user/ThreatField2025/workspace/ros2_ws/install/interface/lib:/opt/ros/humble/opt/rviz_ogre_vendor/lib:/opt/ros/humble/lib/x86_64-linux-gnu:/opt/ros/humble/lib /usr/bin/cmake --install /home/avmi-lab-user/ThreatField2025/workspace/ros2_ws/build/px4_ros_com
