[0.044s] Invoking command in '/home/avmi-lab-user/ThreatField2025/workspace/ros2_ws/build/example_mode_goto_cpp': AMENT_PREFIX_PATH=/home/avmi-lab-user/ThreatField2025/workspace/ros2_ws/install/px4_ros2_cpp:/home/avmi-lab-user/ThreatField2025/workspace/ros2_ws/install/px4_msgs:${AMENT_PREFIX_PATH} CMAKE_PREFIX_PATH=/home/avmi-lab-user/ThreatField2025/workspace/ros2_ws/install/px4_ros2_cpp:/home/avmi-lab-user/ThreatField2025/workspace/ros2_ws/install/px4_msgs:/opt/ros/humble LD_LIBRARY_PATH=/home/avmi-lab-user/ThreatField2025/workspace/ros2_ws/install/px4_ros2_cpp/lib:/home/avmi-lab-user/ThreatField2025/workspace/ros2_ws/install/px4_msgs/lib:${LD_LIBRARY_PATH} PYTHONPATH=/home/avmi-lab-user/ThreatField2025/workspace/ros2_ws/install/px4_msgs/local/lib/python3.10/dist-packages:${PYTHONPATH} /usr/bin/cmake --build /home/avmi-lab-user/ThreatField2025/workspace/ros2_ws/build/example_mode_goto_cpp -- -j8 -l8
[0.115s] [35m[1mConsolidate compiler generated dependencies of target example_mode_goto[0m
[0.162s] [ 50%] [32m[1mLinking CXX executable example_mode_goto[0m
[3.794s] [100%] Built target example_mode_goto
[3.832s] Invoked command in '/home/avmi-lab-user/ThreatField2025/workspace/ros2_ws/build/example_mode_goto_cpp' returned '0': AMENT_PREFIX_PATH=/home/avmi-lab-user/ThreatField2025/workspace/ros2_ws/install/px4_ros2_cpp:/home/avmi-lab-user/ThreatField2025/workspace/ros2_ws/install/px4_msgs:${AMENT_PREFIX_PATH} CMAKE_PREFIX_PATH=/home/avmi-lab-user/ThreatField2025/workspace/ros2_ws/install/px4_ros2_cpp:/home/avmi-lab-user/ThreatField2025/workspace/ros2_ws/install/px4_msgs:/opt/ros/humble LD_LIBRARY_PATH=/home/avmi-lab-user/ThreatField2025/workspace/ros2_ws/install/px4_ros2_cpp/lib:/home/avmi-lab-user/ThreatField2025/workspace/ros2_ws/install/px4_msgs/lib:${LD_LIBRARY_PATH} PYTHONPATH=/home/avmi-lab-user/ThreatField2025/workspace/ros2_ws/install/px4_msgs/local/lib/python3.10/dist-packages:${PYTHONPATH} /usr/bin/cmake --build /home/avmi-lab-user/ThreatField2025/workspace/ros2_ws/build/example_mode_goto_cpp -- -j8 -l8
[3.833s] Invoking command in '/home/avmi-lab-user/ThreatField2025/workspace/ros2_ws/build/example_mode_goto_cpp': AMENT_PREFIX_PATH=/home/avmi-lab-user/ThreatField2025/workspace/ros2_ws/install/px4_ros2_cpp:/home/avmi-lab-user/ThreatField2025/workspace/ros2_ws/install/px4_msgs:${AMENT_PREFIX_PATH} CMAKE_PREFIX_PATH=/home/avmi-lab-user/ThreatField2025/workspace/ros2_ws/install/px4_ros2_cpp:/home/avmi-lab-user/ThreatField2025/workspace/ros2_ws/install/px4_msgs:/opt/ros/humble LD_LIBRARY_PATH=/home/avmi-lab-user/ThreatField2025/workspace/ros2_ws/install/px4_ros2_cpp/lib:/home/avmi-lab-user/ThreatField2025/workspace/ros2_ws/install/px4_msgs/lib:${LD_LIBRARY_PATH} PYTHONPATH=/home/avmi-lab-user/ThreatField2025/workspace/ros2_ws/install/px4_msgs/local/lib/python3.10/dist-packages:${PYTHONPATH} /usr/bin/cmake --install /home/avmi-lab-user/ThreatField2025/workspace/ros2_ws/build/example_mode_goto_cpp
[3.847s] -- Install configuration: ""
[3.850s] -- Installing: /home/avmi-lab-user/ThreatField2025/workspace/ros2_ws/install/example_mode_goto_cpp/lib/example_mode_goto_cpp/example_mode_goto
[3.854s] -- Set runtime path of "/home/avmi-lab-user/ThreatField2025/workspace/ros2_ws/install/example_mode_goto_cpp/lib/example_mode_goto_cpp/example_mode_goto" to ""
[3.855s] -- Up-to-date: /home/avmi-lab-user/ThreatField2025/workspace/ros2_ws/install/example_mode_goto_cpp/share/ament_index/resource_index/package_run_dependencies/example_mode_goto_cpp
[3.855s] -- Up-to-date: /home/avmi-lab-user/ThreatField2025/workspace/ros2_ws/install/example_mode_goto_cpp/share/ament_index/resource_index/parent_prefix_path/example_mode_goto_cpp
[3.855s] -- Up-to-date: /home/avmi-lab-user/ThreatField2025/workspace/ros2_ws/install/example_mode_goto_cpp/share/example_mode_goto_cpp/environment/ament_prefix_path.sh
[3.855s] -- Up-to-date: /home/avmi-lab-user/ThreatField2025/workspace/ros2_ws/install/example_mode_goto_cpp/share/example_mode_goto_cpp/environment/ament_prefix_path.dsv
[3.856s] -- Up-to-date: /home/avmi-lab-user/ThreatField2025/workspace/ros2_ws/install/example_mode_goto_cpp/share/example_mode_goto_cpp/environment/path.sh
[3.856s] -- Up-to-date: /home/avmi-lab-user/ThreatField2025/workspace/ros2_ws/install/example_mode_goto_cpp/share/example_mode_goto_cpp/environment/path.dsv
[3.856s] -- Up-to-date: /home/avmi-lab-user/ThreatField2025/workspace/ros2_ws/install/example_mode_goto_cpp/share/example_mode_goto_cpp/local_setup.bash
[3.856s] -- Up-to-date: /home/avmi-lab-user/ThreatField2025/workspace/ros2_ws/install/example_mode_goto_cpp/share/example_mode_goto_cpp/local_setup.sh
[3.856s] -- Up-to-date: /home/avmi-lab-user/ThreatField2025/workspace/ros2_ws/install/example_mode_goto_cpp/share/example_mode_goto_cpp/local_setup.zsh
[3.856s] -- Up-to-date: /home/avmi-lab-user/ThreatField2025/workspace/ros2_ws/install/example_mode_goto_cpp/share/example_mode_goto_cpp/local_setup.dsv
[3.857s] -- Installing: /home/avmi-lab-user/ThreatField2025/workspace/ros2_ws/install/example_mode_goto_cpp/share/example_mode_goto_cpp/package.dsv
[3.857s] -- Up-to-date: /home/avmi-lab-user/ThreatField2025/workspace/ros2_ws/install/example_mode_goto_cpp/share/ament_index/resource_index/packages/example_mode_goto_cpp
[3.858s] -- Up-to-date: /home/avmi-lab-user/ThreatField2025/workspace/ros2_ws/install/example_mode_goto_cpp/share/example_mode_goto_cpp/cmake/example_mode_goto_cppConfig.cmake
[3.860s] -- Up-to-date: /home/avmi-lab-user/ThreatField2025/workspace/ros2_ws/install/example_mode_goto_cpp/share/example_mode_goto_cpp/cmake/example_mode_goto_cppConfig-version.cmake
[3.860s] -- Up-to-date: /home/avmi-lab-user/ThreatField2025/workspace/ros2_ws/install/example_mode_goto_cpp/share/example_mode_goto_cpp/package.xml
[3.869s] Invoked command in '/home/avmi-lab-user/ThreatField2025/workspace/ros2_ws/build/example_mode_goto_cpp' returned '0': AMENT_PREFIX_PATH=/home/avmi-lab-user/ThreatField2025/workspace/ros2_ws/install/px4_ros2_cpp:/home/avmi-lab-user/ThreatField2025/workspace/ros2_ws/install/px4_msgs:${AMENT_PREFIX_PATH} CMAKE_PREFIX_PATH=/home/avmi-lab-user/ThreatField2025/workspace/ros2_ws/install/px4_ros2_cpp:/home/avmi-lab-user/ThreatField2025/workspace/ros2_ws/install/px4_msgs:/opt/ros/humble LD_LIBRARY_PATH=/home/avmi-lab-user/ThreatField2025/workspace/ros2_ws/install/px4_ros2_cpp/lib:/home/avmi-lab-user/ThreatField2025/workspace/ros2_ws/install/px4_msgs/lib:${LD_LIBRARY_PATH} PYTHONPATH=/home/avmi-lab-user/ThreatField2025/workspace/ros2_ws/install/px4_msgs/local/lib/python3.10/dist-packages:${PYTHONPATH} /usr/bin/cmake --install /home/avmi-lab-user/ThreatField2025/workspace/ros2_ws/build/example_mode_goto_cpp
