[  3%] Built target interface__cpp
[ 12%] Built target interface__rosidl_generator_c
[ 12%] Built target ament_cmake_python_symlink_interface
[ 25%] Built target interface__rosidl_typesupport_cpp
[ 32%] Built target interface__rosidl_typesupport_fastrtps_cpp
[ 41%] Built target interface__rosidl_typesupport_introspection_c
[ 51%] Built target interface__rosidl_typesupport_introspection_cpp
[ 61%] Built target interface__rosidl_typesupport_c
[ 70%] Built target interface__rosidl_typesupport_fastrtps_c
[ 70%] Built target interface
[ 74%] Built target interface__py
[ 80%] Built target interface__rosidl_generator_py
[ 87%] Built target interface__rosidl_typesupport_fastrtps_c__pyext
[ 93%] Built target interface__rosidl_typesupport_c__pyext
[100%] Built target interface__rosidl_typesupport_introspection_c__pyext
running egg_info
writing interface.egg-info/PKG-INFO
writing dependency_links to interface.egg-info/dependency_links.txt
writing top-level names to interface.egg-info/top_level.txt
reading manifest file 'interface.egg-info/SOURCES.txt'
writing manifest file 'interface.egg-info/SOURCES.txt'
[100%] Built target ament_cmake_python_build_interface_egg
