[0.029s] Invoking command in '/home/avmi-lab-user/ThreatField2025/workspace/ros2_ws/build/example_global_navigation_cpp': AMENT_PREFIX_PATH=/home/avmi-lab-user/ThreatField2025/workspace/ros2_ws/install/px4_ros2_cpp:/home/avmi-lab-user/ThreatField2025/workspace/ros2_ws/install/px4_msgs:${AMENT_PREFIX_PATH} CMAKE_PREFIX_PATH=/home/avmi-lab-user/ThreatField2025/workspace/ros2_ws/install/px4_ros2_cpp:/home/avmi-lab-user/ThreatField2025/workspace/ros2_ws/install/px4_msgs:/opt/ros/humble LD_LIBRARY_PATH=/home/avmi-lab-user/ThreatField2025/workspace/ros2_ws/install/px4_ros2_cpp/lib:/home/avmi-lab-user/ThreatField2025/workspace/ros2_ws/install/px4_msgs/lib:${LD_LIBRARY_PATH} PYTHONPATH=/home/avmi-lab-user/ThreatField2025/workspace/ros2_ws/install/px4_msgs/local/lib/python3.10/dist-packages:${PYTHONPATH} /usr/bin/cmake /home/avmi-lab-user/ThreatField2025/workspace/ros2_ws/src/px4-ros2-interface-lib/examples/cpp/navigation/global_navigation -DCMAKE_INSTALL_PREFIX=/home/avmi-lab-user/ThreatField2025/workspace/ros2_ws/install/example_global_navigation_cpp
[0.120s] -- The C compiler identification is GNU 11.4.0
[0.233s] -- The CXX compiler identification is GNU 11.4.0
[0.251s] -- Detecting C compiler ABI info
[0.387s] -- Detecting C compiler ABI info - done
[0.409s] -- Check for working C compiler: /usr/bin/cc - skipped
[0.413s] -- Detecting C compile features
[0.414s] -- Detecting C compile features - done
[0.419s] -- Detecting CXX compiler ABI info
[0.696s] -- Detecting CXX compiler ABI info - done
[0.708s] -- Check for working CXX compiler: /usr/bin/c++ - skipped
[0.708s] -- Detecting CXX compile features
[0.711s] -- Detecting CXX compile features - done
[0.713s] -- Found eigen3_cmake_module: 0.1.1 (/opt/ros/humble/share/eigen3_cmake_module/cmake)
[0.727s] -- Found Eigen3: TRUE (found version "3.4.0") 
[0.727s] -- Found ament_cmake: 1.3.11 (/opt/ros/humble/share/ament_cmake/cmake)
[1.480s] -- Found Python3: /usr/bin/python3 (found version "3.10.12") found components: Interpreter 
[1.609s] -- Found rclcpp: 16.0.12 (/opt/ros/humble/share/rclcpp/cmake)
[1.690s] -- Found rosidl_generator_c: 3.1.6 (/opt/ros/humble/share/rosidl_generator_c/cmake)
[1.698s] -- Found rosidl_adapter: 3.1.6 (/opt/ros/humble/share/rosidl_adapter/cmake)
[1.706s] -- Found rosidl_generator_cpp: 3.1.6 (/opt/ros/humble/share/rosidl_generator_cpp/cmake)
[1.720s] -- Using all available rosidl_typesupport_c: rosidl_typesupport_fastrtps_c;rosidl_typesupport_introspection_c
[1.741s] -- Using all available rosidl_typesupport_cpp: rosidl_typesupport_fastrtps_cpp;rosidl_typesupport_introspection_cpp
[1.795s] -- Found rmw_implementation_cmake: 6.1.2 (/opt/ros/humble/share/rmw_implementation_cmake/cmake)
[1.798s] -- Found rmw_fastrtps_cpp: 6.2.7 (/opt/ros/humble/share/rmw_fastrtps_cpp/cmake)
[1.966s] -- Found OpenSSL: /usr/lib/x86_64-linux-gnu/libcrypto.so (found version "3.0.2")  
[2.044s] -- Found FastRTPS: /opt/ros/humble/include  
[2.138s] -- Using RMW implementation 'rmw_fastrtps_cpp' as default
[2.154s] -- Looking for pthread.h
[2.279s] -- Looking for pthread.h - found
[2.279s] -- Performing Test CMAKE_HAVE_LIBC_PTHREAD
[2.431s] -- Performing Test CMAKE_HAVE_LIBC_PTHREAD - Success
[2.432s] -- Found Threads: TRUE  
[2.532s] -- Found px4_ros2_cpp: 0.0.1 (/home/avmi-lab-user/ThreatField2025/workspace/ros2_ws/install/px4_ros2_cpp/share/px4_ros2_cpp/cmake)
[2.566s] -- Found ament_lint_auto: 0.12.12 (/opt/ros/humble/share/ament_lint_auto/cmake)
[2.726s] -- Added test 'copyright' to check source files copyright and LICENSE
[2.726s] -- Added test 'cppcheck' to perform static code analysis on C / C++ code
[2.726s] -- Configured cppcheck include dirs: /home/avmi-lab-user/ThreatField2025/workspace/ros2_ws/src/px4-ros2-interface-lib/examples/cpp/navigation/global_navigation/include
[2.726s] -- Configured cppcheck exclude dirs and/or files: 
[2.726s] -- Added test 'cpplint' to check C / C++ code against the Google style
[2.726s] -- Configured cpplint exclude dirs and/or files: 
[2.727s] -- Added test 'lint_cmake' to check CMake code style
[2.730s] -- Added test 'uncrustify' to check C / C++ code style
[2.730s] -- Configured uncrustify additional arguments: 
[2.730s] -- Added test 'xmllint' to check XML markup files
[2.730s] -- Configuring done
[2.742s] -- Generating done
[2.748s] -- Build files have been written to: /home/avmi-lab-user/ThreatField2025/workspace/ros2_ws/build/example_global_navigation_cpp
[2.769s] Invoked command in '/home/avmi-lab-user/ThreatField2025/workspace/ros2_ws/build/example_global_navigation_cpp' returned '0': AMENT_PREFIX_PATH=/home/avmi-lab-user/ThreatField2025/workspace/ros2_ws/install/px4_ros2_cpp:/home/avmi-lab-user/ThreatField2025/workspace/ros2_ws/install/px4_msgs:${AMENT_PREFIX_PATH} CMAKE_PREFIX_PATH=/home/avmi-lab-user/ThreatField2025/workspace/ros2_ws/install/px4_ros2_cpp:/home/avmi-lab-user/ThreatField2025/workspace/ros2_ws/install/px4_msgs:/opt/ros/humble LD_LIBRARY_PATH=/home/avmi-lab-user/ThreatField2025/workspace/ros2_ws/install/px4_ros2_cpp/lib:/home/avmi-lab-user/ThreatField2025/workspace/ros2_ws/install/px4_msgs/lib:${LD_LIBRARY_PATH} PYTHONPATH=/home/avmi-lab-user/ThreatField2025/workspace/ros2_ws/install/px4_msgs/local/lib/python3.10/dist-packages:${PYTHONPATH} /usr/bin/cmake /home/avmi-lab-user/ThreatField2025/workspace/ros2_ws/src/px4-ros2-interface-lib/examples/cpp/navigation/global_navigation -DCMAKE_INSTALL_PREFIX=/home/avmi-lab-user/ThreatField2025/workspace/ros2_ws/install/example_global_navigation_cpp
[2.776s] Invoking command in '/home/avmi-lab-user/ThreatField2025/workspace/ros2_ws/build/example_global_navigation_cpp': AMENT_PREFIX_PATH=/home/avmi-lab-user/ThreatField2025/workspace/ros2_ws/install/px4_ros2_cpp:/home/avmi-lab-user/ThreatField2025/workspace/ros2_ws/install/px4_msgs:${AMENT_PREFIX_PATH} CMAKE_PREFIX_PATH=/home/avmi-lab-user/ThreatField2025/workspace/ros2_ws/install/px4_ros2_cpp:/home/avmi-lab-user/ThreatField2025/workspace/ros2_ws/install/px4_msgs:/opt/ros/humble LD_LIBRARY_PATH=/home/avmi-lab-user/ThreatField2025/workspace/ros2_ws/install/px4_ros2_cpp/lib:/home/avmi-lab-user/ThreatField2025/workspace/ros2_ws/install/px4_msgs/lib:${LD_LIBRARY_PATH} PYTHONPATH=/home/avmi-lab-user/ThreatField2025/workspace/ros2_ws/install/px4_msgs/local/lib/python3.10/dist-packages:${PYTHONPATH} /usr/bin/cmake --build /home/avmi-lab-user/ThreatField2025/workspace/ros2_ws/build/example_global_navigation_cpp -- -j8 -l8
[2.867s] [ 50%] [32mBuilding CXX object CMakeFiles/example_global_navigation.dir/src/main.cpp.o[0m
[10.452s] [100%] [32m[1mLinking CXX executable example_global_navigation[0m
[12.652s] [100%] Built target example_global_navigation
[12.697s] Invoked command in '/home/avmi-lab-user/ThreatField2025/workspace/ros2_ws/build/example_global_navigation_cpp' returned '0': AMENT_PREFIX_PATH=/home/avmi-lab-user/ThreatField2025/workspace/ros2_ws/install/px4_ros2_cpp:/home/avmi-lab-user/ThreatField2025/workspace/ros2_ws/install/px4_msgs:${AMENT_PREFIX_PATH} CMAKE_PREFIX_PATH=/home/avmi-lab-user/ThreatField2025/workspace/ros2_ws/install/px4_ros2_cpp:/home/avmi-lab-user/ThreatField2025/workspace/ros2_ws/install/px4_msgs:/opt/ros/humble LD_LIBRARY_PATH=/home/avmi-lab-user/ThreatField2025/workspace/ros2_ws/install/px4_ros2_cpp/lib:/home/avmi-lab-user/ThreatField2025/workspace/ros2_ws/install/px4_msgs/lib:${LD_LIBRARY_PATH} PYTHONPATH=/home/avmi-lab-user/ThreatField2025/workspace/ros2_ws/install/px4_msgs/local/lib/python3.10/dist-packages:${PYTHONPATH} /usr/bin/cmake --build /home/avmi-lab-user/ThreatField2025/workspace/ros2_ws/build/example_global_navigation_cpp -- -j8 -l8
[12.702s] Invoking command in '/home/avmi-lab-user/ThreatField2025/workspace/ros2_ws/build/example_global_navigation_cpp': AMENT_PREFIX_PATH=/home/avmi-lab-user/ThreatField2025/workspace/ros2_ws/install/px4_ros2_cpp:/home/avmi-lab-user/ThreatField2025/workspace/ros2_ws/install/px4_msgs:${AMENT_PREFIX_PATH} CMAKE_PREFIX_PATH=/home/avmi-lab-user/ThreatField2025/workspace/ros2_ws/install/px4_ros2_cpp:/home/avmi-lab-user/ThreatField2025/workspace/ros2_ws/install/px4_msgs:/opt/ros/humble LD_LIBRARY_PATH=/home/avmi-lab-user/ThreatField2025/workspace/ros2_ws/install/px4_ros2_cpp/lib:/home/avmi-lab-user/ThreatField2025/workspace/ros2_ws/install/px4_msgs/lib:${LD_LIBRARY_PATH} PYTHONPATH=/home/avmi-lab-user/ThreatField2025/workspace/ros2_ws/install/px4_msgs/local/lib/python3.10/dist-packages:${PYTHONPATH} /usr/bin/cmake --install /home/avmi-lab-user/ThreatField2025/workspace/ros2_ws/build/example_global_navigation_cpp
[14.083s] -- Install configuration: ""
[14.087s] -- Installing: /home/avmi-lab-user/ThreatField2025/workspace/ros2_ws/install/example_global_navigation_cpp/lib/example_global_navigation_cpp/example_global_navigation
[14.087s] -- Set runtime path of "/home/avmi-lab-user/ThreatField2025/workspace/ros2_ws/install/example_global_navigation_cpp/lib/example_global_navigation_cpp/example_global_navigation" to ""
[14.087s] -- Installing: /home/avmi-lab-user/ThreatField2025/workspace/ros2_ws/install/example_global_navigation_cpp/share/ament_index/resource_index/package_run_dependencies/example_global_navigation_cpp
[14.087s] -- Installing: /home/avmi-lab-user/ThreatField2025/workspace/ros2_ws/install/example_global_navigation_cpp/share/ament_index/resource_index/parent_prefix_path/example_global_navigation_cpp
[14.087s] -- Installing: /home/avmi-lab-user/ThreatField2025/workspace/ros2_ws/install/example_global_navigation_cpp/share/example_global_navigation_cpp/environment/ament_prefix_path.sh
[14.087s] -- Installing: /home/avmi-lab-user/ThreatField2025/workspace/ros2_ws/install/example_global_navigation_cpp/share/example_global_navigation_cpp/environment/ament_prefix_path.dsv
[14.088s] -- Installing: /home/avmi-lab-user/ThreatField2025/workspace/ros2_ws/install/example_global_navigation_cpp/share/example_global_navigation_cpp/environment/path.sh
[14.088s] -- Installing: /home/avmi-lab-user/ThreatField2025/workspace/ros2_ws/install/example_global_navigation_cpp/share/example_global_navigation_cpp/environment/path.dsv
[14.088s] -- Installing: /home/avmi-lab-user/ThreatField2025/workspace/ros2_ws/install/example_global_navigation_cpp/share/example_global_navigation_cpp/local_setup.bash
[14.088s] -- Installing: /home/avmi-lab-user/ThreatField2025/workspace/ros2_ws/install/example_global_navigation_cpp/share/example_global_navigation_cpp/local_setup.sh
[14.088s] -- Installing: /home/avmi-lab-user/ThreatField2025/workspace/ros2_ws/install/example_global_navigation_cpp/share/example_global_navigation_cpp/local_setup.zsh
[14.088s] -- Installing: /home/avmi-lab-user/ThreatField2025/workspace/ros2_ws/install/example_global_navigation_cpp/share/example_global_navigation_cpp/local_setup.dsv
[14.088s] -- Installing: /home/avmi-lab-user/ThreatField2025/workspace/ros2_ws/install/example_global_navigation_cpp/share/example_global_navigation_cpp/package.dsv
[14.088s] -- Installing: /home/avmi-lab-user/ThreatField2025/workspace/ros2_ws/install/example_global_navigation_cpp/share/ament_index/resource_index/packages/example_global_navigation_cpp
[14.088s] -- Installing: /home/avmi-lab-user/ThreatField2025/workspace/ros2_ws/install/example_global_navigation_cpp/share/example_global_navigation_cpp/cmake/example_global_navigation_cppConfig.cmake
[14.088s] -- Installing: /home/avmi-lab-user/ThreatField2025/workspace/ros2_ws/install/example_global_navigation_cpp/share/example_global_navigation_cpp/cmake/example_global_navigation_cppConfig-version.cmake
[14.088s] -- Installing: /home/avmi-lab-user/ThreatField2025/workspace/ros2_ws/install/example_global_navigation_cpp/share/example_global_navigation_cpp/package.xml
[14.088s] Invoked command in '/home/avmi-lab-user/ThreatField2025/workspace/ros2_ws/build/example_global_navigation_cpp' returned '0': AMENT_PREFIX_PATH=/home/avmi-lab-user/ThreatField2025/workspace/ros2_ws/install/px4_ros2_cpp:/home/avmi-lab-user/ThreatField2025/workspace/ros2_ws/install/px4_msgs:${AMENT_PREFIX_PATH} CMAKE_PREFIX_PATH=/home/avmi-lab-user/ThreatField2025/workspace/ros2_ws/install/px4_ros2_cpp:/home/avmi-lab-user/ThreatField2025/workspace/ros2_ws/install/px4_msgs:/opt/ros/humble LD_LIBRARY_PATH=/home/avmi-lab-user/ThreatField2025/workspace/ros2_ws/install/px4_ros2_cpp/lib:/home/avmi-lab-user/ThreatField2025/workspace/ros2_ws/install/px4_msgs/lib:${LD_LIBRARY_PATH} PYTHONPATH=/home/avmi-lab-user/ThreatField2025/workspace/ros2_ws/install/px4_msgs/local/lib/python3.10/dist-packages:${PYTHONPATH} /usr/bin/cmake --install /home/avmi-lab-user/ThreatField2025/workspace/ros2_ws/build/example_global_navigation_cpp
