[0.006s] Invoking command in '/home/avmi-lab-user/ThreatField2025/workspace/ros2_ws/build/interface': CMAKE_PREFIX_PATH=/opt/ros/humble /usr/bin/cmake --build /home/avmi-lab-user/ThreatField2025/workspace/ros2_ws/build/interface -- -j8 -l8
[0.039s] [  9%] Built target interface__rosidl_generator_c
[0.040s] [ 12%] Built target interface__cpp
[0.048s] [ 12%] Built target ament_cmake_python_symlink_interface
[0.058s] [ 22%] Built target interface__rosidl_typesupport_introspection_c
[0.058s] [ 38%] Built target interface__rosidl_typesupport_fastrtps_c
[0.058s] [ 41%] Built target interface__rosidl_typesupport_cpp
[0.058s] [ 51%] Built target interface__rosidl_typesupport_c
[0.058s] [ 61%] Built target interface__rosidl_typesupport_fastrtps_cpp
[0.058s] [ 70%] Built target interface__rosidl_typesupport_introspection_cpp
[0.071s] [ 70%] Built target interface
[0.083s] [ 74%] Built target interface__py
[0.097s] [ 80%] Built target interface__rosidl_generator_py
[0.112s] [ 87%] Built target interface__rosidl_typesupport_introspection_c__pyext
[0.112s] [ 93%] Built target interface__rosidl_typesupport_fastrtps_c__pyext
[0.112s] [100%] Built target interface__rosidl_typesupport_c__pyext
[0.305s] running egg_info
[0.323s] writing interface.egg-info/PKG-INFO
[0.323s] writing dependency_links to interface.egg-info/dependency_links.txt
[0.323s] writing top-level names to interface.egg-info/top_level.txt
[0.394s] reading manifest file 'interface.egg-info/SOURCES.txt'
[0.395s] writing manifest file 'interface.egg-info/SOURCES.txt'
[0.468s] [100%] Built target ament_cmake_python_build_interface_egg
[0.478s] Invoked command in '/home/avmi-lab-user/ThreatField2025/workspace/ros2_ws/build/interface' returned '0': CMAKE_PREFIX_PATH=/opt/ros/humble /usr/bin/cmake --build /home/avmi-lab-user/ThreatField2025/workspace/ros2_ws/build/interface -- -j8 -l8
[0.487s] Invoking command in '/home/avmi-lab-user/ThreatField2025/workspace/ros2_ws/build/interface': CMAKE_PREFIX_PATH=/opt/ros/humble /usr/bin/cmake --install /home/avmi-lab-user/ThreatField2025/workspace/ros2_ws/build/interface
[0.492s] -- Install configuration: ""
[0.492s] -- Execute custom install script
[0.492s] -- Up-to-date symlink: /home/avmi-lab-user/ThreatField2025/workspace/ros2_ws/install/interface/share/ament_index/resource_index/rosidl_interfaces/interface
[0.493s] -- Up-to-date symlink: /home/avmi-lab-user/ThreatField2025/workspace/ros2_ws/install/interface/include/interface/interface/msg/detail/sensor__functions.h
[0.493s] -- Up-to-date symlink: /home/avmi-lab-user/ThreatField2025/workspace/ros2_ws/install/interface/include/interface/interface/msg/detail/sensor__struct.h
[0.493s] -- Up-to-date symlink: /home/avmi-lab-user/ThreatField2025/workspace/ros2_ws/install/interface/include/interface/interface/msg/detail/sensor__type_support.h
[0.493s] -- Up-to-date symlink: /home/avmi-lab-user/ThreatField2025/workspace/ros2_ws/install/interface/include/interface/interface/msg/rosidl_generator_c__visibility_control.h
[0.493s] -- Up-to-date symlink: /home/avmi-lab-user/ThreatField2025/workspace/ros2_ws/install/interface/include/interface/interface/msg/sensor.h
[0.493s] -- Up-to-date symlink: /home/avmi-lab-user/ThreatField2025/workspace/ros2_ws/install/interface/share/interface/environment/library_path.sh
[0.493s] -- Up-to-date symlink: /home/avmi-lab-user/ThreatField2025/workspace/ros2_ws/install/interface/share/interface/environment/library_path.dsv
[0.494s] -- Up-to-date symlink: /home/avmi-lab-user/ThreatField2025/workspace/ros2_ws/install/interface/include/interface/interface/msg/detail/sensor__rosidl_typesupport_fastrtps_c.h
[0.494s] -- Up-to-date symlink: /home/avmi-lab-user/ThreatField2025/workspace/ros2_ws/install/interface/include/interface/interface/msg/rosidl_typesupport_fastrtps_c__visibility_control.h
[0.494s] -- Up-to-date symlink: /home/avmi-lab-user/ThreatField2025/workspace/ros2_ws/install/interface/include/interface/interface/msg/detail/sensor__builder.hpp
[0.494s] -- Up-to-date symlink: /home/avmi-lab-user/ThreatField2025/workspace/ros2_ws/install/interface/include/interface/interface/msg/detail/sensor__struct.hpp
[0.494s] -- Up-to-date symlink: /home/avmi-lab-user/ThreatField2025/workspace/ros2_ws/install/interface/include/interface/interface/msg/detail/sensor__traits.hpp
[0.495s] -- Up-to-date symlink: /home/avmi-lab-user/ThreatField2025/workspace/ros2_ws/install/interface/include/interface/interface/msg/detail/sensor__type_support.hpp
[0.495s] -- Up-to-date symlink: /home/avmi-lab-user/ThreatField2025/workspace/ros2_ws/install/interface/include/interface/interface/msg/rosidl_generator_cpp__visibility_control.hpp
[0.495s] -- Up-to-date symlink: /home/avmi-lab-user/ThreatField2025/workspace/ros2_ws/install/interface/include/interface/interface/msg/sensor.hpp
[0.495s] -- Up-to-date symlink: /home/avmi-lab-user/ThreatField2025/workspace/ros2_ws/install/interface/include/interface/interface/msg/detail/sensor__rosidl_typesupport_fastrtps_cpp.hpp
[0.495s] -- Up-to-date symlink: /home/avmi-lab-user/ThreatField2025/workspace/ros2_ws/install/interface/include/interface/interface/msg/rosidl_typesupport_fastrtps_cpp__visibility_control.h
[0.496s] -- Up-to-date symlink: /home/avmi-lab-user/ThreatField2025/workspace/ros2_ws/install/interface/include/interface/interface/msg/detail/sensor__rosidl_typesupport_introspection_c.h
[0.496s] -- Up-to-date symlink: /home/avmi-lab-user/ThreatField2025/workspace/ros2_ws/install/interface/include/interface/interface/msg/rosidl_typesupport_introspection_c__visibility_control.h
[0.496s] -- Up-to-date symlink: /home/avmi-lab-user/ThreatField2025/workspace/ros2_ws/install/interface/include/interface/interface/msg/detail/sensor__rosidl_typesupport_introspection_cpp.hpp
[0.496s] -- Up-to-date symlink: /home/avmi-lab-user/ThreatField2025/workspace/ros2_ws/install/interface/share/interface/environment/pythonpath.sh
[0.496s] -- Up-to-date symlink: /home/avmi-lab-user/ThreatField2025/workspace/ros2_ws/install/interface/share/interface/environment/pythonpath.dsv
[0.496s] -- Up-to-date symlink: /home/avmi-lab-user/ThreatField2025/workspace/ros2_ws/install/interface/local/lib/python3.10/dist-packages/interface-0.0.0-py3.10.egg-info/PKG-INFO
[0.497s] -- Up-to-date symlink: /home/avmi-lab-user/ThreatField2025/workspace/ros2_ws/install/interface/local/lib/python3.10/dist-packages/interface-0.0.0-py3.10.egg-info/SOURCES.txt
[0.497s] -- Up-to-date symlink: /home/avmi-lab-user/ThreatField2025/workspace/ros2_ws/install/interface/local/lib/python3.10/dist-packages/interface-0.0.0-py3.10.egg-info/dependency_links.txt
[0.497s] -- Up-to-date symlink: /home/avmi-lab-user/ThreatField2025/workspace/ros2_ws/install/interface/local/lib/python3.10/dist-packages/interface-0.0.0-py3.10.egg-info/top_level.txt
[0.497s] -- Up-to-date symlink: /home/avmi-lab-user/ThreatField2025/workspace/ros2_ws/install/interface/local/lib/python3.10/dist-packages/interface/__init__.py
[0.497s] -- Up-to-date symlink: /home/avmi-lab-user/ThreatField2025/workspace/ros2_ws/install/interface/local/lib/python3.10/dist-packages/interface/_interface_s.ep.rosidl_typesupport_c.c
[0.498s] -- Up-to-date symlink: /home/avmi-lab-user/ThreatField2025/workspace/ros2_ws/install/interface/local/lib/python3.10/dist-packages/interface/_interface_s.ep.rosidl_typesupport_fastrtps_c.c
[0.498s] -- Up-to-date symlink: /home/avmi-lab-user/ThreatField2025/workspace/ros2_ws/install/interface/local/lib/python3.10/dist-packages/interface/_interface_s.ep.rosidl_typesupport_introspection_c.c
[0.498s] -- Up-to-date symlink: /home/avmi-lab-user/ThreatField2025/workspace/ros2_ws/install/interface/local/lib/python3.10/dist-packages/interface/interface_s__rosidl_typesupport_c.cpython-310-x86_64-linux-gnu.so
[0.498s] -- Up-to-date symlink: /home/avmi-lab-user/ThreatField2025/workspace/ros2_ws/install/interface/local/lib/python3.10/dist-packages/interface/interface_s__rosidl_typesupport_fastrtps_c.cpython-310-x86_64-linux-gnu.so
[0.498s] -- Up-to-date symlink: /home/avmi-lab-user/ThreatField2025/workspace/ros2_ws/install/interface/local/lib/python3.10/dist-packages/interface/interface_s__rosidl_typesupport_introspection_c.cpython-310-x86_64-linux-gnu.so
[0.498s] -- Up-to-date symlink: /home/avmi-lab-user/ThreatField2025/workspace/ros2_ws/install/interface/local/lib/python3.10/dist-packages/interface/libinterface__rosidl_generator_py.so
[0.498s] -- Up-to-date symlink: /home/avmi-lab-user/ThreatField2025/workspace/ros2_ws/install/interface/local/lib/python3.10/dist-packages/interface/msg/__init__.py
[0.499s] -- Up-to-date symlink: /home/avmi-lab-user/ThreatField2025/workspace/ros2_ws/install/interface/local/lib/python3.10/dist-packages/interface/msg/_sensor.py
[0.499s] -- Up-to-date symlink: /home/avmi-lab-user/ThreatField2025/workspace/ros2_ws/install/interface/local/lib/python3.10/dist-packages/interface/msg/_sensor_s.c
[0.499s] -- Up-to-date symlink: /home/avmi-lab-user/ThreatField2025/workspace/ros2_ws/install/interface/local/lib/python3.10/dist-packages/interface/interface_s__rosidl_typesupport_fastrtps_c.cpython-310-x86_64-linux-gnu.so
[0.499s] -- Up-to-date symlink: /home/avmi-lab-user/ThreatField2025/workspace/ros2_ws/install/interface/local/lib/python3.10/dist-packages/interface/interface_s__rosidl_typesupport_introspection_c.cpython-310-x86_64-linux-gnu.so
[0.499s] -- Up-to-date symlink: /home/avmi-lab-user/ThreatField2025/workspace/ros2_ws/install/interface/local/lib/python3.10/dist-packages/interface/interface_s__rosidl_typesupport_c.cpython-310-x86_64-linux-gnu.so
[0.500s] -- Up-to-date symlink: /home/avmi-lab-user/ThreatField2025/workspace/ros2_ws/install/interface/share/interface/msg/Sensor.idl
[0.500s] -- Up-to-date symlink: /home/avmi-lab-user/ThreatField2025/workspace/ros2_ws/install/interface/share/interface/msg/Sensor.msg
[0.500s] -- Up-to-date symlink: /home/avmi-lab-user/ThreatField2025/workspace/ros2_ws/install/interface/share/ament_index/resource_index/package_run_dependencies/interface
[0.500s] -- Up-to-date symlink: /home/avmi-lab-user/ThreatField2025/workspace/ros2_ws/install/interface/share/ament_index/resource_index/parent_prefix_path/interface
[0.500s] -- Up-to-date symlink: /home/avmi-lab-user/ThreatField2025/workspace/ros2_ws/install/interface/share/interface/environment/ament_prefix_path.sh
[0.500s] -- Up-to-date symlink: /home/avmi-lab-user/ThreatField2025/workspace/ros2_ws/install/interface/share/interface/environment/ament_prefix_path.dsv
[0.501s] -- Up-to-date symlink: /home/avmi-lab-user/ThreatField2025/workspace/ros2_ws/install/interface/share/interface/environment/path.sh
[0.501s] -- Up-to-date symlink: /home/avmi-lab-user/ThreatField2025/workspace/ros2_ws/install/interface/share/interface/environment/path.dsv
[0.501s] -- Up-to-date symlink: /home/avmi-lab-user/ThreatField2025/workspace/ros2_ws/install/interface/share/interface/local_setup.bash
[0.501s] -- Up-to-date symlink: /home/avmi-lab-user/ThreatField2025/workspace/ros2_ws/install/interface/share/interface/local_setup.sh
[0.501s] -- Up-to-date symlink: /home/avmi-lab-user/ThreatField2025/workspace/ros2_ws/install/interface/share/interface/local_setup.zsh
[0.501s] -- Up-to-date symlink: /home/avmi-lab-user/ThreatField2025/workspace/ros2_ws/install/interface/share/interface/local_setup.dsv
[0.501s] -- Symlinking: /home/avmi-lab-user/ThreatField2025/workspace/ros2_ws/install/interface/share/interface/package.dsv
[0.507s] -- Up-to-date symlink: /home/avmi-lab-user/ThreatField2025/workspace/ros2_ws/install/interface/share/ament_index/resource_index/packages/interface
[0.507s] -- Up-to-date symlink: /home/avmi-lab-user/ThreatField2025/workspace/ros2_ws/install/interface/share/interface/cmake/rosidl_cmake-extras.cmake
[0.507s] -- Up-to-date symlink: /home/avmi-lab-user/ThreatField2025/workspace/ros2_ws/install/interface/share/interface/cmake/ament_cmake_export_include_directories-extras.cmake
[0.507s] -- Up-to-date symlink: /home/avmi-lab-user/ThreatField2025/workspace/ros2_ws/install/interface/share/interface/cmake/ament_cmake_export_libraries-extras.cmake
[0.508s] -- Up-to-date symlink: /home/avmi-lab-user/ThreatField2025/workspace/ros2_ws/install/interface/share/interface/cmake/ament_cmake_export_targets-extras.cmake
[0.508s] -- Up-to-date symlink: /home/avmi-lab-user/ThreatField2025/workspace/ros2_ws/install/interface/share/interface/cmake/rosidl_cmake_export_typesupport_targets-extras.cmake
[0.508s] -- Up-to-date symlink: /home/avmi-lab-user/ThreatField2025/workspace/ros2_ws/install/interface/share/interface/cmake/ament_cmake_export_dependencies-extras.cmake
[0.508s] -- Up-to-date symlink: /home/avmi-lab-user/ThreatField2025/workspace/ros2_ws/install/interface/share/interface/cmake/rosidl_cmake_export_typesupport_libraries-extras.cmake
[0.508s] -- Up-to-date symlink: /home/avmi-lab-user/ThreatField2025/workspace/ros2_ws/install/interface/share/interface/cmake/interfaceConfig.cmake
[0.508s] -- Up-to-date symlink: /home/avmi-lab-user/ThreatField2025/workspace/ros2_ws/install/interface/share/interface/cmake/interfaceConfig-version.cmake
[0.508s] -- Up-to-date symlink: /home/avmi-lab-user/ThreatField2025/workspace/ros2_ws/install/interface/share/interface/package.xml
[0.509s] -- Up-to-date: /home/avmi-lab-user/ThreatField2025/workspace/ros2_ws/install/interface/lib/libinterface__rosidl_generator_c.so
[0.509s] -- Up-to-date: /home/avmi-lab-user/ThreatField2025/workspace/ros2_ws/install/interface/lib/libinterface__rosidl_typesupport_fastrtps_c.so
[0.509s] -- Up-to-date: /home/avmi-lab-user/ThreatField2025/workspace/ros2_ws/install/interface/lib/libinterface__rosidl_typesupport_fastrtps_cpp.so
[0.509s] -- Up-to-date: /home/avmi-lab-user/ThreatField2025/workspace/ros2_ws/install/interface/lib/libinterface__rosidl_typesupport_introspection_c.so
[0.510s] -- Up-to-date: /home/avmi-lab-user/ThreatField2025/workspace/ros2_ws/install/interface/lib/libinterface__rosidl_typesupport_c.so
[0.510s] -- Up-to-date: /home/avmi-lab-user/ThreatField2025/workspace/ros2_ws/install/interface/lib/libinterface__rosidl_typesupport_introspection_cpp.so
[0.510s] -- Up-to-date: /home/avmi-lab-user/ThreatField2025/workspace/ros2_ws/install/interface/lib/libinterface__rosidl_typesupport_cpp.so
[0.534s] Listing '/home/avmi-lab-user/ThreatField2025/workspace/ros2_ws/install/interface/local/lib/python3.10/dist-packages/interface'...
[0.534s] Listing '/home/avmi-lab-user/ThreatField2025/workspace/ros2_ws/install/interface/local/lib/python3.10/dist-packages/interface/msg'...
[0.538s] -- Up-to-date: /home/avmi-lab-user/ThreatField2025/workspace/ros2_ws/install/interface/lib/libinterface__rosidl_generator_py.so
[0.538s] -- Up-to-date: /home/avmi-lab-user/ThreatField2025/workspace/ros2_ws/install/interface/share/interface/cmake/export_interface__rosidl_generator_cExport.cmake
[0.538s] -- Up-to-date: /home/avmi-lab-user/ThreatField2025/workspace/ros2_ws/install/interface/share/interface/cmake/export_interface__rosidl_generator_cExport-noconfig.cmake
[0.538s] -- Up-to-date: /home/avmi-lab-user/ThreatField2025/workspace/ros2_ws/install/interface/share/interface/cmake/export_interface__rosidl_typesupport_fastrtps_cExport.cmake
[0.538s] -- Up-to-date: /home/avmi-lab-user/ThreatField2025/workspace/ros2_ws/install/interface/share/interface/cmake/export_interface__rosidl_typesupport_fastrtps_cExport-noconfig.cmake
[0.538s] -- Up-to-date: /home/avmi-lab-user/ThreatField2025/workspace/ros2_ws/install/interface/share/interface/cmake/export_interface__rosidl_generator_cppExport.cmake
[0.538s] -- Up-to-date: /home/avmi-lab-user/ThreatField2025/workspace/ros2_ws/install/interface/share/interface/cmake/export_interface__rosidl_typesupport_fastrtps_cppExport.cmake
[0.538s] -- Up-to-date: /home/avmi-lab-user/ThreatField2025/workspace/ros2_ws/install/interface/share/interface/cmake/export_interface__rosidl_typesupport_fastrtps_cppExport-noconfig.cmake
[0.538s] -- Up-to-date: /home/avmi-lab-user/ThreatField2025/workspace/ros2_ws/install/interface/share/interface/cmake/interface__rosidl_typesupport_introspection_cExport.cmake
[0.538s] -- Up-to-date: /home/avmi-lab-user/ThreatField2025/workspace/ros2_ws/install/interface/share/interface/cmake/interface__rosidl_typesupport_introspection_cExport-noconfig.cmake
[0.539s] -- Up-to-date: /home/avmi-lab-user/ThreatField2025/workspace/ros2_ws/install/interface/share/interface/cmake/interface__rosidl_typesupport_cExport.cmake
[0.539s] -- Up-to-date: /home/avmi-lab-user/ThreatField2025/workspace/ros2_ws/install/interface/share/interface/cmake/interface__rosidl_typesupport_cExport-noconfig.cmake
[0.539s] -- Up-to-date: /home/avmi-lab-user/ThreatField2025/workspace/ros2_ws/install/interface/share/interface/cmake/interface__rosidl_typesupport_introspection_cppExport.cmake
[0.539s] -- Up-to-date: /home/avmi-lab-user/ThreatField2025/workspace/ros2_ws/install/interface/share/interface/cmake/interface__rosidl_typesupport_introspection_cppExport-noconfig.cmake
[0.539s] -- Up-to-date: /home/avmi-lab-user/ThreatField2025/workspace/ros2_ws/install/interface/share/interface/cmake/interface__rosidl_typesupport_cppExport.cmake
[0.539s] -- Up-to-date: /home/avmi-lab-user/ThreatField2025/workspace/ros2_ws/install/interface/share/interface/cmake/interface__rosidl_typesupport_cppExport-noconfig.cmake
[0.539s] -- Up-to-date: /home/avmi-lab-user/ThreatField2025/workspace/ros2_ws/install/interface/share/interface/cmake/export_interface__rosidl_generator_pyExport.cmake
[0.539s] -- Up-to-date: /home/avmi-lab-user/ThreatField2025/workspace/ros2_ws/install/interface/share/interface/cmake/export_interface__rosidl_generator_pyExport-noconfig.cmake
[0.541s] Invoked command in '/home/avmi-lab-user/ThreatField2025/workspace/ros2_ws/build/interface' returned '0': CMAKE_PREFIX_PATH=/opt/ros/humble /usr/bin/cmake --install /home/avmi-lab-user/ThreatField2025/workspace/ros2_ws/build/interface
