[0.013s] Invoking command in '/home/avmi-lab-user/ThreatField2025/workspace/ros2_ws/build/interface': CMAKE_PREFIX_PATH=${CMAKE_PREFIX_PATH}:/home/avmi-lab-user/ThreatField2025/workspace/ros2_ws/install/py_sensor:/opt/ros/humble /usr/bin/cmake --build /home/avmi-lab-user/ThreatField2025/workspace/ros2_ws/build/interface -- -j8 -l8
[0.071s] [  3%] Built target interface__cpp
[0.074s] [ 12%] Built target interface__rosidl_generator_c
[0.078s] [ 12%] Built target ament_cmake_python_symlink_interface
[0.099s] [ 22%] Built target interface__rosidl_typesupport_introspection_cpp
[0.099s] [ 32%] Built target interface__rosidl_typesupport_fastrtps_c
[0.100s] [ 41%] Built target interface__rosidl_typesupport_fastrtps_cpp
[0.100s] [ 61%] Built target interface__rosidl_typesupport_cpp
[0.101s] [ 61%] Built target interface__rosidl_typesupport_c
[0.103s] [ 70%] Built target interface__rosidl_typesupport_introspection_c
[0.123s] [ 70%] Built target interface
[0.141s] [ 74%] Built target interface__py
[0.161s] [ 80%] Built target interface__rosidl_generator_py
[0.184s] [ 90%] Built target interface__rosidl_typesupport_c__pyext
[0.184s] [ 93%] Built target interface__rosidl_typesupport_fastrtps_c__pyext
[0.184s] [100%] Built target interface__rosidl_typesupport_introspection_c__pyext
[0.403s] running egg_info
[0.418s] writing interface.egg-info/PKG-INFO
[0.419s] writing dependency_links to interface.egg-info/dependency_links.txt
[0.419s] writing top-level names to interface.egg-info/top_level.txt
[0.484s] reading manifest file 'interface.egg-info/SOURCES.txt'
[0.485s] writing manifest file 'interface.egg-info/SOURCES.txt'
[0.558s] [100%] Built target ament_cmake_python_build_interface_egg
[0.589s] Invoked command in '/home/avmi-lab-user/ThreatField2025/workspace/ros2_ws/build/interface' returned '0': CMAKE_PREFIX_PATH=${CMAKE_PREFIX_PATH}:/home/avmi-lab-user/ThreatField2025/workspace/ros2_ws/install/py_sensor:/opt/ros/humble /usr/bin/cmake --build /home/avmi-lab-user/ThreatField2025/workspace/ros2_ws/build/interface -- -j8 -l8
[0.601s] Invoking command in '/home/avmi-lab-user/ThreatField2025/workspace/ros2_ws/build/interface': CMAKE_PREFIX_PATH=${CMAKE_PREFIX_PATH}:/home/avmi-lab-user/ThreatField2025/workspace/ros2_ws/install/py_sensor:/opt/ros/humble /usr/bin/cmake --install /home/avmi-lab-user/ThreatField2025/workspace/ros2_ws/build/interface
[0.608s] -- Install configuration: ""
[0.608s] -- Execute custom install script
[0.608s] -- Up-to-date symlink: /home/avmi-lab-user/ThreatField2025/workspace/ros2_ws/install/interface/share/ament_index/resource_index/rosidl_interfaces/interface
[0.609s] -- Up-to-date symlink: /home/avmi-lab-user/ThreatField2025/workspace/ros2_ws/install/interface/include/interface/interface/msg/detail/sensor__functions.h
[0.609s] -- Up-to-date symlink: /home/avmi-lab-user/ThreatField2025/workspace/ros2_ws/install/interface/include/interface/interface/msg/detail/sensor__struct.h
[0.609s] -- Up-to-date symlink: /home/avmi-lab-user/ThreatField2025/workspace/ros2_ws/install/interface/include/interface/interface/msg/detail/sensor__type_support.h
[0.609s] -- Up-to-date symlink: /home/avmi-lab-user/ThreatField2025/workspace/ros2_ws/install/interface/include/interface/interface/msg/rosidl_generator_c__visibility_control.h
[0.609s] -- Up-to-date symlink: /home/avmi-lab-user/ThreatField2025/workspace/ros2_ws/install/interface/include/interface/interface/msg/sensor.h
[0.609s] -- Up-to-date symlink: /home/avmi-lab-user/ThreatField2025/workspace/ros2_ws/install/interface/share/interface/environment/library_path.sh
[0.609s] -- Up-to-date symlink: /home/avmi-lab-user/ThreatField2025/workspace/ros2_ws/install/interface/share/interface/environment/library_path.dsv
[0.609s] -- Up-to-date symlink: /home/avmi-lab-user/ThreatField2025/workspace/ros2_ws/install/interface/include/interface/interface/msg/detail/sensor__rosidl_typesupport_fastrtps_c.h
[0.609s] -- Up-to-date symlink: /home/avmi-lab-user/ThreatField2025/workspace/ros2_ws/install/interface/include/interface/interface/msg/rosidl_typesupport_fastrtps_c__visibility_control.h
[0.610s] -- Up-to-date symlink: /home/avmi-lab-user/ThreatField2025/workspace/ros2_ws/install/interface/include/interface/interface/msg/detail/sensor__builder.hpp
[0.610s] -- Up-to-date symlink: /home/avmi-lab-user/ThreatField2025/workspace/ros2_ws/install/interface/include/interface/interface/msg/detail/sensor__struct.hpp
[0.610s] -- Up-to-date symlink: /home/avmi-lab-user/ThreatField2025/workspace/ros2_ws/install/interface/include/interface/interface/msg/detail/sensor__traits.hpp
[0.610s] -- Up-to-date symlink: /home/avmi-lab-user/ThreatField2025/workspace/ros2_ws/install/interface/include/interface/interface/msg/detail/sensor__type_support.hpp
[0.610s] -- Up-to-date symlink: /home/avmi-lab-user/ThreatField2025/workspace/ros2_ws/install/interface/include/interface/interface/msg/rosidl_generator_cpp__visibility_control.hpp
[0.610s] -- Up-to-date symlink: /home/avmi-lab-user/ThreatField2025/workspace/ros2_ws/install/interface/include/interface/interface/msg/sensor.hpp
[0.611s] -- Up-to-date symlink: /home/avmi-lab-user/ThreatField2025/workspace/ros2_ws/install/interface/include/interface/interface/msg/detail/sensor__rosidl_typesupport_fastrtps_cpp.hpp
[0.611s] -- Up-to-date symlink: /home/avmi-lab-user/ThreatField2025/workspace/ros2_ws/install/interface/include/interface/interface/msg/rosidl_typesupport_fastrtps_cpp__visibility_control.h
[0.612s] -- Up-to-date symlink: /home/avmi-lab-user/ThreatField2025/workspace/ros2_ws/install/interface/include/interface/interface/msg/detail/sensor__rosidl_typesupport_introspection_c.h
[0.612s] -- Up-to-date symlink: /home/avmi-lab-user/ThreatField2025/workspace/ros2_ws/install/interface/include/interface/interface/msg/rosidl_typesupport_introspection_c__visibility_control.h
[0.612s] -- Up-to-date symlink: /home/avmi-lab-user/ThreatField2025/workspace/ros2_ws/install/interface/include/interface/interface/msg/detail/sensor__rosidl_typesupport_introspection_cpp.hpp
[0.612s] -- Up-to-date symlink: /home/avmi-lab-user/ThreatField2025/workspace/ros2_ws/install/interface/share/interface/environment/pythonpath.sh
[0.612s] -- Up-to-date symlink: /home/avmi-lab-user/ThreatField2025/workspace/ros2_ws/install/interface/share/interface/environment/pythonpath.dsv
[0.612s] -- Up-to-date symlink: /home/avmi-lab-user/ThreatField2025/workspace/ros2_ws/install/interface/local/lib/python3.10/dist-packages/interface-0.0.0-py3.10.egg-info/PKG-INFO
[0.612s] -- Up-to-date symlink: /home/avmi-lab-user/ThreatField2025/workspace/ros2_ws/install/interface/local/lib/python3.10/dist-packages/interface-0.0.0-py3.10.egg-info/SOURCES.txt
[0.612s] -- Up-to-date symlink: /home/avmi-lab-user/ThreatField2025/workspace/ros2_ws/install/interface/local/lib/python3.10/dist-packages/interface-0.0.0-py3.10.egg-info/dependency_links.txt
[0.612s] -- Up-to-date symlink: /home/avmi-lab-user/ThreatField2025/workspace/ros2_ws/install/interface/local/lib/python3.10/dist-packages/interface-0.0.0-py3.10.egg-info/top_level.txt
[0.613s] -- Up-to-date symlink: /home/avmi-lab-user/ThreatField2025/workspace/ros2_ws/install/interface/local/lib/python3.10/dist-packages/interface/__init__.py
[0.613s] -- Up-to-date symlink: /home/avmi-lab-user/ThreatField2025/workspace/ros2_ws/install/interface/local/lib/python3.10/dist-packages/interface/_interface_s.ep.rosidl_typesupport_c.c
[0.613s] -- Up-to-date symlink: /home/avmi-lab-user/ThreatField2025/workspace/ros2_ws/install/interface/local/lib/python3.10/dist-packages/interface/_interface_s.ep.rosidl_typesupport_fastrtps_c.c
[0.613s] -- Up-to-date symlink: /home/avmi-lab-user/ThreatField2025/workspace/ros2_ws/install/interface/local/lib/python3.10/dist-packages/interface/_interface_s.ep.rosidl_typesupport_introspection_c.c
[0.613s] -- Up-to-date symlink: /home/avmi-lab-user/ThreatField2025/workspace/ros2_ws/install/interface/local/lib/python3.10/dist-packages/interface/interface_s__rosidl_typesupport_c.cpython-310-x86_64-linux-gnu.so
[0.613s] -- Up-to-date symlink: /home/avmi-lab-user/ThreatField2025/workspace/ros2_ws/install/interface/local/lib/python3.10/dist-packages/interface/interface_s__rosidl_typesupport_fastrtps_c.cpython-310-x86_64-linux-gnu.so
[0.613s] -- Up-to-date symlink: /home/avmi-lab-user/ThreatField2025/workspace/ros2_ws/install/interface/local/lib/python3.10/dist-packages/interface/interface_s__rosidl_typesupport_introspection_c.cpython-310-x86_64-linux-gnu.so
[0.614s] -- Up-to-date symlink: /home/avmi-lab-user/ThreatField2025/workspace/ros2_ws/install/interface/local/lib/python3.10/dist-packages/interface/libinterface__rosidl_generator_py.so
[0.614s] -- Up-to-date symlink: /home/avmi-lab-user/ThreatField2025/workspace/ros2_ws/install/interface/local/lib/python3.10/dist-packages/interface/msg/__init__.py
[0.614s] -- Up-to-date symlink: /home/avmi-lab-user/ThreatField2025/workspace/ros2_ws/install/interface/local/lib/python3.10/dist-packages/interface/msg/_sensor.py
[0.614s] -- Up-to-date symlink: /home/avmi-lab-user/ThreatField2025/workspace/ros2_ws/install/interface/local/lib/python3.10/dist-packages/interface/msg/_sensor_s.c
[0.614s] -- Up-to-date symlink: /home/avmi-lab-user/ThreatField2025/workspace/ros2_ws/install/interface/local/lib/python3.10/dist-packages/interface/interface_s__rosidl_typesupport_fastrtps_c.cpython-310-x86_64-linux-gnu.so
[0.614s] -- Up-to-date symlink: /home/avmi-lab-user/ThreatField2025/workspace/ros2_ws/install/interface/local/lib/python3.10/dist-packages/interface/interface_s__rosidl_typesupport_introspection_c.cpython-310-x86_64-linux-gnu.so
[0.614s] -- Up-to-date symlink: /home/avmi-lab-user/ThreatField2025/workspace/ros2_ws/install/interface/local/lib/python3.10/dist-packages/interface/interface_s__rosidl_typesupport_c.cpython-310-x86_64-linux-gnu.so
[0.614s] -- Up-to-date symlink: /home/avmi-lab-user/ThreatField2025/workspace/ros2_ws/install/interface/share/interface/msg/Sensor.idl
[0.615s] -- Up-to-date symlink: /home/avmi-lab-user/ThreatField2025/workspace/ros2_ws/install/interface/share/interface/msg/Sensor.msg
[0.615s] -- Up-to-date symlink: /home/avmi-lab-user/ThreatField2025/workspace/ros2_ws/install/interface/share/ament_index/resource_index/package_run_dependencies/interface
[0.615s] -- Up-to-date symlink: /home/avmi-lab-user/ThreatField2025/workspace/ros2_ws/install/interface/share/ament_index/resource_index/parent_prefix_path/interface
[0.615s] -- Up-to-date symlink: /home/avmi-lab-user/ThreatField2025/workspace/ros2_ws/install/interface/share/interface/environment/ament_prefix_path.sh
[0.616s] -- Up-to-date symlink: /home/avmi-lab-user/ThreatField2025/workspace/ros2_ws/install/interface/share/interface/environment/ament_prefix_path.dsv
[0.616s] -- Up-to-date symlink: /home/avmi-lab-user/ThreatField2025/workspace/ros2_ws/install/interface/share/interface/environment/path.sh
[0.616s] -- Up-to-date symlink: /home/avmi-lab-user/ThreatField2025/workspace/ros2_ws/install/interface/share/interface/environment/path.dsv
[0.616s] -- Up-to-date symlink: /home/avmi-lab-user/ThreatField2025/workspace/ros2_ws/install/interface/share/interface/local_setup.bash
[0.616s] -- Up-to-date symlink: /home/avmi-lab-user/ThreatField2025/workspace/ros2_ws/install/interface/share/interface/local_setup.sh
[0.617s] -- Up-to-date symlink: /home/avmi-lab-user/ThreatField2025/workspace/ros2_ws/install/interface/share/interface/local_setup.zsh
[0.617s] -- Up-to-date symlink: /home/avmi-lab-user/ThreatField2025/workspace/ros2_ws/install/interface/share/interface/local_setup.dsv
[0.617s] -- Symlinking: /home/avmi-lab-user/ThreatField2025/workspace/ros2_ws/install/interface/share/interface/package.dsv
[0.626s] -- Up-to-date symlink: /home/avmi-lab-user/ThreatField2025/workspace/ros2_ws/install/interface/share/ament_index/resource_index/packages/interface
[0.626s] -- Up-to-date symlink: /home/avmi-lab-user/ThreatField2025/workspace/ros2_ws/install/interface/share/interface/cmake/rosidl_cmake-extras.cmake
[0.626s] -- Up-to-date symlink: /home/avmi-lab-user/ThreatField2025/workspace/ros2_ws/install/interface/share/interface/cmake/ament_cmake_export_include_directories-extras.cmake
[0.626s] -- Up-to-date symlink: /home/avmi-lab-user/ThreatField2025/workspace/ros2_ws/install/interface/share/interface/cmake/ament_cmake_export_libraries-extras.cmake
[0.626s] -- Up-to-date symlink: /home/avmi-lab-user/ThreatField2025/workspace/ros2_ws/install/interface/share/interface/cmake/ament_cmake_export_targets-extras.cmake
[0.627s] -- Up-to-date symlink: /home/avmi-lab-user/ThreatField2025/workspace/ros2_ws/install/interface/share/interface/cmake/rosidl_cmake_export_typesupport_targets-extras.cmake
[0.627s] -- Up-to-date symlink: /home/avmi-lab-user/ThreatField2025/workspace/ros2_ws/install/interface/share/interface/cmake/ament_cmake_export_dependencies-extras.cmake
[0.627s] -- Up-to-date symlink: /home/avmi-lab-user/ThreatField2025/workspace/ros2_ws/install/interface/share/interface/cmake/rosidl_cmake_export_typesupport_libraries-extras.cmake
[0.627s] -- Up-to-date symlink: /home/avmi-lab-user/ThreatField2025/workspace/ros2_ws/install/interface/share/interface/cmake/interfaceConfig.cmake
[0.627s] -- Up-to-date symlink: /home/avmi-lab-user/ThreatField2025/workspace/ros2_ws/install/interface/share/interface/cmake/interfaceConfig-version.cmake
[0.627s] -- Up-to-date symlink: /home/avmi-lab-user/ThreatField2025/workspace/ros2_ws/install/interface/share/interface/package.xml
[0.627s] -- Up-to-date: /home/avmi-lab-user/ThreatField2025/workspace/ros2_ws/install/interface/lib/libinterface__rosidl_generator_c.so
[0.628s] -- Up-to-date: /home/avmi-lab-user/ThreatField2025/workspace/ros2_ws/install/interface/lib/libinterface__rosidl_typesupport_fastrtps_c.so
[0.628s] -- Up-to-date: /home/avmi-lab-user/ThreatField2025/workspace/ros2_ws/install/interface/lib/libinterface__rosidl_typesupport_fastrtps_cpp.so
[0.628s] -- Up-to-date: /home/avmi-lab-user/ThreatField2025/workspace/ros2_ws/install/interface/lib/libinterface__rosidl_typesupport_introspection_c.so
[0.629s] -- Up-to-date: /home/avmi-lab-user/ThreatField2025/workspace/ros2_ws/install/interface/lib/libinterface__rosidl_typesupport_c.so
[0.629s] -- Up-to-date: /home/avmi-lab-user/ThreatField2025/workspace/ros2_ws/install/interface/lib/libinterface__rosidl_typesupport_introspection_cpp.so
[0.630s] -- Up-to-date: /home/avmi-lab-user/ThreatField2025/workspace/ros2_ws/install/interface/lib/libinterface__rosidl_typesupport_cpp.so
[0.663s] Listing '/home/avmi-lab-user/ThreatField2025/workspace/ros2_ws/install/interface/local/lib/python3.10/dist-packages/interface'...
[0.663s] Listing '/home/avmi-lab-user/ThreatField2025/workspace/ros2_ws/install/interface/local/lib/python3.10/dist-packages/interface/msg'...
[0.668s] -- Up-to-date: /home/avmi-lab-user/ThreatField2025/workspace/ros2_ws/install/interface/lib/libinterface__rosidl_generator_py.so
[0.668s] -- Up-to-date: /home/avmi-lab-user/ThreatField2025/workspace/ros2_ws/install/interface/share/interface/cmake/export_interface__rosidl_generator_cExport.cmake
[0.668s] -- Up-to-date: /home/avmi-lab-user/ThreatField2025/workspace/ros2_ws/install/interface/share/interface/cmake/export_interface__rosidl_generator_cExport-noconfig.cmake
[0.669s] -- Up-to-date: /home/avmi-lab-user/ThreatField2025/workspace/ros2_ws/install/interface/share/interface/cmake/export_interface__rosidl_typesupport_fastrtps_cExport.cmake
[0.669s] -- Up-to-date: /home/avmi-lab-user/ThreatField2025/workspace/ros2_ws/install/interface/share/interface/cmake/export_interface__rosidl_typesupport_fastrtps_cExport-noconfig.cmake
[0.669s] -- Up-to-date: /home/avmi-lab-user/ThreatField2025/workspace/ros2_ws/install/interface/share/interface/cmake/export_interface__rosidl_generator_cppExport.cmake
[0.669s] -- Up-to-date: /home/avmi-lab-user/ThreatField2025/workspace/ros2_ws/install/interface/share/interface/cmake/export_interface__rosidl_typesupport_fastrtps_cppExport.cmake
[0.669s] -- Up-to-date: /home/avmi-lab-user/ThreatField2025/workspace/ros2_ws/install/interface/share/interface/cmake/export_interface__rosidl_typesupport_fastrtps_cppExport-noconfig.cmake
[0.669s] -- Up-to-date: /home/avmi-lab-user/ThreatField2025/workspace/ros2_ws/install/interface/share/interface/cmake/interface__rosidl_typesupport_introspection_cExport.cmake
[0.669s] -- Up-to-date: /home/avmi-lab-user/ThreatField2025/workspace/ros2_ws/install/interface/share/interface/cmake/interface__rosidl_typesupport_introspection_cExport-noconfig.cmake
[0.669s] -- Up-to-date: /home/avmi-lab-user/ThreatField2025/workspace/ros2_ws/install/interface/share/interface/cmake/interface__rosidl_typesupport_cExport.cmake
[0.669s] -- Up-to-date: /home/avmi-lab-user/ThreatField2025/workspace/ros2_ws/install/interface/share/interface/cmake/interface__rosidl_typesupport_cExport-noconfig.cmake
[0.669s] -- Up-to-date: /home/avmi-lab-user/ThreatField2025/workspace/ros2_ws/install/interface/share/interface/cmake/interface__rosidl_typesupport_introspection_cppExport.cmake
[0.669s] -- Up-to-date: /home/avmi-lab-user/ThreatField2025/workspace/ros2_ws/install/interface/share/interface/cmake/interface__rosidl_typesupport_introspection_cppExport-noconfig.cmake
[0.670s] -- Up-to-date: /home/avmi-lab-user/ThreatField2025/workspace/ros2_ws/install/interface/share/interface/cmake/interface__rosidl_typesupport_cppExport.cmake
[0.670s] -- Up-to-date: /home/avmi-lab-user/ThreatField2025/workspace/ros2_ws/install/interface/share/interface/cmake/interface__rosidl_typesupport_cppExport-noconfig.cmake
[0.670s] -- Up-to-date: /home/avmi-lab-user/ThreatField2025/workspace/ros2_ws/install/interface/share/interface/cmake/export_interface__rosidl_generator_pyExport.cmake
[0.670s] -- Up-to-date: /home/avmi-lab-user/ThreatField2025/workspace/ros2_ws/install/interface/share/interface/cmake/export_interface__rosidl_generator_pyExport-noconfig.cmake
[0.671s] Invoked command in '/home/avmi-lab-user/ThreatField2025/workspace/ros2_ws/build/interface' returned '0': CMAKE_PREFIX_PATH=${CMAKE_PREFIX_PATH}:/home/avmi-lab-user/ThreatField2025/workspace/ros2_ws/install/py_sensor:/opt/ros/humble /usr/bin/cmake --install /home/avmi-lab-user/ThreatField2025/workspace/ros2_ws/build/interface
