[0.060s] Invoking command in '/home/eldavo07/ThreatField2025/workspace/ros2_ws/build/example_mode_rtl_replacement_cpp': AMENT_PREFIX_PATH=/home/eldavo07/ThreatField2025/workspace/ros2_ws/install/px4_ros2_cpp:/home/eldavo07/ThreatField2025/workspace/ros2_ws/install/px4_msgs:${AMENT_PREFIX_PATH} CMAKE_PREFIX_PATH=/home/eldavo07/ThreatField2025/workspace/ros2_ws/install/px4_ros2_cpp:/home/eldavo07/ThreatField2025/workspace/ros2_ws/install/px4_msgs:/home/eldavo07/ThreatField2025/workspace/ros2_ws/install/sensor_pubsub:/home/eldavo07/ThreatField2025/workspace/ros2_ws/install/px4_ros_com:/home/eldavo07/ThreatField2025/workspace/ros2_ws/install/example_mode_with_executor_cpp:/home/eldavo07/ThreatField2025/workspace/ros2_ws/install/example_mode_vtol_cpp:/home/eldavo07/ThreatField2025/workspace/ros2_ws/install/example_mode_rtl_replacement_cpp:/home/eldavo07/ThreatField2025/workspace/ros2_ws/install/example_mode_manual_cpp:/home/eldavo07/ThreatField2025/workspace/ros2_ws/install/example_mode_goto_global_cpp:/home/eldavo07/ThreatField2025/workspace/ros2_ws/install/example_mode_goto_cpp:/home/eldavo07/ThreatField2025/workspace/ros2_ws/install/example_mode_fw_attitude_cpp:/home/eldavo07/ThreatField2025/workspace/ros2_ws/install/example_local_navigation_cpp:/home/eldavo07/ThreatField2025/workspace/ros2_ws/install/example_global_navigation_cpp:/home/eldavo07/ThreatField2025/workspace/ros2_ws/install/example_executor_with_multiple_modes_cpp:/home/eldavo07/ThreatField2025/workspace/ros2_ws/install/draw_flight_mode:/home/eldavo07/ThreatField2025/workspace/ros2_ws/install/interface:/home/eldavo07/ThreatField2025/workspace/ros2_ws/install/py_sensor:/opt/ros/humble LD_LIBRARY_PATH=/home/eldavo07/ThreatField2025/workspace/ros2_ws/install/px4_ros2_cpp/lib:/home/eldavo07/ThreatField2025/workspace/ros2_ws/install/px4_msgs/lib:/home/eldavo07/ThreatField2025/workspace/ros2_ws/install/px4_ros_com/lib:/home/eldavo07/ThreatField2025/workspace/ros2_ws/install/interface/lib:/opt/ros/humble/opt/rviz_ogre_vendor/lib:/opt/ros/humble/lib/x86_64-linux-gnu:/opt/ros/humble/lib PYTHONPATH=/home/eldavo07/ThreatField2025/workspace/ros2_ws/install/px4_msgs/local/lib/python3.10/dist-packages:${PYTHONPATH} /usr/bin/cmake /home/eldavo07/ThreatField2025/workspace/ros2_ws/src/px4-ros2-interface-lib/examples/cpp/modes/rtl_replacement -DCMAKE_INSTALL_PREFIX=/home/eldavo07/ThreatField2025/workspace/ros2_ws/install/example_mode_rtl_replacement_cpp
[4.010s] -- The C compiler identification is GNU 11.4.0
[4.010s] -- The CXX compiler identification is GNU 11.4.0
[4.011s] -- Detecting C compiler ABI info
[4.011s] -- Detecting C compiler ABI info - done
[4.012s] -- Check for working C compiler: /usr/bin/cc - skipped
[4.012s] -- Detecting C compile features
[4.012s] -- Detecting C compile features - done
[4.012s] -- Detecting CXX compiler ABI info
[4.015s] -- Detecting CXX compiler ABI info - done
[4.015s] -- Check for working CXX compiler: /usr/bin/c++ - skipped
[4.016s] -- Detecting CXX compile features
[4.016s] -- Detecting CXX compile features - done
[4.016s] -- Found eigen3_cmake_module: 0.1.1 (/opt/ros/humble/share/eigen3_cmake_module/cmake)
[4.017s] -- Found Eigen3: TRUE (found version "3.4.0") 
[4.017s] -- Found ament_cmake: 1.3.12 (/opt/ros/humble/share/ament_cmake/cmake)
[4.017s] -- Found Python3: /usr/bin/python3 (found version "3.10.12") found components: Interpreter 
[4.018s] -- Found rclcpp: 16.0.14 (/opt/ros/humble/share/rclcpp/cmake)
[4.018s] -- Found rosidl_generator_c: 3.1.7 (/opt/ros/humble/share/rosidl_generator_c/cmake)
[4.018s] -- Found rosidl_adapter: 3.1.7 (/opt/ros/humble/share/rosidl_adapter/cmake)
[4.018s] -- Found rosidl_generator_cpp: 3.1.7 (/opt/ros/humble/share/rosidl_generator_cpp/cmake)
[4.019s] -- Using all available rosidl_typesupport_c: rosidl_typesupport_fastrtps_c;rosidl_typesupport_introspection_c
[4.020s] -- Using all available rosidl_typesupport_cpp: rosidl_typesupport_fastrtps_cpp;rosidl_typesupport_introspection_cpp
[4.020s] -- Found rmw_implementation_cmake: 6.1.2 (/opt/ros/humble/share/rmw_implementation_cmake/cmake)
[4.020s] -- Found rmw_fastrtps_cpp: 6.2.8 (/opt/ros/humble/share/rmw_fastrtps_cpp/cmake)
[4.021s] -- Found OpenSSL: /usr/lib/x86_64-linux-gnu/libcrypto.so (found version "3.0.2")  
[4.021s] -- Found FastRTPS: /opt/ros/humble/include  
[4.021s] -- Using RMW implementation 'rmw_fastrtps_cpp' as default
[4.021s] -- Looking for pthread.h
[4.022s] -- Looking for pthread.h - found
[4.022s] -- Performing Test CMAKE_HAVE_LIBC_PTHREAD
[4.022s] -- Performing Test CMAKE_HAVE_LIBC_PTHREAD - Success
[4.023s] -- Found Threads: TRUE  
[4.023s] -- Found px4_ros2_cpp: 0.0.1 (/home/eldavo07/ThreatField2025/workspace/ros2_ws/install/px4_ros2_cpp/share/px4_ros2_cpp/cmake)
[4.023s] -- Found ament_lint_auto: 0.12.14 (/opt/ros/humble/share/ament_lint_auto/cmake)
[4.163s] -- Added test 'copyright' to check source files copyright and LICENSE
[4.166s] -- Added test 'cppcheck' to perform static code analysis on C / C++ code
[4.170s] -- Configured cppcheck include dirs: /home/eldavo07/ThreatField2025/workspace/ros2_ws/src/px4-ros2-interface-lib/examples/cpp/modes/rtl_replacement/include
[4.170s] -- Configured cppcheck exclude dirs and/or files: 
[4.172s] -- Added test 'cpplint' to check C / C++ code against the Google style
[4.172s] -- Configured cpplint exclude dirs and/or files: 
[4.175s] -- Added test 'lint_cmake' to check CMake code style
[4.183s] -- Added test 'uncrustify' to check C / C++ code style
[4.183s] -- Configured uncrustify additional arguments: 
[4.184s] -- Added test 'xmllint' to check XML markup files
[4.189s] -- Configuring done
[4.223s] -- Generating done
[4.236s] -- Build files have been written to: /home/eldavo07/ThreatField2025/workspace/ros2_ws/build/example_mode_rtl_replacement_cpp
[4.266s] Invoked command in '/home/eldavo07/ThreatField2025/workspace/ros2_ws/build/example_mode_rtl_replacement_cpp' returned '0': AMENT_PREFIX_PATH=/home/eldavo07/ThreatField2025/workspace/ros2_ws/install/px4_ros2_cpp:/home/eldavo07/ThreatField2025/workspace/ros2_ws/install/px4_msgs:${AMENT_PREFIX_PATH} CMAKE_PREFIX_PATH=/home/eldavo07/ThreatField2025/workspace/ros2_ws/install/px4_ros2_cpp:/home/eldavo07/ThreatField2025/workspace/ros2_ws/install/px4_msgs:/home/eldavo07/ThreatField2025/workspace/ros2_ws/install/sensor_pubsub:/home/eldavo07/ThreatField2025/workspace/ros2_ws/install/px4_ros_com:/home/eldavo07/ThreatField2025/workspace/ros2_ws/install/example_mode_with_executor_cpp:/home/eldavo07/ThreatField2025/workspace/ros2_ws/install/example_mode_vtol_cpp:/home/eldavo07/ThreatField2025/workspace/ros2_ws/install/example_mode_rtl_replacement_cpp:/home/eldavo07/ThreatField2025/workspace/ros2_ws/install/example_mode_manual_cpp:/home/eldavo07/ThreatField2025/workspace/ros2_ws/install/example_mode_goto_global_cpp:/home/eldavo07/ThreatField2025/workspace/ros2_ws/install/example_mode_goto_cpp:/home/eldavo07/ThreatField2025/workspace/ros2_ws/install/example_mode_fw_attitude_cpp:/home/eldavo07/ThreatField2025/workspace/ros2_ws/install/example_local_navigation_cpp:/home/eldavo07/ThreatField2025/workspace/ros2_ws/install/example_global_navigation_cpp:/home/eldavo07/ThreatField2025/workspace/ros2_ws/install/example_executor_with_multiple_modes_cpp:/home/eldavo07/ThreatField2025/workspace/ros2_ws/install/draw_flight_mode:/home/eldavo07/ThreatField2025/workspace/ros2_ws/install/interface:/home/eldavo07/ThreatField2025/workspace/ros2_ws/install/py_sensor:/opt/ros/humble LD_LIBRARY_PATH=/home/eldavo07/ThreatField2025/workspace/ros2_ws/install/px4_ros2_cpp/lib:/home/eldavo07/ThreatField2025/workspace/ros2_ws/install/px4_msgs/lib:/home/eldavo07/ThreatField2025/workspace/ros2_ws/install/px4_ros_com/lib:/home/eldavo07/ThreatField2025/workspace/ros2_ws/install/interface/lib:/opt/ros/humble/opt/rviz_ogre_vendor/lib:/opt/ros/humble/lib/x86_64-linux-gnu:/opt/ros/humble/lib PYTHONPATH=/home/eldavo07/ThreatField2025/workspace/ros2_ws/install/px4_msgs/local/lib/python3.10/dist-packages:${PYTHONPATH} /usr/bin/cmake /home/eldavo07/ThreatField2025/workspace/ros2_ws/src/px4-ros2-interface-lib/examples/cpp/modes/rtl_replacement -DCMAKE_INSTALL_PREFIX=/home/eldavo07/ThreatField2025/workspace/ros2_ws/install/example_mode_rtl_replacement_cpp
[4.270s] Invoking command in '/home/eldavo07/ThreatField2025/workspace/ros2_ws/build/example_mode_rtl_replacement_cpp': AMENT_PREFIX_PATH=/home/eldavo07/ThreatField2025/workspace/ros2_ws/install/px4_ros2_cpp:/home/eldavo07/ThreatField2025/workspace/ros2_ws/install/px4_msgs:${AMENT_PREFIX_PATH} CMAKE_PREFIX_PATH=/home/eldavo07/ThreatField2025/workspace/ros2_ws/install/px4_ros2_cpp:/home/eldavo07/ThreatField2025/workspace/ros2_ws/install/px4_msgs:/home/eldavo07/ThreatField2025/workspace/ros2_ws/install/sensor_pubsub:/home/eldavo07/ThreatField2025/workspace/ros2_ws/install/px4_ros_com:/home/eldavo07/ThreatField2025/workspace/ros2_ws/install/example_mode_with_executor_cpp:/home/eldavo07/ThreatField2025/workspace/ros2_ws/install/example_mode_vtol_cpp:/home/eldavo07/ThreatField2025/workspace/ros2_ws/install/example_mode_rtl_replacement_cpp:/home/eldavo07/ThreatField2025/workspace/ros2_ws/install/example_mode_manual_cpp:/home/eldavo07/ThreatField2025/workspace/ros2_ws/install/example_mode_goto_global_cpp:/home/eldavo07/ThreatField2025/workspace/ros2_ws/install/example_mode_goto_cpp:/home/eldavo07/ThreatField2025/workspace/ros2_ws/install/example_mode_fw_attitude_cpp:/home/eldavo07/ThreatField2025/workspace/ros2_ws/install/example_local_navigation_cpp:/home/eldavo07/ThreatField2025/workspace/ros2_ws/install/example_global_navigation_cpp:/home/eldavo07/ThreatField2025/workspace/ros2_ws/install/example_executor_with_multiple_modes_cpp:/home/eldavo07/ThreatField2025/workspace/ros2_ws/install/draw_flight_mode:/home/eldavo07/ThreatField2025/workspace/ros2_ws/install/interface:/home/eldavo07/ThreatField2025/workspace/ros2_ws/install/py_sensor:/opt/ros/humble LD_LIBRARY_PATH=/home/eldavo07/ThreatField2025/workspace/ros2_ws/install/px4_ros2_cpp/lib:/home/eldavo07/ThreatField2025/workspace/ros2_ws/install/px4_msgs/lib:/home/eldavo07/ThreatField2025/workspace/ros2_ws/install/px4_ros_com/lib:/home/eldavo07/ThreatField2025/workspace/ros2_ws/install/interface/lib:/opt/ros/humble/opt/rviz_ogre_vendor/lib:/opt/ros/humble/lib/x86_64-linux-gnu:/opt/ros/humble/lib PYTHONPATH=/home/eldavo07/ThreatField2025/workspace/ros2_ws/install/px4_msgs/local/lib/python3.10/dist-packages:${PYTHONPATH} /usr/bin/cmake --build /home/eldavo07/ThreatField2025/workspace/ros2_ws/build/example_mode_rtl_replacement_cpp -- -j12 -l12
[4.406s] [ 50%] [32mBuilding CXX object CMakeFiles/example_mode_rtl.dir/src/main.cpp.o[0m
[25.676s] [100%] [32m[1mLinking CXX executable example_mode_rtl[0m
[26.672s] [100%] Built target example_mode_rtl
[26.684s] Invoked command in '/home/eldavo07/ThreatField2025/workspace/ros2_ws/build/example_mode_rtl_replacement_cpp' returned '0': AMENT_PREFIX_PATH=/home/eldavo07/ThreatField2025/workspace/ros2_ws/install/px4_ros2_cpp:/home/eldavo07/ThreatField2025/workspace/ros2_ws/install/px4_msgs:${AMENT_PREFIX_PATH} CMAKE_PREFIX_PATH=/home/eldavo07/ThreatField2025/workspace/ros2_ws/install/px4_ros2_cpp:/home/eldavo07/ThreatField2025/workspace/ros2_ws/install/px4_msgs:/home/eldavo07/ThreatField2025/workspace/ros2_ws/install/sensor_pubsub:/home/eldavo07/ThreatField2025/workspace/ros2_ws/install/px4_ros_com:/home/eldavo07/ThreatField2025/workspace/ros2_ws/install/example_mode_with_executor_cpp:/home/eldavo07/ThreatField2025/workspace/ros2_ws/install/example_mode_vtol_cpp:/home/eldavo07/ThreatField2025/workspace/ros2_ws/install/example_mode_rtl_replacement_cpp:/home/eldavo07/ThreatField2025/workspace/ros2_ws/install/example_mode_manual_cpp:/home/eldavo07/ThreatField2025/workspace/ros2_ws/install/example_mode_goto_global_cpp:/home/eldavo07/ThreatField2025/workspace/ros2_ws/install/example_mode_goto_cpp:/home/eldavo07/ThreatField2025/workspace/ros2_ws/install/example_mode_fw_attitude_cpp:/home/eldavo07/ThreatField2025/workspace/ros2_ws/install/example_local_navigation_cpp:/home/eldavo07/ThreatField2025/workspace/ros2_ws/install/example_global_navigation_cpp:/home/eldavo07/ThreatField2025/workspace/ros2_ws/install/example_executor_with_multiple_modes_cpp:/home/eldavo07/ThreatField2025/workspace/ros2_ws/install/draw_flight_mode:/home/eldavo07/ThreatField2025/workspace/ros2_ws/install/interface:/home/eldavo07/ThreatField2025/workspace/ros2_ws/install/py_sensor:/opt/ros/humble LD_LIBRARY_PATH=/home/eldavo07/ThreatField2025/workspace/ros2_ws/install/px4_ros2_cpp/lib:/home/eldavo07/ThreatField2025/workspace/ros2_ws/install/px4_msgs/lib:/home/eldavo07/ThreatField2025/workspace/ros2_ws/install/px4_ros_com/lib:/home/eldavo07/ThreatField2025/workspace/ros2_ws/install/interface/lib:/opt/ros/humble/opt/rviz_ogre_vendor/lib:/opt/ros/humble/lib/x86_64-linux-gnu:/opt/ros/humble/lib PYTHONPATH=/home/eldavo07/ThreatField2025/workspace/ros2_ws/install/px4_msgs/local/lib/python3.10/dist-packages:${PYTHONPATH} /usr/bin/cmake --build /home/eldavo07/ThreatField2025/workspace/ros2_ws/build/example_mode_rtl_replacement_cpp -- -j12 -l12
[26.685s] Invoking command in '/home/eldavo07/ThreatField2025/workspace/ros2_ws/build/example_mode_rtl_replacement_cpp': AMENT_PREFIX_PATH=/home/eldavo07/ThreatField2025/workspace/ros2_ws/install/px4_ros2_cpp:/home/eldavo07/ThreatField2025/workspace/ros2_ws/install/px4_msgs:${AMENT_PREFIX_PATH} CMAKE_PREFIX_PATH=/home/eldavo07/ThreatField2025/workspace/ros2_ws/install/px4_ros2_cpp:/home/eldavo07/ThreatField2025/workspace/ros2_ws/install/px4_msgs:/home/eldavo07/ThreatField2025/workspace/ros2_ws/install/sensor_pubsub:/home/eldavo07/ThreatField2025/workspace/ros2_ws/install/px4_ros_com:/home/eldavo07/ThreatField2025/workspace/ros2_ws/install/example_mode_with_executor_cpp:/home/eldavo07/ThreatField2025/workspace/ros2_ws/install/example_mode_vtol_cpp:/home/eldavo07/ThreatField2025/workspace/ros2_ws/install/example_mode_rtl_replacement_cpp:/home/eldavo07/ThreatField2025/workspace/ros2_ws/install/example_mode_manual_cpp:/home/eldavo07/ThreatField2025/workspace/ros2_ws/install/example_mode_goto_global_cpp:/home/eldavo07/ThreatField2025/workspace/ros2_ws/install/example_mode_goto_cpp:/home/eldavo07/ThreatField2025/workspace/ros2_ws/install/example_mode_fw_attitude_cpp:/home/eldavo07/ThreatField2025/workspace/ros2_ws/install/example_local_navigation_cpp:/home/eldavo07/ThreatField2025/workspace/ros2_ws/install/example_global_navigation_cpp:/home/eldavo07/ThreatField2025/workspace/ros2_ws/install/example_executor_with_multiple_modes_cpp:/home/eldavo07/ThreatField2025/workspace/ros2_ws/install/draw_flight_mode:/home/eldavo07/ThreatField2025/workspace/ros2_ws/install/interface:/home/eldavo07/ThreatField2025/workspace/ros2_ws/install/py_sensor:/opt/ros/humble LD_LIBRARY_PATH=/home/eldavo07/ThreatField2025/workspace/ros2_ws/install/px4_ros2_cpp/lib:/home/eldavo07/ThreatField2025/workspace/ros2_ws/install/px4_msgs/lib:/home/eldavo07/ThreatField2025/workspace/ros2_ws/install/px4_ros_com/lib:/home/eldavo07/ThreatField2025/workspace/ros2_ws/install/interface/lib:/opt/ros/humble/opt/rviz_ogre_vendor/lib:/opt/ros/humble/lib/x86_64-linux-gnu:/opt/ros/humble/lib PYTHONPATH=/home/eldavo07/ThreatField2025/workspace/ros2_ws/install/px4_msgs/local/lib/python3.10/dist-packages:${PYTHONPATH} /usr/bin/cmake --install /home/eldavo07/ThreatField2025/workspace/ros2_ws/build/example_mode_rtl_replacement_cpp
[26.692s] -- Install configuration: ""
[26.692s] -- Installing: /home/eldavo07/ThreatField2025/workspace/ros2_ws/install/example_mode_rtl_replacement_cpp/lib/example_mode_rtl_replacement_cpp/example_mode_rtl
[26.696s] -- Set runtime path of "/home/eldavo07/ThreatField2025/workspace/ros2_ws/install/example_mode_rtl_replacement_cpp/lib/example_mode_rtl_replacement_cpp/example_mode_rtl" to ""
[26.696s] -- Installing: /home/eldavo07/ThreatField2025/workspace/ros2_ws/install/example_mode_rtl_replacement_cpp/share/ament_index/resource_index/package_run_dependencies/example_mode_rtl_replacement_cpp
[26.696s] -- Installing: /home/eldavo07/ThreatField2025/workspace/ros2_ws/install/example_mode_rtl_replacement_cpp/share/ament_index/resource_index/parent_prefix_path/example_mode_rtl_replacement_cpp
[26.696s] -- Installing: /home/eldavo07/ThreatField2025/workspace/ros2_ws/install/example_mode_rtl_replacement_cpp/share/example_mode_rtl_replacement_cpp/environment/ament_prefix_path.sh
[26.696s] -- Installing: /home/eldavo07/ThreatField2025/workspace/ros2_ws/install/example_mode_rtl_replacement_cpp/share/example_mode_rtl_replacement_cpp/environment/ament_prefix_path.dsv
[26.697s] -- Installing: /home/eldavo07/ThreatField2025/workspace/ros2_ws/install/example_mode_rtl_replacement_cpp/share/example_mode_rtl_replacement_cpp/environment/path.sh
[26.697s] -- Installing: /home/eldavo07/ThreatField2025/workspace/ros2_ws/install/example_mode_rtl_replacement_cpp/share/example_mode_rtl_replacement_cpp/environment/path.dsv
[26.697s] -- Installing: /home/eldavo07/ThreatField2025/workspace/ros2_ws/install/example_mode_rtl_replacement_cpp/share/example_mode_rtl_replacement_cpp/local_setup.bash
[26.697s] -- Installing: /home/eldavo07/ThreatField2025/workspace/ros2_ws/install/example_mode_rtl_replacement_cpp/share/example_mode_rtl_replacement_cpp/local_setup.sh
[26.697s] -- Installing: /home/eldavo07/ThreatField2025/workspace/ros2_ws/install/example_mode_rtl_replacement_cpp/share/example_mode_rtl_replacement_cpp/local_setup.zsh
[26.697s] -- Installing: /home/eldavo07/ThreatField2025/workspace/ros2_ws/install/example_mode_rtl_replacement_cpp/share/example_mode_rtl_replacement_cpp/local_setup.dsv
[26.697s] -- Installing: /home/eldavo07/ThreatField2025/workspace/ros2_ws/install/example_mode_rtl_replacement_cpp/share/example_mode_rtl_replacement_cpp/package.dsv
[26.698s] -- Installing: /home/eldavo07/ThreatField2025/workspace/ros2_ws/install/example_mode_rtl_replacement_cpp/share/ament_index/resource_index/packages/example_mode_rtl_replacement_cpp
[26.698s] -- Installing: /home/eldavo07/ThreatField2025/workspace/ros2_ws/install/example_mode_rtl_replacement_cpp/share/example_mode_rtl_replacement_cpp/cmake/example_mode_rtl_replacement_cppConfig.cmake
[26.698s] -- Installing: /home/eldavo07/ThreatField2025/workspace/ros2_ws/install/example_mode_rtl_replacement_cpp/share/example_mode_rtl_replacement_cpp/cmake/example_mode_rtl_replacement_cppConfig-version.cmake
[26.698s] -- Installing: /home/eldavo07/ThreatField2025/workspace/ros2_ws/install/example_mode_rtl_replacement_cpp/share/example_mode_rtl_replacement_cpp/package.xml
[26.700s] Invoked command in '/home/eldavo07/ThreatField2025/workspace/ros2_ws/build/example_mode_rtl_replacement_cpp' returned '0': AMENT_PREFIX_PATH=/home/eldavo07/ThreatField2025/workspace/ros2_ws/install/px4_ros2_cpp:/home/eldavo07/ThreatField2025/workspace/ros2_ws/install/px4_msgs:${AMENT_PREFIX_PATH} CMAKE_PREFIX_PATH=/home/eldavo07/ThreatField2025/workspace/ros2_ws/install/px4_ros2_cpp:/home/eldavo07/ThreatField2025/workspace/ros2_ws/install/px4_msgs:/home/eldavo07/ThreatField2025/workspace/ros2_ws/install/sensor_pubsub:/home/eldavo07/ThreatField2025/workspace/ros2_ws/install/px4_ros_com:/home/eldavo07/ThreatField2025/workspace/ros2_ws/install/example_mode_with_executor_cpp:/home/eldavo07/ThreatField2025/workspace/ros2_ws/install/example_mode_vtol_cpp:/home/eldavo07/ThreatField2025/workspace/ros2_ws/install/example_mode_rtl_replacement_cpp:/home/eldavo07/ThreatField2025/workspace/ros2_ws/install/example_mode_manual_cpp:/home/eldavo07/ThreatField2025/workspace/ros2_ws/install/example_mode_goto_global_cpp:/home/eldavo07/ThreatField2025/workspace/ros2_ws/install/example_mode_goto_cpp:/home/eldavo07/ThreatField2025/workspace/ros2_ws/install/example_mode_fw_attitude_cpp:/home/eldavo07/ThreatField2025/workspace/ros2_ws/install/example_local_navigation_cpp:/home/eldavo07/ThreatField2025/workspace/ros2_ws/install/example_global_navigation_cpp:/home/eldavo07/ThreatField2025/workspace/ros2_ws/install/example_executor_with_multiple_modes_cpp:/home/eldavo07/ThreatField2025/workspace/ros2_ws/install/draw_flight_mode:/home/eldavo07/ThreatField2025/workspace/ros2_ws/install/interface:/home/eldavo07/ThreatField2025/workspace/ros2_ws/install/py_sensor:/opt/ros/humble LD_LIBRARY_PATH=/home/eldavo07/ThreatField2025/workspace/ros2_ws/install/px4_ros2_cpp/lib:/home/eldavo07/ThreatField2025/workspace/ros2_ws/install/px4_msgs/lib:/home/eldavo07/ThreatField2025/workspace/ros2_ws/install/px4_ros_com/lib:/home/eldavo07/ThreatField2025/workspace/ros2_ws/install/interface/lib:/opt/ros/humble/opt/rviz_ogre_vendor/lib:/opt/ros/humble/lib/x86_64-linux-gnu:/opt/ros/humble/lib PYTHONPATH=/home/eldavo07/ThreatField2025/workspace/ros2_ws/install/px4_msgs/local/lib/python3.10/dist-packages:${PYTHONPATH} /usr/bin/cmake --install /home/eldavo07/ThreatField2025/workspace/ros2_ws/build/example_mode_rtl_replacement_cpp
