[0.031s] Invoking command in '/home/avmi-lab-user/ThreatField2025/workspace/ros2_ws/build/example_local_navigation_cpp': AMENT_PREFIX_PATH=/home/avmi-lab-user/ThreatField2025/workspace/ros2_ws/install/px4_ros2_cpp:/home/avmi-lab-user/ThreatField2025/workspace/ros2_ws/install/px4_msgs:${AMENT_PREFIX_PATH} CMAKE_PREFIX_PATH=/home/avmi-lab-user/ThreatField2025/workspace/ros2_ws/install/px4_ros2_cpp:/home/avmi-lab-user/ThreatField2025/workspace/ros2_ws/install/px4_msgs:/opt/ros/humble LD_LIBRARY_PATH=/home/avmi-lab-user/ThreatField2025/workspace/ros2_ws/install/px4_ros2_cpp/lib:/home/avmi-lab-user/ThreatField2025/workspace/ros2_ws/install/px4_msgs/lib:${LD_LIBRARY_PATH} PYTHONPATH=/home/avmi-lab-user/ThreatField2025/workspace/ros2_ws/install/px4_msgs/local/lib/python3.10/dist-packages:${PYTHONPATH} /usr/bin/cmake /home/avmi-lab-user/ThreatField2025/workspace/ros2_ws/src/px4-ros2-interface-lib/examples/cpp/navigation/local_navigation -DCMAKE_INSTALL_PREFIX=/home/avmi-lab-user/ThreatField2025/workspace/ros2_ws/install/example_local_navigation_cpp
[0.125s] -- The C compiler identification is GNU 11.4.0
[0.252s] -- The CXX compiler identification is GNU 11.4.0
[0.272s] -- Detecting C compiler ABI info
[0.411s] -- Detecting C compiler ABI info - done
[0.426s] -- Check for working C compiler: /usr/bin/cc - skipped
[0.427s] -- Detecting C compile features
[0.428s] -- Detecting C compile features - done
[0.436s] -- Detecting CXX compiler ABI info
[0.658s] -- Detecting CXX compiler ABI info - done
[0.673s] -- Check for working CXX compiler: /usr/bin/c++ - skipped
[0.674s] -- Detecting CXX compile features
[0.675s] -- Detecting CXX compile features - done
[0.679s] -- Found eigen3_cmake_module: 0.1.1 (/opt/ros/humble/share/eigen3_cmake_module/cmake)
[0.688s] -- Found Eigen3: TRUE (found version "3.4.0") 
[0.697s] -- Found ament_cmake: 1.3.11 (/opt/ros/humble/share/ament_cmake/cmake)
[1.553s] -- Found Python3: /usr/bin/python3 (found version "3.10.12") found components: Interpreter 
[1.698s] -- Found rclcpp: 16.0.12 (/opt/ros/humble/share/rclcpp/cmake)
[1.788s] -- Found rosidl_generator_c: 3.1.6 (/opt/ros/humble/share/rosidl_generator_c/cmake)
[1.795s] -- Found rosidl_adapter: 3.1.6 (/opt/ros/humble/share/rosidl_adapter/cmake)
[1.806s] -- Found rosidl_generator_cpp: 3.1.6 (/opt/ros/humble/share/rosidl_generator_cpp/cmake)
[1.824s] -- Using all available rosidl_typesupport_c: rosidl_typesupport_fastrtps_c;rosidl_typesupport_introspection_c
[1.846s] -- Using all available rosidl_typesupport_cpp: rosidl_typesupport_fastrtps_cpp;rosidl_typesupport_introspection_cpp
[1.913s] -- Found rmw_implementation_cmake: 6.1.2 (/opt/ros/humble/share/rmw_implementation_cmake/cmake)
[1.914s] -- Found rmw_fastrtps_cpp: 6.2.7 (/opt/ros/humble/share/rmw_fastrtps_cpp/cmake)
[2.081s] -- Found OpenSSL: /usr/lib/x86_64-linux-gnu/libcrypto.so (found version "3.0.2")  
[2.137s] -- Found FastRTPS: /opt/ros/humble/include  
[2.207s] -- Using RMW implementation 'rmw_fastrtps_cpp' as default
[2.217s] -- Looking for pthread.h
[2.368s] -- Looking for pthread.h - found
[2.369s] -- Performing Test CMAKE_HAVE_LIBC_PTHREAD
[2.519s] -- Performing Test CMAKE_HAVE_LIBC_PTHREAD - Success
[2.522s] -- Found Threads: TRUE  
[2.620s] -- Found px4_ros2_cpp: 0.0.1 (/home/avmi-lab-user/ThreatField2025/workspace/ros2_ws/install/px4_ros2_cpp/share/px4_ros2_cpp/cmake)
[2.643s] -- Found ament_lint_auto: 0.12.12 (/opt/ros/humble/share/ament_lint_auto/cmake)
[2.782s] -- Added test 'copyright' to check source files copyright and LICENSE
[2.783s] -- Added test 'cppcheck' to perform static code analysis on C / C++ code
[2.783s] -- Configured cppcheck include dirs: /home/avmi-lab-user/ThreatField2025/workspace/ros2_ws/src/px4-ros2-interface-lib/examples/cpp/navigation/local_navigation/include
[2.783s] -- Configured cppcheck exclude dirs and/or files: 
[2.784s] -- Added test 'cpplint' to check C / C++ code against the Google style
[2.784s] -- Configured cpplint exclude dirs and/or files: 
[2.785s] -- Added test 'lint_cmake' to check CMake code style
[2.788s] -- Added test 'uncrustify' to check C / C++ code style
[2.788s] -- Configured uncrustify additional arguments: 
[2.788s] -- Added test 'xmllint' to check XML markup files
[2.794s] -- Configuring done
[2.814s] -- Generating done
[2.821s] -- Build files have been written to: /home/avmi-lab-user/ThreatField2025/workspace/ros2_ws/build/example_local_navigation_cpp
[2.853s] Invoked command in '/home/avmi-lab-user/ThreatField2025/workspace/ros2_ws/build/example_local_navigation_cpp' returned '0': AMENT_PREFIX_PATH=/home/avmi-lab-user/ThreatField2025/workspace/ros2_ws/install/px4_ros2_cpp:/home/avmi-lab-user/ThreatField2025/workspace/ros2_ws/install/px4_msgs:${AMENT_PREFIX_PATH} CMAKE_PREFIX_PATH=/home/avmi-lab-user/ThreatField2025/workspace/ros2_ws/install/px4_ros2_cpp:/home/avmi-lab-user/ThreatField2025/workspace/ros2_ws/install/px4_msgs:/opt/ros/humble LD_LIBRARY_PATH=/home/avmi-lab-user/ThreatField2025/workspace/ros2_ws/install/px4_ros2_cpp/lib:/home/avmi-lab-user/ThreatField2025/workspace/ros2_ws/install/px4_msgs/lib:${LD_LIBRARY_PATH} PYTHONPATH=/home/avmi-lab-user/ThreatField2025/workspace/ros2_ws/install/px4_msgs/local/lib/python3.10/dist-packages:${PYTHONPATH} /usr/bin/cmake /home/avmi-lab-user/ThreatField2025/workspace/ros2_ws/src/px4-ros2-interface-lib/examples/cpp/navigation/local_navigation -DCMAKE_INSTALL_PREFIX=/home/avmi-lab-user/ThreatField2025/workspace/ros2_ws/install/example_local_navigation_cpp
[2.853s] Invoking command in '/home/avmi-lab-user/ThreatField2025/workspace/ros2_ws/build/example_local_navigation_cpp': AMENT_PREFIX_PATH=/home/avmi-lab-user/ThreatField2025/workspace/ros2_ws/install/px4_ros2_cpp:/home/avmi-lab-user/ThreatField2025/workspace/ros2_ws/install/px4_msgs:${AMENT_PREFIX_PATH} CMAKE_PREFIX_PATH=/home/avmi-lab-user/ThreatField2025/workspace/ros2_ws/install/px4_ros2_cpp:/home/avmi-lab-user/ThreatField2025/workspace/ros2_ws/install/px4_msgs:/opt/ros/humble LD_LIBRARY_PATH=/home/avmi-lab-user/ThreatField2025/workspace/ros2_ws/install/px4_ros2_cpp/lib:/home/avmi-lab-user/ThreatField2025/workspace/ros2_ws/install/px4_msgs/lib:${LD_LIBRARY_PATH} PYTHONPATH=/home/avmi-lab-user/ThreatField2025/workspace/ros2_ws/install/px4_msgs/local/lib/python3.10/dist-packages:${PYTHONPATH} /usr/bin/cmake --build /home/avmi-lab-user/ThreatField2025/workspace/ros2_ws/build/example_local_navigation_cpp -- -j8 -l8
[2.991s] [ 50%] [32mBuilding CXX object CMakeFiles/example_local_navigation.dir/src/main.cpp.o[0m
[10.585s] [100%] [32m[1mLinking CXX executable example_local_navigation[0m
[12.808s] [100%] Built target example_local_navigation
[12.833s] Invoked command in '/home/avmi-lab-user/ThreatField2025/workspace/ros2_ws/build/example_local_navigation_cpp' returned '0': AMENT_PREFIX_PATH=/home/avmi-lab-user/ThreatField2025/workspace/ros2_ws/install/px4_ros2_cpp:/home/avmi-lab-user/ThreatField2025/workspace/ros2_ws/install/px4_msgs:${AMENT_PREFIX_PATH} CMAKE_PREFIX_PATH=/home/avmi-lab-user/ThreatField2025/workspace/ros2_ws/install/px4_ros2_cpp:/home/avmi-lab-user/ThreatField2025/workspace/ros2_ws/install/px4_msgs:/opt/ros/humble LD_LIBRARY_PATH=/home/avmi-lab-user/ThreatField2025/workspace/ros2_ws/install/px4_ros2_cpp/lib:/home/avmi-lab-user/ThreatField2025/workspace/ros2_ws/install/px4_msgs/lib:${LD_LIBRARY_PATH} PYTHONPATH=/home/avmi-lab-user/ThreatField2025/workspace/ros2_ws/install/px4_msgs/local/lib/python3.10/dist-packages:${PYTHONPATH} /usr/bin/cmake --build /home/avmi-lab-user/ThreatField2025/workspace/ros2_ws/build/example_local_navigation_cpp -- -j8 -l8
[12.839s] Invoking command in '/home/avmi-lab-user/ThreatField2025/workspace/ros2_ws/build/example_local_navigation_cpp': AMENT_PREFIX_PATH=/home/avmi-lab-user/ThreatField2025/workspace/ros2_ws/install/px4_ros2_cpp:/home/avmi-lab-user/ThreatField2025/workspace/ros2_ws/install/px4_msgs:${AMENT_PREFIX_PATH} CMAKE_PREFIX_PATH=/home/avmi-lab-user/ThreatField2025/workspace/ros2_ws/install/px4_ros2_cpp:/home/avmi-lab-user/ThreatField2025/workspace/ros2_ws/install/px4_msgs:/opt/ros/humble LD_LIBRARY_PATH=/home/avmi-lab-user/ThreatField2025/workspace/ros2_ws/install/px4_ros2_cpp/lib:/home/avmi-lab-user/ThreatField2025/workspace/ros2_ws/install/px4_msgs/lib:${LD_LIBRARY_PATH} PYTHONPATH=/home/avmi-lab-user/ThreatField2025/workspace/ros2_ws/install/px4_msgs/local/lib/python3.10/dist-packages:${PYTHONPATH} /usr/bin/cmake --install /home/avmi-lab-user/ThreatField2025/workspace/ros2_ws/build/example_local_navigation_cpp
[14.093s] -- Install configuration: ""
[14.094s] -- Installing: /home/avmi-lab-user/ThreatField2025/workspace/ros2_ws/install/example_local_navigation_cpp/lib/example_local_navigation_cpp/example_local_navigation
[14.094s] -- Set runtime path of "/home/avmi-lab-user/ThreatField2025/workspace/ros2_ws/install/example_local_navigation_cpp/lib/example_local_navigation_cpp/example_local_navigation" to ""
[14.095s] -- Installing: /home/avmi-lab-user/ThreatField2025/workspace/ros2_ws/install/example_local_navigation_cpp/share/ament_index/resource_index/package_run_dependencies/example_local_navigation_cpp
[14.095s] -- Installing: /home/avmi-lab-user/ThreatField2025/workspace/ros2_ws/install/example_local_navigation_cpp/share/ament_index/resource_index/parent_prefix_path/example_local_navigation_cpp
[14.095s] -- Installing: /home/avmi-lab-user/ThreatField2025/workspace/ros2_ws/install/example_local_navigation_cpp/share/example_local_navigation_cpp/environment/ament_prefix_path.sh
[14.098s] -- Installing: /home/avmi-lab-user/ThreatField2025/workspace/ros2_ws/install/example_local_navigation_cpp/share/example_local_navigation_cpp/environment/ament_prefix_path.dsv
[14.099s] -- Installing: /home/avmi-lab-user/ThreatField2025/workspace/ros2_ws/install/example_local_navigation_cpp/share/example_local_navigation_cpp/environment/path.sh
[14.099s] -- Installing: /home/avmi-lab-user/ThreatField2025/workspace/ros2_ws/install/example_local_navigation_cpp/share/example_local_navigation_cpp/environment/path.dsv
[14.099s] -- Installing: /home/avmi-lab-user/ThreatField2025/workspace/ros2_ws/install/example_local_navigation_cpp/share/example_local_navigation_cpp/local_setup.bash
[14.099s] -- Installing: /home/avmi-lab-user/ThreatField2025/workspace/ros2_ws/install/example_local_navigation_cpp/share/example_local_navigation_cpp/local_setup.sh
[14.099s] -- Installing: /home/avmi-lab-user/ThreatField2025/workspace/ros2_ws/install/example_local_navigation_cpp/share/example_local_navigation_cpp/local_setup.zsh
[14.099s] -- Installing: /home/avmi-lab-user/ThreatField2025/workspace/ros2_ws/install/example_local_navigation_cpp/share/example_local_navigation_cpp/local_setup.dsv
[14.099s] -- Installing: /home/avmi-lab-user/ThreatField2025/workspace/ros2_ws/install/example_local_navigation_cpp/share/example_local_navigation_cpp/package.dsv
[14.099s] -- Installing: /home/avmi-lab-user/ThreatField2025/workspace/ros2_ws/install/example_local_navigation_cpp/share/ament_index/resource_index/packages/example_local_navigation_cpp
[14.100s] -- Installing: /home/avmi-lab-user/ThreatField2025/workspace/ros2_ws/install/example_local_navigation_cpp/share/example_local_navigation_cpp/cmake/example_local_navigation_cppConfig.cmake
[14.100s] -- Installing: /home/avmi-lab-user/ThreatField2025/workspace/ros2_ws/install/example_local_navigation_cpp/share/example_local_navigation_cpp/cmake/example_local_navigation_cppConfig-version.cmake
[14.102s] -- Installing: /home/avmi-lab-user/ThreatField2025/workspace/ros2_ws/install/example_local_navigation_cpp/share/example_local_navigation_cpp/package.xml
[14.129s] Invoked command in '/home/avmi-lab-user/ThreatField2025/workspace/ros2_ws/build/example_local_navigation_cpp' returned '0': AMENT_PREFIX_PATH=/home/avmi-lab-user/ThreatField2025/workspace/ros2_ws/install/px4_ros2_cpp:/home/avmi-lab-user/ThreatField2025/workspace/ros2_ws/install/px4_msgs:${AMENT_PREFIX_PATH} CMAKE_PREFIX_PATH=/home/avmi-lab-user/ThreatField2025/workspace/ros2_ws/install/px4_ros2_cpp:/home/avmi-lab-user/ThreatField2025/workspace/ros2_ws/install/px4_msgs:/opt/ros/humble LD_LIBRARY_PATH=/home/avmi-lab-user/ThreatField2025/workspace/ros2_ws/install/px4_ros2_cpp/lib:/home/avmi-lab-user/ThreatField2025/workspace/ros2_ws/install/px4_msgs/lib:${LD_LIBRARY_PATH} PYTHONPATH=/home/avmi-lab-user/ThreatField2025/workspace/ros2_ws/install/px4_msgs/local/lib/python3.10/dist-packages:${PYTHONPATH} /usr/bin/cmake --install /home/avmi-lab-user/ThreatField2025/workspace/ros2_ws/build/example_local_navigation_cpp
