[0.018s] Invoking command in '/home/avmi-lab-user/ThreatField2025/workspace/ros2_ws/build/px4_msgs': CMAKE_PREFIX_PATH=${CMAKE_PREFIX_PATH}:/home/avmi-lab-user/ThreatField2025/workspace/ros2_ws/install/py_sensor:/opt/ros/humble /usr/bin/cmake --build /home/avmi-lab-user/ThreatField2025/workspace/ros2_ws/build/px4_msgs -- -j8 -l8
[0.457s] [  0%] Built target ament_cmake_python_symlink_px4_msgs
[0.495s] [  0%] Built target px4_msgs__cpp
[0.542s] [ 12%] Built target px4_msgs__rosidl_generator_c
[0.656s] [ 25%] Built target px4_msgs__rosidl_typesupport_c
[0.678s] [ 37%] Built target px4_msgs__rosidl_typesupport_cpp
[0.709s] [ 50%] Built target px4_msgs__rosidl_typesupport_introspection_c
[0.714s] [ 63%] Built target px4_msgs__rosidl_typesupport_introspection_cpp
[0.740s] [ 75%] Built target px4_msgs__rosidl_typesupport_fastrtps_cpp
[0.774s] [ 88%] Built target px4_msgs__rosidl_typesupport_fastrtps_c
[0.795s] [ 88%] Built target px4_msgs
[0.829s] [ 88%] Built target px4_msgs__py
[0.883s] running egg_info
[0.900s] writing px4_msgs.egg-info/PKG-INFO
[0.901s] writing dependency_links to px4_msgs.egg-info/dependency_links.txt
[0.902s] writing top-level names to px4_msgs.egg-info/top_level.txt
[0.947s] [100%] Built target px4_msgs__rosidl_generator_py
[0.992s] [100%] Built target px4_msgs__rosidl_typesupport_fastrtps_c__pyext
[0.992s] reading manifest file 'px4_msgs.egg-info/SOURCES.txt'
[0.992s] [100%] Built target px4_msgs__rosidl_typesupport_introspection_c__pyext
[0.995s] writing manifest file 'px4_msgs.egg-info/SOURCES.txt'
[1.002s] [100%] Built target px4_msgs__rosidl_typesupport_c__pyext
[1.057s] [100%] Built target ament_cmake_python_build_px4_msgs_egg
