[0.010s] Invoking command in '/home/avmi-lab-user/ThreatField2025/workspace/ros2_ws/build/px4_msgs': CMAKE_PREFIX_PATH=/opt/ros/humble /usr/bin/cmake --build /home/avmi-lab-user/ThreatField2025/workspace/ros2_ws/build/px4_msgs -- -j8 -l8
[0.425s] [  0%] Built target ament_cmake_python_symlink_px4_msgs
[0.453s] [  0%] Built target px4_msgs__cpp
[0.493s] [ 12%] Built target px4_msgs__rosidl_generator_c
[0.564s] [ 25%] Built target px4_msgs__rosidl_typesupport_c
[0.572s] [ 38%] Built target px4_msgs__rosidl_typesupport_introspection_c
[0.576s] [ 50%] Built target px4_msgs__rosidl_typesupport_cpp
[0.594s] [ 63%] Built target px4_msgs__rosidl_typesupport_introspection_cpp
[0.611s] [ 75%] Built target px4_msgs__rosidl_typesupport_fastrtps_cpp
[0.628s] [ 88%] Built target px4_msgs__rosidl_typesupport_fastrtps_c
[0.647s] [ 88%] Built target px4_msgs
[0.674s] [ 88%] Built target px4_msgs__py
[0.767s] [100%] Built target px4_msgs__rosidl_generator_py
[0.786s] running egg_info
[0.791s] [100%] Built target px4_msgs__rosidl_typesupport_c__pyext
[0.792s] [100%] Built target px4_msgs__rosidl_typesupport_fastrtps_c__pyext
[0.792s] [100%] Built target px4_msgs__rosidl_typesupport_introspection_c__pyext
[0.800s] writing px4_msgs.egg-info/PKG-INFO
[0.800s] writing dependency_links to px4_msgs.egg-info/dependency_links.txt
[0.800s] writing top-level names to px4_msgs.egg-info/top_level.txt
[0.853s] reading manifest file 'px4_msgs.egg-info/SOURCES.txt'
[0.856s] writing manifest file 'px4_msgs.egg-info/SOURCES.txt'
[0.891s] [100%] Built target ament_cmake_python_build_px4_msgs_egg
