[0.027s] Invoking command in '/home/eldavo07/ThreatField2025/workspace/ros2_ws/build/px4_ros2_cpp': CMAKE_PREFIX_PATH=/home/eldavo07/ThreatField2025/workspace/ros2_ws/install/px4_msgs:/home/eldavo07/ThreatField2025/workspace/ros2_ws/install/px4_ros_com:/home/eldavo07/ThreatField2025/workspace/ros2_ws/install/example_mode_with_executor_cpp:/home/eldavo07/ThreatField2025/workspace/ros2_ws/install/example_mode_vtol_cpp:/home/eldavo07/ThreatField2025/workspace/ros2_ws/install/example_mode_rtl_replacement_cpp:/home/eldavo07/ThreatField2025/workspace/ros2_ws/install/example_mode_manual_cpp:/home/eldavo07/ThreatField2025/workspace/ros2_ws/install/example_mode_goto_global_cpp:/home/eldavo07/ThreatField2025/workspace/ros2_ws/install/example_mode_goto_cpp:/home/eldavo07/ThreatField2025/workspace/ros2_ws/install/example_mode_fw_attitude_cpp:/home/eldavo07/ThreatField2025/workspace/ros2_ws/install/example_local_navigation_cpp:/home/eldavo07/ThreatField2025/workspace/ros2_ws/install/example_global_navigation_cpp:/home/eldavo07/ThreatField2025/workspace/ros2_ws/install/example_executor_with_multiple_modes_cpp:/home/eldavo07/ThreatField2025/workspace/ros2_ws/install/draw_flight_mode:/home/eldavo07/ThreatField2025/workspace/ros2_ws/install/px4_ros2_cpp:/home/eldavo07/ThreatField2025/workspace/ros2_ws/install/interface:/home/eldavo07/ThreatField2025/workspace/ros2_ws/install/py_sensor:/opt/ros/humble LD_LIBRARY_PATH=/home/eldavo07/ThreatField2025/workspace/ros2_ws/install/px4_msgs/lib:/home/eldavo07/ThreatField2025/workspace/ros2_ws/install/px4_ros_com/lib:/home/eldavo07/ThreatField2025/workspace/ros2_ws/install/px4_ros2_cpp/lib:/home/eldavo07/ThreatField2025/workspace/ros2_ws/install/interface/lib:/opt/ros/humble/opt/rviz_ogre_vendor/lib:/opt/ros/humble/lib/x86_64-linux-gnu:/opt/ros/humble/lib /usr/bin/cmake --build /home/eldavo07/ThreatField2025/workspace/ros2_ws/build/px4_ros2_cpp -- -j12 -l12
[0.086s] -- Found ament_cmake: 1.3.12 (/opt/ros/humble/share/ament_cmake/cmake)
[0.324s] -- Found ament_index_cpp: 1.4.0 (/opt/ros/humble/share/ament_index_cpp/cmake)
[0.325s] -- Found rclcpp: 16.0.14 (/opt/ros/humble/share/rclcpp/cmake)
[0.381s] -- Found rosidl_generator_c: 3.1.7 (/opt/ros/humble/share/rosidl_generator_c/cmake)
[0.385s] -- Found rosidl_adapter: 3.1.7 (/opt/ros/humble/share/rosidl_adapter/cmake)
[0.395s] -- Found rosidl_generator_cpp: 3.1.7 (/opt/ros/humble/share/rosidl_generator_cpp/cmake)
[0.412s] -- Using all available rosidl_typesupport_c: rosidl_typesupport_fastrtps_c;rosidl_typesupport_introspection_c
[0.436s] -- Using all available rosidl_typesupport_cpp: rosidl_typesupport_fastrtps_cpp;rosidl_typesupport_introspection_cpp
[0.502s] -- Found rmw_implementation_cmake: 6.1.2 (/opt/ros/humble/share/rmw_implementation_cmake/cmake)
[0.506s] -- Found rmw_fastrtps_cpp: 6.2.8 (/opt/ros/humble/share/rmw_fastrtps_cpp/cmake)
[0.706s] -- Using RMW implementation 'rmw_fastrtps_cpp' as default
[0.800s] -- Found px4_msgs: 2.0.1 (/home/eldavo07/ThreatField2025/workspace/ros2_ws/install/px4_msgs/share/px4_msgs/cmake)
[0.821s] -- Found eigen3_cmake_module: 0.1.1 (/opt/ros/humble/share/eigen3_cmake_module/cmake)
[0.826s] -- Found ament_lint_auto: 0.12.14 (/opt/ros/humble/share/ament_lint_auto/cmake)
[0.827s] -- Found ament_cmake_gtest: 1.3.12 (/opt/ros/humble/share/ament_cmake_gtest/cmake)
[0.948s] -- Found gtest sources under '/opt/ros/humble/src/gtest_vendor': C++ tests using 'Google Test' will be built
[0.963s] -- Added test 'copyright' to check source files copyright and LICENSE
[0.974s] -- Added test 'cppcheck' to perform static code analysis on C / C++ code
[0.975s] -- Configured cppcheck include dirs: /home/eldavo07/ThreatField2025/workspace/ros2_ws/src/px4-ros2-interface-lib/px4_ros2_cpp/include
[0.975s] -- Configured cppcheck exclude dirs and/or files: 
[0.986s] -- Added test 'cpplint' to check C / C++ code against the Google style
[0.986s] -- Configured cpplint exclude dirs and/or files: 
[0.991s] -- Added test 'lint_cmake' to check CMake code style
[1.003s] -- Added test 'uncrustify' to check C / C++ code style
[1.003s] -- Configured uncrustify additional arguments: 
[1.005s] -- Added test 'xmllint' to check XML markup files
[1.007s] -- Configuring done
[1.059s] -- Generating done
[1.075s] -- Build files have been written to: /home/eldavo07/ThreatField2025/workspace/ros2_ws/build/px4_ros2_cpp
[1.119s] [35m[1mConsolidate compiler generated dependencies of target gtest_main[0m
[1.121s] [35m[1mConsolidate compiler generated dependencies of target unit_utils[0m
[1.126s] [35m[1mConsolidate compiler generated dependencies of target gtest[0m
[1.130s] [35m[1mConsolidate compiler generated dependencies of target integration_utils[0m
[1.144s] [  4%] Built target gtest_main
[1.156s] [  8%] Built target unit_utils
[1.162s] [ 12%] Built target gtest
[1.175s] [ 14%] [32mBuilding CXX object CMakeFiles/integration_utils.dir/test/integration/util.cpp.o[0m
[1.182s] [35m[1mConsolidate compiler generated dependencies of target px4_ros2_cpp[0m
[1.434s] [ 16%] [32mBuilding CXX object CMakeFiles/px4_ros2_cpp.dir/src/components/manual_control_input.cpp.o[0m
[1.435s] [ 18%] [32mBuilding CXX object CMakeFiles/px4_ros2_cpp.dir/src/components/health_and_arming_checks.cpp.o[0m
[1.441s] [ 20%] [32mBuilding CXX object CMakeFiles/px4_ros2_cpp.dir/src/components/message_compatibility_check.cpp.o[0m
[1.464s] [ 22%] [32mBuilding CXX object CMakeFiles/px4_ros2_cpp.dir/src/components/mode.cpp.o[0m
[1.465s] [ 26%] [32mBuilding CXX object CMakeFiles/px4_ros2_cpp.dir/src/components/mode_executor.cpp.o[0m
[1.472s] [ 24%] [32mBuilding CXX object CMakeFiles/px4_ros2_cpp.dir/src/components/overrides.cpp.o[0m
[1.501s] [ 28%] [32mBuilding CXX object CMakeFiles/px4_ros2_cpp.dir/src/components/registration.cpp.o[0m
[1.504s] [ 30%] [32mBuilding CXX object CMakeFiles/px4_ros2_cpp.dir/src/components/wait_for_fmu.cpp.o[0m
[1.518s] [ 32%] [32mBuilding CXX object CMakeFiles/px4_ros2_cpp.dir/src/control/vtol.cpp.o[0m
[1.521s] [ 34%] [32mBuilding CXX object CMakeFiles/px4_ros2_cpp.dir/src/control/peripheral_actuators.cpp.o[0m
[2.570s] [ 36%] [32mBuilding CXX object CMakeFiles/px4_ros2_cpp.dir/src/control/setpoint_types/direct_actuators.cpp.o[0m
[49.792s] [ 38%] [32m[1mLinking CXX shared library libintegration_utils.so[0m
[50.900s] [ 38%] Built target integration_utils
[60.065s] [ 40%] [32mBuilding CXX object CMakeFiles/px4_ros2_cpp.dir/src/odometry/angular_velocity.cpp.o[0m
[70.593s] [ 42%] [32mBuilding CXX object CMakeFiles/px4_ros2_cpp.dir/src/odometry/airspeed.cpp.o[0m
[80.439s] [ 44%] [32mBuilding CXX object CMakeFiles/px4_ros2_cpp.dir/src/odometry/local_position.cpp.o[0m
[80.439s] [ 46%] [32mBuilding CXX object CMakeFiles/px4_ros2_cpp.dir/src/navigation/experimental/global_position_measurement_interface.cpp.o[0m
[80.439s] [ 48%] [32mBuilding CXX object CMakeFiles/px4_ros2_cpp.dir/src/control/setpoint_types/experimental/trajectory.cpp.o[0m
[80.442s] [ 52%] [32mBuilding CXX object CMakeFiles/px4_ros2_cpp.dir/src/odometry/global_position.cpp.o[0m
[80.442s] [ 52%] [32mBuilding CXX object CMakeFiles/px4_ros2_cpp.dir/src/utils/geodesic.cpp.o[0m
[80.443s] [ 54%] [32mBuilding CXX object CMakeFiles/px4_ros2_cpp.dir/src/navigation/experimental/local_position_measurement_interface.cpp.o[0m
[80.443s] [ 56%] [32mBuilding CXX object CMakeFiles/px4_ros2_cpp.dir/src/odometry/attitude.cpp.o[0m
[80.445s] [ 58%] [32mBuilding CXX object CMakeFiles/px4_ros2_cpp.dir/src/control/setpoint_types/experimental/rates.cpp.o[0m
[93.693s] [ 60%] [32mBuilding CXX object CMakeFiles/px4_ros2_cpp.dir/src/control/setpoint_types/experimental/attitude.cpp.o[0m
[93.693s] [ 62%] [32mBuilding CXX object CMakeFiles/px4_ros2_cpp.dir/src/control/setpoint_types/fixedwing_lateral_longitudinal.cpp.o[0m
[93.700s] [ 64%] [32mBuilding CXX object CMakeFiles/px4_ros2_cpp.dir/src/control/setpoint_types/goto.cpp.o[0m
[107.575s] [ 66%] [32m[1mLinking CXX shared library libpx4_ros2_cpp.so[0m
[113.804s] [ 68%] Built target px4_ros2_cpp
[113.828s] [35m[1mConsolidate compiler generated dependencies of target integration_tests[0m
[113.828s] [35m[1mConsolidate compiler generated dependencies of target px4_ros2_cpp_unit_tests[0m
[113.893s] [ 70%] [32mBuilding CXX object CMakeFiles/integration_tests.dir/test/integration/arming_check.cpp.o[0m
[113.900s] [ 72%] [32mBuilding CXX object CMakeFiles/integration_tests.dir/test/integration/local_navigation.cpp.o[0m
[113.901s] [ 74%] [32mBuilding CXX object CMakeFiles/integration_tests.dir/test/integration/mode.cpp.o[0m
[113.901s] [ 76%] [32mBuilding CXX object CMakeFiles/integration_tests.dir/test/integration/global_navigation.cpp.o[0m
[113.905s] [ 78%] [32mBuilding CXX object CMakeFiles/px4_ros2_cpp_unit_tests.dir/test/unit/global_navigation.cpp.o[0m
[113.905s] [ 80%] [32mBuilding CXX object CMakeFiles/integration_tests.dir/test/integration/mode_executor.cpp.o[0m
[113.908s] [ 82%] [32mBuilding CXX object CMakeFiles/px4_ros2_cpp_unit_tests.dir/test/unit/local_navigation.cpp.o[0m
[113.908s] [ 84%] [32mBuilding CXX object CMakeFiles/px4_ros2_cpp_unit_tests.dir/test/unit/modes.cpp.o[0m
[113.912s] [ 86%] [32mBuilding CXX object CMakeFiles/integration_tests.dir/test/integration/overrides.cpp.o[0m
[113.913s] [ 88%] [32mBuilding CXX object CMakeFiles/px4_ros2_cpp_unit_tests.dir/test/unit/utils/geodesic.cpp.o[0m
[142.660s] [ 90%] [32m[1mLinking CXX executable px4_ros2_cpp_unit_tests[0m
[144.282s] [ 92%] [32m[1mLinking CXX executable integration_tests[0m
[144.532s] [100%] Built target px4_ros2_cpp_unit_tests
[146.106s] [100%] Built target integration_tests
[146.121s] Invoked command in '/home/eldavo07/ThreatField2025/workspace/ros2_ws/build/px4_ros2_cpp' returned '0': CMAKE_PREFIX_PATH=/home/eldavo07/ThreatField2025/workspace/ros2_ws/install/px4_msgs:/home/eldavo07/ThreatField2025/workspace/ros2_ws/install/px4_ros_com:/home/eldavo07/ThreatField2025/workspace/ros2_ws/install/example_mode_with_executor_cpp:/home/eldavo07/ThreatField2025/workspace/ros2_ws/install/example_mode_vtol_cpp:/home/eldavo07/ThreatField2025/workspace/ros2_ws/install/example_mode_rtl_replacement_cpp:/home/eldavo07/ThreatField2025/workspace/ros2_ws/install/example_mode_manual_cpp:/home/eldavo07/ThreatField2025/workspace/ros2_ws/install/example_mode_goto_global_cpp:/home/eldavo07/ThreatField2025/workspace/ros2_ws/install/example_mode_goto_cpp:/home/eldavo07/ThreatField2025/workspace/ros2_ws/install/example_mode_fw_attitude_cpp:/home/eldavo07/ThreatField2025/workspace/ros2_ws/install/example_local_navigation_cpp:/home/eldavo07/ThreatField2025/workspace/ros2_ws/install/example_global_navigation_cpp:/home/eldavo07/ThreatField2025/workspace/ros2_ws/install/example_executor_with_multiple_modes_cpp:/home/eldavo07/ThreatField2025/workspace/ros2_ws/install/draw_flight_mode:/home/eldavo07/ThreatField2025/workspace/ros2_ws/install/px4_ros2_cpp:/home/eldavo07/ThreatField2025/workspace/ros2_ws/install/interface:/home/eldavo07/ThreatField2025/workspace/ros2_ws/install/py_sensor:/opt/ros/humble LD_LIBRARY_PATH=/home/eldavo07/ThreatField2025/workspace/ros2_ws/install/px4_msgs/lib:/home/eldavo07/ThreatField2025/workspace/ros2_ws/install/px4_ros_com/lib:/home/eldavo07/ThreatField2025/workspace/ros2_ws/install/px4_ros2_cpp/lib:/home/eldavo07/ThreatField2025/workspace/ros2_ws/install/interface/lib:/opt/ros/humble/opt/rviz_ogre_vendor/lib:/opt/ros/humble/lib/x86_64-linux-gnu:/opt/ros/humble/lib /usr/bin/cmake --build /home/eldavo07/ThreatField2025/workspace/ros2_ws/build/px4_ros2_cpp -- -j12 -l12
[146.123s] Invoking command in '/home/eldavo07/ThreatField2025/workspace/ros2_ws/build/px4_ros2_cpp': CMAKE_PREFIX_PATH=/home/eldavo07/ThreatField2025/workspace/ros2_ws/install/px4_msgs:/home/eldavo07/ThreatField2025/workspace/ros2_ws/install/px4_ros_com:/home/eldavo07/ThreatField2025/workspace/ros2_ws/install/example_mode_with_executor_cpp:/home/eldavo07/ThreatField2025/workspace/ros2_ws/install/example_mode_vtol_cpp:/home/eldavo07/ThreatField2025/workspace/ros2_ws/install/example_mode_rtl_replacement_cpp:/home/eldavo07/ThreatField2025/workspace/ros2_ws/install/example_mode_manual_cpp:/home/eldavo07/ThreatField2025/workspace/ros2_ws/install/example_mode_goto_global_cpp:/home/eldavo07/ThreatField2025/workspace/ros2_ws/install/example_mode_goto_cpp:/home/eldavo07/ThreatField2025/workspace/ros2_ws/install/example_mode_fw_attitude_cpp:/home/eldavo07/ThreatField2025/workspace/ros2_ws/install/example_local_navigation_cpp:/home/eldavo07/ThreatField2025/workspace/ros2_ws/install/example_global_navigation_cpp:/home/eldavo07/ThreatField2025/workspace/ros2_ws/install/example_executor_with_multiple_modes_cpp:/home/eldavo07/ThreatField2025/workspace/ros2_ws/install/draw_flight_mode:/home/eldavo07/ThreatField2025/workspace/ros2_ws/install/px4_ros2_cpp:/home/eldavo07/ThreatField2025/workspace/ros2_ws/install/interface:/home/eldavo07/ThreatField2025/workspace/ros2_ws/install/py_sensor:/opt/ros/humble LD_LIBRARY_PATH=/home/eldavo07/ThreatField2025/workspace/ros2_ws/install/px4_msgs/lib:/home/eldavo07/ThreatField2025/workspace/ros2_ws/install/px4_ros_com/lib:/home/eldavo07/ThreatField2025/workspace/ros2_ws/install/px4_ros2_cpp/lib:/home/eldavo07/ThreatField2025/workspace/ros2_ws/install/interface/lib:/opt/ros/humble/opt/rviz_ogre_vendor/lib:/opt/ros/humble/lib/x86_64-linux-gnu:/opt/ros/humble/lib /usr/bin/cmake --install /home/eldavo07/ThreatField2025/workspace/ros2_ws/build/px4_ros2_cpp
[146.134s] -- Install configuration: ""
[146.134s] -- Installing: /home/eldavo07/ThreatField2025/workspace/ros2_ws/install/px4_ros2_cpp/share/px4_ros2_cpp/environment/library_path.sh
[146.134s] -- Installing: /home/eldavo07/ThreatField2025/workspace/ros2_ws/install/px4_ros2_cpp/share/px4_ros2_cpp/environment/library_path.dsv
[146.135s] -- Up-to-date: /home/eldavo07/ThreatField2025/workspace/ros2_ws/install/px4_ros2_cpp/include/px4_ros2
[146.135s] -- Up-to-date: /home/eldavo07/ThreatField2025/workspace/ros2_ws/install/px4_ros2_cpp/include/px4_ros2/common
[146.135s] -- Installing: /home/eldavo07/ThreatField2025/workspace/ros2_ws/install/px4_ros2_cpp/include/px4_ros2/common/frame.hpp
[146.135s] -- Installing: /home/eldavo07/ThreatField2025/workspace/ros2_ws/install/px4_ros2_cpp/include/px4_ros2/common/setpoint_base.hpp
[146.135s] -- Installing: /home/eldavo07/ThreatField2025/workspace/ros2_ws/install/px4_ros2_cpp/include/px4_ros2/common/context.hpp
[146.135s] -- Installing: /home/eldavo07/ThreatField2025/workspace/ros2_ws/install/px4_ros2_cpp/include/px4_ros2/common/requirement_flags.hpp
[146.135s] -- Up-to-date: /home/eldavo07/ThreatField2025/workspace/ros2_ws/install/px4_ros2_cpp/include/px4_ros2/utils
[146.136s] -- Installing: /home/eldavo07/ThreatField2025/workspace/ros2_ws/install/px4_ros2_cpp/include/px4_ros2/utils/geodesic.hpp
[146.136s] -- Installing: /home/eldavo07/ThreatField2025/workspace/ros2_ws/install/px4_ros2_cpp/include/px4_ros2/utils/frame_conversion.hpp
[146.137s] -- Installing: /home/eldavo07/ThreatField2025/workspace/ros2_ws/install/px4_ros2_cpp/include/px4_ros2/utils/geometry.hpp
[146.137s] -- Installing: /home/eldavo07/ThreatField2025/workspace/ros2_ws/install/px4_ros2_cpp/include/px4_ros2/utils/groups.dox
[146.137s] -- Installing: /home/eldavo07/ThreatField2025/workspace/ros2_ws/install/px4_ros2_cpp/include/px4_ros2/utils/message_version.hpp
[146.138s] -- Installing: /home/eldavo07/ThreatField2025/workspace/ros2_ws/install/px4_ros2_cpp/include/px4_ros2/utils/subscription.hpp
[146.138s] -- Up-to-date: /home/eldavo07/ThreatField2025/workspace/ros2_ws/install/px4_ros2_cpp/include/px4_ros2/odometry
[146.138s] -- Installing: /home/eldavo07/ThreatField2025/workspace/ros2_ws/install/px4_ros2_cpp/include/px4_ros2/odometry/local_position.hpp
[146.138s] -- Installing: /home/eldavo07/ThreatField2025/workspace/ros2_ws/install/px4_ros2_cpp/include/px4_ros2/odometry/global_position.hpp
[146.138s] -- Installing: /home/eldavo07/ThreatField2025/workspace/ros2_ws/install/px4_ros2_cpp/include/px4_ros2/odometry/groups.dox
[146.138s] -- Installing: /home/eldavo07/ThreatField2025/workspace/ros2_ws/install/px4_ros2_cpp/include/px4_ros2/odometry/attitude.hpp
[146.139s] -- Installing: /home/eldavo07/ThreatField2025/workspace/ros2_ws/install/px4_ros2_cpp/include/px4_ros2/odometry/angular_velocity.hpp
[146.139s] -- Installing: /home/eldavo07/ThreatField2025/workspace/ros2_ws/install/px4_ros2_cpp/include/px4_ros2/odometry/airspeed.hpp
[146.139s] -- Up-to-date: /home/eldavo07/ThreatField2025/workspace/ros2_ws/install/px4_ros2_cpp/include/px4_ros2/components
[146.139s] -- Installing: /home/eldavo07/ThreatField2025/workspace/ros2_ws/install/px4_ros2_cpp/include/px4_ros2/components/mode_executor.hpp
[146.139s] -- Installing: /home/eldavo07/ThreatField2025/workspace/ros2_ws/install/px4_ros2_cpp/include/px4_ros2/components/wait_for_fmu.hpp
[146.139s] -- Installing: /home/eldavo07/ThreatField2025/workspace/ros2_ws/install/px4_ros2_cpp/include/px4_ros2/components/node_with_mode.hpp
[146.140s] -- Installing: /home/eldavo07/ThreatField2025/workspace/ros2_ws/install/px4_ros2_cpp/include/px4_ros2/components/health_and_arming_checks.hpp
[146.140s] -- Installing: /home/eldavo07/ThreatField2025/workspace/ros2_ws/install/px4_ros2_cpp/include/px4_ros2/components/groups.dox
[146.140s] -- Installing: /home/eldavo07/ThreatField2025/workspace/ros2_ws/install/px4_ros2_cpp/include/px4_ros2/components/message_compatibility_check.hpp
[146.140s] -- Installing: /home/eldavo07/ThreatField2025/workspace/ros2_ws/install/px4_ros2_cpp/include/px4_ros2/components/overrides.hpp
[146.141s] -- Installing: /home/eldavo07/ThreatField2025/workspace/ros2_ws/install/px4_ros2_cpp/include/px4_ros2/components/events.hpp
[146.141s] -- Installing: /home/eldavo07/ThreatField2025/workspace/ros2_ws/install/px4_ros2_cpp/include/px4_ros2/components/mode.hpp
[146.141s] -- Installing: /home/eldavo07/ThreatField2025/workspace/ros2_ws/install/px4_ros2_cpp/include/px4_ros2/components/manual_control_input.hpp
[146.141s] -- Up-to-date: /home/eldavo07/ThreatField2025/workspace/ros2_ws/install/px4_ros2_cpp/include/px4_ros2/control
[146.141s] -- Installing: /home/eldavo07/ThreatField2025/workspace/ros2_ws/install/px4_ros2_cpp/include/px4_ros2/control/peripheral_actuators.hpp
[146.141s] -- Up-to-date: /home/eldavo07/ThreatField2025/workspace/ros2_ws/install/px4_ros2_cpp/include/px4_ros2/control/setpoint_types
[146.141s] -- Installing: /home/eldavo07/ThreatField2025/workspace/ros2_ws/install/px4_ros2_cpp/include/px4_ros2/control/setpoint_types/goto.hpp
[146.142s] -- Up-to-date: /home/eldavo07/ThreatField2025/workspace/ros2_ws/install/px4_ros2_cpp/include/px4_ros2/control/setpoint_types/experimental
[146.142s] -- Installing: /home/eldavo07/ThreatField2025/workspace/ros2_ws/install/px4_ros2_cpp/include/px4_ros2/control/setpoint_types/experimental/attitude.hpp
[146.142s] -- Installing: /home/eldavo07/ThreatField2025/workspace/ros2_ws/install/px4_ros2_cpp/include/px4_ros2/control/setpoint_types/experimental/trajectory.hpp
[146.142s] -- Installing: /home/eldavo07/ThreatField2025/workspace/ros2_ws/install/px4_ros2_cpp/include/px4_ros2/control/setpoint_types/experimental/rates.hpp
[146.142s] -- Installing: /home/eldavo07/ThreatField2025/workspace/ros2_ws/install/px4_ros2_cpp/include/px4_ros2/control/setpoint_types/groups.dox
[146.142s] -- Installing: /home/eldavo07/ThreatField2025/workspace/ros2_ws/install/px4_ros2_cpp/include/px4_ros2/control/setpoint_types/direct_actuators.hpp
[146.143s] -- Installing: /home/eldavo07/ThreatField2025/workspace/ros2_ws/install/px4_ros2_cpp/include/px4_ros2/control/setpoint_types/fixedwing_lateral_longitudinal.hpp
[146.143s] -- Installing: /home/eldavo07/ThreatField2025/workspace/ros2_ws/install/px4_ros2_cpp/include/px4_ros2/control/groups.dox
[146.143s] -- Installing: /home/eldavo07/ThreatField2025/workspace/ros2_ws/install/px4_ros2_cpp/include/px4_ros2/control/vtol.hpp
[146.143s] -- Up-to-date: /home/eldavo07/ThreatField2025/workspace/ros2_ws/install/px4_ros2_cpp/include/px4_ros2/navigation
[146.144s] -- Up-to-date: /home/eldavo07/ThreatField2025/workspace/ros2_ws/install/px4_ros2_cpp/include/px4_ros2/navigation/experimental
[146.144s] -- Installing: /home/eldavo07/ThreatField2025/workspace/ros2_ws/install/px4_ros2_cpp/include/px4_ros2/navigation/experimental/navigation_interface_base.hpp
[146.144s] -- Installing: /home/eldavo07/ThreatField2025/workspace/ros2_ws/install/px4_ros2_cpp/include/px4_ros2/navigation/experimental/local_position_measurement_interface.hpp
[146.144s] -- Installing: /home/eldavo07/ThreatField2025/workspace/ros2_ws/install/px4_ros2_cpp/include/px4_ros2/navigation/experimental/global_position_measurement_interface.hpp
[146.144s] -- Installing: /home/eldavo07/ThreatField2025/workspace/ros2_ws/install/px4_ros2_cpp/include/px4_ros2/navigation/groups.dox
[146.144s] -- Up-to-date: /home/eldavo07/ThreatField2025/workspace/ros2_ws/install/px4_ros2_cpp/include/px4_ros2/vehicle_state
[146.144s] -- Installing: /home/eldavo07/ThreatField2025/workspace/ros2_ws/install/px4_ros2_cpp/include/px4_ros2/vehicle_state/vtol_status.hpp
[146.145s] -- Installing: /home/eldavo07/ThreatField2025/workspace/ros2_ws/install/px4_ros2_cpp/include/px4_ros2/vehicle_state/home_position.hpp
[146.145s] -- Installing: /home/eldavo07/ThreatField2025/workspace/ros2_ws/install/px4_ros2_cpp/include/px4_ros2/vehicle_state/land_detected.hpp
[146.145s] -- Installing: /home/eldavo07/ThreatField2025/workspace/ros2_ws/install/px4_ros2_cpp/include/px4_ros2/vehicle_state/groups.dox
[146.146s] -- Installing: /home/eldavo07/ThreatField2025/workspace/ros2_ws/install/px4_ros2_cpp/include/px4_ros2/vehicle_state/battery.hpp
[146.146s] -- Installing: /home/eldavo07/ThreatField2025/workspace/ros2_ws/install/px4_ros2_cpp/include/px4_ros2/vehicle_state/vehicle_status.hpp
[146.147s] -- Installing: /home/eldavo07/ThreatField2025/workspace/ros2_ws/install/px4_ros2_cpp/lib/libpx4_ros2_cpp.so
[146.247s] -- Set runtime path of "/home/eldavo07/ThreatField2025/workspace/ros2_ws/install/px4_ros2_cpp/lib/libpx4_ros2_cpp.so" to ""
[146.247s] -- Up-to-date: /home/eldavo07/ThreatField2025/workspace/ros2_ws/install/px4_ros2_cpp/share/ament_index/resource_index/package_run_dependencies/px4_ros2_cpp
[146.247s] -- Installing: /home/eldavo07/ThreatField2025/workspace/ros2_ws/install/px4_ros2_cpp/share/ament_index/resource_index/parent_prefix_path/px4_ros2_cpp
[146.247s] -- Installing: /home/eldavo07/ThreatField2025/workspace/ros2_ws/install/px4_ros2_cpp/share/px4_ros2_cpp/environment/ament_prefix_path.sh
[146.248s] -- Installing: /home/eldavo07/ThreatField2025/workspace/ros2_ws/install/px4_ros2_cpp/share/px4_ros2_cpp/environment/ament_prefix_path.dsv
[146.248s] -- Installing: /home/eldavo07/ThreatField2025/workspace/ros2_ws/install/px4_ros2_cpp/share/px4_ros2_cpp/environment/path.sh
[146.248s] -- Installing: /home/eldavo07/ThreatField2025/workspace/ros2_ws/install/px4_ros2_cpp/share/px4_ros2_cpp/environment/path.dsv
[146.248s] -- Up-to-date: /home/eldavo07/ThreatField2025/workspace/ros2_ws/install/px4_ros2_cpp/share/px4_ros2_cpp/local_setup.bash
[146.248s] -- Up-to-date: /home/eldavo07/ThreatField2025/workspace/ros2_ws/install/px4_ros2_cpp/share/px4_ros2_cpp/local_setup.sh
[146.249s] -- Up-to-date: /home/eldavo07/ThreatField2025/workspace/ros2_ws/install/px4_ros2_cpp/share/px4_ros2_cpp/local_setup.zsh
[146.249s] -- Installing: /home/eldavo07/ThreatField2025/workspace/ros2_ws/install/px4_ros2_cpp/share/px4_ros2_cpp/local_setup.dsv
[146.249s] -- Installing: /home/eldavo07/ThreatField2025/workspace/ros2_ws/install/px4_ros2_cpp/share/px4_ros2_cpp/package.dsv
[146.249s] -- Up-to-date: /home/eldavo07/ThreatField2025/workspace/ros2_ws/install/px4_ros2_cpp/share/ament_index/resource_index/packages/px4_ros2_cpp
[146.249s] -- Installing: /home/eldavo07/ThreatField2025/workspace/ros2_ws/install/px4_ros2_cpp/share/px4_ros2_cpp/cmake/px4_ros2_cppExport.cmake
[146.249s] -- Installing: /home/eldavo07/ThreatField2025/workspace/ros2_ws/install/px4_ros2_cpp/share/px4_ros2_cpp/cmake/px4_ros2_cppExport-noconfig.cmake
[146.249s] -- Up-to-date: /home/eldavo07/ThreatField2025/workspace/ros2_ws/install/px4_ros2_cpp/share/px4_ros2_cpp/cmake/ament_cmake_export_targets-extras.cmake
[146.250s] -- Up-to-date: /home/eldavo07/ThreatField2025/workspace/ros2_ws/install/px4_ros2_cpp/share/px4_ros2_cpp/cmake/ament_cmake_export_dependencies-extras.cmake
[146.250s] -- Up-to-date: /home/eldavo07/ThreatField2025/workspace/ros2_ws/install/px4_ros2_cpp/share/px4_ros2_cpp/cmake/px4_ros2_cppConfig.cmake
[146.250s] -- Up-to-date: /home/eldavo07/ThreatField2025/workspace/ros2_ws/install/px4_ros2_cpp/share/px4_ros2_cpp/cmake/px4_ros2_cppConfig-version.cmake
[146.250s] -- Installing: /home/eldavo07/ThreatField2025/workspace/ros2_ws/install/px4_ros2_cpp/share/px4_ros2_cpp/package.xml
[146.253s] Invoked command in '/home/eldavo07/ThreatField2025/workspace/ros2_ws/build/px4_ros2_cpp' returned '0': CMAKE_PREFIX_PATH=/home/eldavo07/ThreatField2025/workspace/ros2_ws/install/px4_msgs:/home/eldavo07/ThreatField2025/workspace/ros2_ws/install/px4_ros_com:/home/eldavo07/ThreatField2025/workspace/ros2_ws/install/example_mode_with_executor_cpp:/home/eldavo07/ThreatField2025/workspace/ros2_ws/install/example_mode_vtol_cpp:/home/eldavo07/ThreatField2025/workspace/ros2_ws/install/example_mode_rtl_replacement_cpp:/home/eldavo07/ThreatField2025/workspace/ros2_ws/install/example_mode_manual_cpp:/home/eldavo07/ThreatField2025/workspace/ros2_ws/install/example_mode_goto_global_cpp:/home/eldavo07/ThreatField2025/workspace/ros2_ws/install/example_mode_goto_cpp:/home/eldavo07/ThreatField2025/workspace/ros2_ws/install/example_mode_fw_attitude_cpp:/home/eldavo07/ThreatField2025/workspace/ros2_ws/install/example_local_navigation_cpp:/home/eldavo07/ThreatField2025/workspace/ros2_ws/install/example_global_navigation_cpp:/home/eldavo07/ThreatField2025/workspace/ros2_ws/install/example_executor_with_multiple_modes_cpp:/home/eldavo07/ThreatField2025/workspace/ros2_ws/install/draw_flight_mode:/home/eldavo07/ThreatField2025/workspace/ros2_ws/install/px4_ros2_cpp:/home/eldavo07/ThreatField2025/workspace/ros2_ws/install/interface:/home/eldavo07/ThreatField2025/workspace/ros2_ws/install/py_sensor:/opt/ros/humble LD_LIBRARY_PATH=/home/eldavo07/ThreatField2025/workspace/ros2_ws/install/px4_msgs/lib:/home/eldavo07/ThreatField2025/workspace/ros2_ws/install/px4_ros_com/lib:/home/eldavo07/ThreatField2025/workspace/ros2_ws/install/px4_ros2_cpp/lib:/home/eldavo07/ThreatField2025/workspace/ros2_ws/install/interface/lib:/opt/ros/humble/opt/rviz_ogre_vendor/lib:/opt/ros/humble/lib/x86_64-linux-gnu:/opt/ros/humble/lib /usr/bin/cmake --install /home/eldavo07/ThreatField2025/workspace/ros2_ws/build/px4_ros2_cpp
