[1.307s] Invoking command in '/home/avmi-lab-user/ThreatField2025/workspace/ros2_ws/src/py_sensor': AMENT_PREFIX_PATH=/home/avmi-lab-user/ThreatField2025/workspace/ros2_ws/install/interface:${AMENT_PREFIX_PATH} CMAKE_PREFIX_PATH=/home/avmi-lab-user/ThreatField2025/workspace/ros2_ws/install/interface LD_LIBRARY_PATH=/home/avmi-lab-user/ThreatField2025/workspace/ros2_ws/install/interface/lib:${LD_LIBRARY_PATH} PYTHONPATH=/home/avmi-lab-user/ThreatField2025/workspace/ros2_ws/build/py_sensor/prefix_override:/usr/lib/python3/dist-packages/colcon_core/task/python/colcon_distutils_commands:/home/avmi-lab-user/ThreatField2025/workspace/ros2_ws/install/py_sensor/lib/python3.10/site-packages:/home/avmi-lab-user/ThreatField2025/workspace/ros2_ws/install/interface/local/lib/python3.10/dist-packages:${PYTHONPATH} /usr/bin/python3 -W ignore:setup.py install is deprecated -W ignore:easy_install command is deprecated setup.py egg_info --egg-base ../../build/py_sensor build --build-base /home/avmi-lab-user/ThreatField2025/workspace/ros2_ws/build/py_sensor/build install --record /home/avmi-lab-user/ThreatField2025/workspace/ros2_ws/build/py_sensor/install.log --single-version-externally-managed install_data
[1.878s] running egg_info
[1.895s] writing ../../build/py_sensor/py_sensor.egg-info/PKG-INFO
[1.895s] writing dependency_links to ../../build/py_sensor/py_sensor.egg-info/dependency_links.txt
[1.895s] writing entry points to ../../build/py_sensor/py_sensor.egg-info/entry_points.txt
[1.895s] writing requirements to ../../build/py_sensor/py_sensor.egg-info/requires.txt
[1.895s] writing top-level names to ../../build/py_sensor/py_sensor.egg-info/top_level.txt
[1.936s] reading manifest file '../../build/py_sensor/py_sensor.egg-info/SOURCES.txt'
[1.936s] adding license file 'LICENSE'
[1.937s] writing manifest file '../../build/py_sensor/py_sensor.egg-info/SOURCES.txt'
[1.937s] running build
[1.937s] running build_py
[1.937s] copying py_sensor/sensor_node.py -> /home/avmi-lab-user/ThreatField2025/workspace/ros2_ws/build/py_sensor/build/lib/py_sensor
[1.938s] running install
[1.945s] running install_lib
[1.962s] copying /home/avmi-lab-user/ThreatField2025/workspace/ros2_ws/build/py_sensor/build/lib/py_sensor/sensor_node.py -> /home/avmi-lab-user/ThreatField2025/workspace/ros2_ws/install/py_sensor/lib/python3.10/site-packages/py_sensor
[1.963s] byte-compiling /home/avmi-lab-user/ThreatField2025/workspace/ros2_ws/install/py_sensor/lib/python3.10/site-packages/py_sensor/sensor_node.py to sensor_node.cpython-310.pyc
[1.964s] running install_data
[1.964s] running install_egg_info
[1.980s] removing '/home/avmi-lab-user/ThreatField2025/workspace/ros2_ws/install/py_sensor/lib/python3.10/site-packages/py_sensor-0.0.0-py3.10.egg-info' (and everything under it)
[1.980s] Copying ../../build/py_sensor/py_sensor.egg-info to /home/avmi-lab-user/ThreatField2025/workspace/ros2_ws/install/py_sensor/lib/python3.10/site-packages/py_sensor-0.0.0-py3.10.egg-info
[1.981s] running install_scripts
[2.042s] Installing sense script to /home/avmi-lab-user/ThreatField2025/workspace/ros2_ws/install/py_sensor/lib/py_sensor
[2.042s] writing list of installed files to '/home/avmi-lab-user/ThreatField2025/workspace/ros2_ws/build/py_sensor/install.log'
[2.096s] Invoked command in '/home/avmi-lab-user/ThreatField2025/workspace/ros2_ws/src/py_sensor' returned '0': AMENT_PREFIX_PATH=/home/avmi-lab-user/ThreatField2025/workspace/ros2_ws/install/interface:${AMENT_PREFIX_PATH} CMAKE_PREFIX_PATH=/home/avmi-lab-user/ThreatField2025/workspace/ros2_ws/install/interface LD_LIBRARY_PATH=/home/avmi-lab-user/ThreatField2025/workspace/ros2_ws/install/interface/lib:${LD_LIBRARY_PATH} PYTHONPATH=/home/avmi-lab-user/ThreatField2025/workspace/ros2_ws/build/py_sensor/prefix_override:/usr/lib/python3/dist-packages/colcon_core/task/python/colcon_distutils_commands:/home/avmi-lab-user/ThreatField2025/workspace/ros2_ws/install/py_sensor/lib/python3.10/site-packages:/home/avmi-lab-user/ThreatField2025/workspace/ros2_ws/install/interface/local/lib/python3.10/dist-packages:${PYTHONPATH} /usr/bin/python3 -W ignore:setup.py install is deprecated -W ignore:easy_install command is deprecated setup.py egg_info --egg-base ../../build/py_sensor build --build-base /home/avmi-lab-user/ThreatField2025/workspace/ros2_ws/build/py_sensor/build install --record /home/avmi-lab-user/ThreatField2025/workspace/ros2_ws/build/py_sensor/install.log --single-version-externally-managed install_data
