[0.007s] Invoking command in '/home/avmi-lab-user/ThreatField2025/workspace/ros2_ws/build/interface': CMAKE_PREFIX_PATH=${CMAKE_PREFIX_PATH}:/home/avmi-lab-user/turtlebot4_ws/install/py_sub:/home/avmi-lab-user/turtlebot4_ws/install/path_pubsub:/home/avmi-lab-user/turtlebot4_ws/install/opencv_tests:/home/avmi-lab-user/turtlebot4_ws/install/avmi_lab_threat_field:/opt/ros/humble /usr/bin/cmake /home/avmi-lab-user/ThreatField2025/workspace/ros2_ws/src/interface -DCMAKE_INSTALL_PREFIX=/home/avmi-lab-user/ThreatField2025/workspace/ros2_ws/install/interface
[0.015s] -- Found ament_cmake: 1.3.11 (/opt/ros/humble/share/ament_cmake/cmake)
[0.102s] -- Found geometry_msgs: 4.9.0 (/opt/ros/humble/share/geometry_msgs/cmake)
[0.119s] -- Found rosidl_generator_c: 3.1.6 (/opt/ros/humble/share/rosidl_generator_c/cmake)
[0.120s] -- Found rosidl_adapter: 3.1.6 (/opt/ros/humble/share/rosidl_adapter/cmake)
[0.124s] -- Found rosidl_generator_cpp: 3.1.6 (/opt/ros/humble/share/rosidl_generator_cpp/cmake)
[0.130s] -- Using all available rosidl_typesupport_c: rosidl_typesupport_fastrtps_c;rosidl_typesupport_introspection_c
[0.137s] -- Using all available rosidl_typesupport_cpp: rosidl_typesupport_fastrtps_cpp;rosidl_typesupport_introspection_cpp
[0.160s] -- Found rosidl_default_generators: 1.2.0 (/opt/ros/humble/share/rosidl_default_generators/cmake)
[0.364s] -- Found ament_cmake_ros: 0.10.0 (/opt/ros/humble/share/ament_cmake_ros/cmake)
[0.641s] -- Using all available rosidl_typesupport_c: rosidl_typesupport_fastrtps_c;rosidl_typesupport_introspection_c
[0.752s] -- Using all available rosidl_typesupport_cpp: rosidl_typesupport_fastrtps_cpp;rosidl_typesupport_introspection_cpp
[0.768s] -- Found PythonInterp: /usr/bin/python3 (found suitable version "3.10.12", minimum required is "3.6") 
[0.770s] -- Found python_cmake_module: 0.10.0 (/opt/ros/humble/share/python_cmake_module/cmake)
[0.788s] -- Found PythonLibs: /usr/lib/x86_64-linux-gnu/libpython3.10.so (found suitable version "3.10.12", minimum required is "3.5") 
[0.788s] -- Using PYTHON_EXECUTABLE: /usr/bin/python3
[0.788s] -- Using PYTHON_INCLUDE_DIRS: /usr/include/python3.10
[0.788s] -- Using PYTHON_LIBRARIES: /usr/lib/x86_64-linux-gnu/libpython3.10.so
[0.804s] -- Found PythonExtra: .so  
[0.846s] -- Found ament_lint_auto: 0.12.12 (/opt/ros/humble/share/ament_lint_auto/cmake)
[0.851s] -- Added test 'lint_cmake' to check CMake code style
[0.852s] -- Added test 'xmllint' to check XML markup files
[0.853s] -- Configuring done
[0.874s] -- Generating done
[0.881s] -- Build files have been written to: /home/avmi-lab-user/ThreatField2025/workspace/ros2_ws/build/interface
[0.887s] Invoked command in '/home/avmi-lab-user/ThreatField2025/workspace/ros2_ws/build/interface' returned '0': CMAKE_PREFIX_PATH=${CMAKE_PREFIX_PATH}:/home/avmi-lab-user/turtlebot4_ws/install/py_sub:/home/avmi-lab-user/turtlebot4_ws/install/path_pubsub:/home/avmi-lab-user/turtlebot4_ws/install/opencv_tests:/home/avmi-lab-user/turtlebot4_ws/install/avmi_lab_threat_field:/opt/ros/humble /usr/bin/cmake /home/avmi-lab-user/ThreatField2025/workspace/ros2_ws/src/interface -DCMAKE_INSTALL_PREFIX=/home/avmi-lab-user/ThreatField2025/workspace/ros2_ws/install/interface
[0.889s] Invoking command in '/home/avmi-lab-user/ThreatField2025/workspace/ros2_ws/build/interface': CMAKE_PREFIX_PATH=${CMAKE_PREFIX_PATH}:/home/avmi-lab-user/turtlebot4_ws/install/py_sub:/home/avmi-lab-user/turtlebot4_ws/install/path_pubsub:/home/avmi-lab-user/turtlebot4_ws/install/opencv_tests:/home/avmi-lab-user/turtlebot4_ws/install/avmi_lab_threat_field:/opt/ros/humble /usr/bin/cmake --build /home/avmi-lab-user/ThreatField2025/workspace/ros2_ws/build/interface -- -j8 -l8
[0.916s] [  2%] [34m[1mGenerating C code for ROS interfaces[0m
[0.923s] [  4%] [34m[1mGenerating C++ code for ROS interfaces[0m
[0.929s] [  4%] Built target ament_cmake_python_copy_interface
[1.089s] running egg_info
[1.101s] creating interface.egg-info
[1.101s] writing interface.egg-info/PKG-INFO
[1.101s] writing dependency_links to interface.egg-info/dependency_links.txt
[1.101s] writing top-level names to interface.egg-info/top_level.txt
[1.101s] writing manifest file 'interface.egg-info/SOURCES.txt'
[1.133s] reading manifest file 'interface.egg-info/SOURCES.txt'
[1.134s] writing manifest file 'interface.egg-info/SOURCES.txt'
[1.156s] [  4%] Built target ament_cmake_python_build_interface_egg
[1.190s] [ 10%] [32mBuilding C object CMakeFiles/interface__rosidl_generator_c.dir/rosidl_generator_c/interface/srv/detail/add_three_ints__functions.c.o[0m
[1.190s] [ 10%] [32mBuilding C object CMakeFiles/interface__rosidl_generator_c.dir/rosidl_generator_c/interface/msg/detail/num__functions.c.o[0m
[1.191s] [ 10%] [32mBuilding C object CMakeFiles/interface__rosidl_generator_c.dir/rosidl_generator_c/interface/msg/detail/sphere__functions.c.o[0m
[1.191s] [ 10%] Built target interface__cpp
[1.200s] [ 17%] [34m[1mGenerating C++ type support for eProsima Fast-RTPS[0m
[1.200s] [ 17%] [34m[1mGenerating C++ type support dispatch for ROS interfaces[0m
[1.200s] [ 17%] [34m[1mGenerating C++ introspection for ROS interfaces[0m
[1.240s] [ 19%] [32m[1mLinking C shared library libinterface__rosidl_generator_c.so[0m
[1.268s] [ 19%] Built target interface__rosidl_generator_c
[1.276s] [ 21%] [34m[1mGenerating C type support for eProsima Fast-RTPS[0m
[1.277s] [ 25%] [34m[1mGenerating C introspection for ROS interfaces[0m
[1.278s] [ 25%] [34m[1mGenerating C type support dispatch for ROS interfaces[0m
[1.451s] [ 29%] [32mBuilding CXX object CMakeFiles/interface__rosidl_typesupport_introspection_cpp.dir/rosidl_typesupport_introspection_cpp/interface/msg/detail/sphere__type_support.cpp.o[0m
[1.451s] [ 29%] [32mBuilding CXX object CMakeFiles/interface__rosidl_typesupport_introspection_cpp.dir/rosidl_typesupport_introspection_cpp/interface/msg/detail/num__type_support.cpp.o[0m
[1.455s] [ 31%] [32mBuilding CXX object CMakeFiles/interface__rosidl_typesupport_introspection_cpp.dir/rosidl_typesupport_introspection_cpp/interface/srv/detail/add_three_ints__type_support.cpp.o[0m
[1.513s] [ 34%] [32mBuilding CXX object CMakeFiles/interface__rosidl_typesupport_cpp.dir/rosidl_typesupport_cpp/interface/msg/num__type_support.cpp.o[0m
[1.526s] [ 36%] [32mBuilding CXX object CMakeFiles/interface__rosidl_typesupport_fastrtps_cpp.dir/rosidl_typesupport_fastrtps_cpp/interface/msg/detail/dds_fastrtps/num__type_support.cpp.o[0m
[1.621s] [ 38%] [32mBuilding CXX object CMakeFiles/interface__rosidl_typesupport_c.dir/rosidl_typesupport_c/interface/msg/num__type_support.cpp.o[0m
[1.656s] [ 40%] [32mBuilding CXX object CMakeFiles/interface__rosidl_typesupport_c.dir/rosidl_typesupport_c/interface/msg/sphere__type_support.cpp.o[0m
[1.692s] [ 42%] [32mBuilding CXX object CMakeFiles/interface__rosidl_typesupport_c.dir/rosidl_typesupport_c/interface/srv/add_three_ints__type_support.cpp.o[0m
[1.705s] [ 44%] [32mBuilding C object CMakeFiles/interface__rosidl_typesupport_introspection_c.dir/rosidl_typesupport_introspection_c/interface/msg/detail/num__type_support.c.o[0m
[1.736s] [ 46%] [32m[1mLinking CXX shared library libinterface__rosidl_typesupport_c.so[0m
[1.750s] [ 48%] [32mBuilding C object CMakeFiles/interface__rosidl_typesupport_introspection_c.dir/rosidl_typesupport_introspection_c/interface/msg/detail/sphere__type_support.c.o[0m
[1.765s] [ 51%] [32mBuilding CXX object CMakeFiles/interface__rosidl_typesupport_fastrtps_c.dir/rosidl_typesupport_fastrtps_c/interface/msg/detail/num__type_support_c.cpp.o[0m
[1.786s] [ 53%] [32mBuilding C object CMakeFiles/interface__rosidl_typesupport_introspection_c.dir/rosidl_typesupport_introspection_c/interface/srv/detail/add_three_ints__type_support.c.o[0m
[1.797s] [ 55%] [32mBuilding CXX object CMakeFiles/interface__rosidl_typesupport_cpp.dir/rosidl_typesupport_cpp/interface/msg/sphere__type_support.cpp.o[0m
[1.823s] [ 57%] [32m[1mLinking C shared library libinterface__rosidl_typesupport_introspection_c.so[0m
[1.824s] [ 57%] Built target interface__rosidl_typesupport_c
[1.838s] [ 59%] [32mBuilding CXX object CMakeFiles/interface__rosidl_typesupport_cpp.dir/rosidl_typesupport_cpp/interface/srv/add_three_ints__type_support.cpp.o[0m
[1.853s] [ 61%] [32mBuilding CXX object CMakeFiles/interface__rosidl_typesupport_fastrtps_c.dir/rosidl_typesupport_fastrtps_c/interface/msg/detail/sphere__type_support_c.cpp.o[0m
[1.865s] [ 61%] Built target interface__rosidl_typesupport_introspection_c
[1.872s] [ 63%] [32mBuilding CXX object CMakeFiles/interface__rosidl_typesupport_fastrtps_c.dir/rosidl_typesupport_fastrtps_c/interface/srv/detail/add_three_ints__type_support_c.cpp.o[0m
[1.890s] [ 65%] [32mBuilding CXX object CMakeFiles/interface__rosidl_typesupport_fastrtps_cpp.dir/rosidl_typesupport_fastrtps_cpp/interface/msg/detail/dds_fastrtps/sphere__type_support.cpp.o[0m
[1.897s] [ 68%] [32m[1mLinking CXX shared library libinterface__rosidl_typesupport_introspection_cpp.so[0m
[1.943s] [ 70%] [32mBuilding CXX object CMakeFiles/interface__rosidl_typesupport_fastrtps_cpp.dir/rosidl_typesupport_fastrtps_cpp/interface/srv/detail/dds_fastrtps/add_three_ints__type_support.cpp.o[0m
[1.968s] [ 70%] Built target interface__rosidl_typesupport_introspection_cpp
[2.143s] [ 72%] [32m[1mLinking CXX shared library libinterface__rosidl_typesupport_cpp.so[0m
[2.174s] [ 72%] Built target interface__rosidl_typesupport_cpp
[2.224s] [ 74%] [32m[1mLinking CXX shared library libinterface__rosidl_typesupport_fastrtps_c.so[0m
[2.278s] [ 74%] Built target interface__rosidl_typesupport_fastrtps_c
[2.282s] [ 76%] [32m[1mLinking CXX shared library libinterface__rosidl_typesupport_fastrtps_cpp.so[0m
[2.332s] [ 76%] Built target interface__rosidl_typesupport_fastrtps_cpp
[2.346s] [ 76%] Built target interface
[2.361s] [ 78%] [34m[1mGenerating Python code for ROS interfaces[0m
[2.689s] [ 78%] Built target interface__py
[2.703s] [ 85%] [32mBuilding C object CMakeFiles/interface__rosidl_generator_py.dir/rosidl_generator_py/interface/msg/_num_s.c.o[0m
[2.703s] [ 85%] [32mBuilding C object CMakeFiles/interface__rosidl_generator_py.dir/rosidl_generator_py/interface/srv/_add_three_ints_s.c.o[0m
[2.704s] [ 85%] [32mBuilding C object CMakeFiles/interface__rosidl_generator_py.dir/rosidl_generator_py/interface/msg/_sphere_s.c.o[0m
[2.772s] [ 87%] [32m[1mLinking C shared library rosidl_generator_py/interface/libinterface__rosidl_generator_py.so[0m
[2.801s] [ 87%] Built target interface__rosidl_generator_py
[2.815s] [ 93%] [32mBuilding C object CMakeFiles/interface__rosidl_typesupport_fastrtps_c__pyext.dir/rosidl_generator_py/interface/_interface_s.ep.rosidl_typesupport_fastrtps_c.c.o[0m
[2.816s] [ 93%] [32mBuilding C object CMakeFiles/interface__rosidl_typesupport_c__pyext.dir/rosidl_generator_py/interface/_interface_s.ep.rosidl_typesupport_c.c.o[0m
[2.816s] [ 93%] [32mBuilding C object CMakeFiles/interface__rosidl_typesupport_introspection_c__pyext.dir/rosidl_generator_py/interface/_interface_s.ep.rosidl_typesupport_introspection_c.c.o[0m
[2.885s] [100%] [32m[1mLinking C shared library rosidl_generator_py/interface/interface_s__rosidl_typesupport_fastrtps_c.cpython-310-x86_64-linux-gnu.so[0m
[2.886s] [100%] [32m[1mLinking C shared library rosidl_generator_py/interface/interface_s__rosidl_typesupport_c.cpython-310-x86_64-linux-gnu.so[0m
[2.886s] [100%] [32m[1mLinking C shared library rosidl_generator_py/interface/interface_s__rosidl_typesupport_introspection_c.cpython-310-x86_64-linux-gnu.so[0m
[2.913s] [100%] Built target interface__rosidl_typesupport_c__pyext
[2.913s] [100%] Built target interface__rosidl_typesupport_introspection_c__pyext
[2.913s] [100%] Built target interface__rosidl_typesupport_fastrtps_c__pyext
[2.922s] Invoked command in '/home/avmi-lab-user/ThreatField2025/workspace/ros2_ws/build/interface' returned '0': CMAKE_PREFIX_PATH=${CMAKE_PREFIX_PATH}:/home/avmi-lab-user/turtlebot4_ws/install/py_sub:/home/avmi-lab-user/turtlebot4_ws/install/path_pubsub:/home/avmi-lab-user/turtlebot4_ws/install/opencv_tests:/home/avmi-lab-user/turtlebot4_ws/install/avmi_lab_threat_field:/opt/ros/humble /usr/bin/cmake --build /home/avmi-lab-user/ThreatField2025/workspace/ros2_ws/build/interface -- -j8 -l8
[2.929s] Invoking command in '/home/avmi-lab-user/ThreatField2025/workspace/ros2_ws/build/interface': CMAKE_PREFIX_PATH=${CMAKE_PREFIX_PATH}:/home/avmi-lab-user/turtlebot4_ws/install/py_sub:/home/avmi-lab-user/turtlebot4_ws/install/path_pubsub:/home/avmi-lab-user/turtlebot4_ws/install/opencv_tests:/home/avmi-lab-user/turtlebot4_ws/install/avmi_lab_threat_field:/opt/ros/humble /usr/bin/cmake --install /home/avmi-lab-user/ThreatField2025/workspace/ros2_ws/build/interface
[2.935s] -- Install configuration: ""
[2.935s] -- Installing: /home/avmi-lab-user/ThreatField2025/workspace/ros2_ws/install/interface/share/ament_index/resource_index/rosidl_interfaces/interface
[2.935s] -- Installing: /home/avmi-lab-user/ThreatField2025/workspace/ros2_ws/install/interface/include/interface/interface
[2.935s] -- Installing: /home/avmi-lab-user/ThreatField2025/workspace/ros2_ws/install/interface/include/interface/interface/srv
[2.935s] -- Installing: /home/avmi-lab-user/ThreatField2025/workspace/ros2_ws/install/interface/include/interface/interface/srv/add_three_ints.h
[2.935s] -- Installing: /home/avmi-lab-user/ThreatField2025/workspace/ros2_ws/install/interface/include/interface/interface/srv/detail
[2.935s] -- Installing: /home/avmi-lab-user/ThreatField2025/workspace/ros2_ws/install/interface/include/interface/interface/srv/detail/add_three_ints__type_support.h
[2.935s] -- Installing: /home/avmi-lab-user/ThreatField2025/workspace/ros2_ws/install/interface/include/interface/interface/srv/detail/add_three_ints__struct.h
[2.935s] -- Installing: /home/avmi-lab-user/ThreatField2025/workspace/ros2_ws/install/interface/include/interface/interface/srv/detail/add_three_ints__functions.c
[2.935s] -- Installing: /home/avmi-lab-user/ThreatField2025/workspace/ros2_ws/install/interface/include/interface/interface/srv/detail/add_three_ints__functions.h
[2.935s] -- Installing: /home/avmi-lab-user/ThreatField2025/workspace/ros2_ws/install/interface/include/interface/interface/msg
[2.935s] -- Installing: /home/avmi-lab-user/ThreatField2025/workspace/ros2_ws/install/interface/include/interface/interface/msg/sphere.h
[2.935s] -- Installing: /home/avmi-lab-user/ThreatField2025/workspace/ros2_ws/install/interface/include/interface/interface/msg/num.h
[2.936s] -- Installing: /home/avmi-lab-user/ThreatField2025/workspace/ros2_ws/install/interface/include/interface/interface/msg/rosidl_generator_c__visibility_control.h
[2.936s] -- Installing: /home/avmi-lab-user/ThreatField2025/workspace/ros2_ws/install/interface/include/interface/interface/msg/detail
[2.936s] -- Installing: /home/avmi-lab-user/ThreatField2025/workspace/ros2_ws/install/interface/include/interface/interface/msg/detail/sphere__functions.c
[2.936s] -- Installing: /home/avmi-lab-user/ThreatField2025/workspace/ros2_ws/install/interface/include/interface/interface/msg/detail/num__functions.c
[2.936s] -- Installing: /home/avmi-lab-user/ThreatField2025/workspace/ros2_ws/install/interface/include/interface/interface/msg/detail/sphere__functions.h
[2.936s] -- Installing: /home/avmi-lab-user/ThreatField2025/workspace/ros2_ws/install/interface/include/interface/interface/msg/detail/num__type_support.h
[2.936s] -- Installing: /home/avmi-lab-user/ThreatField2025/workspace/ros2_ws/install/interface/include/interface/interface/msg/detail/num__struct.h
[2.936s] -- Installing: /home/avmi-lab-user/ThreatField2025/workspace/ros2_ws/install/interface/include/interface/interface/msg/detail/sphere__struct.h
[2.936s] -- Installing: /home/avmi-lab-user/ThreatField2025/workspace/ros2_ws/install/interface/include/interface/interface/msg/detail/sphere__type_support.h
[2.936s] -- Installing: /home/avmi-lab-user/ThreatField2025/workspace/ros2_ws/install/interface/include/interface/interface/msg/detail/num__functions.h
[2.936s] -- Installing: /home/avmi-lab-user/ThreatField2025/workspace/ros2_ws/install/interface/share/interface/environment/library_path.sh
[2.936s] -- Installing: /home/avmi-lab-user/ThreatField2025/workspace/ros2_ws/install/interface/share/interface/environment/library_path.dsv
[2.936s] -- Installing: /home/avmi-lab-user/ThreatField2025/workspace/ros2_ws/install/interface/lib/libinterface__rosidl_generator_c.so
[2.936s] -- Set runtime path of "/home/avmi-lab-user/ThreatField2025/workspace/ros2_ws/install/interface/lib/libinterface__rosidl_generator_c.so" to ""
[2.937s] -- Up-to-date: /home/avmi-lab-user/ThreatField2025/workspace/ros2_ws/install/interface/include/interface/interface
[2.937s] -- Up-to-date: /home/avmi-lab-user/ThreatField2025/workspace/ros2_ws/install/interface/include/interface/interface/srv
[2.937s] -- Up-to-date: /home/avmi-lab-user/ThreatField2025/workspace/ros2_ws/install/interface/include/interface/interface/srv/detail
[2.937s] -- Installing: /home/avmi-lab-user/ThreatField2025/workspace/ros2_ws/install/interface/include/interface/interface/srv/detail/add_three_ints__rosidl_typesupport_fastrtps_c.h
[2.937s] -- Up-to-date: /home/avmi-lab-user/ThreatField2025/workspace/ros2_ws/install/interface/include/interface/interface/msg
[2.937s] -- Installing: /home/avmi-lab-user/ThreatField2025/workspace/ros2_ws/install/interface/include/interface/interface/msg/rosidl_typesupport_fastrtps_c__visibility_control.h
[2.937s] -- Up-to-date: /home/avmi-lab-user/ThreatField2025/workspace/ros2_ws/install/interface/include/interface/interface/msg/detail
[2.937s] -- Installing: /home/avmi-lab-user/ThreatField2025/workspace/ros2_ws/install/interface/include/interface/interface/msg/detail/num__rosidl_typesupport_fastrtps_c.h
[2.937s] -- Installing: /home/avmi-lab-user/ThreatField2025/workspace/ros2_ws/install/interface/include/interface/interface/msg/detail/sphere__rosidl_typesupport_fastrtps_c.h
[2.937s] -- Installing: /home/avmi-lab-user/ThreatField2025/workspace/ros2_ws/install/interface/lib/libinterface__rosidl_typesupport_fastrtps_c.so
[2.937s] -- Set runtime path of "/home/avmi-lab-user/ThreatField2025/workspace/ros2_ws/install/interface/lib/libinterface__rosidl_typesupport_fastrtps_c.so" to ""
[2.937s] -- Up-to-date: /home/avmi-lab-user/ThreatField2025/workspace/ros2_ws/install/interface/include/interface/interface
[2.937s] -- Up-to-date: /home/avmi-lab-user/ThreatField2025/workspace/ros2_ws/install/interface/include/interface/interface/srv
[2.937s] -- Installing: /home/avmi-lab-user/ThreatField2025/workspace/ros2_ws/install/interface/include/interface/interface/srv/add_three_ints.hpp
[2.938s] -- Up-to-date: /home/avmi-lab-user/ThreatField2025/workspace/ros2_ws/install/interface/include/interface/interface/srv/detail
[2.938s] -- Installing: /home/avmi-lab-user/ThreatField2025/workspace/ros2_ws/install/interface/include/interface/interface/srv/detail/add_three_ints__type_support.hpp
[2.938s] -- Installing: /home/avmi-lab-user/ThreatField2025/workspace/ros2_ws/install/interface/include/interface/interface/srv/detail/add_three_ints__traits.hpp
[2.938s] -- Installing: /home/avmi-lab-user/ThreatField2025/workspace/ros2_ws/install/interface/include/interface/interface/srv/detail/add_three_ints__struct.hpp
[2.938s] -- Installing: /home/avmi-lab-user/ThreatField2025/workspace/ros2_ws/install/interface/include/interface/interface/srv/detail/add_three_ints__builder.hpp
[2.938s] -- Up-to-date: /home/avmi-lab-user/ThreatField2025/workspace/ros2_ws/install/interface/include/interface/interface/msg
[2.938s] -- Installing: /home/avmi-lab-user/ThreatField2025/workspace/ros2_ws/install/interface/include/interface/interface/msg/rosidl_generator_cpp__visibility_control.hpp
[2.938s] -- Installing: /home/avmi-lab-user/ThreatField2025/workspace/ros2_ws/install/interface/include/interface/interface/msg/num.hpp
[2.938s] -- Up-to-date: /home/avmi-lab-user/ThreatField2025/workspace/ros2_ws/install/interface/include/interface/interface/msg/detail
[2.938s] -- Installing: /home/avmi-lab-user/ThreatField2025/workspace/ros2_ws/install/interface/include/interface/interface/msg/detail/num__traits.hpp
[2.938s] -- Installing: /home/avmi-lab-user/ThreatField2025/workspace/ros2_ws/install/interface/include/interface/interface/msg/detail/sphere__type_support.hpp
[2.938s] -- Installing: /home/avmi-lab-user/ThreatField2025/workspace/ros2_ws/install/interface/include/interface/interface/msg/detail/num__type_support.hpp
[2.938s] -- Installing: /home/avmi-lab-user/ThreatField2025/workspace/ros2_ws/install/interface/include/interface/interface/msg/detail/num__struct.hpp
[2.939s] -- Installing: /home/avmi-lab-user/ThreatField2025/workspace/ros2_ws/install/interface/include/interface/interface/msg/detail/sphere__traits.hpp
[2.939s] -- Installing: /home/avmi-lab-user/ThreatField2025/workspace/ros2_ws/install/interface/include/interface/interface/msg/detail/num__builder.hpp
[2.939s] -- Installing: /home/avmi-lab-user/ThreatField2025/workspace/ros2_ws/install/interface/include/interface/interface/msg/detail/sphere__builder.hpp
[2.939s] -- Installing: /home/avmi-lab-user/ThreatField2025/workspace/ros2_ws/install/interface/include/interface/interface/msg/detail/sphere__struct.hpp
[2.939s] -- Installing: /home/avmi-lab-user/ThreatField2025/workspace/ros2_ws/install/interface/include/interface/interface/msg/sphere.hpp
[2.939s] -- Up-to-date: /home/avmi-lab-user/ThreatField2025/workspace/ros2_ws/install/interface/include/interface/interface
[2.939s] -- Up-to-date: /home/avmi-lab-user/ThreatField2025/workspace/ros2_ws/install/interface/include/interface/interface/srv
[2.939s] -- Up-to-date: /home/avmi-lab-user/ThreatField2025/workspace/ros2_ws/install/interface/include/interface/interface/srv/detail
[2.939s] -- Installing: /home/avmi-lab-user/ThreatField2025/workspace/ros2_ws/install/interface/include/interface/interface/srv/detail/add_three_ints__rosidl_typesupport_fastrtps_cpp.hpp
[2.939s] -- Installing: /home/avmi-lab-user/ThreatField2025/workspace/ros2_ws/install/interface/include/interface/interface/srv/detail/dds_fastrtps
[2.939s] -- Up-to-date: /home/avmi-lab-user/ThreatField2025/workspace/ros2_ws/install/interface/include/interface/interface/msg
[2.939s] -- Installing: /home/avmi-lab-user/ThreatField2025/workspace/ros2_ws/install/interface/include/interface/interface/msg/rosidl_typesupport_fastrtps_cpp__visibility_control.h
[2.939s] -- Up-to-date: /home/avmi-lab-user/ThreatField2025/workspace/ros2_ws/install/interface/include/interface/interface/msg/detail
[2.939s] -- Installing: /home/avmi-lab-user/ThreatField2025/workspace/ros2_ws/install/interface/include/interface/interface/msg/detail/num__rosidl_typesupport_fastrtps_cpp.hpp
[2.939s] -- Installing: /home/avmi-lab-user/ThreatField2025/workspace/ros2_ws/install/interface/include/interface/interface/msg/detail/sphere__rosidl_typesupport_fastrtps_cpp.hpp
[2.940s] -- Installing: /home/avmi-lab-user/ThreatField2025/workspace/ros2_ws/install/interface/include/interface/interface/msg/detail/dds_fastrtps
[2.940s] -- Installing: /home/avmi-lab-user/ThreatField2025/workspace/ros2_ws/install/interface/lib/libinterface__rosidl_typesupport_fastrtps_cpp.so
[2.940s] -- Set runtime path of "/home/avmi-lab-user/ThreatField2025/workspace/ros2_ws/install/interface/lib/libinterface__rosidl_typesupport_fastrtps_cpp.so" to ""
[2.940s] -- Up-to-date: /home/avmi-lab-user/ThreatField2025/workspace/ros2_ws/install/interface/include/interface/interface
[2.940s] -- Up-to-date: /home/avmi-lab-user/ThreatField2025/workspace/ros2_ws/install/interface/include/interface/interface/srv
[2.940s] -- Up-to-date: /home/avmi-lab-user/ThreatField2025/workspace/ros2_ws/install/interface/include/interface/interface/srv/detail
[2.940s] -- Installing: /home/avmi-lab-user/ThreatField2025/workspace/ros2_ws/install/interface/include/interface/interface/srv/detail/add_three_ints__rosidl_typesupport_introspection_c.h
[2.940s] -- Installing: /home/avmi-lab-user/ThreatField2025/workspace/ros2_ws/install/interface/include/interface/interface/srv/detail/add_three_ints__type_support.c
[2.940s] -- Up-to-date: /home/avmi-lab-user/ThreatField2025/workspace/ros2_ws/install/interface/include/interface/interface/msg
[2.940s] -- Installing: /home/avmi-lab-user/ThreatField2025/workspace/ros2_ws/install/interface/include/interface/interface/msg/rosidl_typesupport_introspection_c__visibility_control.h
[2.940s] -- Up-to-date: /home/avmi-lab-user/ThreatField2025/workspace/ros2_ws/install/interface/include/interface/interface/msg/detail
[2.940s] -- Installing: /home/avmi-lab-user/ThreatField2025/workspace/ros2_ws/install/interface/include/interface/interface/msg/detail/num__rosidl_typesupport_introspection_c.h
[2.940s] -- Installing: /home/avmi-lab-user/ThreatField2025/workspace/ros2_ws/install/interface/include/interface/interface/msg/detail/sphere__rosidl_typesupport_introspection_c.h
[2.940s] -- Installing: /home/avmi-lab-user/ThreatField2025/workspace/ros2_ws/install/interface/include/interface/interface/msg/detail/num__type_support.c
[2.940s] -- Installing: /home/avmi-lab-user/ThreatField2025/workspace/ros2_ws/install/interface/include/interface/interface/msg/detail/sphere__type_support.c
[2.940s] -- Installing: /home/avmi-lab-user/ThreatField2025/workspace/ros2_ws/install/interface/lib/libinterface__rosidl_typesupport_introspection_c.so
[2.941s] -- Set runtime path of "/home/avmi-lab-user/ThreatField2025/workspace/ros2_ws/install/interface/lib/libinterface__rosidl_typesupport_introspection_c.so" to ""
[2.941s] -- Installing: /home/avmi-lab-user/ThreatField2025/workspace/ros2_ws/install/interface/lib/libinterface__rosidl_typesupport_c.so
[2.941s] -- Set runtime path of "/home/avmi-lab-user/ThreatField2025/workspace/ros2_ws/install/interface/lib/libinterface__rosidl_typesupport_c.so" to ""
[2.941s] -- Up-to-date: /home/avmi-lab-user/ThreatField2025/workspace/ros2_ws/install/interface/include/interface/interface
[2.941s] -- Up-to-date: /home/avmi-lab-user/ThreatField2025/workspace/ros2_ws/install/interface/include/interface/interface/srv
[2.941s] -- Up-to-date: /home/avmi-lab-user/ThreatField2025/workspace/ros2_ws/install/interface/include/interface/interface/srv/detail
[2.941s] -- Installing: /home/avmi-lab-user/ThreatField2025/workspace/ros2_ws/install/interface/include/interface/interface/srv/detail/add_three_ints__rosidl_typesupport_introspection_cpp.hpp
[2.941s] -- Installing: /home/avmi-lab-user/ThreatField2025/workspace/ros2_ws/install/interface/include/interface/interface/srv/detail/add_three_ints__type_support.cpp
[2.941s] -- Up-to-date: /home/avmi-lab-user/ThreatField2025/workspace/ros2_ws/install/interface/include/interface/interface/msg
[2.941s] -- Up-to-date: /home/avmi-lab-user/ThreatField2025/workspace/ros2_ws/install/interface/include/interface/interface/msg/detail
[2.941s] -- Installing: /home/avmi-lab-user/ThreatField2025/workspace/ros2_ws/install/interface/include/interface/interface/msg/detail/sphere__type_support.cpp
[2.941s] -- Installing: /home/avmi-lab-user/ThreatField2025/workspace/ros2_ws/install/interface/include/interface/interface/msg/detail/num__rosidl_typesupport_introspection_cpp.hpp
[2.941s] -- Installing: /home/avmi-lab-user/ThreatField2025/workspace/ros2_ws/install/interface/include/interface/interface/msg/detail/num__type_support.cpp
[2.941s] -- Installing: /home/avmi-lab-user/ThreatField2025/workspace/ros2_ws/install/interface/include/interface/interface/msg/detail/sphere__rosidl_typesupport_introspection_cpp.hpp
[2.941s] -- Installing: /home/avmi-lab-user/ThreatField2025/workspace/ros2_ws/install/interface/lib/libinterface__rosidl_typesupport_introspection_cpp.so
[2.942s] -- Set runtime path of "/home/avmi-lab-user/ThreatField2025/workspace/ros2_ws/install/interface/lib/libinterface__rosidl_typesupport_introspection_cpp.so" to ""
[2.942s] -- Installing: /home/avmi-lab-user/ThreatField2025/workspace/ros2_ws/install/interface/lib/libinterface__rosidl_typesupport_cpp.so
[2.942s] -- Set runtime path of "/home/avmi-lab-user/ThreatField2025/workspace/ros2_ws/install/interface/lib/libinterface__rosidl_typesupport_cpp.so" to ""
[2.942s] -- Installing: /home/avmi-lab-user/ThreatField2025/workspace/ros2_ws/install/interface/share/interface/environment/pythonpath.sh
[2.942s] -- Installing: /home/avmi-lab-user/ThreatField2025/workspace/ros2_ws/install/interface/share/interface/environment/pythonpath.dsv
[2.942s] -- Installing: /home/avmi-lab-user/ThreatField2025/workspace/ros2_ws/install/interface/local/lib/python3.10/dist-packages/interface-0.0.0-py3.10.egg-info
[2.942s] -- Installing: /home/avmi-lab-user/ThreatField2025/workspace/ros2_ws/install/interface/local/lib/python3.10/dist-packages/interface-0.0.0-py3.10.egg-info/dependency_links.txt
[2.942s] -- Installing: /home/avmi-lab-user/ThreatField2025/workspace/ros2_ws/install/interface/local/lib/python3.10/dist-packages/interface-0.0.0-py3.10.egg-info/PKG-INFO
[2.942s] -- Installing: /home/avmi-lab-user/ThreatField2025/workspace/ros2_ws/install/interface/local/lib/python3.10/dist-packages/interface-0.0.0-py3.10.egg-info/top_level.txt
[2.942s] -- Installing: /home/avmi-lab-user/ThreatField2025/workspace/ros2_ws/install/interface/local/lib/python3.10/dist-packages/interface-0.0.0-py3.10.egg-info/SOURCES.txt
[2.942s] -- Installing: /home/avmi-lab-user/ThreatField2025/workspace/ros2_ws/install/interface/local/lib/python3.10/dist-packages/interface
[2.942s] -- Installing: /home/avmi-lab-user/ThreatField2025/workspace/ros2_ws/install/interface/local/lib/python3.10/dist-packages/interface/interface_s__rosidl_typesupport_c.cpython-310-x86_64-linux-gnu.so
[2.942s] -- Installing: /home/avmi-lab-user/ThreatField2025/workspace/ros2_ws/install/interface/local/lib/python3.10/dist-packages/interface/__init__.py
[2.942s] -- Installing: /home/avmi-lab-user/ThreatField2025/workspace/ros2_ws/install/interface/local/lib/python3.10/dist-packages/interface/_interface_s.ep.rosidl_typesupport_fastrtps_c.c
[2.942s] -- Installing: /home/avmi-lab-user/ThreatField2025/workspace/ros2_ws/install/interface/local/lib/python3.10/dist-packages/interface/interface_s__rosidl_typesupport_fastrtps_c.cpython-310-x86_64-linux-gnu.so
[2.942s] -- Installing: /home/avmi-lab-user/ThreatField2025/workspace/ros2_ws/install/interface/local/lib/python3.10/dist-packages/interface/interface_s__rosidl_typesupport_introspection_c.cpython-310-x86_64-linux-gnu.so
[2.942s] -- Installing: /home/avmi-lab-user/ThreatField2025/workspace/ros2_ws/install/interface/local/lib/python3.10/dist-packages/interface/libinterface__rosidl_generator_py.so
[2.943s] -- Installing: /home/avmi-lab-user/ThreatField2025/workspace/ros2_ws/install/interface/local/lib/python3.10/dist-packages/interface/srv
[2.943s] -- Installing: /home/avmi-lab-user/ThreatField2025/workspace/ros2_ws/install/interface/local/lib/python3.10/dist-packages/interface/srv/_add_three_ints_s.c
[2.943s] -- Installing: /home/avmi-lab-user/ThreatField2025/workspace/ros2_ws/install/interface/local/lib/python3.10/dist-packages/interface/srv/__init__.py
[2.943s] -- Installing: /home/avmi-lab-user/ThreatField2025/workspace/ros2_ws/install/interface/local/lib/python3.10/dist-packages/interface/srv/_add_three_ints.py
[2.943s] -- Installing: /home/avmi-lab-user/ThreatField2025/workspace/ros2_ws/install/interface/local/lib/python3.10/dist-packages/interface/_interface_s.ep.rosidl_typesupport_introspection_c.c
[2.943s] -- Installing: /home/avmi-lab-user/ThreatField2025/workspace/ros2_ws/install/interface/local/lib/python3.10/dist-packages/interface/_interface_s.ep.rosidl_typesupport_c.c
[2.943s] -- Installing: /home/avmi-lab-user/ThreatField2025/workspace/ros2_ws/install/interface/local/lib/python3.10/dist-packages/interface/msg
[2.943s] -- Installing: /home/avmi-lab-user/ThreatField2025/workspace/ros2_ws/install/interface/local/lib/python3.10/dist-packages/interface/msg/_num.py
[2.943s] -- Installing: /home/avmi-lab-user/ThreatField2025/workspace/ros2_ws/install/interface/local/lib/python3.10/dist-packages/interface/msg/__init__.py
[2.943s] -- Installing: /home/avmi-lab-user/ThreatField2025/workspace/ros2_ws/install/interface/local/lib/python3.10/dist-packages/interface/msg/_sphere.py
[2.943s] -- Installing: /home/avmi-lab-user/ThreatField2025/workspace/ros2_ws/install/interface/local/lib/python3.10/dist-packages/interface/msg/_num_s.c
[2.943s] -- Installing: /home/avmi-lab-user/ThreatField2025/workspace/ros2_ws/install/interface/local/lib/python3.10/dist-packages/interface/msg/_sphere_s.c
[2.970s] Listing '/home/avmi-lab-user/ThreatField2025/workspace/ros2_ws/install/interface/local/lib/python3.10/dist-packages/interface'...
[2.970s] Compiling '/home/avmi-lab-user/ThreatField2025/workspace/ros2_ws/install/interface/local/lib/python3.10/dist-packages/interface/__init__.py'...
[2.970s] Listing '/home/avmi-lab-user/ThreatField2025/workspace/ros2_ws/install/interface/local/lib/python3.10/dist-packages/interface/msg'...
[2.970s] Compiling '/home/avmi-lab-user/ThreatField2025/workspace/ros2_ws/install/interface/local/lib/python3.10/dist-packages/interface/msg/__init__.py'...
[2.970s] Compiling '/home/avmi-lab-user/ThreatField2025/workspace/ros2_ws/install/interface/local/lib/python3.10/dist-packages/interface/msg/_num.py'...
[2.970s] Compiling '/home/avmi-lab-user/ThreatField2025/workspace/ros2_ws/install/interface/local/lib/python3.10/dist-packages/interface/msg/_sphere.py'...
[2.970s] Listing '/home/avmi-lab-user/ThreatField2025/workspace/ros2_ws/install/interface/local/lib/python3.10/dist-packages/interface/srv'...
[2.970s] Compiling '/home/avmi-lab-user/ThreatField2025/workspace/ros2_ws/install/interface/local/lib/python3.10/dist-packages/interface/srv/__init__.py'...
[2.970s] Compiling '/home/avmi-lab-user/ThreatField2025/workspace/ros2_ws/install/interface/local/lib/python3.10/dist-packages/interface/srv/_add_three_ints.py'...
[2.973s] -- Installing: /home/avmi-lab-user/ThreatField2025/workspace/ros2_ws/install/interface/local/lib/python3.10/dist-packages/interface/interface_s__rosidl_typesupport_fastrtps_c.cpython-310-x86_64-linux-gnu.so
[2.973s] -- Set runtime path of "/home/avmi-lab-user/ThreatField2025/workspace/ros2_ws/install/interface/local/lib/python3.10/dist-packages/interface/interface_s__rosidl_typesupport_fastrtps_c.cpython-310-x86_64-linux-gnu.so" to ""
[2.973s] -- Installing: /home/avmi-lab-user/ThreatField2025/workspace/ros2_ws/install/interface/local/lib/python3.10/dist-packages/interface/interface_s__rosidl_typesupport_introspection_c.cpython-310-x86_64-linux-gnu.so
[2.973s] -- Set runtime path of "/home/avmi-lab-user/ThreatField2025/workspace/ros2_ws/install/interface/local/lib/python3.10/dist-packages/interface/interface_s__rosidl_typesupport_introspection_c.cpython-310-x86_64-linux-gnu.so" to ""
[2.973s] -- Installing: /home/avmi-lab-user/ThreatField2025/workspace/ros2_ws/install/interface/local/lib/python3.10/dist-packages/interface/interface_s__rosidl_typesupport_c.cpython-310-x86_64-linux-gnu.so
[2.973s] -- Set runtime path of "/home/avmi-lab-user/ThreatField2025/workspace/ros2_ws/install/interface/local/lib/python3.10/dist-packages/interface/interface_s__rosidl_typesupport_c.cpython-310-x86_64-linux-gnu.so" to ""
[2.974s] -- Installing: /home/avmi-lab-user/ThreatField2025/workspace/ros2_ws/install/interface/lib/libinterface__rosidl_generator_py.so
[2.974s] -- Set runtime path of "/home/avmi-lab-user/ThreatField2025/workspace/ros2_ws/install/interface/lib/libinterface__rosidl_generator_py.so" to ""
[2.974s] -- Installing: /home/avmi-lab-user/ThreatField2025/workspace/ros2_ws/install/interface/share/interface/msg/Num.idl
[2.974s] -- Installing: /home/avmi-lab-user/ThreatField2025/workspace/ros2_ws/install/interface/share/interface/msg/Sphere.idl
[2.974s] -- Installing: /home/avmi-lab-user/ThreatField2025/workspace/ros2_ws/install/interface/share/interface/srv/AddThreeInts.idl
[2.974s] -- Installing: /home/avmi-lab-user/ThreatField2025/workspace/ros2_ws/install/interface/share/interface/msg/Num.msg
[2.974s] -- Installing: /home/avmi-lab-user/ThreatField2025/workspace/ros2_ws/install/interface/share/interface/msg/Sphere.msg
[2.974s] -- Installing: /home/avmi-lab-user/ThreatField2025/workspace/ros2_ws/install/interface/share/interface/srv/AddThreeInts.srv
[2.974s] -- Installing: /home/avmi-lab-user/ThreatField2025/workspace/ros2_ws/install/interface/share/interface/srv/AddThreeInts_Request.msg
[2.974s] -- Installing: /home/avmi-lab-user/ThreatField2025/workspace/ros2_ws/install/interface/share/interface/srv/AddThreeInts_Response.msg
[2.974s] -- Installing: /home/avmi-lab-user/ThreatField2025/workspace/ros2_ws/install/interface/share/ament_index/resource_index/package_run_dependencies/interface
[2.974s] -- Installing: /home/avmi-lab-user/ThreatField2025/workspace/ros2_ws/install/interface/share/ament_index/resource_index/parent_prefix_path/interface
[2.975s] -- Installing: /home/avmi-lab-user/ThreatField2025/workspace/ros2_ws/install/interface/share/interface/environment/ament_prefix_path.sh
[2.975s] -- Installing: /home/avmi-lab-user/ThreatField2025/workspace/ros2_ws/install/interface/share/interface/environment/ament_prefix_path.dsv
[2.975s] -- Installing: /home/avmi-lab-user/ThreatField2025/workspace/ros2_ws/install/interface/share/interface/environment/path.sh
[2.975s] -- Installing: /home/avmi-lab-user/ThreatField2025/workspace/ros2_ws/install/interface/share/interface/environment/path.dsv
[2.975s] -- Installing: /home/avmi-lab-user/ThreatField2025/workspace/ros2_ws/install/interface/share/interface/local_setup.bash
[2.975s] -- Installing: /home/avmi-lab-user/ThreatField2025/workspace/ros2_ws/install/interface/share/interface/local_setup.sh
[2.975s] -- Installing: /home/avmi-lab-user/ThreatField2025/workspace/ros2_ws/install/interface/share/interface/local_setup.zsh
[2.975s] -- Installing: /home/avmi-lab-user/ThreatField2025/workspace/ros2_ws/install/interface/share/interface/local_setup.dsv
[2.975s] -- Installing: /home/avmi-lab-user/ThreatField2025/workspace/ros2_ws/install/interface/share/interface/package.dsv
[2.975s] -- Installing: /home/avmi-lab-user/ThreatField2025/workspace/ros2_ws/install/interface/share/ament_index/resource_index/packages/interface
[2.975s] -- Installing: /home/avmi-lab-user/ThreatField2025/workspace/ros2_ws/install/interface/share/interface/cmake/export_interface__rosidl_generator_cExport.cmake
[2.975s] -- Installing: /home/avmi-lab-user/ThreatField2025/workspace/ros2_ws/install/interface/share/interface/cmake/export_interface__rosidl_generator_cExport-noconfig.cmake
[2.975s] -- Installing: /home/avmi-lab-user/ThreatField2025/workspace/ros2_ws/install/interface/share/interface/cmake/export_interface__rosidl_typesupport_fastrtps_cExport.cmake
[2.975s] -- Installing: /home/avmi-lab-user/ThreatField2025/workspace/ros2_ws/install/interface/share/interface/cmake/export_interface__rosidl_typesupport_fastrtps_cExport-noconfig.cmake
[2.976s] -- Installing: /home/avmi-lab-user/ThreatField2025/workspace/ros2_ws/install/interface/share/interface/cmake/export_interface__rosidl_generator_cppExport.cmake
[2.976s] -- Installing: /home/avmi-lab-user/ThreatField2025/workspace/ros2_ws/install/interface/share/interface/cmake/export_interface__rosidl_typesupport_fastrtps_cppExport.cmake
[2.976s] -- Installing: /home/avmi-lab-user/ThreatField2025/workspace/ros2_ws/install/interface/share/interface/cmake/export_interface__rosidl_typesupport_fastrtps_cppExport-noconfig.cmake
[2.976s] -- Installing: /home/avmi-lab-user/ThreatField2025/workspace/ros2_ws/install/interface/share/interface/cmake/interface__rosidl_typesupport_introspection_cExport.cmake
[2.976s] -- Installing: /home/avmi-lab-user/ThreatField2025/workspace/ros2_ws/install/interface/share/interface/cmake/interface__rosidl_typesupport_introspection_cExport-noconfig.cmake
[2.976s] -- Installing: /home/avmi-lab-user/ThreatField2025/workspace/ros2_ws/install/interface/share/interface/cmake/interface__rosidl_typesupport_cExport.cmake
[2.976s] -- Installing: /home/avmi-lab-user/ThreatField2025/workspace/ros2_ws/install/interface/share/interface/cmake/interface__rosidl_typesupport_cExport-noconfig.cmake
[2.976s] -- Installing: /home/avmi-lab-user/ThreatField2025/workspace/ros2_ws/install/interface/share/interface/cmake/interface__rosidl_typesupport_introspection_cppExport.cmake
[2.976s] -- Installing: /home/avmi-lab-user/ThreatField2025/workspace/ros2_ws/install/interface/share/interface/cmake/interface__rosidl_typesupport_introspection_cppExport-noconfig.cmake
[2.976s] -- Installing: /home/avmi-lab-user/ThreatField2025/workspace/ros2_ws/install/interface/share/interface/cmake/interface__rosidl_typesupport_cppExport.cmake
[2.976s] -- Installing: /home/avmi-lab-user/ThreatField2025/workspace/ros2_ws/install/interface/share/interface/cmake/interface__rosidl_typesupport_cppExport-noconfig.cmake
[2.976s] -- Installing: /home/avmi-lab-user/ThreatField2025/workspace/ros2_ws/install/interface/share/interface/cmake/export_interface__rosidl_generator_pyExport.cmake
[2.976s] -- Installing: /home/avmi-lab-user/ThreatField2025/workspace/ros2_ws/install/interface/share/interface/cmake/export_interface__rosidl_generator_pyExport-noconfig.cmake
[2.976s] -- Installing: /home/avmi-lab-user/ThreatField2025/workspace/ros2_ws/install/interface/share/interface/cmake/rosidl_cmake-extras.cmake
[2.976s] -- Installing: /home/avmi-lab-user/ThreatField2025/workspace/ros2_ws/install/interface/share/interface/cmake/ament_cmake_export_dependencies-extras.cmake
[2.977s] -- Installing: /home/avmi-lab-user/ThreatField2025/workspace/ros2_ws/install/interface/share/interface/cmake/ament_cmake_export_include_directories-extras.cmake
[2.977s] -- Installing: /home/avmi-lab-user/ThreatField2025/workspace/ros2_ws/install/interface/share/interface/cmake/ament_cmake_export_libraries-extras.cmake
[2.977s] -- Installing: /home/avmi-lab-user/ThreatField2025/workspace/ros2_ws/install/interface/share/interface/cmake/ament_cmake_export_targets-extras.cmake
[2.977s] -- Installing: /home/avmi-lab-user/ThreatField2025/workspace/ros2_ws/install/interface/share/interface/cmake/rosidl_cmake_export_typesupport_targets-extras.cmake
[2.977s] -- Installing: /home/avmi-lab-user/ThreatField2025/workspace/ros2_ws/install/interface/share/interface/cmake/rosidl_cmake_export_typesupport_libraries-extras.cmake
[2.977s] -- Installing: /home/avmi-lab-user/ThreatField2025/workspace/ros2_ws/install/interface/share/interface/cmake/interfaceConfig.cmake
[2.977s] -- Installing: /home/avmi-lab-user/ThreatField2025/workspace/ros2_ws/install/interface/share/interface/cmake/interfaceConfig-version.cmake
[2.977s] -- Installing: /home/avmi-lab-user/ThreatField2025/workspace/ros2_ws/install/interface/share/interface/package.xml
[2.979s] Invoked command in '/home/avmi-lab-user/ThreatField2025/workspace/ros2_ws/build/interface' returned '0': CMAKE_PREFIX_PATH=${CMAKE_PREFIX_PATH}:/home/avmi-lab-user/turtlebot4_ws/install/py_sub:/home/avmi-lab-user/turtlebot4_ws/install/path_pubsub:/home/avmi-lab-user/turtlebot4_ws/install/opencv_tests:/home/avmi-lab-user/turtlebot4_ws/install/avmi_lab_threat_field:/opt/ros/humble /usr/bin/cmake --install /home/avmi-lab-user/ThreatField2025/workspace/ros2_ws/build/interface
