[0.039s] Invoking command in '/home/avmi-lab-user/ThreatField2025/workspace/ros2_ws/build/example_global_navigation_cpp': AMENT_PREFIX_PATH=/home/avmi-lab-user/ThreatField2025/workspace/ros2_ws/install/px4_ros2_cpp:/home/avmi-lab-user/ThreatField2025/workspace/ros2_ws/install/px4_msgs:${AMENT_PREFIX_PATH} CMAKE_PREFIX_PATH=/home/avmi-lab-user/ThreatField2025/workspace/ros2_ws/install/px4_ros2_cpp:/home/avmi-lab-user/ThreatField2025/workspace/ros2_ws/install/px4_msgs:/opt/ros/humble LD_LIBRARY_PATH=/home/avmi-lab-user/ThreatField2025/workspace/ros2_ws/install/px4_ros2_cpp/lib:/home/avmi-lab-user/ThreatField2025/workspace/ros2_ws/install/px4_msgs/lib:${LD_LIBRARY_PATH} PYTHONPATH=/home/avmi-lab-user/ThreatField2025/workspace/ros2_ws/install/px4_msgs/local/lib/python3.10/dist-packages:${PYTHONPATH} /usr/bin/cmake --build /home/avmi-lab-user/ThreatField2025/workspace/ros2_ws/build/example_global_navigation_cpp -- -j8 -l8
[0.128s] [35m[1mConsolidate compiler generated dependencies of target example_global_navigation[0m
[0.188s] [ 50%] [32m[1mLinking CXX executable example_global_navigation[0m
[3.279s] [100%] Built target example_global_navigation
[3.335s] Invoked command in '/home/avmi-lab-user/ThreatField2025/workspace/ros2_ws/build/example_global_navigation_cpp' returned '0': AMENT_PREFIX_PATH=/home/avmi-lab-user/ThreatField2025/workspace/ros2_ws/install/px4_ros2_cpp:/home/avmi-lab-user/ThreatField2025/workspace/ros2_ws/install/px4_msgs:${AMENT_PREFIX_PATH} CMAKE_PREFIX_PATH=/home/avmi-lab-user/ThreatField2025/workspace/ros2_ws/install/px4_ros2_cpp:/home/avmi-lab-user/ThreatField2025/workspace/ros2_ws/install/px4_msgs:/opt/ros/humble LD_LIBRARY_PATH=/home/avmi-lab-user/ThreatField2025/workspace/ros2_ws/install/px4_ros2_cpp/lib:/home/avmi-lab-user/ThreatField2025/workspace/ros2_ws/install/px4_msgs/lib:${LD_LIBRARY_PATH} PYTHONPATH=/home/avmi-lab-user/ThreatField2025/workspace/ros2_ws/install/px4_msgs/local/lib/python3.10/dist-packages:${PYTHONPATH} /usr/bin/cmake --build /home/avmi-lab-user/ThreatField2025/workspace/ros2_ws/build/example_global_navigation_cpp -- -j8 -l8
[3.336s] Invoking command in '/home/avmi-lab-user/ThreatField2025/workspace/ros2_ws/build/example_global_navigation_cpp': AMENT_PREFIX_PATH=/home/avmi-lab-user/ThreatField2025/workspace/ros2_ws/install/px4_ros2_cpp:/home/avmi-lab-user/ThreatField2025/workspace/ros2_ws/install/px4_msgs:${AMENT_PREFIX_PATH} CMAKE_PREFIX_PATH=/home/avmi-lab-user/ThreatField2025/workspace/ros2_ws/install/px4_ros2_cpp:/home/avmi-lab-user/ThreatField2025/workspace/ros2_ws/install/px4_msgs:/opt/ros/humble LD_LIBRARY_PATH=/home/avmi-lab-user/ThreatField2025/workspace/ros2_ws/install/px4_ros2_cpp/lib:/home/avmi-lab-user/ThreatField2025/workspace/ros2_ws/install/px4_msgs/lib:${LD_LIBRARY_PATH} PYTHONPATH=/home/avmi-lab-user/ThreatField2025/workspace/ros2_ws/install/px4_msgs/local/lib/python3.10/dist-packages:${PYTHONPATH} /usr/bin/cmake --install /home/avmi-lab-user/ThreatField2025/workspace/ros2_ws/build/example_global_navigation_cpp
[3.364s] -- Install configuration: ""
[3.364s] -- Installing: /home/avmi-lab-user/ThreatField2025/workspace/ros2_ws/install/example_global_navigation_cpp/lib/example_global_navigation_cpp/example_global_navigation
[3.364s] -- Set runtime path of "/home/avmi-lab-user/ThreatField2025/workspace/ros2_ws/install/example_global_navigation_cpp/lib/example_global_navigation_cpp/example_global_navigation" to ""
[3.364s] -- Up-to-date: /home/avmi-lab-user/ThreatField2025/workspace/ros2_ws/install/example_global_navigation_cpp/share/ament_index/resource_index/package_run_dependencies/example_global_navigation_cpp
[3.364s] -- Up-to-date: /home/avmi-lab-user/ThreatField2025/workspace/ros2_ws/install/example_global_navigation_cpp/share/ament_index/resource_index/parent_prefix_path/example_global_navigation_cpp
[3.364s] -- Up-to-date: /home/avmi-lab-user/ThreatField2025/workspace/ros2_ws/install/example_global_navigation_cpp/share/example_global_navigation_cpp/environment/ament_prefix_path.sh
[3.364s] -- Up-to-date: /home/avmi-lab-user/ThreatField2025/workspace/ros2_ws/install/example_global_navigation_cpp/share/example_global_navigation_cpp/environment/ament_prefix_path.dsv
[3.364s] -- Up-to-date: /home/avmi-lab-user/ThreatField2025/workspace/ros2_ws/install/example_global_navigation_cpp/share/example_global_navigation_cpp/environment/path.sh
[3.364s] -- Up-to-date: /home/avmi-lab-user/ThreatField2025/workspace/ros2_ws/install/example_global_navigation_cpp/share/example_global_navigation_cpp/environment/path.dsv
[3.364s] -- Up-to-date: /home/avmi-lab-user/ThreatField2025/workspace/ros2_ws/install/example_global_navigation_cpp/share/example_global_navigation_cpp/local_setup.bash
[3.364s] -- Up-to-date: /home/avmi-lab-user/ThreatField2025/workspace/ros2_ws/install/example_global_navigation_cpp/share/example_global_navigation_cpp/local_setup.sh
[3.364s] -- Up-to-date: /home/avmi-lab-user/ThreatField2025/workspace/ros2_ws/install/example_global_navigation_cpp/share/example_global_navigation_cpp/local_setup.zsh
[3.364s] -- Up-to-date: /home/avmi-lab-user/ThreatField2025/workspace/ros2_ws/install/example_global_navigation_cpp/share/example_global_navigation_cpp/local_setup.dsv
[3.364s] -- Installing: /home/avmi-lab-user/ThreatField2025/workspace/ros2_ws/install/example_global_navigation_cpp/share/example_global_navigation_cpp/package.dsv
[3.364s] -- Up-to-date: /home/avmi-lab-user/ThreatField2025/workspace/ros2_ws/install/example_global_navigation_cpp/share/ament_index/resource_index/packages/example_global_navigation_cpp
[3.365s] -- Up-to-date: /home/avmi-lab-user/ThreatField2025/workspace/ros2_ws/install/example_global_navigation_cpp/share/example_global_navigation_cpp/cmake/example_global_navigation_cppConfig.cmake
[3.365s] -- Up-to-date: /home/avmi-lab-user/ThreatField2025/workspace/ros2_ws/install/example_global_navigation_cpp/share/example_global_navigation_cpp/cmake/example_global_navigation_cppConfig-version.cmake
[3.365s] -- Up-to-date: /home/avmi-lab-user/ThreatField2025/workspace/ros2_ws/install/example_global_navigation_cpp/share/example_global_navigation_cpp/package.xml
[3.399s] Invoked command in '/home/avmi-lab-user/ThreatField2025/workspace/ros2_ws/build/example_global_navigation_cpp' returned '0': AMENT_PREFIX_PATH=/home/avmi-lab-user/ThreatField2025/workspace/ros2_ws/install/px4_ros2_cpp:/home/avmi-lab-user/ThreatField2025/workspace/ros2_ws/install/px4_msgs:${AMENT_PREFIX_PATH} CMAKE_PREFIX_PATH=/home/avmi-lab-user/ThreatField2025/workspace/ros2_ws/install/px4_ros2_cpp:/home/avmi-lab-user/ThreatField2025/workspace/ros2_ws/install/px4_msgs:/opt/ros/humble LD_LIBRARY_PATH=/home/avmi-lab-user/ThreatField2025/workspace/ros2_ws/install/px4_ros2_cpp/lib:/home/avmi-lab-user/ThreatField2025/workspace/ros2_ws/install/px4_msgs/lib:${LD_LIBRARY_PATH} PYTHONPATH=/home/avmi-lab-user/ThreatField2025/workspace/ros2_ws/install/px4_msgs/local/lib/python3.10/dist-packages:${PYTHONPATH} /usr/bin/cmake --install /home/avmi-lab-user/ThreatField2025/workspace/ros2_ws/build/example_global_navigation_cpp
