[0.031s] Invoking command in '/home/avmi-lab-user/ThreatField2025/workspace/ros2_ws/build/draw_flight_mode': AMENT_PREFIX_PATH=/home/avmi-lab-user/ThreatField2025/workspace/ros2_ws/install/px4_ros2_cpp:/home/avmi-lab-user/ThreatField2025/workspace/ros2_ws/install/px4_msgs:${AMENT_PREFIX_PATH} CMAKE_PREFIX_PATH=/home/avmi-lab-user/ThreatField2025/workspace/ros2_ws/install/px4_ros2_cpp:/home/avmi-lab-user/ThreatField2025/workspace/ros2_ws/install/px4_msgs:/opt/ros/humble LD_LIBRARY_PATH=/home/avmi-lab-user/ThreatField2025/workspace/ros2_ws/install/px4_ros2_cpp/lib:/home/avmi-lab-user/ThreatField2025/workspace/ros2_ws/install/px4_msgs/lib:${LD_LIBRARY_PATH} PYTHONPATH=/home/avmi-lab-user/ThreatField2025/workspace/ros2_ws/install/px4_msgs/local/lib/python3.10/dist-packages:${PYTHONPATH} /usr/bin/cmake /home/avmi-lab-user/ThreatField2025/workspace/ros2_ws/src/px4_ros2_custom_flight_mode -DCMAKE_INSTALL_PREFIX=/home/avmi-lab-user/ThreatField2025/workspace/ros2_ws/install/draw_flight_mode
[0.115s] -- The C compiler identification is GNU 11.4.0
[0.215s] -- The CXX compiler identification is GNU 11.4.0
[0.236s] -- Detecting C compiler ABI info
[0.372s] -- Detecting C compiler ABI info - done
[0.383s] -- Check for working C compiler: /usr/bin/cc - skipped
[0.384s] -- Detecting C compile features
[0.384s] -- Detecting C compile features - done
[0.388s] -- Detecting CXX compiler ABI info
[0.635s] -- Detecting CXX compiler ABI info - done
[0.683s] -- Check for working CXX compiler: /usr/bin/c++ - skipped
[0.683s] -- Detecting CXX compile features
[0.683s] -- Detecting CXX compile features - done
[0.685s] -- Found eigen3_cmake_module: 0.1.1 (/opt/ros/humble/share/eigen3_cmake_module/cmake)
[0.695s] -- Found Eigen3: TRUE (found version "3.4.0") 
[0.696s] -- Found ament_cmake: 1.3.11 (/opt/ros/humble/share/ament_cmake/cmake)
[1.312s] -- Found Python3: /usr/bin/python3 (found version "3.10.12") found components: Interpreter 
[1.628s] -- Found rclcpp: 16.0.12 (/opt/ros/humble/share/rclcpp/cmake)
[1.736s] -- Found rosidl_generator_c: 3.1.6 (/opt/ros/humble/share/rosidl_generator_c/cmake)
[1.747s] -- Found rosidl_adapter: 3.1.6 (/opt/ros/humble/share/rosidl_adapter/cmake)
[1.769s] -- Found rosidl_generator_cpp: 3.1.6 (/opt/ros/humble/share/rosidl_generator_cpp/cmake)
[1.791s] -- Using all available rosidl_typesupport_c: rosidl_typesupport_fastrtps_c;rosidl_typesupport_introspection_c
[1.823s] -- Using all available rosidl_typesupport_cpp: rosidl_typesupport_fastrtps_cpp;rosidl_typesupport_introspection_cpp
[1.906s] -- Found rmw_implementation_cmake: 6.1.2 (/opt/ros/humble/share/rmw_implementation_cmake/cmake)
[1.910s] -- Found rmw_fastrtps_cpp: 6.2.7 (/opt/ros/humble/share/rmw_fastrtps_cpp/cmake)
[2.134s] -- Found OpenSSL: /usr/lib/x86_64-linux-gnu/libcrypto.so (found version "3.0.2")  
[2.201s] -- Found FastRTPS: /opt/ros/humble/include  
[2.282s] -- Using RMW implementation 'rmw_fastrtps_cpp' as default
[2.300s] -- Looking for pthread.h
[2.443s] -- Looking for pthread.h - found
[2.444s] -- Performing Test CMAKE_HAVE_LIBC_PTHREAD
[2.653s] -- Performing Test CMAKE_HAVE_LIBC_PTHREAD - Success
[2.655s] -- Found Threads: TRUE  
[2.760s] -- Found px4_ros2_cpp: 0.0.1 (/home/avmi-lab-user/ThreatField2025/workspace/ros2_ws/install/px4_ros2_cpp/share/px4_ros2_cpp/cmake)
[2.823s] -- Found ament_lint_auto: 0.12.12 (/opt/ros/humble/share/ament_lint_auto/cmake)
[2.999s] -- Added test 'copyright' to check source files copyright and LICENSE
[3.006s] -- Added test 'cppcheck' to perform static code analysis on C / C++ code
[3.006s] -- Configured cppcheck include dirs: /home/avmi-lab-user/ThreatField2025/workspace/ros2_ws/src/px4_ros2_custom_flight_mode/include
[3.007s] -- Configured cppcheck exclude dirs and/or files: 
[3.008s] -- Added test 'cpplint' to check C / C++ code against the Google style
[3.009s] -- Configured cpplint exclude dirs and/or files: 
[3.011s] -- Added test 'lint_cmake' to check CMake code style
[3.015s] -- Added test 'uncrustify' to check C / C++ code style
[3.015s] -- Configured uncrustify additional arguments: 
[3.018s] -- Added test 'xmllint' to check XML markup files
[3.021s] -- Configuring done
[3.038s] -- Generating done
[3.046s] -- Build files have been written to: /home/avmi-lab-user/ThreatField2025/workspace/ros2_ws/build/draw_flight_mode
[3.071s] Invoked command in '/home/avmi-lab-user/ThreatField2025/workspace/ros2_ws/build/draw_flight_mode' returned '0': AMENT_PREFIX_PATH=/home/avmi-lab-user/ThreatField2025/workspace/ros2_ws/install/px4_ros2_cpp:/home/avmi-lab-user/ThreatField2025/workspace/ros2_ws/install/px4_msgs:${AMENT_PREFIX_PATH} CMAKE_PREFIX_PATH=/home/avmi-lab-user/ThreatField2025/workspace/ros2_ws/install/px4_ros2_cpp:/home/avmi-lab-user/ThreatField2025/workspace/ros2_ws/install/px4_msgs:/opt/ros/humble LD_LIBRARY_PATH=/home/avmi-lab-user/ThreatField2025/workspace/ros2_ws/install/px4_ros2_cpp/lib:/home/avmi-lab-user/ThreatField2025/workspace/ros2_ws/install/px4_msgs/lib:${LD_LIBRARY_PATH} PYTHONPATH=/home/avmi-lab-user/ThreatField2025/workspace/ros2_ws/install/px4_msgs/local/lib/python3.10/dist-packages:${PYTHONPATH} /usr/bin/cmake /home/avmi-lab-user/ThreatField2025/workspace/ros2_ws/src/px4_ros2_custom_flight_mode -DCMAKE_INSTALL_PREFIX=/home/avmi-lab-user/ThreatField2025/workspace/ros2_ws/install/draw_flight_mode
[3.072s] Invoking command in '/home/avmi-lab-user/ThreatField2025/workspace/ros2_ws/build/draw_flight_mode': AMENT_PREFIX_PATH=/home/avmi-lab-user/ThreatField2025/workspace/ros2_ws/install/px4_ros2_cpp:/home/avmi-lab-user/ThreatField2025/workspace/ros2_ws/install/px4_msgs:${AMENT_PREFIX_PATH} CMAKE_PREFIX_PATH=/home/avmi-lab-user/ThreatField2025/workspace/ros2_ws/install/px4_ros2_cpp:/home/avmi-lab-user/ThreatField2025/workspace/ros2_ws/install/px4_msgs:/opt/ros/humble LD_LIBRARY_PATH=/home/avmi-lab-user/ThreatField2025/workspace/ros2_ws/install/px4_ros2_cpp/lib:/home/avmi-lab-user/ThreatField2025/workspace/ros2_ws/install/px4_msgs/lib:${LD_LIBRARY_PATH} PYTHONPATH=/home/avmi-lab-user/ThreatField2025/workspace/ros2_ws/install/px4_msgs/local/lib/python3.10/dist-packages:${PYTHONPATH} /usr/bin/cmake --build /home/avmi-lab-user/ThreatField2025/workspace/ros2_ws/build/draw_flight_mode -- -j8 -l8
[12.702s] [ 50%] [32mBuilding CXX object CMakeFiles/draw_r.dir/src/main.cpp.o[0m
[15.940s] [100%] [32m[1mLinking CXX executable draw_r[0m
[17.213s] [100%] Built target draw_r
[17.224s] Invoked command in '/home/avmi-lab-user/ThreatField2025/workspace/ros2_ws/build/draw_flight_mode' returned '0': AMENT_PREFIX_PATH=/home/avmi-lab-user/ThreatField2025/workspace/ros2_ws/install/px4_ros2_cpp:/home/avmi-lab-user/ThreatField2025/workspace/ros2_ws/install/px4_msgs:${AMENT_PREFIX_PATH} CMAKE_PREFIX_PATH=/home/avmi-lab-user/ThreatField2025/workspace/ros2_ws/install/px4_ros2_cpp:/home/avmi-lab-user/ThreatField2025/workspace/ros2_ws/install/px4_msgs:/opt/ros/humble LD_LIBRARY_PATH=/home/avmi-lab-user/ThreatField2025/workspace/ros2_ws/install/px4_ros2_cpp/lib:/home/avmi-lab-user/ThreatField2025/workspace/ros2_ws/install/px4_msgs/lib:${LD_LIBRARY_PATH} PYTHONPATH=/home/avmi-lab-user/ThreatField2025/workspace/ros2_ws/install/px4_msgs/local/lib/python3.10/dist-packages:${PYTHONPATH} /usr/bin/cmake --build /home/avmi-lab-user/ThreatField2025/workspace/ros2_ws/build/draw_flight_mode -- -j8 -l8
[17.226s] Invoking command in '/home/avmi-lab-user/ThreatField2025/workspace/ros2_ws/build/draw_flight_mode': AMENT_PREFIX_PATH=/home/avmi-lab-user/ThreatField2025/workspace/ros2_ws/install/px4_ros2_cpp:/home/avmi-lab-user/ThreatField2025/workspace/ros2_ws/install/px4_msgs:${AMENT_PREFIX_PATH} CMAKE_PREFIX_PATH=/home/avmi-lab-user/ThreatField2025/workspace/ros2_ws/install/px4_ros2_cpp:/home/avmi-lab-user/ThreatField2025/workspace/ros2_ws/install/px4_msgs:/opt/ros/humble LD_LIBRARY_PATH=/home/avmi-lab-user/ThreatField2025/workspace/ros2_ws/install/px4_ros2_cpp/lib:/home/avmi-lab-user/ThreatField2025/workspace/ros2_ws/install/px4_msgs/lib:${LD_LIBRARY_PATH} PYTHONPATH=/home/avmi-lab-user/ThreatField2025/workspace/ros2_ws/install/px4_msgs/local/lib/python3.10/dist-packages:${PYTHONPATH} /usr/bin/cmake --install /home/avmi-lab-user/ThreatField2025/workspace/ros2_ws/build/draw_flight_mode
[17.236s] -- Install configuration: ""
[17.237s] -- Installing: /home/avmi-lab-user/ThreatField2025/workspace/ros2_ws/install/draw_flight_mode/lib/draw_flight_mode/draw_r
[17.239s] -- Set runtime path of "/home/avmi-lab-user/ThreatField2025/workspace/ros2_ws/install/draw_flight_mode/lib/draw_flight_mode/draw_r" to ""
[17.239s] -- Installing: /home/avmi-lab-user/ThreatField2025/workspace/ros2_ws/install/draw_flight_mode/share/ament_index/resource_index/package_run_dependencies/draw_flight_mode
[17.239s] -- Installing: /home/avmi-lab-user/ThreatField2025/workspace/ros2_ws/install/draw_flight_mode/share/ament_index/resource_index/parent_prefix_path/draw_flight_mode
[17.239s] -- Installing: /home/avmi-lab-user/ThreatField2025/workspace/ros2_ws/install/draw_flight_mode/share/draw_flight_mode/environment/ament_prefix_path.sh
[17.239s] -- Installing: /home/avmi-lab-user/ThreatField2025/workspace/ros2_ws/install/draw_flight_mode/share/draw_flight_mode/environment/ament_prefix_path.dsv
[17.239s] -- Installing: /home/avmi-lab-user/ThreatField2025/workspace/ros2_ws/install/draw_flight_mode/share/draw_flight_mode/environment/path.sh
[17.239s] -- Installing: /home/avmi-lab-user/ThreatField2025/workspace/ros2_ws/install/draw_flight_mode/share/draw_flight_mode/environment/path.dsv
[17.240s] -- Installing: /home/avmi-lab-user/ThreatField2025/workspace/ros2_ws/install/draw_flight_mode/share/draw_flight_mode/local_setup.bash
[17.240s] -- Installing: /home/avmi-lab-user/ThreatField2025/workspace/ros2_ws/install/draw_flight_mode/share/draw_flight_mode/local_setup.sh
[17.240s] -- Installing: /home/avmi-lab-user/ThreatField2025/workspace/ros2_ws/install/draw_flight_mode/share/draw_flight_mode/local_setup.zsh
[17.240s] -- Installing: /home/avmi-lab-user/ThreatField2025/workspace/ros2_ws/install/draw_flight_mode/share/draw_flight_mode/local_setup.dsv
[17.240s] -- Installing: /home/avmi-lab-user/ThreatField2025/workspace/ros2_ws/install/draw_flight_mode/share/draw_flight_mode/package.dsv
[17.241s] -- Installing: /home/avmi-lab-user/ThreatField2025/workspace/ros2_ws/install/draw_flight_mode/share/ament_index/resource_index/packages/draw_flight_mode
[17.243s] -- Installing: /home/avmi-lab-user/ThreatField2025/workspace/ros2_ws/install/draw_flight_mode/share/draw_flight_mode/cmake/draw_flight_modeConfig.cmake
[17.243s] -- Installing: /home/avmi-lab-user/ThreatField2025/workspace/ros2_ws/install/draw_flight_mode/share/draw_flight_mode/cmake/draw_flight_modeConfig-version.cmake
[17.244s] -- Installing: /home/avmi-lab-user/ThreatField2025/workspace/ros2_ws/install/draw_flight_mode/share/draw_flight_mode/package.xml
[17.246s] Invoked command in '/home/avmi-lab-user/ThreatField2025/workspace/ros2_ws/build/draw_flight_mode' returned '0': AMENT_PREFIX_PATH=/home/avmi-lab-user/ThreatField2025/workspace/ros2_ws/install/px4_ros2_cpp:/home/avmi-lab-user/ThreatField2025/workspace/ros2_ws/install/px4_msgs:${AMENT_PREFIX_PATH} CMAKE_PREFIX_PATH=/home/avmi-lab-user/ThreatField2025/workspace/ros2_ws/install/px4_ros2_cpp:/home/avmi-lab-user/ThreatField2025/workspace/ros2_ws/install/px4_msgs:/opt/ros/humble LD_LIBRARY_PATH=/home/avmi-lab-user/ThreatField2025/workspace/ros2_ws/install/px4_ros2_cpp/lib:/home/avmi-lab-user/ThreatField2025/workspace/ros2_ws/install/px4_msgs/lib:${LD_LIBRARY_PATH} PYTHONPATH=/home/avmi-lab-user/ThreatField2025/workspace/ros2_ws/install/px4_msgs/local/lib/python3.10/dist-packages:${PYTHONPATH} /usr/bin/cmake --install /home/avmi-lab-user/ThreatField2025/workspace/ros2_ws/build/draw_flight_mode
