[0.009s] Invoking command in '/home/avmi-lab-user/ThreatField2025/workspace/ros2_ws/build/interface': CMAKE_PREFIX_PATH=/opt/ros/humble /usr/bin/cmake --build /home/avmi-lab-user/ThreatField2025/workspace/ros2_ws/build/interface -- -j8 -l8
[0.026s] -- Found ament_cmake: 1.3.11 (/opt/ros/humble/share/ament_cmake/cmake)
[0.120s] -- Override CMake install command with custom implementation using symlinks instead of copying resources
[0.125s] -- Found geometry_msgs: 4.9.0 (/opt/ros/humble/share/geometry_msgs/cmake)
[0.145s] -- Found rosidl_generator_c: 3.1.6 (/opt/ros/humble/share/rosidl_generator_c/cmake)
[0.147s] -- Found rosidl_adapter: 3.1.6 (/opt/ros/humble/share/rosidl_adapter/cmake)
[0.152s] -- Found rosidl_generator_cpp: 3.1.6 (/opt/ros/humble/share/rosidl_generator_cpp/cmake)
[0.159s] -- Using all available rosidl_typesupport_c: rosidl_typesupport_fastrtps_c;rosidl_typesupport_introspection_c
[0.167s] -- Using all available rosidl_typesupport_cpp: rosidl_typesupport_fastrtps_cpp;rosidl_typesupport_introspection_cpp
[0.195s] -- Found rosidl_default_generators: 1.2.0 (/opt/ros/humble/share/rosidl_default_generators/cmake)
[0.408s] -- Found ament_cmake_ros: 0.10.0 (/opt/ros/humble/share/ament_cmake_ros/cmake)
[0.762s] -- Using all available rosidl_typesupport_c: rosidl_typesupport_fastrtps_c;rosidl_typesupport_introspection_c
[0.872s] -- Using all available rosidl_typesupport_cpp: rosidl_typesupport_fastrtps_cpp;rosidl_typesupport_introspection_cpp
[0.894s] -- Found python_cmake_module: 0.10.0 (/opt/ros/humble/share/python_cmake_module/cmake)
[0.918s] -- Using PYTHON_EXECUTABLE: /usr/bin/python3
[0.918s] -- Using PYTHON_INCLUDE_DIRS: /usr/include/python3.10
[0.918s] -- Using PYTHON_LIBRARIES: /usr/lib/x86_64-linux-gnu/libpython3.10.so
[0.928s] -- Found ament_lint_auto: 0.12.12 (/opt/ros/humble/share/ament_lint_auto/cmake)
[0.939s] -- Added test 'lint_cmake' to check CMake code style
[0.940s] -- Added test 'xmllint' to check XML markup files
[0.942s] -- Configuring done
[0.981s] -- Generating done
[0.988s] -- Build files have been written to: /home/avmi-lab-user/ThreatField2025/workspace/ros2_ws/build/interface
[1.020s] [  2%] [34m[1mGenerating C code for ROS interfaces[0m
[1.042s] [  5%] [34m[1mGenerating C++ code for ROS interfaces[0m
[1.046s] [  5%] Built target ament_cmake_python_symlink_interface
[1.498s] [  5%] Built target interface__cpp
[1.515s] [  7%] [34m[1mGenerating C++ type support dispatch for ROS interfaces[0m
[1.525s] [ 10%] [34m[1mGenerating C++ introspection for ROS interfaces[0m
[1.525s] [ 12%] [34m[1mGenerating C++ type support for eProsima Fast-RTPS[0m
[1.547s] running egg_info
[1.570s] writing interface.egg-info/PKG-INFO
[1.570s] writing dependency_links to interface.egg-info/dependency_links.txt
[1.571s] writing top-level names to interface.egg-info/top_level.txt
[1.709s] reading manifest file 'interface.egg-info/SOURCES.txt'
[1.709s] writing manifest file 'interface.egg-info/SOURCES.txt'
[1.735s] [35m[1mConsolidate compiler generated dependencies of target interface__rosidl_generator_c[0m
[1.770s] [ 15%] [32mBuilding C object CMakeFiles/interface__rosidl_generator_c.dir/rosidl_generator_c/interface/msg/detail/sensor__functions.c.o[0m
[1.770s] [ 17%] [32mBuilding C object CMakeFiles/interface__rosidl_generator_c.dir/rosidl_generator_c/interface/msg/detail/state__functions.c.o[0m
[1.860s] [ 17%] Built target ament_cmake_python_build_interface_egg
[1.875s] [ 20%] [32m[1mLinking C shared library libinterface__rosidl_generator_c.so[0m
[1.923s] [ 20%] Built target interface__rosidl_generator_c
[1.944s] [ 25%] [34m[1mGenerating C type support dispatch for ROS interfaces[0m
[1.945s] [ 25%] [34m[1mGenerating C introspection for ROS interfaces[0m
[1.945s] [ 28%] [34m[1mGenerating C type support for eProsima Fast-RTPS[0m
[2.010s] [35m[1mConsolidate compiler generated dependencies of target interface__rosidl_typesupport_introspection_cpp[0m
[2.045s] [ 30%] [32mBuilding CXX object CMakeFiles/interface__rosidl_typesupport_introspection_cpp.dir/rosidl_typesupport_introspection_cpp/interface/msg/detail/sensor__type_support.cpp.o[0m
[2.053s] [ 33%] [32mBuilding CXX object CMakeFiles/interface__rosidl_typesupport_introspection_cpp.dir/rosidl_typesupport_introspection_cpp/interface/msg/detail/state__type_support.cpp.o[0m
[2.275s] [35m[1mConsolidate compiler generated dependencies of target interface__rosidl_typesupport_fastrtps_cpp[0m
[2.355s] [ 35%] [32mBuilding CXX object CMakeFiles/interface__rosidl_typesupport_fastrtps_cpp.dir/rosidl_typesupport_fastrtps_cpp/interface/msg/detail/dds_fastrtps/state__type_support.cpp.o[0m
[2.355s] [ 38%] [32mBuilding CXX object CMakeFiles/interface__rosidl_typesupport_fastrtps_cpp.dir/rosidl_typesupport_fastrtps_cpp/interface/msg/detail/dds_fastrtps/sensor__type_support.cpp.o[0m
[2.412s] [35m[1mConsolidate compiler generated dependencies of target interface__rosidl_typesupport_cpp[0m
[2.460s] [ 41%] [32mBuilding CXX object CMakeFiles/interface__rosidl_typesupport_cpp.dir/rosidl_typesupport_cpp/interface/msg/sensor__type_support.cpp.o[0m
[2.560s] [35m[1mConsolidate compiler generated dependencies of target interface__rosidl_typesupport_c[0m
[2.590s] [ 43%] [32mBuilding CXX object CMakeFiles/interface__rosidl_typesupport_c.dir/rosidl_typesupport_c/interface/msg/sensor__type_support.cpp.o[0m
[2.713s] [ 46%] [32mBuilding CXX object CMakeFiles/interface__rosidl_typesupport_c.dir/rosidl_typesupport_c/interface/msg/state__type_support.cpp.o[0m
[2.822s] [ 48%] [32m[1mLinking CXX shared library libinterface__rosidl_typesupport_c.so[0m
[2.864s] [ 51%] [32mBuilding CXX object CMakeFiles/interface__rosidl_typesupport_cpp.dir/rosidl_typesupport_cpp/interface/msg/state__type_support.cpp.o[0m
[3.043s] [35m[1mConsolidate compiler generated dependencies of target interface__rosidl_typesupport_fastrtps_c[0m
[3.043s] [35m[1mConsolidate compiler generated dependencies of target interface__rosidl_typesupport_introspection_c[0m
[3.066s] [ 56%] [32mBuilding C object CMakeFiles/interface__rosidl_typesupport_introspection_c.dir/rosidl_typesupport_introspection_c/interface/msg/detail/sensor__type_support.c.o[0m
[3.081s] [ 53%] [32mBuilding C object CMakeFiles/interface__rosidl_typesupport_introspection_c.dir/rosidl_typesupport_introspection_c/interface/msg/detail/state__type_support.c.o[0m
[3.086s] [ 58%] [32mBuilding CXX object CMakeFiles/interface__rosidl_typesupport_fastrtps_c.dir/rosidl_typesupport_fastrtps_c/interface/msg/detail/sensor__type_support_c.cpp.o[0m
[3.097s] [ 58%] Built target interface__rosidl_typesupport_c
[3.152s] [ 61%] [32mBuilding CXX object CMakeFiles/interface__rosidl_typesupport_fastrtps_c.dir/rosidl_typesupport_fastrtps_c/interface/msg/detail/state__type_support_c.cpp.o[0m
[3.215s] [ 64%] [32m[1mLinking C shared library libinterface__rosidl_typesupport_introspection_c.so[0m
[3.341s] [ 64%] Built target interface__rosidl_typesupport_introspection_c
[3.398s] [ 66%] [32m[1mLinking CXX shared library libinterface__rosidl_typesupport_cpp.so[0m
[3.404s] [ 69%] [32m[1mLinking CXX shared library libinterface__rosidl_typesupport_introspection_cpp.so[0m
[3.483s] [ 69%] Built target interface__rosidl_typesupport_cpp
[3.514s] [ 69%] Built target interface__rosidl_typesupport_introspection_cpp
[3.682s] [ 71%] [32m[1mLinking CXX shared library libinterface__rosidl_typesupport_fastrtps_cpp.so[0m
[3.759s] [ 74%] [32m[1mLinking CXX shared library libinterface__rosidl_typesupport_fastrtps_c.so[0m
[3.850s] [ 74%] Built target interface__rosidl_typesupport_fastrtps_cpp
[3.873s] [ 74%] Built target interface__rosidl_typesupport_fastrtps_c
[3.894s] [ 74%] Built target interface
[3.913s] [ 76%] [34m[1mGenerating Python code for ROS interfaces[0m
[4.314s] [ 76%] Built target interface__py
[4.323s] [35m[1mConsolidate compiler generated dependencies of target interface__rosidl_generator_py[0m
[4.333s] [ 82%] [32mBuilding C object CMakeFiles/interface__rosidl_generator_py.dir/rosidl_generator_py/interface/msg/_state_s.c.o[0m
[4.333s] [ 82%] [32mBuilding C object CMakeFiles/interface__rosidl_generator_py.dir/rosidl_generator_py/interface/msg/_sensor_s.c.o[0m
[4.436s] [ 84%] [32m[1mLinking C shared library rosidl_generator_py/interface/libinterface__rosidl_generator_py.so[0m
[4.474s] [ 84%] Built target interface__rosidl_generator_py
[4.486s] [35m[1mConsolidate compiler generated dependencies of target interface__rosidl_typesupport_c__pyext[0m
[4.490s] [35m[1mConsolidate compiler generated dependencies of target interface__rosidl_typesupport_introspection_c__pyext[0m
[4.491s] [35m[1mConsolidate compiler generated dependencies of target interface__rosidl_typesupport_fastrtps_c__pyext[0m
[4.501s] [ 89%] [32mBuilding C object CMakeFiles/interface__rosidl_typesupport_fastrtps_c__pyext.dir/rosidl_generator_py/interface/_interface_s.ep.rosidl_typesupport_fastrtps_c.c.o[0m
[4.502s] [ 89%] [32mBuilding C object CMakeFiles/interface__rosidl_typesupport_c__pyext.dir/rosidl_generator_py/interface/_interface_s.ep.rosidl_typesupport_c.c.o[0m
[4.504s] [ 92%] [32mBuilding C object CMakeFiles/interface__rosidl_typesupport_introspection_c__pyext.dir/rosidl_generator_py/interface/_interface_s.ep.rosidl_typesupport_introspection_c.c.o[0m
[4.618s] [ 97%] [32m[1mLinking C shared library rosidl_generator_py/interface/interface_s__rosidl_typesupport_introspection_c.cpython-310-x86_64-linux-gnu.so[0m
[4.618s] [ 97%] [32m[1mLinking C shared library rosidl_generator_py/interface/interface_s__rosidl_typesupport_fastrtps_c.cpython-310-x86_64-linux-gnu.so[0m
[4.618s] [100%] [32m[1mLinking C shared library rosidl_generator_py/interface/interface_s__rosidl_typesupport_c.cpython-310-x86_64-linux-gnu.so[0m
[4.659s] [100%] Built target interface__rosidl_typesupport_c__pyext
[4.659s] [100%] Built target interface__rosidl_typesupport_introspection_c__pyext
[4.660s] [100%] Built target interface__rosidl_typesupport_fastrtps_c__pyext
[4.671s] Invoked command in '/home/avmi-lab-user/ThreatField2025/workspace/ros2_ws/build/interface' returned '0': CMAKE_PREFIX_PATH=/opt/ros/humble /usr/bin/cmake --build /home/avmi-lab-user/ThreatField2025/workspace/ros2_ws/build/interface -- -j8 -l8
[4.673s] Invoking command in '/home/avmi-lab-user/ThreatField2025/workspace/ros2_ws/build/interface': CMAKE_PREFIX_PATH=/opt/ros/humble /usr/bin/cmake --install /home/avmi-lab-user/ThreatField2025/workspace/ros2_ws/build/interface
[4.681s] -- Install configuration: ""
[4.681s] -- Execute custom install script
[4.681s] -- Up-to-date symlink: /home/avmi-lab-user/ThreatField2025/workspace/ros2_ws/install/interface/share/ament_index/resource_index/rosidl_interfaces/interface
[4.682s] -- Up-to-date symlink: /home/avmi-lab-user/ThreatField2025/workspace/ros2_ws/install/interface/include/interface/interface/msg/detail/num__functions.h
[4.682s] -- Up-to-date symlink: /home/avmi-lab-user/ThreatField2025/workspace/ros2_ws/install/interface/include/interface/interface/msg/detail/num__struct.h
[4.682s] -- Up-to-date symlink: /home/avmi-lab-user/ThreatField2025/workspace/ros2_ws/install/interface/include/interface/interface/msg/detail/num__type_support.h
[4.682s] -- Up-to-date symlink: /home/avmi-lab-user/ThreatField2025/workspace/ros2_ws/install/interface/include/interface/interface/msg/detail/sensor__functions.h
[4.682s] -- Up-to-date symlink: /home/avmi-lab-user/ThreatField2025/workspace/ros2_ws/install/interface/include/interface/interface/msg/detail/sensor__struct.h
[4.682s] -- Up-to-date symlink: /home/avmi-lab-user/ThreatField2025/workspace/ros2_ws/install/interface/include/interface/interface/msg/detail/sensor__type_support.h
[4.682s] -- Symlinking: /home/avmi-lab-user/ThreatField2025/workspace/ros2_ws/install/interface/include/interface/interface/msg/detail/state__functions.h
[4.691s] -- Symlinking: /home/avmi-lab-user/ThreatField2025/workspace/ros2_ws/install/interface/include/interface/interface/msg/detail/state__struct.h
[4.700s] -- Symlinking: /home/avmi-lab-user/ThreatField2025/workspace/ros2_ws/install/interface/include/interface/interface/msg/detail/state__type_support.h
[4.710s] -- Up-to-date symlink: /home/avmi-lab-user/ThreatField2025/workspace/ros2_ws/install/interface/include/interface/interface/msg/num.h
[4.711s] -- Up-to-date symlink: /home/avmi-lab-user/ThreatField2025/workspace/ros2_ws/install/interface/include/interface/interface/msg/rosidl_generator_c__visibility_control.h
[4.711s] -- Up-to-date symlink: /home/avmi-lab-user/ThreatField2025/workspace/ros2_ws/install/interface/include/interface/interface/msg/sensor.h
[4.711s] -- Symlinking: /home/avmi-lab-user/ThreatField2025/workspace/ros2_ws/install/interface/include/interface/interface/msg/state.h
[4.718s] -- Up-to-date symlink: /home/avmi-lab-user/ThreatField2025/workspace/ros2_ws/install/interface/share/interface/environment/library_path.sh
[4.719s] -- Up-to-date symlink: /home/avmi-lab-user/ThreatField2025/workspace/ros2_ws/install/interface/share/interface/environment/library_path.dsv
[4.719s] -- Up-to-date symlink: /home/avmi-lab-user/ThreatField2025/workspace/ros2_ws/install/interface/include/interface/interface/msg/detail/num__rosidl_typesupport_fastrtps_c.h
[4.719s] -- Up-to-date symlink: /home/avmi-lab-user/ThreatField2025/workspace/ros2_ws/install/interface/include/interface/interface/msg/detail/sensor__rosidl_typesupport_fastrtps_c.h
[4.719s] -- Symlinking: /home/avmi-lab-user/ThreatField2025/workspace/ros2_ws/install/interface/include/interface/interface/msg/detail/state__rosidl_typesupport_fastrtps_c.h
[4.731s] -- Up-to-date symlink: /home/avmi-lab-user/ThreatField2025/workspace/ros2_ws/install/interface/include/interface/interface/msg/rosidl_typesupport_fastrtps_c__visibility_control.h
[4.731s] -- Up-to-date symlink: /home/avmi-lab-user/ThreatField2025/workspace/ros2_ws/install/interface/include/interface/interface/msg/detail/num__builder.hpp
[4.731s] -- Up-to-date symlink: /home/avmi-lab-user/ThreatField2025/workspace/ros2_ws/install/interface/include/interface/interface/msg/detail/num__struct.hpp
[4.732s] -- Up-to-date symlink: /home/avmi-lab-user/ThreatField2025/workspace/ros2_ws/install/interface/include/interface/interface/msg/detail/num__traits.hpp
[4.732s] -- Up-to-date symlink: /home/avmi-lab-user/ThreatField2025/workspace/ros2_ws/install/interface/include/interface/interface/msg/detail/num__type_support.hpp
[4.732s] -- Up-to-date symlink: /home/avmi-lab-user/ThreatField2025/workspace/ros2_ws/install/interface/include/interface/interface/msg/detail/sensor__builder.hpp
[4.732s] -- Up-to-date symlink: /home/avmi-lab-user/ThreatField2025/workspace/ros2_ws/install/interface/include/interface/interface/msg/detail/sensor__struct.hpp
[4.732s] -- Up-to-date symlink: /home/avmi-lab-user/ThreatField2025/workspace/ros2_ws/install/interface/include/interface/interface/msg/detail/sensor__traits.hpp
[4.732s] -- Up-to-date symlink: /home/avmi-lab-user/ThreatField2025/workspace/ros2_ws/install/interface/include/interface/interface/msg/detail/sensor__type_support.hpp
[4.732s] -- Symlinking: /home/avmi-lab-user/ThreatField2025/workspace/ros2_ws/install/interface/include/interface/interface/msg/detail/state__builder.hpp
[4.743s] -- Symlinking: /home/avmi-lab-user/ThreatField2025/workspace/ros2_ws/install/interface/include/interface/interface/msg/detail/state__struct.hpp
[4.750s] -- Symlinking: /home/avmi-lab-user/ThreatField2025/workspace/ros2_ws/install/interface/include/interface/interface/msg/detail/state__traits.hpp
[4.758s] -- Symlinking: /home/avmi-lab-user/ThreatField2025/workspace/ros2_ws/install/interface/include/interface/interface/msg/detail/state__type_support.hpp
[4.769s] -- Up-to-date symlink: /home/avmi-lab-user/ThreatField2025/workspace/ros2_ws/install/interface/include/interface/interface/msg/num.hpp
[4.769s] -- Up-to-date symlink: /home/avmi-lab-user/ThreatField2025/workspace/ros2_ws/install/interface/include/interface/interface/msg/rosidl_generator_cpp__visibility_control.hpp
[4.769s] -- Up-to-date symlink: /home/avmi-lab-user/ThreatField2025/workspace/ros2_ws/install/interface/include/interface/interface/msg/sensor.hpp
[4.769s] -- Symlinking: /home/avmi-lab-user/ThreatField2025/workspace/ros2_ws/install/interface/include/interface/interface/msg/state.hpp
[4.779s] -- Up-to-date symlink: /home/avmi-lab-user/ThreatField2025/workspace/ros2_ws/install/interface/include/interface/interface/msg/detail/num__rosidl_typesupport_fastrtps_cpp.hpp
[4.779s] -- Up-to-date symlink: /home/avmi-lab-user/ThreatField2025/workspace/ros2_ws/install/interface/include/interface/interface/msg/detail/sensor__rosidl_typesupport_fastrtps_cpp.hpp
[4.779s] -- Symlinking: /home/avmi-lab-user/ThreatField2025/workspace/ros2_ws/install/interface/include/interface/interface/msg/detail/state__rosidl_typesupport_fastrtps_cpp.hpp
[4.787s] -- Up-to-date symlink: /home/avmi-lab-user/ThreatField2025/workspace/ros2_ws/install/interface/include/interface/interface/msg/rosidl_typesupport_fastrtps_cpp__visibility_control.h
[4.787s] -- Up-to-date symlink: /home/avmi-lab-user/ThreatField2025/workspace/ros2_ws/install/interface/include/interface/interface/msg/detail/num__rosidl_typesupport_introspection_c.h
[4.788s] -- Up-to-date symlink: /home/avmi-lab-user/ThreatField2025/workspace/ros2_ws/install/interface/include/interface/interface/msg/detail/sensor__rosidl_typesupport_introspection_c.h
[4.788s] -- Symlinking: /home/avmi-lab-user/ThreatField2025/workspace/ros2_ws/install/interface/include/interface/interface/msg/detail/state__rosidl_typesupport_introspection_c.h
[4.796s] -- Up-to-date symlink: /home/avmi-lab-user/ThreatField2025/workspace/ros2_ws/install/interface/include/interface/interface/msg/rosidl_typesupport_introspection_c__visibility_control.h
[4.796s] -- Up-to-date symlink: /home/avmi-lab-user/ThreatField2025/workspace/ros2_ws/install/interface/include/interface/interface/msg/detail/num__rosidl_typesupport_introspection_cpp.hpp
[4.796s] -- Up-to-date symlink: /home/avmi-lab-user/ThreatField2025/workspace/ros2_ws/install/interface/include/interface/interface/msg/detail/sensor__rosidl_typesupport_introspection_cpp.hpp
[4.796s] -- Symlinking: /home/avmi-lab-user/ThreatField2025/workspace/ros2_ws/install/interface/include/interface/interface/msg/detail/state__rosidl_typesupport_introspection_cpp.hpp
[4.806s] -- Up-to-date symlink: /home/avmi-lab-user/ThreatField2025/workspace/ros2_ws/install/interface/share/interface/environment/pythonpath.sh
[4.806s] -- Up-to-date symlink: /home/avmi-lab-user/ThreatField2025/workspace/ros2_ws/install/interface/share/interface/environment/pythonpath.dsv
[4.807s] -- Up-to-date symlink: /home/avmi-lab-user/ThreatField2025/workspace/ros2_ws/install/interface/local/lib/python3.10/dist-packages/interface-0.0.0-py3.10.egg-info/PKG-INFO
[4.807s] -- Up-to-date symlink: /home/avmi-lab-user/ThreatField2025/workspace/ros2_ws/install/interface/local/lib/python3.10/dist-packages/interface-0.0.0-py3.10.egg-info/SOURCES.txt
[4.807s] -- Up-to-date symlink: /home/avmi-lab-user/ThreatField2025/workspace/ros2_ws/install/interface/local/lib/python3.10/dist-packages/interface-0.0.0-py3.10.egg-info/dependency_links.txt
[4.807s] -- Up-to-date symlink: /home/avmi-lab-user/ThreatField2025/workspace/ros2_ws/install/interface/local/lib/python3.10/dist-packages/interface-0.0.0-py3.10.egg-info/top_level.txt
[4.808s] -- Up-to-date symlink: /home/avmi-lab-user/ThreatField2025/workspace/ros2_ws/install/interface/local/lib/python3.10/dist-packages/interface/__init__.py
[4.808s] -- Up-to-date symlink: /home/avmi-lab-user/ThreatField2025/workspace/ros2_ws/install/interface/local/lib/python3.10/dist-packages/interface/_interface_s.ep.rosidl_typesupport_c.c
[4.808s] -- Up-to-date symlink: /home/avmi-lab-user/ThreatField2025/workspace/ros2_ws/install/interface/local/lib/python3.10/dist-packages/interface/_interface_s.ep.rosidl_typesupport_fastrtps_c.c
[4.808s] -- Up-to-date symlink: /home/avmi-lab-user/ThreatField2025/workspace/ros2_ws/install/interface/local/lib/python3.10/dist-packages/interface/_interface_s.ep.rosidl_typesupport_introspection_c.c
[4.808s] -- Up-to-date symlink: /home/avmi-lab-user/ThreatField2025/workspace/ros2_ws/install/interface/local/lib/python3.10/dist-packages/interface/interface_s__rosidl_typesupport_c.cpython-310-x86_64-linux-gnu.so
[4.809s] -- Up-to-date symlink: /home/avmi-lab-user/ThreatField2025/workspace/ros2_ws/install/interface/local/lib/python3.10/dist-packages/interface/interface_s__rosidl_typesupport_fastrtps_c.cpython-310-x86_64-linux-gnu.so
[4.809s] -- Up-to-date symlink: /home/avmi-lab-user/ThreatField2025/workspace/ros2_ws/install/interface/local/lib/python3.10/dist-packages/interface/interface_s__rosidl_typesupport_introspection_c.cpython-310-x86_64-linux-gnu.so
[4.809s] -- Up-to-date symlink: /home/avmi-lab-user/ThreatField2025/workspace/ros2_ws/install/interface/local/lib/python3.10/dist-packages/interface/libinterface__rosidl_generator_py.so
[4.809s] -- Up-to-date symlink: /home/avmi-lab-user/ThreatField2025/workspace/ros2_ws/install/interface/local/lib/python3.10/dist-packages/interface/msg/__init__.py
[4.809s] -- Up-to-date symlink: /home/avmi-lab-user/ThreatField2025/workspace/ros2_ws/install/interface/local/lib/python3.10/dist-packages/interface/msg/_num.py
[4.809s] -- Up-to-date symlink: /home/avmi-lab-user/ThreatField2025/workspace/ros2_ws/install/interface/local/lib/python3.10/dist-packages/interface/msg/_num_s.c
[4.809s] -- Up-to-date symlink: /home/avmi-lab-user/ThreatField2025/workspace/ros2_ws/install/interface/local/lib/python3.10/dist-packages/interface/msg/_sensor.py
[4.810s] -- Up-to-date symlink: /home/avmi-lab-user/ThreatField2025/workspace/ros2_ws/install/interface/local/lib/python3.10/dist-packages/interface/msg/_sensor_s.c
[4.810s] -- Symlinking: /home/avmi-lab-user/ThreatField2025/workspace/ros2_ws/install/interface/local/lib/python3.10/dist-packages/interface/msg/_state.py
[4.818s] -- Symlinking: /home/avmi-lab-user/ThreatField2025/workspace/ros2_ws/install/interface/local/lib/python3.10/dist-packages/interface/msg/_state_s.c
[4.826s] -- Up-to-date symlink: /home/avmi-lab-user/ThreatField2025/workspace/ros2_ws/install/interface/local/lib/python3.10/dist-packages/interface/interface_s__rosidl_typesupport_fastrtps_c.cpython-310-x86_64-linux-gnu.so
[4.826s] -- Up-to-date symlink: /home/avmi-lab-user/ThreatField2025/workspace/ros2_ws/install/interface/local/lib/python3.10/dist-packages/interface/interface_s__rosidl_typesupport_introspection_c.cpython-310-x86_64-linux-gnu.so
[4.826s] -- Up-to-date symlink: /home/avmi-lab-user/ThreatField2025/workspace/ros2_ws/install/interface/local/lib/python3.10/dist-packages/interface/interface_s__rosidl_typesupport_c.cpython-310-x86_64-linux-gnu.so
[4.826s] -- Up-to-date symlink: /home/avmi-lab-user/ThreatField2025/workspace/ros2_ws/install/interface/share/interface/msg/Sensor.idl
[4.826s] -- Symlinking: /home/avmi-lab-user/ThreatField2025/workspace/ros2_ws/install/interface/share/interface/msg/State.idl
[4.834s] -- Up-to-date symlink: /home/avmi-lab-user/ThreatField2025/workspace/ros2_ws/install/interface/share/interface/msg/Sensor.msg
[4.834s] -- Symlinking: /home/avmi-lab-user/ThreatField2025/workspace/ros2_ws/install/interface/share/interface/msg/State.msg
[4.843s] -- Up-to-date symlink: /home/avmi-lab-user/ThreatField2025/workspace/ros2_ws/install/interface/share/ament_index/resource_index/package_run_dependencies/interface
[4.843s] -- Up-to-date symlink: /home/avmi-lab-user/ThreatField2025/workspace/ros2_ws/install/interface/share/ament_index/resource_index/parent_prefix_path/interface
[4.843s] -- Up-to-date symlink: /home/avmi-lab-user/ThreatField2025/workspace/ros2_ws/install/interface/share/interface/environment/ament_prefix_path.sh
[4.843s] -- Up-to-date symlink: /home/avmi-lab-user/ThreatField2025/workspace/ros2_ws/install/interface/share/interface/environment/ament_prefix_path.dsv
[4.843s] -- Up-to-date symlink: /home/avmi-lab-user/ThreatField2025/workspace/ros2_ws/install/interface/share/interface/environment/path.sh
[4.843s] -- Up-to-date symlink: /home/avmi-lab-user/ThreatField2025/workspace/ros2_ws/install/interface/share/interface/environment/path.dsv
[4.844s] -- Up-to-date symlink: /home/avmi-lab-user/ThreatField2025/workspace/ros2_ws/install/interface/share/interface/local_setup.bash
[4.844s] -- Up-to-date symlink: /home/avmi-lab-user/ThreatField2025/workspace/ros2_ws/install/interface/share/interface/local_setup.sh
[4.844s] -- Up-to-date symlink: /home/avmi-lab-user/ThreatField2025/workspace/ros2_ws/install/interface/share/interface/local_setup.zsh
[4.844s] -- Up-to-date symlink: /home/avmi-lab-user/ThreatField2025/workspace/ros2_ws/install/interface/share/interface/local_setup.dsv
[4.844s] -- Symlinking: /home/avmi-lab-user/ThreatField2025/workspace/ros2_ws/install/interface/share/interface/package.dsv
[4.854s] -- Up-to-date symlink: /home/avmi-lab-user/ThreatField2025/workspace/ros2_ws/install/interface/share/ament_index/resource_index/packages/interface
[4.854s] -- Up-to-date symlink: /home/avmi-lab-user/ThreatField2025/workspace/ros2_ws/install/interface/share/interface/cmake/rosidl_cmake-extras.cmake
[4.855s] -- Up-to-date symlink: /home/avmi-lab-user/ThreatField2025/workspace/ros2_ws/install/interface/share/interface/cmake/ament_cmake_export_include_directories-extras.cmake
[4.855s] -- Up-to-date symlink: /home/avmi-lab-user/ThreatField2025/workspace/ros2_ws/install/interface/share/interface/cmake/ament_cmake_export_libraries-extras.cmake
[4.855s] -- Up-to-date symlink: /home/avmi-lab-user/ThreatField2025/workspace/ros2_ws/install/interface/share/interface/cmake/ament_cmake_export_targets-extras.cmake
[4.855s] -- Up-to-date symlink: /home/avmi-lab-user/ThreatField2025/workspace/ros2_ws/install/interface/share/interface/cmake/rosidl_cmake_export_typesupport_targets-extras.cmake
[4.855s] -- Up-to-date symlink: /home/avmi-lab-user/ThreatField2025/workspace/ros2_ws/install/interface/share/interface/cmake/ament_cmake_export_dependencies-extras.cmake
[4.855s] -- Up-to-date symlink: /home/avmi-lab-user/ThreatField2025/workspace/ros2_ws/install/interface/share/interface/cmake/rosidl_cmake_export_typesupport_libraries-extras.cmake
[4.855s] -- Up-to-date symlink: /home/avmi-lab-user/ThreatField2025/workspace/ros2_ws/install/interface/share/interface/cmake/interfaceConfig.cmake
[4.855s] -- Up-to-date symlink: /home/avmi-lab-user/ThreatField2025/workspace/ros2_ws/install/interface/share/interface/cmake/interfaceConfig-version.cmake
[4.856s] -- Up-to-date symlink: /home/avmi-lab-user/ThreatField2025/workspace/ros2_ws/install/interface/share/interface/package.xml
[4.856s] -- Installing: /home/avmi-lab-user/ThreatField2025/workspace/ros2_ws/install/interface/lib/libinterface__rosidl_generator_c.so
[4.856s] -- Set runtime path of "/home/avmi-lab-user/ThreatField2025/workspace/ros2_ws/install/interface/lib/libinterface__rosidl_generator_c.so" to ""
[4.856s] -- Installing: /home/avmi-lab-user/ThreatField2025/workspace/ros2_ws/install/interface/lib/libinterface__rosidl_typesupport_fastrtps_c.so
[4.857s] -- Set runtime path of "/home/avmi-lab-user/ThreatField2025/workspace/ros2_ws/install/interface/lib/libinterface__rosidl_typesupport_fastrtps_c.so" to ""
[4.857s] -- Installing: /home/avmi-lab-user/ThreatField2025/workspace/ros2_ws/install/interface/lib/libinterface__rosidl_typesupport_fastrtps_cpp.so
[4.858s] -- Set runtime path of "/home/avmi-lab-user/ThreatField2025/workspace/ros2_ws/install/interface/lib/libinterface__rosidl_typesupport_fastrtps_cpp.so" to ""
[4.858s] -- Installing: /home/avmi-lab-user/ThreatField2025/workspace/ros2_ws/install/interface/lib/libinterface__rosidl_typesupport_introspection_c.so
[4.858s] -- Set runtime path of "/home/avmi-lab-user/ThreatField2025/workspace/ros2_ws/install/interface/lib/libinterface__rosidl_typesupport_introspection_c.so" to ""
[4.858s] -- Installing: /home/avmi-lab-user/ThreatField2025/workspace/ros2_ws/install/interface/lib/libinterface__rosidl_typesupport_c.so
[4.859s] -- Set runtime path of "/home/avmi-lab-user/ThreatField2025/workspace/ros2_ws/install/interface/lib/libinterface__rosidl_typesupport_c.so" to ""
[4.859s] -- Installing: /home/avmi-lab-user/ThreatField2025/workspace/ros2_ws/install/interface/lib/libinterface__rosidl_typesupport_introspection_cpp.so
[4.859s] -- Set runtime path of "/home/avmi-lab-user/ThreatField2025/workspace/ros2_ws/install/interface/lib/libinterface__rosidl_typesupport_introspection_cpp.so" to ""
[4.859s] -- Installing: /home/avmi-lab-user/ThreatField2025/workspace/ros2_ws/install/interface/lib/libinterface__rosidl_typesupport_cpp.so
[4.859s] -- Set runtime path of "/home/avmi-lab-user/ThreatField2025/workspace/ros2_ws/install/interface/lib/libinterface__rosidl_typesupport_cpp.so" to ""
[4.896s] Listing '/home/avmi-lab-user/ThreatField2025/workspace/ros2_ws/install/interface/local/lib/python3.10/dist-packages/interface'...
[4.896s] Compiling '/home/avmi-lab-user/ThreatField2025/workspace/ros2_ws/install/interface/local/lib/python3.10/dist-packages/interface/__init__.py'...
[4.896s] Listing '/home/avmi-lab-user/ThreatField2025/workspace/ros2_ws/install/interface/local/lib/python3.10/dist-packages/interface/msg'...
[4.896s] Compiling '/home/avmi-lab-user/ThreatField2025/workspace/ros2_ws/install/interface/local/lib/python3.10/dist-packages/interface/msg/__init__.py'...
[4.896s] Compiling '/home/avmi-lab-user/ThreatField2025/workspace/ros2_ws/install/interface/local/lib/python3.10/dist-packages/interface/msg/_sensor.py'...
[4.896s] Compiling '/home/avmi-lab-user/ThreatField2025/workspace/ros2_ws/install/interface/local/lib/python3.10/dist-packages/interface/msg/_state.py'...
[4.901s] -- Installing: /home/avmi-lab-user/ThreatField2025/workspace/ros2_ws/install/interface/lib/libinterface__rosidl_generator_py.so
[4.901s] -- Set runtime path of "/home/avmi-lab-user/ThreatField2025/workspace/ros2_ws/install/interface/lib/libinterface__rosidl_generator_py.so" to ""
[4.901s] -- Up-to-date: /home/avmi-lab-user/ThreatField2025/workspace/ros2_ws/install/interface/share/interface/cmake/export_interface__rosidl_generator_cExport.cmake
[4.901s] -- Up-to-date: /home/avmi-lab-user/ThreatField2025/workspace/ros2_ws/install/interface/share/interface/cmake/export_interface__rosidl_generator_cExport-noconfig.cmake
[4.901s] -- Up-to-date: /home/avmi-lab-user/ThreatField2025/workspace/ros2_ws/install/interface/share/interface/cmake/export_interface__rosidl_typesupport_fastrtps_cExport.cmake
[4.901s] -- Up-to-date: /home/avmi-lab-user/ThreatField2025/workspace/ros2_ws/install/interface/share/interface/cmake/export_interface__rosidl_typesupport_fastrtps_cExport-noconfig.cmake
[4.901s] -- Up-to-date: /home/avmi-lab-user/ThreatField2025/workspace/ros2_ws/install/interface/share/interface/cmake/export_interface__rosidl_generator_cppExport.cmake
[4.901s] -- Up-to-date: /home/avmi-lab-user/ThreatField2025/workspace/ros2_ws/install/interface/share/interface/cmake/export_interface__rosidl_typesupport_fastrtps_cppExport.cmake
[4.901s] -- Up-to-date: /home/avmi-lab-user/ThreatField2025/workspace/ros2_ws/install/interface/share/interface/cmake/export_interface__rosidl_typesupport_fastrtps_cppExport-noconfig.cmake
[4.901s] -- Up-to-date: /home/avmi-lab-user/ThreatField2025/workspace/ros2_ws/install/interface/share/interface/cmake/interface__rosidl_typesupport_introspection_cExport.cmake
[4.902s] -- Up-to-date: /home/avmi-lab-user/ThreatField2025/workspace/ros2_ws/install/interface/share/interface/cmake/interface__rosidl_typesupport_introspection_cExport-noconfig.cmake
[4.902s] -- Up-to-date: /home/avmi-lab-user/ThreatField2025/workspace/ros2_ws/install/interface/share/interface/cmake/interface__rosidl_typesupport_cExport.cmake
[4.902s] -- Up-to-date: /home/avmi-lab-user/ThreatField2025/workspace/ros2_ws/install/interface/share/interface/cmake/interface__rosidl_typesupport_cExport-noconfig.cmake
[4.902s] -- Up-to-date: /home/avmi-lab-user/ThreatField2025/workspace/ros2_ws/install/interface/share/interface/cmake/interface__rosidl_typesupport_introspection_cppExport.cmake
[4.902s] -- Up-to-date: /home/avmi-lab-user/ThreatField2025/workspace/ros2_ws/install/interface/share/interface/cmake/interface__rosidl_typesupport_introspection_cppExport-noconfig.cmake
[4.903s] -- Up-to-date: /home/avmi-lab-user/ThreatField2025/workspace/ros2_ws/install/interface/share/interface/cmake/interface__rosidl_typesupport_cppExport.cmake
[4.903s] -- Up-to-date: /home/avmi-lab-user/ThreatField2025/workspace/ros2_ws/install/interface/share/interface/cmake/interface__rosidl_typesupport_cppExport-noconfig.cmake
[4.903s] -- Up-to-date: /home/avmi-lab-user/ThreatField2025/workspace/ros2_ws/install/interface/share/interface/cmake/export_interface__rosidl_generator_pyExport.cmake
[4.903s] -- Up-to-date: /home/avmi-lab-user/ThreatField2025/workspace/ros2_ws/install/interface/share/interface/cmake/export_interface__rosidl_generator_pyExport-noconfig.cmake
[4.905s] Invoked command in '/home/avmi-lab-user/ThreatField2025/workspace/ros2_ws/build/interface' returned '0': CMAKE_PREFIX_PATH=/opt/ros/humble /usr/bin/cmake --install /home/avmi-lab-user/ThreatField2025/workspace/ros2_ws/build/interface
