[0.035s] Invoking command in '/home/avmi-lab-user/ThreatField2025/workspace/ros2_ws/build/example_mode_fw_attitude_cpp': CMAKE_PREFIX_PATH=/home/avmi-lab-user/ThreatField2025/workspace/ros2_ws/install/px4_ros2_cpp:/home/avmi-lab-user/ThreatField2025/workspace/ros2_ws/install/px4_msgs:/home/avmi-lab-user/ThreatField2025/workspace/ros2_ws/install/px4_ros_com:/home/avmi-lab-user/ThreatField2025/workspace/ros2_ws/install/example_mode_with_executor_cpp:/home/avmi-lab-user/ThreatField2025/workspace/ros2_ws/install/example_mode_vtol_cpp:/home/avmi-lab-user/ThreatField2025/workspace/ros2_ws/install/example_mode_rtl_replacement_cpp:/home/avmi-lab-user/ThreatField2025/workspace/ros2_ws/install/example_mode_manual_cpp:/home/avmi-lab-user/ThreatField2025/workspace/ros2_ws/install/example_mode_goto_global_cpp:/home/avmi-lab-user/ThreatField2025/workspace/ros2_ws/install/example_mode_goto_cpp:/home/avmi-lab-user/ThreatField2025/workspace/ros2_ws/install/example_mode_fw_attitude_cpp:/home/avmi-lab-user/ThreatField2025/workspace/ros2_ws/install/example_local_navigation_cpp:/home/avmi-lab-user/ThreatField2025/workspace/ros2_ws/install/example_global_navigation_cpp:/home/avmi-lab-user/ThreatField2025/workspace/ros2_ws/install/example_executor_with_multiple_modes_cpp:/home/avmi-lab-user/ThreatField2025/workspace/ros2_ws/install/draw_flight_mode:/home/avmi-lab-user/ThreatField2025/workspace/ros2_ws/install/interface:/home/avmi-lab-user/ThreatField2025/workspace/ros2_ws/install/py_sensor:/opt/ros/humble LD_LIBRARY_PATH=/home/avmi-lab-user/ThreatField2025/workspace/ros2_ws/install/px4_ros2_cpp/lib:/home/avmi-lab-user/ThreatField2025/workspace/ros2_ws/install/px4_msgs/lib:/home/avmi-lab-user/ThreatField2025/workspace/ros2_ws/install/px4_ros_com/lib:/home/avmi-lab-user/ThreatField2025/workspace/ros2_ws/install/interface/lib:/opt/ros/humble/opt/rviz_ogre_vendor/lib:/opt/ros/humble/lib/x86_64-linux-gnu:/opt/ros/humble/lib /usr/bin/cmake /home/avmi-lab-user/ThreatField2025/workspace/ros2_ws/src/px4-ros2-interface-lib/examples/cpp/modes/fw_attitude -DAMENT_CMAKE_SYMLINK_INSTALL=1 -DCMAKE_INSTALL_PREFIX=/home/avmi-lab-user/ThreatField2025/workspace/ros2_ws/install/example_mode_fw_attitude_cpp
[0.129s] -- The C compiler identification is GNU 11.4.0
[0.214s] -- The CXX compiler identification is GNU 11.4.0
[0.226s] -- Detecting C compiler ABI info
[0.325s] -- Detecting C compiler ABI info - done
[0.338s] -- Check for working C compiler: /usr/bin/cc - skipped
[0.339s] -- Detecting C compile features
[0.339s] -- Detecting C compile features - done
[0.343s] -- Detecting CXX compiler ABI info
[0.511s] -- Detecting CXX compiler ABI info - done
[0.524s] -- Check for working CXX compiler: /usr/bin/c++ - skipped
[0.524s] -- Detecting CXX compile features
[0.524s] -- Detecting CXX compile features - done
[0.525s] -- Found ament_cmake: 1.3.11 (/opt/ros/humble/share/ament_cmake/cmake)
[1.725s] -- Found Python3: /usr/bin/python3 (found version "3.10.12") found components: Interpreter 
[1.827s] -- Override CMake install command with custom implementation using symlinks instead of copying resources
[1.885s] -- Found rclcpp: 16.0.12 (/opt/ros/humble/share/rclcpp/cmake)
[2.031s] -- Found rosidl_generator_c: 3.1.6 (/opt/ros/humble/share/rosidl_generator_c/cmake)
[2.044s] -- Found rosidl_adapter: 3.1.6 (/opt/ros/humble/share/rosidl_adapter/cmake)
[2.077s] -- Found rosidl_generator_cpp: 3.1.6 (/opt/ros/humble/share/rosidl_generator_cpp/cmake)
[2.099s] -- Using all available rosidl_typesupport_c: rosidl_typesupport_fastrtps_c;rosidl_typesupport_introspection_c
[2.133s] -- Using all available rosidl_typesupport_cpp: rosidl_typesupport_fastrtps_cpp;rosidl_typesupport_introspection_cpp
[2.282s] -- Found rmw_implementation_cmake: 6.1.2 (/opt/ros/humble/share/rmw_implementation_cmake/cmake)
[2.290s] -- Found rmw_fastrtps_cpp: 6.2.7 (/opt/ros/humble/share/rmw_fastrtps_cpp/cmake)
[2.465s] -- Found OpenSSL: /usr/lib/x86_64-linux-gnu/libcrypto.so (found version "3.0.2")  
[2.510s] -- Found FastRTPS: /opt/ros/humble/include  
[2.592s] -- Using RMW implementation 'rmw_fastrtps_cpp' as default
[2.606s] -- Looking for pthread.h
[2.775s] -- Looking for pthread.h - found
[2.781s] -- Performing Test CMAKE_HAVE_LIBC_PTHREAD
[2.970s] -- Performing Test CMAKE_HAVE_LIBC_PTHREAD - Success
[2.972s] -- Found Threads: TRUE  
[3.071s] -- Found px4_ros2_cpp: 0.0.1 (/home/avmi-lab-user/ThreatField2025/workspace/ros2_ws/install/px4_ros2_cpp/share/px4_ros2_cpp/cmake)
[3.118s] -- Found ament_lint_auto: 0.12.12 (/opt/ros/humble/share/ament_lint_auto/cmake)
[3.272s] -- Added test 'copyright' to check source files copyright and LICENSE
[3.273s] -- Added test 'cppcheck' to perform static code analysis on C / C++ code
[3.273s] -- Configured cppcheck include dirs: /home/avmi-lab-user/ThreatField2025/workspace/ros2_ws/src/px4-ros2-interface-lib/examples/cpp/modes/fw_attitude/include
[3.274s] -- Configured cppcheck exclude dirs and/or files: 
[3.275s] -- Added test 'cpplint' to check C / C++ code against the Google style
[3.276s] -- Configured cpplint exclude dirs and/or files: 
[3.278s] -- Added test 'lint_cmake' to check CMake code style
[3.282s] -- Added test 'uncrustify' to check C / C++ code style
[3.283s] -- Configured uncrustify additional arguments: 
[3.283s] -- Added test 'xmllint' to check XML markup files
[3.286s] -- Configuring done
[3.305s] -- Generating done
[3.324s] -- Build files have been written to: /home/avmi-lab-user/ThreatField2025/workspace/ros2_ws/build/example_mode_fw_attitude_cpp
[3.353s] Invoked command in '/home/avmi-lab-user/ThreatField2025/workspace/ros2_ws/build/example_mode_fw_attitude_cpp' returned '0': CMAKE_PREFIX_PATH=/home/avmi-lab-user/ThreatField2025/workspace/ros2_ws/install/px4_ros2_cpp:/home/avmi-lab-user/ThreatField2025/workspace/ros2_ws/install/px4_msgs:/home/avmi-lab-user/ThreatField2025/workspace/ros2_ws/install/px4_ros_com:/home/avmi-lab-user/ThreatField2025/workspace/ros2_ws/install/example_mode_with_executor_cpp:/home/avmi-lab-user/ThreatField2025/workspace/ros2_ws/install/example_mode_vtol_cpp:/home/avmi-lab-user/ThreatField2025/workspace/ros2_ws/install/example_mode_rtl_replacement_cpp:/home/avmi-lab-user/ThreatField2025/workspace/ros2_ws/install/example_mode_manual_cpp:/home/avmi-lab-user/ThreatField2025/workspace/ros2_ws/install/example_mode_goto_global_cpp:/home/avmi-lab-user/ThreatField2025/workspace/ros2_ws/install/example_mode_goto_cpp:/home/avmi-lab-user/ThreatField2025/workspace/ros2_ws/install/example_mode_fw_attitude_cpp:/home/avmi-lab-user/ThreatField2025/workspace/ros2_ws/install/example_local_navigation_cpp:/home/avmi-lab-user/ThreatField2025/workspace/ros2_ws/install/example_global_navigation_cpp:/home/avmi-lab-user/ThreatField2025/workspace/ros2_ws/install/example_executor_with_multiple_modes_cpp:/home/avmi-lab-user/ThreatField2025/workspace/ros2_ws/install/draw_flight_mode:/home/avmi-lab-user/ThreatField2025/workspace/ros2_ws/install/interface:/home/avmi-lab-user/ThreatField2025/workspace/ros2_ws/install/py_sensor:/opt/ros/humble LD_LIBRARY_PATH=/home/avmi-lab-user/ThreatField2025/workspace/ros2_ws/install/px4_ros2_cpp/lib:/home/avmi-lab-user/ThreatField2025/workspace/ros2_ws/install/px4_msgs/lib:/home/avmi-lab-user/ThreatField2025/workspace/ros2_ws/install/px4_ros_com/lib:/home/avmi-lab-user/ThreatField2025/workspace/ros2_ws/install/interface/lib:/opt/ros/humble/opt/rviz_ogre_vendor/lib:/opt/ros/humble/lib/x86_64-linux-gnu:/opt/ros/humble/lib /usr/bin/cmake /home/avmi-lab-user/ThreatField2025/workspace/ros2_ws/src/px4-ros2-interface-lib/examples/cpp/modes/fw_attitude -DAMENT_CMAKE_SYMLINK_INSTALL=1 -DCMAKE_INSTALL_PREFIX=/home/avmi-lab-user/ThreatField2025/workspace/ros2_ws/install/example_mode_fw_attitude_cpp
[3.354s] Invoking command in '/home/avmi-lab-user/ThreatField2025/workspace/ros2_ws/build/example_mode_fw_attitude_cpp': CMAKE_PREFIX_PATH=/home/avmi-lab-user/ThreatField2025/workspace/ros2_ws/install/px4_ros2_cpp:/home/avmi-lab-user/ThreatField2025/workspace/ros2_ws/install/px4_msgs:/home/avmi-lab-user/ThreatField2025/workspace/ros2_ws/install/px4_ros_com:/home/avmi-lab-user/ThreatField2025/workspace/ros2_ws/install/example_mode_with_executor_cpp:/home/avmi-lab-user/ThreatField2025/workspace/ros2_ws/install/example_mode_vtol_cpp:/home/avmi-lab-user/ThreatField2025/workspace/ros2_ws/install/example_mode_rtl_replacement_cpp:/home/avmi-lab-user/ThreatField2025/workspace/ros2_ws/install/example_mode_manual_cpp:/home/avmi-lab-user/ThreatField2025/workspace/ros2_ws/install/example_mode_goto_global_cpp:/home/avmi-lab-user/ThreatField2025/workspace/ros2_ws/install/example_mode_goto_cpp:/home/avmi-lab-user/ThreatField2025/workspace/ros2_ws/install/example_mode_fw_attitude_cpp:/home/avmi-lab-user/ThreatField2025/workspace/ros2_ws/install/example_local_navigation_cpp:/home/avmi-lab-user/ThreatField2025/workspace/ros2_ws/install/example_global_navigation_cpp:/home/avmi-lab-user/ThreatField2025/workspace/ros2_ws/install/example_executor_with_multiple_modes_cpp:/home/avmi-lab-user/ThreatField2025/workspace/ros2_ws/install/draw_flight_mode:/home/avmi-lab-user/ThreatField2025/workspace/ros2_ws/install/interface:/home/avmi-lab-user/ThreatField2025/workspace/ros2_ws/install/py_sensor:/opt/ros/humble LD_LIBRARY_PATH=/home/avmi-lab-user/ThreatField2025/workspace/ros2_ws/install/px4_ros2_cpp/lib:/home/avmi-lab-user/ThreatField2025/workspace/ros2_ws/install/px4_msgs/lib:/home/avmi-lab-user/ThreatField2025/workspace/ros2_ws/install/px4_ros_com/lib:/home/avmi-lab-user/ThreatField2025/workspace/ros2_ws/install/interface/lib:/opt/ros/humble/opt/rviz_ogre_vendor/lib:/opt/ros/humble/lib/x86_64-linux-gnu:/opt/ros/humble/lib /usr/bin/cmake --build /home/avmi-lab-user/ThreatField2025/workspace/ros2_ws/build/example_mode_fw_attitude_cpp -- -j8 -l8
[3.676s] [ 50%] [32mBuilding CXX object CMakeFiles/example_mode_fw_attitude.dir/src/main.cpp.o[0m
[12.393s] [100%] [32m[1mLinking CXX executable example_mode_fw_attitude[0m
[14.703s] [100%] Built target example_mode_fw_attitude
[14.739s] Invoked command in '/home/avmi-lab-user/ThreatField2025/workspace/ros2_ws/build/example_mode_fw_attitude_cpp' returned '0': CMAKE_PREFIX_PATH=/home/avmi-lab-user/ThreatField2025/workspace/ros2_ws/install/px4_ros2_cpp:/home/avmi-lab-user/ThreatField2025/workspace/ros2_ws/install/px4_msgs:/home/avmi-lab-user/ThreatField2025/workspace/ros2_ws/install/px4_ros_com:/home/avmi-lab-user/ThreatField2025/workspace/ros2_ws/install/example_mode_with_executor_cpp:/home/avmi-lab-user/ThreatField2025/workspace/ros2_ws/install/example_mode_vtol_cpp:/home/avmi-lab-user/ThreatField2025/workspace/ros2_ws/install/example_mode_rtl_replacement_cpp:/home/avmi-lab-user/ThreatField2025/workspace/ros2_ws/install/example_mode_manual_cpp:/home/avmi-lab-user/ThreatField2025/workspace/ros2_ws/install/example_mode_goto_global_cpp:/home/avmi-lab-user/ThreatField2025/workspace/ros2_ws/install/example_mode_goto_cpp:/home/avmi-lab-user/ThreatField2025/workspace/ros2_ws/install/example_mode_fw_attitude_cpp:/home/avmi-lab-user/ThreatField2025/workspace/ros2_ws/install/example_local_navigation_cpp:/home/avmi-lab-user/ThreatField2025/workspace/ros2_ws/install/example_global_navigation_cpp:/home/avmi-lab-user/ThreatField2025/workspace/ros2_ws/install/example_executor_with_multiple_modes_cpp:/home/avmi-lab-user/ThreatField2025/workspace/ros2_ws/install/draw_flight_mode:/home/avmi-lab-user/ThreatField2025/workspace/ros2_ws/install/interface:/home/avmi-lab-user/ThreatField2025/workspace/ros2_ws/install/py_sensor:/opt/ros/humble LD_LIBRARY_PATH=/home/avmi-lab-user/ThreatField2025/workspace/ros2_ws/install/px4_ros2_cpp/lib:/home/avmi-lab-user/ThreatField2025/workspace/ros2_ws/install/px4_msgs/lib:/home/avmi-lab-user/ThreatField2025/workspace/ros2_ws/install/px4_ros_com/lib:/home/avmi-lab-user/ThreatField2025/workspace/ros2_ws/install/interface/lib:/opt/ros/humble/opt/rviz_ogre_vendor/lib:/opt/ros/humble/lib/x86_64-linux-gnu:/opt/ros/humble/lib /usr/bin/cmake --build /home/avmi-lab-user/ThreatField2025/workspace/ros2_ws/build/example_mode_fw_attitude_cpp -- -j8 -l8
[14.739s] Invoking command in '/home/avmi-lab-user/ThreatField2025/workspace/ros2_ws/build/example_mode_fw_attitude_cpp': CMAKE_PREFIX_PATH=/home/avmi-lab-user/ThreatField2025/workspace/ros2_ws/install/px4_ros2_cpp:/home/avmi-lab-user/ThreatField2025/workspace/ros2_ws/install/px4_msgs:/home/avmi-lab-user/ThreatField2025/workspace/ros2_ws/install/px4_ros_com:/home/avmi-lab-user/ThreatField2025/workspace/ros2_ws/install/example_mode_with_executor_cpp:/home/avmi-lab-user/ThreatField2025/workspace/ros2_ws/install/example_mode_vtol_cpp:/home/avmi-lab-user/ThreatField2025/workspace/ros2_ws/install/example_mode_rtl_replacement_cpp:/home/avmi-lab-user/ThreatField2025/workspace/ros2_ws/install/example_mode_manual_cpp:/home/avmi-lab-user/ThreatField2025/workspace/ros2_ws/install/example_mode_goto_global_cpp:/home/avmi-lab-user/ThreatField2025/workspace/ros2_ws/install/example_mode_goto_cpp:/home/avmi-lab-user/ThreatField2025/workspace/ros2_ws/install/example_mode_fw_attitude_cpp:/home/avmi-lab-user/ThreatField2025/workspace/ros2_ws/install/example_local_navigation_cpp:/home/avmi-lab-user/ThreatField2025/workspace/ros2_ws/install/example_global_navigation_cpp:/home/avmi-lab-user/ThreatField2025/workspace/ros2_ws/install/example_executor_with_multiple_modes_cpp:/home/avmi-lab-user/ThreatField2025/workspace/ros2_ws/install/draw_flight_mode:/home/avmi-lab-user/ThreatField2025/workspace/ros2_ws/install/interface:/home/avmi-lab-user/ThreatField2025/workspace/ros2_ws/install/py_sensor:/opt/ros/humble LD_LIBRARY_PATH=/home/avmi-lab-user/ThreatField2025/workspace/ros2_ws/install/px4_ros2_cpp/lib:/home/avmi-lab-user/ThreatField2025/workspace/ros2_ws/install/px4_msgs/lib:/home/avmi-lab-user/ThreatField2025/workspace/ros2_ws/install/px4_ros_com/lib:/home/avmi-lab-user/ThreatField2025/workspace/ros2_ws/install/interface/lib:/opt/ros/humble/opt/rviz_ogre_vendor/lib:/opt/ros/humble/lib/x86_64-linux-gnu:/opt/ros/humble/lib /usr/bin/cmake --install /home/avmi-lab-user/ThreatField2025/workspace/ros2_ws/build/example_mode_fw_attitude_cpp
[14.982s] -- Install configuration: ""
[14.982s] -- Execute custom install script
[14.982s] -- Symlinking: /home/avmi-lab-user/ThreatField2025/workspace/ros2_ws/install/example_mode_fw_attitude_cpp/lib/example_mode_fw_attitude_cpp/example_mode_fw_attitude
[14.982s] -- Symlinking: /home/avmi-lab-user/ThreatField2025/workspace/ros2_ws/install/example_mode_fw_attitude_cpp/share/ament_index/resource_index/package_run_dependencies/example_mode_fw_attitude_cpp
[14.982s] -- Symlinking: /home/avmi-lab-user/ThreatField2025/workspace/ros2_ws/install/example_mode_fw_attitude_cpp/share/ament_index/resource_index/parent_prefix_path/example_mode_fw_attitude_cpp
[14.982s] -- Symlinking: /home/avmi-lab-user/ThreatField2025/workspace/ros2_ws/install/example_mode_fw_attitude_cpp/share/example_mode_fw_attitude_cpp/environment/ament_prefix_path.sh
[14.983s] -- Symlinking: /home/avmi-lab-user/ThreatField2025/workspace/ros2_ws/install/example_mode_fw_attitude_cpp/share/example_mode_fw_attitude_cpp/environment/ament_prefix_path.dsv
[14.983s] -- Symlinking: /home/avmi-lab-user/ThreatField2025/workspace/ros2_ws/install/example_mode_fw_attitude_cpp/share/example_mode_fw_attitude_cpp/environment/path.sh
[14.983s] -- Symlinking: /home/avmi-lab-user/ThreatField2025/workspace/ros2_ws/install/example_mode_fw_attitude_cpp/share/example_mode_fw_attitude_cpp/environment/path.dsv
[14.983s] -- Symlinking: /home/avmi-lab-user/ThreatField2025/workspace/ros2_ws/install/example_mode_fw_attitude_cpp/share/example_mode_fw_attitude_cpp/local_setup.bash
[14.983s] -- Symlinking: /home/avmi-lab-user/ThreatField2025/workspace/ros2_ws/install/example_mode_fw_attitude_cpp/share/example_mode_fw_attitude_cpp/local_setup.sh
[14.983s] -- Symlinking: /home/avmi-lab-user/ThreatField2025/workspace/ros2_ws/install/example_mode_fw_attitude_cpp/share/example_mode_fw_attitude_cpp/local_setup.zsh
[14.983s] -- Symlinking: /home/avmi-lab-user/ThreatField2025/workspace/ros2_ws/install/example_mode_fw_attitude_cpp/share/example_mode_fw_attitude_cpp/local_setup.dsv
[14.983s] -- Symlinking: /home/avmi-lab-user/ThreatField2025/workspace/ros2_ws/install/example_mode_fw_attitude_cpp/share/example_mode_fw_attitude_cpp/package.dsv
[14.983s] -- Symlinking: /home/avmi-lab-user/ThreatField2025/workspace/ros2_ws/install/example_mode_fw_attitude_cpp/share/ament_index/resource_index/packages/example_mode_fw_attitude_cpp
[14.997s] -- Symlinking: /home/avmi-lab-user/ThreatField2025/workspace/ros2_ws/install/example_mode_fw_attitude_cpp/share/example_mode_fw_attitude_cpp/cmake/example_mode_fw_attitude_cppConfig.cmake
[15.016s] -- Symlinking: /home/avmi-lab-user/ThreatField2025/workspace/ros2_ws/install/example_mode_fw_attitude_cpp/share/example_mode_fw_attitude_cpp/cmake/example_mode_fw_attitude_cppConfig-version.cmake
[15.031s] -- Symlinking: /home/avmi-lab-user/ThreatField2025/workspace/ros2_ws/install/example_mode_fw_attitude_cpp/share/example_mode_fw_attitude_cpp/package.xml
[15.070s] Invoked command in '/home/avmi-lab-user/ThreatField2025/workspace/ros2_ws/build/example_mode_fw_attitude_cpp' returned '0': CMAKE_PREFIX_PATH=/home/avmi-lab-user/ThreatField2025/workspace/ros2_ws/install/px4_ros2_cpp:/home/avmi-lab-user/ThreatField2025/workspace/ros2_ws/install/px4_msgs:/home/avmi-lab-user/ThreatField2025/workspace/ros2_ws/install/px4_ros_com:/home/avmi-lab-user/ThreatField2025/workspace/ros2_ws/install/example_mode_with_executor_cpp:/home/avmi-lab-user/ThreatField2025/workspace/ros2_ws/install/example_mode_vtol_cpp:/home/avmi-lab-user/ThreatField2025/workspace/ros2_ws/install/example_mode_rtl_replacement_cpp:/home/avmi-lab-user/ThreatField2025/workspace/ros2_ws/install/example_mode_manual_cpp:/home/avmi-lab-user/ThreatField2025/workspace/ros2_ws/install/example_mode_goto_global_cpp:/home/avmi-lab-user/ThreatField2025/workspace/ros2_ws/install/example_mode_goto_cpp:/home/avmi-lab-user/ThreatField2025/workspace/ros2_ws/install/example_mode_fw_attitude_cpp:/home/avmi-lab-user/ThreatField2025/workspace/ros2_ws/install/example_local_navigation_cpp:/home/avmi-lab-user/ThreatField2025/workspace/ros2_ws/install/example_global_navigation_cpp:/home/avmi-lab-user/ThreatField2025/workspace/ros2_ws/install/example_executor_with_multiple_modes_cpp:/home/avmi-lab-user/ThreatField2025/workspace/ros2_ws/install/draw_flight_mode:/home/avmi-lab-user/ThreatField2025/workspace/ros2_ws/install/interface:/home/avmi-lab-user/ThreatField2025/workspace/ros2_ws/install/py_sensor:/opt/ros/humble LD_LIBRARY_PATH=/home/avmi-lab-user/ThreatField2025/workspace/ros2_ws/install/px4_ros2_cpp/lib:/home/avmi-lab-user/ThreatField2025/workspace/ros2_ws/install/px4_msgs/lib:/home/avmi-lab-user/ThreatField2025/workspace/ros2_ws/install/px4_ros_com/lib:/home/avmi-lab-user/ThreatField2025/workspace/ros2_ws/install/interface/lib:/opt/ros/humble/opt/rviz_ogre_vendor/lib:/opt/ros/humble/lib/x86_64-linux-gnu:/opt/ros/humble/lib /usr/bin/cmake --install /home/avmi-lab-user/ThreatField2025/workspace/ros2_ws/build/example_mode_fw_attitude_cpp
