[0.071s] DEBUG:colcon:Command line arguments: ['/usr/bin/colcon', 'build']
[0.071s] DEBUG:colcon:Parsed command line arguments: Namespace(log_base=None, log_level=None, verb_name='build', build_base='build', install_base='install', merge_install=False, symlink_install=False, test_result_base=None, continue_on_error=False, executor='parallel', parallel_workers=8, event_handlers=None, ignore_user_meta=False, metas=['./colcon.meta'], base_paths=['.'], packages_ignore=None, packages_ignore_regex=None, paths=None, packages_up_to=None, packages_up_to_regex=None, packages_above=None, packages_above_and_dependencies=None, packages_above_depth=None, packages_select_by_dep=None, packages_skip_by_dep=None, packages_skip_up_to=None, packages_select_build_failed=False, packages_skip_build_finished=False, packages_select_test_failures=False, packages_skip_test_passed=False, packages_select=None, packages_skip=None, packages_select_regex=None, packages_skip_regex=None, packages_start=None, packages_end=None, allow_overriding=[], cmake_args=None, cmake_target=None, cmake_target_skip_unavailable=False, cmake_clean_cache=False, cmake_clean_first=False, cmake_force_configure=False, ament_cmake_args=None, catkin_cmake_args=None, catkin_skip_building_tests=False, mixin_files=None, mixin=None, verb_parser=<colcon_mixin.mixin.mixin_argument.MixinArgumentDecorator object at 0x7419efd7ded0>, verb_extension=<colcon_core.verb.build.BuildVerb object at 0x7419efd7d510>, main=<bound method BuildVerb.main of <colcon_core.verb.build.BuildVerb object at 0x7419efd7d510>>, mixin_verb=('build',))
[0.097s] Level 1:colcon.colcon_core.package_discovery:discover_packages(colcon_meta) check parameters
[0.097s] Level 1:colcon.colcon_core.package_discovery:discover_packages(recursive) check parameters
[0.097s] Level 1:colcon.colcon_core.package_discovery:discover_packages(ignore) check parameters
[0.097s] Level 1:colcon.colcon_core.package_discovery:discover_packages(path) check parameters
[0.097s] Level 1:colcon.colcon_core.package_discovery:discover_packages(colcon_meta) discover
[0.097s] Level 1:colcon.colcon_core.package_discovery:discover_packages(recursive) discover
[0.097s] INFO:colcon.colcon_core.package_discovery:Crawling recursively for packages in '/home/avmi-lab-user/ThreatField2025/workspace/ros2_ws'
[0.097s] Level 1:colcon.colcon_core.package_identification:_identify(.) by extensions ['ignore', 'ignore_ament_install']
[0.097s] Level 1:colcon.colcon_core.package_identification:_identify(.) by extension 'ignore'
[0.097s] Level 1:colcon.colcon_core.package_identification:_identify(.) by extension 'ignore_ament_install'
[0.097s] Level 1:colcon.colcon_core.package_identification:_identify(.) by extensions ['colcon_pkg']
[0.097s] Level 1:colcon.colcon_core.package_identification:_identify(.) by extension 'colcon_pkg'
[0.097s] Level 1:colcon.colcon_core.package_identification:_identify(.) by extensions ['colcon_meta']
[0.097s] Level 1:colcon.colcon_core.package_identification:_identify(.) by extension 'colcon_meta'
[0.097s] Level 1:colcon.colcon_core.package_identification:_identify(.) by extensions ['ros']
[0.097s] Level 1:colcon.colcon_core.package_identification:_identify(.) by extension 'ros'
[0.106s] Level 1:colcon.colcon_core.package_identification:_identify(.) by extensions ['cmake', 'python']
[0.106s] Level 1:colcon.colcon_core.package_identification:_identify(.) by extension 'cmake'
[0.106s] Level 1:colcon.colcon_core.package_identification:_identify(.) by extension 'python'
[0.106s] Level 1:colcon.colcon_core.package_identification:_identify(.) by extensions ['python_setup_py']
[0.107s] Level 1:colcon.colcon_core.package_identification:_identify(.) by extension 'python_setup_py'
[0.107s] Level 1:colcon.colcon_core.package_identification:_identify(build) by extensions ['ignore', 'ignore_ament_install']
[0.107s] Level 1:colcon.colcon_core.package_identification:_identify(build) by extension 'ignore'
[0.107s] Level 1:colcon.colcon_core.package_identification:_identify(build) ignored
[0.107s] Level 1:colcon.colcon_core.package_identification:_identify(install) by extensions ['ignore', 'ignore_ament_install']
[0.107s] Level 1:colcon.colcon_core.package_identification:_identify(install) by extension 'ignore'
[0.107s] Level 1:colcon.colcon_core.package_identification:_identify(install) ignored
[0.107s] Level 1:colcon.colcon_core.package_identification:_identify(log) by extensions ['ignore', 'ignore_ament_install']
[0.107s] Level 1:colcon.colcon_core.package_identification:_identify(log) by extension 'ignore'
[0.107s] Level 1:colcon.colcon_core.package_identification:_identify(log) ignored
[0.107s] Level 1:colcon.colcon_core.package_identification:_identify(src) by extensions ['ignore', 'ignore_ament_install']
[0.107s] Level 1:colcon.colcon_core.package_identification:_identify(src) by extension 'ignore'
[0.107s] Level 1:colcon.colcon_core.package_identification:_identify(src) by extension 'ignore_ament_install'
[0.107s] Level 1:colcon.colcon_core.package_identification:_identify(src) by extensions ['colcon_pkg']
[0.107s] Level 1:colcon.colcon_core.package_identification:_identify(src) by extension 'colcon_pkg'
[0.107s] Level 1:colcon.colcon_core.package_identification:_identify(src) by extensions ['colcon_meta']
[0.107s] Level 1:colcon.colcon_core.package_identification:_identify(src) by extension 'colcon_meta'
[0.107s] Level 1:colcon.colcon_core.package_identification:_identify(src) by extensions ['ros']
[0.107s] Level 1:colcon.colcon_core.package_identification:_identify(src) by extension 'ros'
[0.107s] Level 1:colcon.colcon_core.package_identification:_identify(src) by extensions ['cmake', 'python']
[0.107s] Level 1:colcon.colcon_core.package_identification:_identify(src) by extension 'cmake'
[0.107s] Level 1:colcon.colcon_core.package_identification:_identify(src) by extension 'python'
[0.107s] Level 1:colcon.colcon_core.package_identification:_identify(src) by extensions ['python_setup_py']
[0.107s] Level 1:colcon.colcon_core.package_identification:_identify(src) by extension 'python_setup_py'
[0.107s] Level 1:colcon.colcon_core.package_identification:_identify(src/build) by extensions ['ignore', 'ignore_ament_install']
[0.107s] Level 1:colcon.colcon_core.package_identification:_identify(src/build) by extension 'ignore'
[0.107s] Level 1:colcon.colcon_core.package_identification:_identify(src/build) ignored
[0.107s] Level 1:colcon.colcon_core.package_identification:_identify(src/install) by extensions ['ignore', 'ignore_ament_install']
[0.108s] Level 1:colcon.colcon_core.package_identification:_identify(src/install) by extension 'ignore'
[0.108s] Level 1:colcon.colcon_core.package_identification:_identify(src/install) ignored
[0.108s] Level 1:colcon.colcon_core.package_identification:_identify(src/interface) by extensions ['ignore', 'ignore_ament_install']
[0.108s] Level 1:colcon.colcon_core.package_identification:_identify(src/interface) by extension 'ignore'
[0.108s] Level 1:colcon.colcon_core.package_identification:_identify(src/interface) by extension 'ignore_ament_install'
[0.108s] Level 1:colcon.colcon_core.package_identification:_identify(src/interface) by extensions ['colcon_pkg']
[0.108s] Level 1:colcon.colcon_core.package_identification:_identify(src/interface) by extension 'colcon_pkg'
[0.108s] Level 1:colcon.colcon_core.package_identification:_identify(src/interface) by extensions ['colcon_meta']
[0.108s] Level 1:colcon.colcon_core.package_identification:_identify(src/interface) by extension 'colcon_meta'
[0.108s] Level 1:colcon.colcon_core.package_identification:_identify(src/interface) by extensions ['ros']
[0.108s] Level 1:colcon.colcon_core.package_identification:_identify(src/interface) by extension 'ros'
[0.110s] DEBUG:colcon.colcon_core.package_identification:Package 'src/interface' with type 'ros.ament_cmake' and name 'interface'
[0.110s] Level 1:colcon.colcon_core.package_identification:_identify(src/log) by extensions ['ignore', 'ignore_ament_install']
[0.110s] Level 1:colcon.colcon_core.package_identification:_identify(src/log) by extension 'ignore'
[0.110s] Level 1:colcon.colcon_core.package_identification:_identify(src/log) ignored
[0.110s] Level 1:colcon.colcon_core.package_identification:_identify(src/py_sensor) by extensions ['ignore', 'ignore_ament_install']
[0.110s] Level 1:colcon.colcon_core.package_identification:_identify(src/py_sensor) by extension 'ignore'
[0.110s] Level 1:colcon.colcon_core.package_identification:_identify(src/py_sensor) by extension 'ignore_ament_install'
[0.110s] Level 1:colcon.colcon_core.package_identification:_identify(src/py_sensor) by extensions ['colcon_pkg']
[0.110s] Level 1:colcon.colcon_core.package_identification:_identify(src/py_sensor) by extension 'colcon_pkg'
[0.110s] Level 1:colcon.colcon_core.package_identification:_identify(src/py_sensor) by extensions ['colcon_meta']
[0.110s] Level 1:colcon.colcon_core.package_identification:_identify(src/py_sensor) by extension 'colcon_meta'
[0.110s] Level 1:colcon.colcon_core.package_identification:_identify(src/py_sensor) by extensions ['ros']
[0.110s] Level 1:colcon.colcon_core.package_identification:_identify(src/py_sensor) by extension 'ros'
[0.111s] DEBUG:colcon.colcon_core.package_identification:Package 'src/py_sensor' with type 'ros.ament_python' and name 'py_sensor'
[0.111s] Level 1:colcon.colcon_core.package_discovery:discover_packages(recursive) using defaults
[0.111s] Level 1:colcon.colcon_core.package_discovery:discover_packages(ignore) discover
[0.111s] Level 1:colcon.colcon_core.package_discovery:discover_packages(ignore) using defaults
[0.111s] Level 1:colcon.colcon_core.package_discovery:discover_packages(path) discover
[0.111s] Level 1:colcon.colcon_core.package_discovery:discover_packages(path) using defaults
[0.124s] Level 1:colcon.colcon_core.package_discovery:discover_packages(prefix_path) check parameters
[0.124s] Level 1:colcon.colcon_core.package_discovery:discover_packages(prefix_path) discover
[0.126s] DEBUG:colcon.colcon_installed_package_information.package_discovery:Found 5 installed packages in /home/avmi-lab-user/ThreatField2025/workspace/ros2_ws/install
[0.126s] DEBUG:colcon.colcon_installed_package_information.package_discovery:Found 17 installed packages in /home/avmi-lab-user/turtlebot4_ws/install
[0.127s] DEBUG:colcon.colcon_installed_package_information.package_discovery:Found 295 installed packages in /opt/ros/humble
[0.128s] Level 1:colcon.colcon_core.package_discovery:discover_packages(prefix_path) using defaults
[0.152s] Level 5:colcon.colcon_core.verb:set package 'interface' build argument 'cmake_args' from command line to 'None'
[0.152s] Level 5:colcon.colcon_core.verb:set package 'interface' build argument 'cmake_target' from command line to 'None'
[0.152s] Level 5:colcon.colcon_core.verb:set package 'interface' build argument 'cmake_target_skip_unavailable' from command line to 'False'
[0.152s] Level 5:colcon.colcon_core.verb:set package 'interface' build argument 'cmake_clean_cache' from command line to 'False'
[0.152s] Level 5:colcon.colcon_core.verb:set package 'interface' build argument 'cmake_clean_first' from command line to 'False'
[0.152s] Level 5:colcon.colcon_core.verb:set package 'interface' build argument 'cmake_force_configure' from command line to 'False'
[0.152s] Level 5:colcon.colcon_core.verb:set package 'interface' build argument 'ament_cmake_args' from command line to 'None'
[0.152s] Level 5:colcon.colcon_core.verb:set package 'interface' build argument 'catkin_cmake_args' from command line to 'None'
[0.152s] Level 5:colcon.colcon_core.verb:set package 'interface' build argument 'catkin_skip_building_tests' from command line to 'False'
[0.152s] DEBUG:colcon.colcon_core.verb:Building package 'interface' with the following arguments: {'ament_cmake_args': None, 'build_base': '/home/avmi-lab-user/ThreatField2025/workspace/ros2_ws/build/interface', 'catkin_cmake_args': None, 'catkin_skip_building_tests': False, 'cmake_args': None, 'cmake_clean_cache': False, 'cmake_clean_first': False, 'cmake_force_configure': False, 'cmake_target': None, 'cmake_target_skip_unavailable': False, 'install_base': '/home/avmi-lab-user/ThreatField2025/workspace/ros2_ws/install/interface', 'merge_install': False, 'path': '/home/avmi-lab-user/ThreatField2025/workspace/ros2_ws/src/interface', 'symlink_install': False, 'test_result_base': None}
[0.153s] Level 5:colcon.colcon_core.verb:set package 'py_sensor' build argument 'cmake_args' from command line to 'None'
[0.153s] Level 5:colcon.colcon_core.verb:set package 'py_sensor' build argument 'cmake_target' from command line to 'None'
[0.153s] Level 5:colcon.colcon_core.verb:set package 'py_sensor' build argument 'cmake_target_skip_unavailable' from command line to 'False'
[0.153s] Level 5:colcon.colcon_core.verb:set package 'py_sensor' build argument 'cmake_clean_cache' from command line to 'False'
[0.153s] Level 5:colcon.colcon_core.verb:set package 'py_sensor' build argument 'cmake_clean_first' from command line to 'False'
[0.153s] Level 5:colcon.colcon_core.verb:set package 'py_sensor' build argument 'cmake_force_configure' from command line to 'False'
[0.153s] Level 5:colcon.colcon_core.verb:set package 'py_sensor' build argument 'ament_cmake_args' from command line to 'None'
[0.153s] Level 5:colcon.colcon_core.verb:set package 'py_sensor' build argument 'catkin_cmake_args' from command line to 'None'
[0.153s] Level 5:colcon.colcon_core.verb:set package 'py_sensor' build argument 'catkin_skip_building_tests' from command line to 'False'
[0.153s] DEBUG:colcon.colcon_core.verb:Building package 'py_sensor' with the following arguments: {'ament_cmake_args': None, 'build_base': '/home/avmi-lab-user/ThreatField2025/workspace/ros2_ws/build/py_sensor', 'catkin_cmake_args': None, 'catkin_skip_building_tests': False, 'cmake_args': None, 'cmake_clean_cache': False, 'cmake_clean_first': False, 'cmake_force_configure': False, 'cmake_target': None, 'cmake_target_skip_unavailable': False, 'install_base': '/home/avmi-lab-user/ThreatField2025/workspace/ros2_ws/install/py_sensor', 'merge_install': False, 'path': '/home/avmi-lab-user/ThreatField2025/workspace/ros2_ws/src/py_sensor', 'symlink_install': False, 'test_result_base': None}
[0.153s] INFO:colcon.colcon_core.executor:Executing jobs using 'parallel' executor
[0.154s] DEBUG:colcon.colcon_parallel_executor.executor.parallel:run_until_complete
[0.154s] INFO:colcon.colcon_ros.task.ament_cmake.build:Building ROS package in '/home/avmi-lab-user/ThreatField2025/workspace/ros2_ws/src/interface' with build type 'ament_cmake'
[0.154s] INFO:colcon.colcon_cmake.task.cmake.build:Building CMake package in '/home/avmi-lab-user/ThreatField2025/workspace/ros2_ws/src/interface'
[0.155s] INFO:colcon.colcon_core.plugin_system:Skipping extension 'colcon_core.shell.bat': Not used on non-Windows systems
[0.156s] INFO:colcon.colcon_core.shell:Skip shell extension 'powershell' for command environment: Not usable outside of PowerShell
[0.156s] DEBUG:colcon.colcon_core.shell:Skip shell extension 'dsv' for command environment
[0.163s] DEBUG:colcon.colcon_core.event_handler.log_command:Invoking command in '/home/avmi-lab-user/ThreatField2025/workspace/ros2_ws/build/interface': CMAKE_PREFIX_PATH=${CMAKE_PREFIX_PATH}:/home/avmi-lab-user/ThreatField2025/workspace/ros2_ws/install/sensor_py:/home/avmi-lab-user/ThreatField2025/workspace/ros2_ws/install/py_srvcli:/home/avmi-lab-user/ThreatField2025/workspace/ros2_ws/install/py_sensor:/home/avmi-lab-user/turtlebot4_ws/install/py_sub:/home/avmi-lab-user/turtlebot4_ws/install/path_pubsub:/home/avmi-lab-user/turtlebot4_ws/install/opencv_tests:/home/avmi-lab-user/turtlebot4_ws/install/avmi_lab_threat_field:/opt/ros/humble /usr/bin/cmake --build /home/avmi-lab-user/ThreatField2025/workspace/ros2_ws/build/interface -- -j8 -l8
[0.338s] DEBUG:colcon.colcon_core.event_handler.log_command:Invoked command in '/home/avmi-lab-user/ThreatField2025/workspace/ros2_ws/build/interface' returned '2': CMAKE_PREFIX_PATH=${CMAKE_PREFIX_PATH}:/home/avmi-lab-user/ThreatField2025/workspace/ros2_ws/install/sensor_py:/home/avmi-lab-user/ThreatField2025/workspace/ros2_ws/install/py_srvcli:/home/avmi-lab-user/ThreatField2025/workspace/ros2_ws/install/py_sensor:/home/avmi-lab-user/turtlebot4_ws/install/py_sub:/home/avmi-lab-user/turtlebot4_ws/install/path_pubsub:/home/avmi-lab-user/turtlebot4_ws/install/opencv_tests:/home/avmi-lab-user/turtlebot4_ws/install/avmi_lab_threat_field:/opt/ros/humble /usr/bin/cmake --build /home/avmi-lab-user/ThreatField2025/workspace/ros2_ws/build/interface -- -j8 -l8
[0.338s] Level 1:colcon.colcon_core.environment:create_environment_scripts_only(interface)
[0.340s] Level 1:colcon.colcon_core.environment:checking '/home/avmi-lab-user/ThreatField2025/workspace/ros2_ws/install/interface' for CMake module files
[0.340s] Level 1:colcon.colcon_core.environment:checking '/home/avmi-lab-user/ThreatField2025/workspace/ros2_ws/install/interface' for CMake config files
[0.340s] Level 1:colcon.colcon_core.shell:create_environment_hook('interface', 'cmake_prefix_path')
[0.340s] INFO:colcon.colcon_core.shell:Creating environment hook '/home/avmi-lab-user/ThreatField2025/workspace/ros2_ws/install/interface/share/interface/hook/cmake_prefix_path.ps1'
[0.341s] INFO:colcon.colcon_core.shell:Creating environment descriptor '/home/avmi-lab-user/ThreatField2025/workspace/ros2_ws/install/interface/share/interface/hook/cmake_prefix_path.dsv'
[0.341s] INFO:colcon.colcon_core.shell:Creating environment hook '/home/avmi-lab-user/ThreatField2025/workspace/ros2_ws/install/interface/share/interface/hook/cmake_prefix_path.sh'
[0.341s] Level 1:colcon.colcon_core.environment:checking '/home/avmi-lab-user/ThreatField2025/workspace/ros2_ws/install/interface/lib'
[0.342s] Level 1:colcon.colcon_core.shell:create_environment_hook('interface', 'ld_library_path_lib')
[0.342s] INFO:colcon.colcon_core.shell:Creating environment hook '/home/avmi-lab-user/ThreatField2025/workspace/ros2_ws/install/interface/share/interface/hook/ld_library_path_lib.ps1'
[0.342s] INFO:colcon.colcon_core.shell:Creating environment descriptor '/home/avmi-lab-user/ThreatField2025/workspace/ros2_ws/install/interface/share/interface/hook/ld_library_path_lib.dsv'
[0.342s] INFO:colcon.colcon_core.shell:Creating environment hook '/home/avmi-lab-user/ThreatField2025/workspace/ros2_ws/install/interface/share/interface/hook/ld_library_path_lib.sh'
[0.342s] Level 1:colcon.colcon_core.environment:checking '/home/avmi-lab-user/ThreatField2025/workspace/ros2_ws/install/interface/bin'
[0.342s] Level 1:colcon.colcon_core.environment:checking '/home/avmi-lab-user/ThreatField2025/workspace/ros2_ws/install/interface/lib/pkgconfig/interface.pc'
[0.343s] Level 1:colcon.colcon_core.environment:checking '/home/avmi-lab-user/ThreatField2025/workspace/ros2_ws/install/interface/lib/python3.10/site-packages'
[0.343s] Level 1:colcon.colcon_core.environment:checking '/home/avmi-lab-user/ThreatField2025/workspace/ros2_ws/install/interface/bin'
[0.343s] INFO:colcon.colcon_core.shell:Creating package script '/home/avmi-lab-user/ThreatField2025/workspace/ros2_ws/install/interface/share/interface/package.ps1'
[0.343s] INFO:colcon.colcon_core.shell:Creating package descriptor '/home/avmi-lab-user/ThreatField2025/workspace/ros2_ws/install/interface/share/interface/package.dsv'
[0.344s] INFO:colcon.colcon_core.shell:Creating package script '/home/avmi-lab-user/ThreatField2025/workspace/ros2_ws/install/interface/share/interface/package.sh'
[0.344s] INFO:colcon.colcon_core.shell:Creating package script '/home/avmi-lab-user/ThreatField2025/workspace/ros2_ws/install/interface/share/interface/package.bash'
[0.345s] INFO:colcon.colcon_core.shell:Creating package script '/home/avmi-lab-user/ThreatField2025/workspace/ros2_ws/install/interface/share/interface/package.zsh'
[0.345s] Level 1:colcon.colcon_core.environment:create_file_with_runtime_dependencies(/home/avmi-lab-user/ThreatField2025/workspace/ros2_ws/install/interface/share/colcon-core/packages/interface)
[0.355s] DEBUG:colcon.colcon_parallel_executor.executor.parallel:closing loop
[0.355s] DEBUG:colcon.colcon_parallel_executor.executor.parallel:loop closed
[0.355s] DEBUG:colcon.colcon_parallel_executor.executor.parallel:run_until_complete finished with '2'
[0.356s] DEBUG:colcon.colcon_core.event_reactor:joining thread
[0.359s] INFO:colcon.colcon_core.plugin_system:Skipping extension 'colcon_notification.desktop_notification.terminal_notifier': Not used on non-Darwin systems
[0.359s] INFO:colcon.colcon_core.plugin_system:Skipping extension 'colcon_notification.desktop_notification.win32': Not used on non-Windows systems
[0.359s] INFO:colcon.colcon_notification.desktop_notification:Sending desktop notification using 'notify2'
[0.367s] DEBUG:colcon.colcon_core.event_reactor:joined thread
[0.367s] INFO:colcon.colcon_core.shell:Creating prefix script '/home/avmi-lab-user/ThreatField2025/workspace/ros2_ws/install/local_setup.ps1'
[0.368s] INFO:colcon.colcon_core.shell:Creating prefix util module '/home/avmi-lab-user/ThreatField2025/workspace/ros2_ws/install/_local_setup_util_ps1.py'
[0.370s] INFO:colcon.colcon_core.shell:Creating prefix chain script '/home/avmi-lab-user/ThreatField2025/workspace/ros2_ws/install/setup.ps1'
[0.371s] INFO:colcon.colcon_core.shell:Creating prefix script '/home/avmi-lab-user/ThreatField2025/workspace/ros2_ws/install/local_setup.sh'
[0.372s] INFO:colcon.colcon_core.shell:Creating prefix util module '/home/avmi-lab-user/ThreatField2025/workspace/ros2_ws/install/_local_setup_util_sh.py'
[0.372s] INFO:colcon.colcon_core.shell:Creating prefix chain script '/home/avmi-lab-user/ThreatField2025/workspace/ros2_ws/install/setup.sh'
[0.373s] INFO:colcon.colcon_core.shell:Creating prefix script '/home/avmi-lab-user/ThreatField2025/workspace/ros2_ws/install/local_setup.bash'
[0.373s] INFO:colcon.colcon_core.shell:Creating prefix chain script '/home/avmi-lab-user/ThreatField2025/workspace/ros2_ws/install/setup.bash'
[0.374s] INFO:colcon.colcon_core.shell:Creating prefix script '/home/avmi-lab-user/ThreatField2025/workspace/ros2_ws/install/local_setup.zsh'
[0.375s] INFO:colcon.colcon_core.shell:Creating prefix chain script '/home/avmi-lab-user/ThreatField2025/workspace/ros2_ws/install/setup.zsh'
