[0.009s] Invoking command in '/home/avmi-lab-user/ThreatField2025/workspace/ros2_ws/build/px4_ros_com': AMENT_PREFIX_PATH=/home/avmi-lab-user/ThreatField2025/workspace/ros2_ws/install/px4_msgs:${AMENT_PREFIX_PATH} CMAKE_PREFIX_PATH=/home/avmi-lab-user/ThreatField2025/workspace/ros2_ws/install/px4_msgs:/opt/ros/humble LD_LIBRARY_PATH=/home/avmi-lab-user/ThreatField2025/workspace/ros2_ws/install/px4_msgs/lib:${LD_LIBRARY_PATH} PYTHONPATH=/home/avmi-lab-user/ThreatField2025/workspace/ros2_ws/install/px4_msgs/local/lib/python3.10/dist-packages:${PYTHONPATH} /usr/bin/cmake /home/avmi-lab-user/ThreatField2025/workspace/ros2_ws/src/px4_ros_com -DCMAKE_INSTALL_PREFIX=/home/avmi-lab-user/ThreatField2025/workspace/ros2_ws/install/px4_ros_com
[0.059s] -- The C compiler identification is GNU 11.4.0
[0.121s] -- The CXX compiler identification is GNU 11.4.0
[0.129s] -- Detecting C compiler ABI info
[0.192s] -- Detecting C compiler ABI info - done
[0.202s] -- Check for working C compiler: /usr/bin/cc - skipped
[0.202s] -- Detecting C compile features
[0.203s] -- Detecting C compile features - done
[0.206s] -- Detecting CXX compiler ABI info
[0.276s] -- Detecting CXX compiler ABI info - done
[0.285s] -- Check for working CXX compiler: /usr/bin/c++ - skipped
[0.286s] -- Detecting CXX compile features
[0.286s] -- Detecting CXX compile features - done
[0.288s] -- Found ament_cmake: 1.3.11 (/opt/ros/humble/share/ament_cmake/cmake)
[0.661s] -- Found Python3: /usr/bin/python3 (found version "3.10.12") found components: Interpreter 
[0.748s] -- Found builtin_interfaces: 1.2.1 (/opt/ros/humble/share/builtin_interfaces/cmake)
[0.775s] -- Found rosidl_generator_c: 3.1.6 (/opt/ros/humble/share/rosidl_generator_c/cmake)
[0.779s] -- Found rosidl_adapter: 3.1.6 (/opt/ros/humble/share/rosidl_adapter/cmake)
[0.787s] -- Found rosidl_generator_cpp: 3.1.6 (/opt/ros/humble/share/rosidl_generator_cpp/cmake)
[0.798s] -- Using all available rosidl_typesupport_c: rosidl_typesupport_fastrtps_c;rosidl_typesupport_introspection_c
[0.812s] -- Using all available rosidl_typesupport_cpp: rosidl_typesupport_fastrtps_cpp;rosidl_typesupport_introspection_cpp
[0.825s] -- Found eigen3_cmake_module: 0.1.1 (/opt/ros/humble/share/eigen3_cmake_module/cmake)
[0.833s] -- Found Eigen3: TRUE (found version "3.4.0") 
[0.834s] -- Found geometry_msgs: 4.9.0 (/opt/ros/humble/share/geometry_msgs/cmake)
[0.858s] -- Found px4_msgs: 2.0.1 (/home/avmi-lab-user/ThreatField2025/workspace/ros2_ws/install/px4_msgs/share/px4_msgs/cmake)
[0.869s] -- Found rclcpp: 16.0.12 (/opt/ros/humble/share/rclcpp/cmake)
[0.901s] -- Found rmw_implementation_cmake: 6.1.2 (/opt/ros/humble/share/rmw_implementation_cmake/cmake)
[0.903s] -- Found rmw_fastrtps_cpp: 6.2.7 (/opt/ros/humble/share/rmw_fastrtps_cpp/cmake)
[0.986s] -- Found OpenSSL: /usr/lib/x86_64-linux-gnu/libcrypto.so (found version "3.0.2")  
[1.018s] -- Found FastRTPS: /opt/ros/humble/include  
[1.062s] -- Using RMW implementation 'rmw_fastrtps_cpp' as default
[1.070s] -- Looking for pthread.h
[1.138s] -- Looking for pthread.h - found
[1.139s] -- Performing Test CMAKE_HAVE_LIBC_PTHREAD
[1.207s] -- Performing Test CMAKE_HAVE_LIBC_PTHREAD - Success
[1.208s] -- Found Threads: TRUE  
[1.242s] -- Found sensor_msgs: 4.9.0 (/opt/ros/humble/share/sensor_msgs/cmake)
[1.259s] -- Found rclpy: 3.3.16 (/opt/ros/humble/share/rclpy/cmake)
[1.267s] -- Found ament_lint_auto: 0.12.12 (/opt/ros/humble/share/ament_lint_auto/cmake)
[1.368s] -- Added test 'copyright' to check source files copyright and LICENSE
[1.378s] -- Added test 'cppcheck' to perform static code analysis on C / C++ code
[1.378s] -- Configured cppcheck include dirs: /home/avmi-lab-user/ThreatField2025/workspace/ros2_ws/src/px4_ros_com/include;$<BUILD_INTERFACE:/home/avmi-lab-user/ThreatField2025/workspace/ros2_ws/src/px4_ros_com/include/px4_ros_com>
[1.378s] -- Configured cppcheck exclude dirs and/or files: 
[1.390s] -- Added test 'cpplint' to check C / C++ code against the Google style
[1.390s] -- Configured cpplint exclude dirs and/or files: 
[1.392s] -- Added test 'flake8' to check Python code syntax and style conventions
[1.394s] -- Added test 'lint_cmake' to check CMake code style
[1.396s] -- Added test 'pep257' to check Python code against some of the docstring style conventions in PEP 257
[1.407s] -- Added test 'uncrustify' to check C / C++ code style
[1.407s] -- Configured uncrustify additional arguments: 
[1.409s] -- Added test 'xmllint' to check XML markup files
[1.411s] -- Configuring done
[1.460s] -- Generating done
[1.478s] -- Build files have been written to: /home/avmi-lab-user/ThreatField2025/workspace/ros2_ws/build/px4_ros_com
[1.494s] Invoked command in '/home/avmi-lab-user/ThreatField2025/workspace/ros2_ws/build/px4_ros_com' returned '0': AMENT_PREFIX_PATH=/home/avmi-lab-user/ThreatField2025/workspace/ros2_ws/install/px4_msgs:${AMENT_PREFIX_PATH} CMAKE_PREFIX_PATH=/home/avmi-lab-user/ThreatField2025/workspace/ros2_ws/install/px4_msgs:/opt/ros/humble LD_LIBRARY_PATH=/home/avmi-lab-user/ThreatField2025/workspace/ros2_ws/install/px4_msgs/lib:${LD_LIBRARY_PATH} PYTHONPATH=/home/avmi-lab-user/ThreatField2025/workspace/ros2_ws/install/px4_msgs/local/lib/python3.10/dist-packages:${PYTHONPATH} /usr/bin/cmake /home/avmi-lab-user/ThreatField2025/workspace/ros2_ws/src/px4_ros_com -DCMAKE_INSTALL_PREFIX=/home/avmi-lab-user/ThreatField2025/workspace/ros2_ws/install/px4_ros_com
[1.497s] Invoking command in '/home/avmi-lab-user/ThreatField2025/workspace/ros2_ws/build/px4_ros_com': AMENT_PREFIX_PATH=/home/avmi-lab-user/ThreatField2025/workspace/ros2_ws/install/px4_msgs:${AMENT_PREFIX_PATH} CMAKE_PREFIX_PATH=/home/avmi-lab-user/ThreatField2025/workspace/ros2_ws/install/px4_msgs:/opt/ros/humble LD_LIBRARY_PATH=/home/avmi-lab-user/ThreatField2025/workspace/ros2_ws/install/px4_msgs/lib:${LD_LIBRARY_PATH} PYTHONPATH=/home/avmi-lab-user/ThreatField2025/workspace/ros2_ws/install/px4_msgs/local/lib/python3.10/dist-packages:${PYTHONPATH} /usr/bin/cmake --build /home/avmi-lab-user/ThreatField2025/workspace/ros2_ws/build/px4_ros_com -- -j8 -l8
[1.631s] [  7%] [32mBuilding CXX object CMakeFiles/frame_transforms.dir/src/lib/frame_transforms.cpp.o[0m
[1.643s] [ 14%] [32mBuilding CXX object CMakeFiles/offboard_control.dir/src/examples/offboard/offboard_control.cpp.o[0m
[1.644s] [ 21%] [32mBuilding CXX object CMakeFiles/sensor_combined_listener.dir/src/examples/listeners/sensor_combined_listener.cpp.o[0m
[1.655s] [ 28%] [32mBuilding CXX object CMakeFiles/vehicle_gps_position_listener.dir/src/examples/listeners/vehicle_gps_position_listener.cpp.o[0m
[1.681s] [ 35%] [32mBuilding CXX object CMakeFiles/vehicle_local_position_listener.dir/src/examples/listeners/vehicle_local_position_listener.cpp.o[0m
[1.692s] [ 42%] [32mBuilding CXX object CMakeFiles/offboard_control_srv.dir/src/examples/offboard/offboard_control_srv.cpp.o[0m
[1.709s] [ 50%] [32mBuilding CXX object CMakeFiles/debug_vect_advertiser.dir/src/examples/advertisers/debug_vect_advertiser.cpp.o[0m
[1.818s] [ 50%] Built target ament_cmake_python_copy_px4_ros_com
[2.673s] running egg_info
[2.701s] creating px4_ros_com.egg-info
[2.703s] writing px4_ros_com.egg-info/PKG-INFO
[2.703s] writing dependency_links to px4_ros_com.egg-info/dependency_links.txt
[2.703s] writing top-level names to px4_ros_com.egg-info/top_level.txt
[2.703s] writing manifest file 'px4_ros_com.egg-info/SOURCES.txt'
[2.881s] reading manifest file 'px4_ros_com.egg-info/SOURCES.txt'
[2.881s] writing manifest file 'px4_ros_com.egg-info/SOURCES.txt'
[3.095s] [ 50%] Built target ament_cmake_python_build_px4_ros_com_egg
[21.367s] [ 57%] [32m[1mLinking CXX executable offboard_control[0m
[21.633s] [ 64%] [32m[1mLinking CXX executable debug_vect_advertiser[0m
[22.371s] [ 64%] Built target offboard_control
[22.632s] [ 64%] Built target debug_vect_advertiser
[24.074s] [ 71%] [32m[1mLinking CXX executable offboard_control_srv[0m
[24.377s] [ 78%] [32m[1mLinking CXX shared library libframe_transforms.so[0m
[24.882s] [ 78%] Built target offboard_control_srv
[24.894s] [ 78%] Built target frame_transforms
[27.745s] [ 85%] [32m[1mLinking CXX executable sensor_combined_listener[0m
[28.806s] [ 92%] [32m[1mLinking CXX executable vehicle_local_position_listener[0m
[29.073s] [ 92%] Built target sensor_combined_listener
[29.460s] [ 92%] Built target vehicle_local_position_listener
[30.625s] [100%] [32m[1mLinking CXX executable vehicle_gps_position_listener[0m
[31.048s] [100%] Built target vehicle_gps_position_listener
[31.060s] Invoked command in '/home/avmi-lab-user/ThreatField2025/workspace/ros2_ws/build/px4_ros_com' returned '0': AMENT_PREFIX_PATH=/home/avmi-lab-user/ThreatField2025/workspace/ros2_ws/install/px4_msgs:${AMENT_PREFIX_PATH} CMAKE_PREFIX_PATH=/home/avmi-lab-user/ThreatField2025/workspace/ros2_ws/install/px4_msgs:/opt/ros/humble LD_LIBRARY_PATH=/home/avmi-lab-user/ThreatField2025/workspace/ros2_ws/install/px4_msgs/lib:${LD_LIBRARY_PATH} PYTHONPATH=/home/avmi-lab-user/ThreatField2025/workspace/ros2_ws/install/px4_msgs/local/lib/python3.10/dist-packages:${PYTHONPATH} /usr/bin/cmake --build /home/avmi-lab-user/ThreatField2025/workspace/ros2_ws/build/px4_ros_com -- -j8 -l8
[31.062s] Invoking command in '/home/avmi-lab-user/ThreatField2025/workspace/ros2_ws/build/px4_ros_com': AMENT_PREFIX_PATH=/home/avmi-lab-user/ThreatField2025/workspace/ros2_ws/install/px4_msgs:${AMENT_PREFIX_PATH} CMAKE_PREFIX_PATH=/home/avmi-lab-user/ThreatField2025/workspace/ros2_ws/install/px4_msgs:/opt/ros/humble LD_LIBRARY_PATH=/home/avmi-lab-user/ThreatField2025/workspace/ros2_ws/install/px4_msgs/lib:${LD_LIBRARY_PATH} PYTHONPATH=/home/avmi-lab-user/ThreatField2025/workspace/ros2_ws/install/px4_msgs/local/lib/python3.10/dist-packages:${PYTHONPATH} /usr/bin/cmake --install /home/avmi-lab-user/ThreatField2025/workspace/ros2_ws/build/px4_ros_com
[31.069s] -- Install configuration: ""
[31.070s] -- Installing: /home/avmi-lab-user/ThreatField2025/workspace/ros2_ws/install/px4_ros_com/lib/px4_ros_com/sensor_combined_listener
[31.072s] -- Set runtime path of "/home/avmi-lab-user/ThreatField2025/workspace/ros2_ws/install/px4_ros_com/lib/px4_ros_com/sensor_combined_listener" to ""
[31.072s] -- Installing: /home/avmi-lab-user/ThreatField2025/workspace/ros2_ws/install/px4_ros_com/lib/px4_ros_com/vehicle_gps_position_listener
[31.075s] -- Set runtime path of "/home/avmi-lab-user/ThreatField2025/workspace/ros2_ws/install/px4_ros_com/lib/px4_ros_com/vehicle_gps_position_listener" to ""
[31.075s] -- Installing: /home/avmi-lab-user/ThreatField2025/workspace/ros2_ws/install/px4_ros_com/lib/px4_ros_com/debug_vect_advertiser
[31.075s] -- Set runtime path of "/home/avmi-lab-user/ThreatField2025/workspace/ros2_ws/install/px4_ros_com/lib/px4_ros_com/debug_vect_advertiser" to ""
[31.075s] -- Installing: /home/avmi-lab-user/ThreatField2025/workspace/ros2_ws/install/px4_ros_com/lib/px4_ros_com/offboard_control
[31.077s] -- Set runtime path of "/home/avmi-lab-user/ThreatField2025/workspace/ros2_ws/install/px4_ros_com/lib/px4_ros_com/offboard_control" to ""
[31.077s] -- Installing: /home/avmi-lab-user/ThreatField2025/workspace/ros2_ws/install/px4_ros_com/lib/px4_ros_com/offboard_control_srv
[31.078s] -- Set runtime path of "/home/avmi-lab-user/ThreatField2025/workspace/ros2_ws/install/px4_ros_com/lib/px4_ros_com/offboard_control_srv" to ""
[31.078s] -- Installing: /home/avmi-lab-user/ThreatField2025/workspace/ros2_ws/install/px4_ros_com/lib/px4_ros_com/vehicle_local_position_listener
[31.081s] -- Set runtime path of "/home/avmi-lab-user/ThreatField2025/workspace/ros2_ws/install/px4_ros_com/lib/px4_ros_com/vehicle_local_position_listener" to ""
[31.081s] -- Installing: /home/avmi-lab-user/ThreatField2025/workspace/ros2_ws/install/px4_ros_com/share/px4_ros_com/environment/library_path.sh
[31.081s] -- Installing: /home/avmi-lab-user/ThreatField2025/workspace/ros2_ws/install/px4_ros_com/share/px4_ros_com/environment/library_path.dsv
[31.081s] -- Installing: /home/avmi-lab-user/ThreatField2025/workspace/ros2_ws/install/px4_ros_com/include/px4_ros_com
[31.081s] -- Installing: /home/avmi-lab-user/ThreatField2025/workspace/ros2_ws/install/px4_ros_com/include/px4_ros_com/frame_transforms.h
[31.081s] -- Installing: /home/avmi-lab-user/ThreatField2025/workspace/ros2_ws/install/px4_ros_com/lib/libframe_transforms.so
[31.084s] -- Set runtime path of "/home/avmi-lab-user/ThreatField2025/workspace/ros2_ws/install/px4_ros_com/lib/libframe_transforms.so" to ""
[31.084s] -- Installing: /home/avmi-lab-user/ThreatField2025/workspace/ros2_ws/install/px4_ros_com/share/px4_ros_com//launch
[31.084s] -- Installing: /home/avmi-lab-user/ThreatField2025/workspace/ros2_ws/install/px4_ros_com/share/px4_ros_com//launch/offboard_control_launch.yaml
[31.085s] -- Installing: /home/avmi-lab-user/ThreatField2025/workspace/ros2_ws/install/px4_ros_com/share/px4_ros_com//launch/vehicle_local_listener.launch.py
[31.085s] -- Installing: /home/avmi-lab-user/ThreatField2025/workspace/ros2_ws/install/px4_ros_com/share/px4_ros_com//launch/sensor_combined_listener.launch.py
[31.085s] -- Installing: /home/avmi-lab-user/ThreatField2025/workspace/ros2_ws/install/px4_ros_com/share/px4_ros_com//test
[31.085s] -- Installing: /home/avmi-lab-user/ThreatField2025/workspace/ros2_ws/install/px4_ros_com/share/px4_ros_com//test/pipeline_io_test.py
[31.085s] -- Installing: /home/avmi-lab-user/ThreatField2025/workspace/ros2_ws/install/px4_ros_com/share/px4_ros_com//test/__init__.py
[31.085s] -- Installing: /home/avmi-lab-user/ThreatField2025/workspace/ros2_ws/install/px4_ros_com/share/px4_ros_com//test/test_output.py
[31.085s] -- Installing: /home/avmi-lab-user/ThreatField2025/workspace/ros2_ws/install/px4_ros_com/share/px4_ros_com//test/test_input.py
[31.085s] -- Installing: /home/avmi-lab-user/ThreatField2025/workspace/ros2_ws/install/px4_ros_com/share/px4_ros_com/environment/pythonpath.sh
[31.085s] -- Installing: /home/avmi-lab-user/ThreatField2025/workspace/ros2_ws/install/px4_ros_com/share/px4_ros_com/environment/pythonpath.dsv
[31.085s] -- Installing: /home/avmi-lab-user/ThreatField2025/workspace/ros2_ws/install/px4_ros_com/local/lib/python3.10/dist-packages/px4_ros_com-0.1.0-py3.10.egg-info
[31.086s] -- Installing: /home/avmi-lab-user/ThreatField2025/workspace/ros2_ws/install/px4_ros_com/local/lib/python3.10/dist-packages/px4_ros_com-0.1.0-py3.10.egg-info/dependency_links.txt
[31.086s] -- Installing: /home/avmi-lab-user/ThreatField2025/workspace/ros2_ws/install/px4_ros_com/local/lib/python3.10/dist-packages/px4_ros_com-0.1.0-py3.10.egg-info/PKG-INFO
[31.086s] -- Installing: /home/avmi-lab-user/ThreatField2025/workspace/ros2_ws/install/px4_ros_com/local/lib/python3.10/dist-packages/px4_ros_com-0.1.0-py3.10.egg-info/top_level.txt
[31.086s] -- Installing: /home/avmi-lab-user/ThreatField2025/workspace/ros2_ws/install/px4_ros_com/local/lib/python3.10/dist-packages/px4_ros_com-0.1.0-py3.10.egg-info/SOURCES.txt
[31.086s] -- Installing: /home/avmi-lab-user/ThreatField2025/workspace/ros2_ws/install/px4_ros_com/local/lib/python3.10/dist-packages/px4_ros_com
[31.086s] -- Installing: /home/avmi-lab-user/ThreatField2025/workspace/ros2_ws/install/px4_ros_com/local/lib/python3.10/dist-packages/px4_ros_com/__init__.py
[31.086s] -- Installing: /home/avmi-lab-user/ThreatField2025/workspace/ros2_ws/install/px4_ros_com/local/lib/python3.10/dist-packages/px4_ros_com/module_to_import.py
[31.119s] Listing '/home/avmi-lab-user/ThreatField2025/workspace/ros2_ws/install/px4_ros_com/local/lib/python3.10/dist-packages/px4_ros_com'...
[31.120s] Compiling '/home/avmi-lab-user/ThreatField2025/workspace/ros2_ws/install/px4_ros_com/local/lib/python3.10/dist-packages/px4_ros_com/__init__.py'...
[31.120s] Compiling '/home/avmi-lab-user/ThreatField2025/workspace/ros2_ws/install/px4_ros_com/local/lib/python3.10/dist-packages/px4_ros_com/module_to_import.py'...
[31.125s] -- Installing: /home/avmi-lab-user/ThreatField2025/workspace/ros2_ws/install/px4_ros_com/lib/px4_ros_com/offboard_control.py
[31.125s] -- Installing: /home/avmi-lab-user/ThreatField2025/workspace/ros2_ws/install/px4_ros_com/share/ament_index/resource_index/package_run_dependencies/px4_ros_com
[31.126s] -- Installing: /home/avmi-lab-user/ThreatField2025/workspace/ros2_ws/install/px4_ros_com/share/ament_index/resource_index/parent_prefix_path/px4_ros_com
[31.126s] -- Installing: /home/avmi-lab-user/ThreatField2025/workspace/ros2_ws/install/px4_ros_com/share/px4_ros_com/environment/ament_prefix_path.sh
[31.126s] -- Installing: /home/avmi-lab-user/ThreatField2025/workspace/ros2_ws/install/px4_ros_com/share/px4_ros_com/environment/ament_prefix_path.dsv
[31.126s] -- Installing: /home/avmi-lab-user/ThreatField2025/workspace/ros2_ws/install/px4_ros_com/share/px4_ros_com/environment/path.sh
[31.126s] -- Installing: /home/avmi-lab-user/ThreatField2025/workspace/ros2_ws/install/px4_ros_com/share/px4_ros_com/environment/path.dsv
[31.126s] -- Installing: /home/avmi-lab-user/ThreatField2025/workspace/ros2_ws/install/px4_ros_com/share/px4_ros_com/local_setup.bash
[31.126s] -- Installing: /home/avmi-lab-user/ThreatField2025/workspace/ros2_ws/install/px4_ros_com/share/px4_ros_com/local_setup.sh
[31.127s] -- Installing: /home/avmi-lab-user/ThreatField2025/workspace/ros2_ws/install/px4_ros_com/share/px4_ros_com/local_setup.zsh
[31.127s] -- Installing: /home/avmi-lab-user/ThreatField2025/workspace/ros2_ws/install/px4_ros_com/share/px4_ros_com/local_setup.dsv
[31.127s] -- Installing: /home/avmi-lab-user/ThreatField2025/workspace/ros2_ws/install/px4_ros_com/share/px4_ros_com/package.dsv
[31.127s] -- Installing: /home/avmi-lab-user/ThreatField2025/workspace/ros2_ws/install/px4_ros_com/share/ament_index/resource_index/packages/px4_ros_com
[31.127s] -- Installing: /home/avmi-lab-user/ThreatField2025/workspace/ros2_ws/install/px4_ros_com/share/px4_ros_com/cmake/export_frame_transformsExport.cmake
[31.127s] -- Installing: /home/avmi-lab-user/ThreatField2025/workspace/ros2_ws/install/px4_ros_com/share/px4_ros_com/cmake/export_frame_transformsExport-noconfig.cmake
[31.127s] -- Installing: /home/avmi-lab-user/ThreatField2025/workspace/ros2_ws/install/px4_ros_com/share/px4_ros_com/cmake/ament_cmake_export_dependencies-extras.cmake
[31.128s] -- Installing: /home/avmi-lab-user/ThreatField2025/workspace/ros2_ws/install/px4_ros_com/share/px4_ros_com/cmake/ament_cmake_export_targets-extras.cmake
[31.128s] -- Installing: /home/avmi-lab-user/ThreatField2025/workspace/ros2_ws/install/px4_ros_com/share/px4_ros_com/cmake/ament_cmake_export_include_directories-extras.cmake
[31.128s] -- Installing: /home/avmi-lab-user/ThreatField2025/workspace/ros2_ws/install/px4_ros_com/share/px4_ros_com/cmake/ament_cmake_export_libraries-extras.cmake
[31.128s] -- Installing: /home/avmi-lab-user/ThreatField2025/workspace/ros2_ws/install/px4_ros_com/share/px4_ros_com/cmake/px4_ros_comConfig.cmake
[31.128s] -- Installing: /home/avmi-lab-user/ThreatField2025/workspace/ros2_ws/install/px4_ros_com/share/px4_ros_com/cmake/px4_ros_comConfig-version.cmake
[31.129s] -- Installing: /home/avmi-lab-user/ThreatField2025/workspace/ros2_ws/install/px4_ros_com/share/px4_ros_com/package.xml
[31.131s] Invoked command in '/home/avmi-lab-user/ThreatField2025/workspace/ros2_ws/build/px4_ros_com' returned '0': AMENT_PREFIX_PATH=/home/avmi-lab-user/ThreatField2025/workspace/ros2_ws/install/px4_msgs:${AMENT_PREFIX_PATH} CMAKE_PREFIX_PATH=/home/avmi-lab-user/ThreatField2025/workspace/ros2_ws/install/px4_msgs:/opt/ros/humble LD_LIBRARY_PATH=/home/avmi-lab-user/ThreatField2025/workspace/ros2_ws/install/px4_msgs/lib:${LD_LIBRARY_PATH} PYTHONPATH=/home/avmi-lab-user/ThreatField2025/workspace/ros2_ws/install/px4_msgs/local/lib/python3.10/dist-packages:${PYTHONPATH} /usr/bin/cmake --install /home/avmi-lab-user/ThreatField2025/workspace/ros2_ws/build/px4_ros_com
