[0.557s] Invoking command in '/home/avmi-lab-user/ThreatField2025/workspace/ros2_ws/src/px4-offboard': CMAKE_PREFIX_PATH=/home/avmi-lab-user/ThreatField2025/workspace/ros2_ws/install/px4_msgs:/home/avmi-lab-user/ThreatField2025/workspace/ros2_ws/install/turtlesim:/home/avmi-lab-user/ThreatField2025/workspace/ros2_ws/install/px4_ros_com:/home/avmi-lab-user/ThreatField2025/workspace/ros2_ws/install/microxrcedds_agent:/home/avmi-lab-user/ThreatField2025/workspace/ros2_ws/install/interface:/home/avmi-lab-user/turtlebot4_ws/install/vision_opencv:/home/avmi-lab-user/turtlebot4_ws/install/turtlebot4_simulator:/home/avmi-lab-user/turtlebot4_ws/install/turtlebot4_ignition_bringup:/home/avmi-lab-user/turtlebot4_ws/install/turtlebot4_node:/home/avmi-lab-user/turtlebot4_ws/install/turtlebot4_navigation:/home/avmi-lab-user/turtlebot4_ws/install/turtlebot4_ignition_toolbox:/home/avmi-lab-user/turtlebot4_ws/install/turtlebot4_msgs:/home/avmi-lab-user/turtlebot4_ws/install/turtlebot4_ignition_gui_plugins:/home/avmi-lab-user/turtlebot4_ws/install/turtlebot4_description:/home/avmi-lab-user/turtlebot4_ws/install/rviz_visual_tools:/home/avmi-lab-user/turtlebot4_ws/install/image_geometry:/home/avmi-lab-user/turtlebot4_ws/install/cv_bridge:/home/avmi-lab-user/turtlebot4_ws/install/avmi_interfaces LD_LIBRARY_PATH=/home/avmi-lab-user/ThreatField2025/workspace/ros2_ws/install/px4_msgs/lib:/home/avmi-lab-user/ThreatField2025/workspace/ros2_ws/install/turtlesim/lib:/home/avmi-lab-user/ThreatField2025/workspace/ros2_ws/install/px4_ros_com/lib:/home/avmi-lab-user/ThreatField2025/workspace/ros2_ws/install/microxrcedds_agent/lib:/home/avmi-lab-user/ThreatField2025/workspace/ros2_ws/install/interface/lib:/home/avmi-lab-user/turtlebot4_ws/install/turtlebot4_msgs/lib:/home/avmi-lab-user/turtlebot4_ws/install/rviz_visual_tools/lib:/home/avmi-lab-user/turtlebot4_ws/install/image_geometry/lib:/home/avmi-lab-user/turtlebot4_ws/install/cv_bridge/lib:/home/avmi-lab-user/turtlebot4_ws/install/avmi_interfaces/lib:/opt/ros/humble/opt/rviz_ogre_vendor/lib:/opt/ros/humble/lib/x86_64-linux-gnu:/opt/ros/humble/lib PYTHONPATH=/home/avmi-lab-user/ThreatField2025/workspace/ros2_ws/build/px4_offboard/prefix_override:/usr/lib/python3/dist-packages/colcon_core/task/python/colcon_distutils_commands:/home/avmi-lab-user/ThreatField2025/workspace/ros2_ws/install/px4_offboard/lib/python3.10/site-packages:${PYTHONPATH} /usr/bin/python3 -W ignore:setup.py install is deprecated -W ignore:easy_install command is deprecated setup.py egg_info --egg-base ../../build/px4_offboard build --build-base /home/avmi-lab-user/ThreatField2025/workspace/ros2_ws/build/px4_offboard/build install --record /home/avmi-lab-user/ThreatField2025/workspace/ros2_ws/build/px4_offboard/install.log --single-version-externally-managed install_data
[0.775s] running egg_info
[0.788s] writing ../../build/px4_offboard/px4_offboard.egg-info/PKG-INFO
[0.789s] writing dependency_links to ../../build/px4_offboard/px4_offboard.egg-info/dependency_links.txt
[0.789s] writing entry points to ../../build/px4_offboard/px4_offboard.egg-info/entry_points.txt
[0.789s] writing requirements to ../../build/px4_offboard/px4_offboard.egg-info/requires.txt
[0.789s] writing top-level names to ../../build/px4_offboard/px4_offboard.egg-info/top_level.txt
[0.817s] reading manifest file '../../build/px4_offboard/px4_offboard.egg-info/SOURCES.txt'
[0.818s] adding license file 'LICENSE'
[0.818s] writing manifest file '../../build/px4_offboard/px4_offboard.egg-info/SOURCES.txt'
[0.819s] running build
[0.819s] running build_py
[0.819s] copying px4_offboard/__init__.py -> /home/avmi-lab-user/ThreatField2025/workspace/ros2_ws/build/px4_offboard/build/lib/px4_offboard
[0.819s] copying px4_offboard/visualizer.py -> /home/avmi-lab-user/ThreatField2025/workspace/ros2_ws/build/px4_offboard/build/lib/px4_offboard
[0.820s] copying px4_offboard/offboard_control.py -> /home/avmi-lab-user/ThreatField2025/workspace/ros2_ws/build/px4_offboard/build/lib/px4_offboard
[0.820s] running install
[0.823s] running install_lib
[0.836s] running install_data
[0.836s] copying resource/px4_offboard -> /home/avmi-lab-user/ThreatField2025/workspace/ros2_ws/install/px4_offboard/share/ament_index/resource_index/packages
[0.837s] copying resource/visualize.rviz -> /home/avmi-lab-user/ThreatField2025/workspace/ros2_ws/install/px4_offboard/share/ament_index/resource_index/packages
[0.837s] copying package.xml -> /home/avmi-lab-user/ThreatField2025/workspace/ros2_ws/install/px4_offboard/share/px4_offboard
[0.837s] copying launch/offboard_hardware_position_control.launch.py -> /home/avmi-lab-user/ThreatField2025/workspace/ros2_ws/install/px4_offboard/share/px4_offboard
[0.837s] copying launch/visualize.launch.py -> /home/avmi-lab-user/ThreatField2025/workspace/ros2_ws/install/px4_offboard/share/px4_offboard
[0.837s] copying launch/offboard_position_control.launch.py -> /home/avmi-lab-user/ThreatField2025/workspace/ros2_ws/install/px4_offboard/share/px4_offboard
[0.837s] copying resource/visualize.rviz -> /home/avmi-lab-user/ThreatField2025/workspace/ros2_ws/install/px4_offboard/share/px4_offboard
[0.837s] running install_egg_info
[0.851s] removing '/home/avmi-lab-user/ThreatField2025/workspace/ros2_ws/install/px4_offboard/lib/python3.10/site-packages/px4_offboard-0.0.0-py3.10.egg-info' (and everything under it)
[0.851s] Copying ../../build/px4_offboard/px4_offboard.egg-info to /home/avmi-lab-user/ThreatField2025/workspace/ros2_ws/install/px4_offboard/lib/python3.10/site-packages/px4_offboard-0.0.0-py3.10.egg-info
[0.851s] running install_scripts
[0.876s] Installing offboard_control script to /home/avmi-lab-user/ThreatField2025/workspace/ros2_ws/install/px4_offboard/lib/px4_offboard
[0.877s] Installing visualizer script to /home/avmi-lab-user/ThreatField2025/workspace/ros2_ws/install/px4_offboard/lib/px4_offboard
[0.877s] writing list of installed files to '/home/avmi-lab-user/ThreatField2025/workspace/ros2_ws/build/px4_offboard/install.log'
[0.898s] Invoked command in '/home/avmi-lab-user/ThreatField2025/workspace/ros2_ws/src/px4-offboard' returned '0': CMAKE_PREFIX_PATH=/home/avmi-lab-user/ThreatField2025/workspace/ros2_ws/install/px4_msgs:/home/avmi-lab-user/ThreatField2025/workspace/ros2_ws/install/turtlesim:/home/avmi-lab-user/ThreatField2025/workspace/ros2_ws/install/px4_ros_com:/home/avmi-lab-user/ThreatField2025/workspace/ros2_ws/install/microxrcedds_agent:/home/avmi-lab-user/ThreatField2025/workspace/ros2_ws/install/interface:/home/avmi-lab-user/turtlebot4_ws/install/vision_opencv:/home/avmi-lab-user/turtlebot4_ws/install/turtlebot4_simulator:/home/avmi-lab-user/turtlebot4_ws/install/turtlebot4_ignition_bringup:/home/avmi-lab-user/turtlebot4_ws/install/turtlebot4_node:/home/avmi-lab-user/turtlebot4_ws/install/turtlebot4_navigation:/home/avmi-lab-user/turtlebot4_ws/install/turtlebot4_ignition_toolbox:/home/avmi-lab-user/turtlebot4_ws/install/turtlebot4_msgs:/home/avmi-lab-user/turtlebot4_ws/install/turtlebot4_ignition_gui_plugins:/home/avmi-lab-user/turtlebot4_ws/install/turtlebot4_description:/home/avmi-lab-user/turtlebot4_ws/install/rviz_visual_tools:/home/avmi-lab-user/turtlebot4_ws/install/image_geometry:/home/avmi-lab-user/turtlebot4_ws/install/cv_bridge:/home/avmi-lab-user/turtlebot4_ws/install/avmi_interfaces LD_LIBRARY_PATH=/home/avmi-lab-user/ThreatField2025/workspace/ros2_ws/install/px4_msgs/lib:/home/avmi-lab-user/ThreatField2025/workspace/ros2_ws/install/turtlesim/lib:/home/avmi-lab-user/ThreatField2025/workspace/ros2_ws/install/px4_ros_com/lib:/home/avmi-lab-user/ThreatField2025/workspace/ros2_ws/install/microxrcedds_agent/lib:/home/avmi-lab-user/ThreatField2025/workspace/ros2_ws/install/interface/lib:/home/avmi-lab-user/turtlebot4_ws/install/turtlebot4_msgs/lib:/home/avmi-lab-user/turtlebot4_ws/install/rviz_visual_tools/lib:/home/avmi-lab-user/turtlebot4_ws/install/image_geometry/lib:/home/avmi-lab-user/turtlebot4_ws/install/cv_bridge/lib:/home/avmi-lab-user/turtlebot4_ws/install/avmi_interfaces/lib:/opt/ros/humble/opt/rviz_ogre_vendor/lib:/opt/ros/humble/lib/x86_64-linux-gnu:/opt/ros/humble/lib PYTHONPATH=/home/avmi-lab-user/ThreatField2025/workspace/ros2_ws/build/px4_offboard/prefix_override:/usr/lib/python3/dist-packages/colcon_core/task/python/colcon_distutils_commands:/home/avmi-lab-user/ThreatField2025/workspace/ros2_ws/install/px4_offboard/lib/python3.10/site-packages:${PYTHONPATH} /usr/bin/python3 -W ignore:setup.py install is deprecated -W ignore:easy_install command is deprecated setup.py egg_info --egg-base ../../build/px4_offboard build --build-base /home/avmi-lab-user/ThreatField2025/workspace/ros2_ws/build/px4_offboard/build install --record /home/avmi-lab-user/ThreatField2025/workspace/ros2_ws/build/px4_offboard/install.log --single-version-externally-managed install_data
