[0.403s] Invoking command in '/home/avmi-lab-user/ThreatField2025/workspace/ros2_ws/src/py_srvcli': PYTHONPATH=/home/avmi-lab-user/ThreatField2025/workspace/ros2_ws/build/py_srvcli/prefix_override:/usr/lib/python3/dist-packages/colcon_core/task/python/colcon_distutils_commands:/home/avmi-lab-user/ThreatField2025/workspace/ros2_ws/install/py_srvcli/lib/python3.10/site-packages:${PYTHONPATH} /usr/bin/python3 -W ignore:setup.py install is deprecated -W ignore:easy_install command is deprecated setup.py egg_info --egg-base ../../build/py_srvcli build --build-base /home/avmi-lab-user/ThreatField2025/workspace/ros2_ws/build/py_srvcli/build install --record /home/avmi-lab-user/ThreatField2025/workspace/ros2_ws/build/py_srvcli/install.log --single-version-externally-managed install_data
[0.512s] /home/avmi-lab-user/.local/lib/python3.10/site-packages/setuptools/_distutils/dist.py:289: UserWarning: Unknown distribution option: 'tests_require'
[0.512s]   warnings.warn(msg)
[0.574s] running egg_info
[0.584s] creating ../../build/py_srvcli/py_srvcli.egg-info
[0.584s] writing ../../build/py_srvcli/py_srvcli.egg-info/PKG-INFO
[0.584s] writing dependency_links to ../../build/py_srvcli/py_srvcli.egg-info/dependency_links.txt
[0.584s] writing entry points to ../../build/py_srvcli/py_srvcli.egg-info/entry_points.txt
[0.584s] writing requirements to ../../build/py_srvcli/py_srvcli.egg-info/requires.txt
[0.584s] writing top-level names to ../../build/py_srvcli/py_srvcli.egg-info/top_level.txt
[0.584s] writing manifest file '../../build/py_srvcli/py_srvcli.egg-info/SOURCES.txt'
[0.607s] reading manifest file '../../build/py_srvcli/py_srvcli.egg-info/SOURCES.txt'
[0.607s] adding license file 'LICENSE'
[0.608s] writing manifest file '../../build/py_srvcli/py_srvcli.egg-info/SOURCES.txt'
[0.608s] running build
[0.608s] running build_py
[0.608s] creating /home/avmi-lab-user/ThreatField2025/workspace/ros2_ws/build/py_srvcli/build/lib/py_srvcli
[0.609s] copying py_srvcli/__init__.py -> /home/avmi-lab-user/ThreatField2025/workspace/ros2_ws/build/py_srvcli/build/lib/py_srvcli
[0.609s] copying py_srvcli/service_member_function.py -> /home/avmi-lab-user/ThreatField2025/workspace/ros2_ws/build/py_srvcli/build/lib/py_srvcli
[0.609s] copying py_srvcli/client_member_function.py -> /home/avmi-lab-user/ThreatField2025/workspace/ros2_ws/build/py_srvcli/build/lib/py_srvcli
[0.609s] running install
[0.612s] running install_lib
[0.623s] creating /home/avmi-lab-user/ThreatField2025/workspace/ros2_ws/install/py_srvcli/lib/python3.10/site-packages/py_srvcli
[0.623s] copying /home/avmi-lab-user/ThreatField2025/workspace/ros2_ws/build/py_srvcli/build/lib/py_srvcli/__init__.py -> /home/avmi-lab-user/ThreatField2025/workspace/ros2_ws/install/py_srvcli/lib/python3.10/site-packages/py_srvcli
[0.623s] copying /home/avmi-lab-user/ThreatField2025/workspace/ros2_ws/build/py_srvcli/build/lib/py_srvcli/service_member_function.py -> /home/avmi-lab-user/ThreatField2025/workspace/ros2_ws/install/py_srvcli/lib/python3.10/site-packages/py_srvcli
[0.623s] copying /home/avmi-lab-user/ThreatField2025/workspace/ros2_ws/build/py_srvcli/build/lib/py_srvcli/client_member_function.py -> /home/avmi-lab-user/ThreatField2025/workspace/ros2_ws/install/py_srvcli/lib/python3.10/site-packages/py_srvcli
[0.624s] byte-compiling /home/avmi-lab-user/ThreatField2025/workspace/ros2_ws/install/py_srvcli/lib/python3.10/site-packages/py_srvcli/__init__.py to __init__.cpython-310.pyc
[0.624s] byte-compiling /home/avmi-lab-user/ThreatField2025/workspace/ros2_ws/install/py_srvcli/lib/python3.10/site-packages/py_srvcli/service_member_function.py to service_member_function.cpython-310.pyc
[0.624s] byte-compiling /home/avmi-lab-user/ThreatField2025/workspace/ros2_ws/install/py_srvcli/lib/python3.10/site-packages/py_srvcli/client_member_function.py to client_member_function.cpython-310.pyc
[0.624s] running install_data
[0.624s] creating /home/avmi-lab-user/ThreatField2025/workspace/ros2_ws/install/py_srvcli/share/ament_index/resource_index/packages
[0.624s] copying resource/py_srvcli -> /home/avmi-lab-user/ThreatField2025/workspace/ros2_ws/install/py_srvcli/share/ament_index/resource_index/packages
[0.625s] copying package.xml -> /home/avmi-lab-user/ThreatField2025/workspace/ros2_ws/install/py_srvcli/share/py_srvcli
[0.625s] running install_egg_info
[0.636s] Copying ../../build/py_srvcli/py_srvcli.egg-info to /home/avmi-lab-user/ThreatField2025/workspace/ros2_ws/install/py_srvcli/lib/python3.10/site-packages/py_srvcli-0.0.0-py3.10.egg-info
[0.637s] running install_scripts
[0.659s] Installing client script to /home/avmi-lab-user/ThreatField2025/workspace/ros2_ws/install/py_srvcli/lib/py_srvcli
[0.659s] Installing service script to /home/avmi-lab-user/ThreatField2025/workspace/ros2_ws/install/py_srvcli/lib/py_srvcli
[0.659s] writing list of installed files to '/home/avmi-lab-user/ThreatField2025/workspace/ros2_ws/build/py_srvcli/install.log'
[0.676s] Invoked command in '/home/avmi-lab-user/ThreatField2025/workspace/ros2_ws/src/py_srvcli' returned '0': PYTHONPATH=/home/avmi-lab-user/ThreatField2025/workspace/ros2_ws/build/py_srvcli/prefix_override:/usr/lib/python3/dist-packages/colcon_core/task/python/colcon_distutils_commands:/home/avmi-lab-user/ThreatField2025/workspace/ros2_ws/install/py_srvcli/lib/python3.10/site-packages:${PYTHONPATH} /usr/bin/python3 -W ignore:setup.py install is deprecated -W ignore:easy_install command is deprecated setup.py egg_info --egg-base ../../build/py_srvcli build --build-base /home/avmi-lab-user/ThreatField2025/workspace/ros2_ws/build/py_srvcli/build install --record /home/avmi-lab-user/ThreatField2025/workspace/ros2_ws/build/py_srvcli/install.log --single-version-externally-managed install_data
