[0.105s] Invoking command in '/home/avmi-lab-user/ThreatField2025/workspace/ros2_ws/build/example_mode_goto_global_cpp': AMENT_PREFIX_PATH=/home/avmi-lab-user/ThreatField2025/workspace/ros2_ws/install/px4_ros2_cpp:/home/avmi-lab-user/ThreatField2025/workspace/ros2_ws/install/px4_msgs:${AMENT_PREFIX_PATH} CMAKE_PREFIX_PATH=/home/avmi-lab-user/ThreatField2025/workspace/ros2_ws/install/px4_ros2_cpp:/home/avmi-lab-user/ThreatField2025/workspace/ros2_ws/install/px4_msgs:/opt/ros/humble LD_LIBRARY_PATH=/home/avmi-lab-user/ThreatField2025/workspace/ros2_ws/install/px4_ros2_cpp/lib:/home/avmi-lab-user/ThreatField2025/workspace/ros2_ws/install/px4_msgs/lib:${LD_LIBRARY_PATH} PYTHONPATH=/home/avmi-lab-user/ThreatField2025/workspace/ros2_ws/install/px4_msgs/local/lib/python3.10/dist-packages:${PYTHONPATH} /usr/bin/cmake --build /home/avmi-lab-user/ThreatField2025/workspace/ros2_ws/build/example_mode_goto_global_cpp -- -j8 -l8
[0.178s] [100%] Built target example_mode_goto_global
[0.205s] Invoked command in '/home/avmi-lab-user/ThreatField2025/workspace/ros2_ws/build/example_mode_goto_global_cpp' returned '0': AMENT_PREFIX_PATH=/home/avmi-lab-user/ThreatField2025/workspace/ros2_ws/install/px4_ros2_cpp:/home/avmi-lab-user/ThreatField2025/workspace/ros2_ws/install/px4_msgs:${AMENT_PREFIX_PATH} CMAKE_PREFIX_PATH=/home/avmi-lab-user/ThreatField2025/workspace/ros2_ws/install/px4_ros2_cpp:/home/avmi-lab-user/ThreatField2025/workspace/ros2_ws/install/px4_msgs:/opt/ros/humble LD_LIBRARY_PATH=/home/avmi-lab-user/ThreatField2025/workspace/ros2_ws/install/px4_ros2_cpp/lib:/home/avmi-lab-user/ThreatField2025/workspace/ros2_ws/install/px4_msgs/lib:${LD_LIBRARY_PATH} PYTHONPATH=/home/avmi-lab-user/ThreatField2025/workspace/ros2_ws/install/px4_msgs/local/lib/python3.10/dist-packages:${PYTHONPATH} /usr/bin/cmake --build /home/avmi-lab-user/ThreatField2025/workspace/ros2_ws/build/example_mode_goto_global_cpp -- -j8 -l8
[0.205s] Invoking command in '/home/avmi-lab-user/ThreatField2025/workspace/ros2_ws/build/example_mode_goto_global_cpp': AMENT_PREFIX_PATH=/home/avmi-lab-user/ThreatField2025/workspace/ros2_ws/install/px4_ros2_cpp:/home/avmi-lab-user/ThreatField2025/workspace/ros2_ws/install/px4_msgs:${AMENT_PREFIX_PATH} CMAKE_PREFIX_PATH=/home/avmi-lab-user/ThreatField2025/workspace/ros2_ws/install/px4_ros2_cpp:/home/avmi-lab-user/ThreatField2025/workspace/ros2_ws/install/px4_msgs:/opt/ros/humble LD_LIBRARY_PATH=/home/avmi-lab-user/ThreatField2025/workspace/ros2_ws/install/px4_ros2_cpp/lib:/home/avmi-lab-user/ThreatField2025/workspace/ros2_ws/install/px4_msgs/lib:${LD_LIBRARY_PATH} PYTHONPATH=/home/avmi-lab-user/ThreatField2025/workspace/ros2_ws/install/px4_msgs/local/lib/python3.10/dist-packages:${PYTHONPATH} /usr/bin/cmake --install /home/avmi-lab-user/ThreatField2025/workspace/ros2_ws/build/example_mode_goto_global_cpp
[0.210s] -- Install configuration: ""
[0.210s] -- Execute custom install script
[0.211s] -- Up-to-date symlink: /home/avmi-lab-user/ThreatField2025/workspace/ros2_ws/install/example_mode_goto_global_cpp/lib/example_mode_goto_global_cpp/example_mode_goto_global
[0.211s] -- Up-to-date symlink: /home/avmi-lab-user/ThreatField2025/workspace/ros2_ws/install/example_mode_goto_global_cpp/share/ament_index/resource_index/package_run_dependencies/example_mode_goto_global_cpp
[0.211s] -- Up-to-date symlink: /home/avmi-lab-user/ThreatField2025/workspace/ros2_ws/install/example_mode_goto_global_cpp/share/ament_index/resource_index/parent_prefix_path/example_mode_goto_global_cpp
[0.211s] -- Up-to-date symlink: /home/avmi-lab-user/ThreatField2025/workspace/ros2_ws/install/example_mode_goto_global_cpp/share/example_mode_goto_global_cpp/environment/ament_prefix_path.sh
[0.211s] -- Up-to-date symlink: /home/avmi-lab-user/ThreatField2025/workspace/ros2_ws/install/example_mode_goto_global_cpp/share/example_mode_goto_global_cpp/environment/ament_prefix_path.dsv
[0.211s] -- Up-to-date symlink: /home/avmi-lab-user/ThreatField2025/workspace/ros2_ws/install/example_mode_goto_global_cpp/share/example_mode_goto_global_cpp/environment/path.sh
[0.211s] -- Up-to-date symlink: /home/avmi-lab-user/ThreatField2025/workspace/ros2_ws/install/example_mode_goto_global_cpp/share/example_mode_goto_global_cpp/environment/path.dsv
[0.212s] -- Up-to-date symlink: /home/avmi-lab-user/ThreatField2025/workspace/ros2_ws/install/example_mode_goto_global_cpp/share/example_mode_goto_global_cpp/local_setup.bash
[0.212s] -- Up-to-date symlink: /home/avmi-lab-user/ThreatField2025/workspace/ros2_ws/install/example_mode_goto_global_cpp/share/example_mode_goto_global_cpp/local_setup.sh
[0.213s] -- Up-to-date symlink: /home/avmi-lab-user/ThreatField2025/workspace/ros2_ws/install/example_mode_goto_global_cpp/share/example_mode_goto_global_cpp/local_setup.zsh
[0.213s] -- Up-to-date symlink: /home/avmi-lab-user/ThreatField2025/workspace/ros2_ws/install/example_mode_goto_global_cpp/share/example_mode_goto_global_cpp/local_setup.dsv
[0.213s] -- Symlinking: /home/avmi-lab-user/ThreatField2025/workspace/ros2_ws/install/example_mode_goto_global_cpp/share/example_mode_goto_global_cpp/package.dsv
[0.221s] -- Up-to-date symlink: /home/avmi-lab-user/ThreatField2025/workspace/ros2_ws/install/example_mode_goto_global_cpp/share/ament_index/resource_index/packages/example_mode_goto_global_cpp
[0.221s] -- Up-to-date symlink: /home/avmi-lab-user/ThreatField2025/workspace/ros2_ws/install/example_mode_goto_global_cpp/share/example_mode_goto_global_cpp/cmake/example_mode_goto_global_cppConfig.cmake
[0.221s] -- Up-to-date symlink: /home/avmi-lab-user/ThreatField2025/workspace/ros2_ws/install/example_mode_goto_global_cpp/share/example_mode_goto_global_cpp/cmake/example_mode_goto_global_cppConfig-version.cmake
[0.221s] -- Up-to-date symlink: /home/avmi-lab-user/ThreatField2025/workspace/ros2_ws/install/example_mode_goto_global_cpp/share/example_mode_goto_global_cpp/package.xml
[0.246s] Invoked command in '/home/avmi-lab-user/ThreatField2025/workspace/ros2_ws/build/example_mode_goto_global_cpp' returned '0': AMENT_PREFIX_PATH=/home/avmi-lab-user/ThreatField2025/workspace/ros2_ws/install/px4_ros2_cpp:/home/avmi-lab-user/ThreatField2025/workspace/ros2_ws/install/px4_msgs:${AMENT_PREFIX_PATH} CMAKE_PREFIX_PATH=/home/avmi-lab-user/ThreatField2025/workspace/ros2_ws/install/px4_ros2_cpp:/home/avmi-lab-user/ThreatField2025/workspace/ros2_ws/install/px4_msgs:/opt/ros/humble LD_LIBRARY_PATH=/home/avmi-lab-user/ThreatField2025/workspace/ros2_ws/install/px4_ros2_cpp/lib:/home/avmi-lab-user/ThreatField2025/workspace/ros2_ws/install/px4_msgs/lib:${LD_LIBRARY_PATH} PYTHONPATH=/home/avmi-lab-user/ThreatField2025/workspace/ros2_ws/install/px4_msgs/local/lib/python3.10/dist-packages:${PYTHONPATH} /usr/bin/cmake --install /home/avmi-lab-user/ThreatField2025/workspace/ros2_ws/build/example_mode_goto_global_cpp
