[1.007s] Invoking command in '/home/avmi-lab-user/ThreatField2025/workspace/ros2_ws/src/py_sensor': AMENT_PREFIX_PATH=/home/avmi-lab-user/ThreatField2025/workspace/ros2_ws/install/interface:${AMENT_PREFIX_PATH} CMAKE_PREFIX_PATH=/home/avmi-lab-user/ThreatField2025/workspace/ros2_ws/install/interface:${CMAKE_PREFIX_PATH} LD_LIBRARY_PATH=/home/avmi-lab-user/ThreatField2025/workspace/ros2_ws/install/interface/lib:${LD_LIBRARY_PATH} PYTHONPATH=/home/avmi-lab-user/ThreatField2025/workspace/ros2_ws/build/py_sensor/prefix_override:/usr/lib/python3/dist-packages/colcon_core/task/python/colcon_distutils_commands:/home/avmi-lab-user/ThreatField2025/workspace/ros2_ws/install/py_sensor/lib/python3.10/site-packages:/home/avmi-lab-user/ThreatField2025/workspace/ros2_ws/install/interface/local/lib/python3.10/dist-packages:${PYTHONPATH} /usr/bin/python3 -W ignore:setup.py install is deprecated -W ignore:easy_install command is deprecated setup.py egg_info --egg-base ../../build/py_sensor build --build-base /home/avmi-lab-user/ThreatField2025/workspace/ros2_ws/build/py_sensor/build install --record /home/avmi-lab-user/ThreatField2025/workspace/ros2_ws/build/py_sensor/install.log --single-version-externally-managed install_data
[1.265s] /home/avmi-lab-user/.local/lib/python3.10/site-packages/setuptools/_distutils/dist.py:289: UserWarning: Unknown distribution option: 'tests_require'
[1.265s]   warnings.warn(msg)
[1.441s] running egg_info
[1.469s] writing ../../build/py_sensor/py_sensor.egg-info/PKG-INFO
[1.470s] writing dependency_links to ../../build/py_sensor/py_sensor.egg-info/dependency_links.txt
[1.471s] writing entry points to ../../build/py_sensor/py_sensor.egg-info/entry_points.txt
[1.471s] writing requirements to ../../build/py_sensor/py_sensor.egg-info/requires.txt
[1.471s] writing top-level names to ../../build/py_sensor/py_sensor.egg-info/top_level.txt
[1.533s] reading manifest file '../../build/py_sensor/py_sensor.egg-info/SOURCES.txt'
[1.534s] adding license file 'LICENSE'
[1.536s] writing manifest file '../../build/py_sensor/py_sensor.egg-info/SOURCES.txt'
[1.536s] running build
[1.536s] running build_py
[1.537s] copying py_sensor/zx.py -> /home/avmi-lab-user/ThreatField2025/workspace/ros2_ws/build/py_sensor/build/lib/py_sensor
[1.537s] copying py_sensor/__init__.py -> /home/avmi-lab-user/ThreatField2025/workspace/ros2_ws/build/py_sensor/build/lib/py_sensor
[1.537s] copying py_sensor/sensor_service.py -> /home/avmi-lab-user/ThreatField2025/workspace/ros2_ws/build/py_sensor/build/lib/py_sensor
[1.537s] copying py_sensor/sensor_client.py -> /home/avmi-lab-user/ThreatField2025/workspace/ros2_ws/build/py_sensor/build/lib/py_sensor
[1.537s] copying py_sensor/service_member_function.py -> /home/avmi-lab-user/ThreatField2025/workspace/ros2_ws/build/py_sensor/build/lib/py_sensor
[1.537s] copying py_sensor/numsub.py -> /home/avmi-lab-user/ThreatField2025/workspace/ros2_ws/build/py_sensor/build/lib/py_sensor
[1.538s] copying py_sensor/FakeTele.py -> /home/avmi-lab-user/ThreatField2025/workspace/ros2_ws/build/py_sensor/build/lib/py_sensor
[1.538s] copying py_sensor/client_member_function.py -> /home/avmi-lab-user/ThreatField2025/workspace/ros2_ws/build/py_sensor/build/lib/py_sensor
[1.538s] copying py_sensor/sensor_node.py -> /home/avmi-lab-user/ThreatField2025/workspace/ros2_ws/build/py_sensor/build/lib/py_sensor
[1.539s] running install
[1.551s] running install_lib
[1.577s] running install_data
[1.577s] copying resource/py_sensor -> /home/avmi-lab-user/ThreatField2025/workspace/ros2_ws/install/py_sensor/share/ament_index/resource_index/packages
[1.577s] copying package.xml -> /home/avmi-lab-user/ThreatField2025/workspace/ros2_ws/install/py_sensor/share/py_sensor
[1.577s] running install_egg_info
[1.604s] removing '/home/avmi-lab-user/ThreatField2025/workspace/ros2_ws/install/py_sensor/lib/python3.10/site-packages/py_sensor-0.0.0-py3.10.egg-info' (and everything under it)
[1.606s] Copying ../../build/py_sensor/py_sensor.egg-info to /home/avmi-lab-user/ThreatField2025/workspace/ros2_ws/install/py_sensor/lib/python3.10/site-packages/py_sensor-0.0.0-py3.10.egg-info
[1.611s] running install_scripts
[1.661s] Installing client script to /home/avmi-lab-user/ThreatField2025/workspace/ros2_ws/install/py_sensor/lib/py_sensor
[1.662s] Installing listener script to /home/avmi-lab-user/ThreatField2025/workspace/ros2_ws/install/py_sensor/lib/py_sensor
[1.662s] Installing sen_client script to /home/avmi-lab-user/ThreatField2025/workspace/ros2_ws/install/py_sensor/lib/py_sensor
[1.662s] Installing sen_service script to /home/avmi-lab-user/ThreatField2025/workspace/ros2_ws/install/py_sensor/lib/py_sensor
[1.662s] Installing sense script to /home/avmi-lab-user/ThreatField2025/workspace/ros2_ws/install/py_sensor/lib/py_sensor
[1.664s] Installing service script to /home/avmi-lab-user/ThreatField2025/workspace/ros2_ws/install/py_sensor/lib/py_sensor
[1.664s] Installing talker script to /home/avmi-lab-user/ThreatField2025/workspace/ros2_ws/install/py_sensor/lib/py_sensor
[1.664s] writing list of installed files to '/home/avmi-lab-user/ThreatField2025/workspace/ros2_ws/build/py_sensor/install.log'
[1.706s] Invoked command in '/home/avmi-lab-user/ThreatField2025/workspace/ros2_ws/src/py_sensor' returned '0': AMENT_PREFIX_PATH=/home/avmi-lab-user/ThreatField2025/workspace/ros2_ws/install/interface:${AMENT_PREFIX_PATH} CMAKE_PREFIX_PATH=/home/avmi-lab-user/ThreatField2025/workspace/ros2_ws/install/interface:${CMAKE_PREFIX_PATH} LD_LIBRARY_PATH=/home/avmi-lab-user/ThreatField2025/workspace/ros2_ws/install/interface/lib:${LD_LIBRARY_PATH} PYTHONPATH=/home/avmi-lab-user/ThreatField2025/workspace/ros2_ws/build/py_sensor/prefix_override:/usr/lib/python3/dist-packages/colcon_core/task/python/colcon_distutils_commands:/home/avmi-lab-user/ThreatField2025/workspace/ros2_ws/install/py_sensor/lib/python3.10/site-packages:/home/avmi-lab-user/ThreatField2025/workspace/ros2_ws/install/interface/local/lib/python3.10/dist-packages:${PYTHONPATH} /usr/bin/python3 -W ignore:setup.py install is deprecated -W ignore:easy_install command is deprecated setup.py egg_info --egg-base ../../build/py_sensor build --build-base /home/avmi-lab-user/ThreatField2025/workspace/ros2_ws/build/py_sensor/build install --record /home/avmi-lab-user/ThreatField2025/workspace/ros2_ws/build/py_sensor/install.log --single-version-externally-managed install_data
