/home/avmi-lab-user/.local/lib/python3.10/site-packages/setuptools/_distutils/dist.py:289: UserWarning: Unknown distribution option: 'tests_require'
  warnings.warn(msg)
running egg_info
creating ../../build/sensor_py/sensor_py.egg-info
writing ../../build/sensor_py/sensor_py.egg-info/PKG-INFO
writing dependency_links to ../../build/sensor_py/sensor_py.egg-info/dependency_links.txt
writing entry points to ../../build/sensor_py/sensor_py.egg-info/entry_points.txt
writing requirements to ../../build/sensor_py/sensor_py.egg-info/requires.txt
writing top-level names to ../../build/sensor_py/sensor_py.egg-info/top_level.txt
writing manifest file '../../build/sensor_py/sensor_py.egg-info/SOURCES.txt'
reading manifest file '../../build/sensor_py/sensor_py.egg-info/SOURCES.txt'
adding license file 'LICENSE'
writing manifest file '../../build/sensor_py/sensor_py.egg-info/SOURCES.txt'
running build
running build_py
creating /home/avmi-lab-user/ThreatField2025/workspace/ros2_ws/build/sensor_py/build/lib/sensor_py
copying sensor_py/__init__.py -> /home/avmi-lab-user/ThreatField2025/workspace/ros2_ws/build/sensor_py/build/lib/sensor_py
copying sensor_py/service_member_function.py -> /home/avmi-lab-user/ThreatField2025/workspace/ros2_ws/build/sensor_py/build/lib/sensor_py
copying sensor_py/client_member_function.py -> /home/avmi-lab-user/ThreatField2025/workspace/ros2_ws/build/sensor_py/build/lib/sensor_py
running install
running install_lib
creating /home/avmi-lab-user/ThreatField2025/workspace/ros2_ws/install/sensor_py/lib/python3.10/site-packages/sensor_py
copying /home/avmi-lab-user/ThreatField2025/workspace/ros2_ws/build/sensor_py/build/lib/sensor_py/__init__.py -> /home/avmi-lab-user/ThreatField2025/workspace/ros2_ws/install/sensor_py/lib/python3.10/site-packages/sensor_py
copying /home/avmi-lab-user/ThreatField2025/workspace/ros2_ws/build/sensor_py/build/lib/sensor_py/service_member_function.py -> /home/avmi-lab-user/ThreatField2025/workspace/ros2_ws/install/sensor_py/lib/python3.10/site-packages/sensor_py
copying /home/avmi-lab-user/ThreatField2025/workspace/ros2_ws/build/sensor_py/build/lib/sensor_py/client_member_function.py -> /home/avmi-lab-user/ThreatField2025/workspace/ros2_ws/install/sensor_py/lib/python3.10/site-packages/sensor_py
byte-compiling /home/avmi-lab-user/ThreatField2025/workspace/ros2_ws/install/sensor_py/lib/python3.10/site-packages/sensor_py/__init__.py to __init__.cpython-310.pyc
byte-compiling /home/avmi-lab-user/ThreatField2025/workspace/ros2_ws/install/sensor_py/lib/python3.10/site-packages/sensor_py/service_member_function.py to service_member_function.cpython-310.pyc
byte-compiling /home/avmi-lab-user/ThreatField2025/workspace/ros2_ws/install/sensor_py/lib/python3.10/site-packages/sensor_py/client_member_function.py to client_member_function.cpython-310.pyc
running install_data
creating /home/avmi-lab-user/ThreatField2025/workspace/ros2_ws/install/sensor_py/share/ament_index/resource_index/packages
copying resource/sensor_py -> /home/avmi-lab-user/ThreatField2025/workspace/ros2_ws/install/sensor_py/share/ament_index/resource_index/packages
copying package.xml -> /home/avmi-lab-user/ThreatField2025/workspace/ros2_ws/install/sensor_py/share/sensor_py
running install_egg_info
Copying ../../build/sensor_py/sensor_py.egg-info to /home/avmi-lab-user/ThreatField2025/workspace/ros2_ws/install/sensor_py/lib/python3.10/site-packages/sensor_py-0.0.0-py3.10.egg-info
running install_scripts
Installing client script to /home/avmi-lab-user/ThreatField2025/workspace/ros2_ws/install/sensor_py/lib/sensor_py
Installing service script to /home/avmi-lab-user/ThreatField2025/workspace/ros2_ws/install/sensor_py/lib/sensor_py
writing list of installed files to '/home/avmi-lab-user/ThreatField2025/workspace/ros2_ws/build/sensor_py/install.log'
