[0.011s] Invoking command in '/home/avmi-lab-user/ThreatField2025/workspace/ros2_ws/build/interface': CMAKE_PREFIX_PATH=${CMAKE_PREFIX_PATH}:/home/avmi-lab-user/turtlebot4_ws/install/py_sub:/home/avmi-lab-user/turtlebot4_ws/install/path_pubsub:/home/avmi-lab-user/turtlebot4_ws/install/opencv_tests:/home/avmi-lab-user/turtlebot4_ws/install/avmi_lab_threat_field:/opt/ros/humble /usr/bin/cmake --build /home/avmi-lab-user/ThreatField2025/workspace/ros2_ws/build/interface -- -j8 -l8
[0.055s] [ 10%] Built target interface__rosidl_generator_c
[0.055s] [ 12%] Built target interface__cpp
[0.068s] [ 12%] Built target ament_cmake_python_copy_interface
[0.081s] [ 28%] Built target interface__rosidl_typesupport_cpp
[0.083s] [ 33%] Built target interface__rosidl_typesupport_fastrtps_c
[0.083s] [ 48%] Built target interface__rosidl_typesupport_introspection_cpp
[0.083s] [ 53%] Built target interface__rosidl_typesupport_introspection_c
[0.085s] [ 64%] Built target interface__rosidl_typesupport_fastrtps_cpp
[0.086s] [ 74%] Built target interface__rosidl_typesupport_c
[0.105s] [ 74%] Built target interface
[0.127s] [ 76%] Built target interface__py
[0.149s] [ 84%] Built target interface__rosidl_generator_py
[0.169s] [ 94%] Built target interface__rosidl_typesupport_c__pyext
[0.169s] [ 94%] Built target interface__rosidl_typesupport_fastrtps_c__pyext
[0.172s] [100%] Built target interface__rosidl_typesupport_introspection_c__pyext
[0.265s] running egg_info
[0.278s] writing interface.egg-info/PKG-INFO
[0.279s] writing dependency_links to interface.egg-info/dependency_links.txt
[0.279s] writing top-level names to interface.egg-info/top_level.txt
[0.318s] reading manifest file 'interface.egg-info/SOURCES.txt'
[0.318s] writing manifest file 'interface.egg-info/SOURCES.txt'
[0.347s] [100%] Built target ament_cmake_python_build_interface_egg
[0.357s] Invoked command in '/home/avmi-lab-user/ThreatField2025/workspace/ros2_ws/build/interface' returned '0': CMAKE_PREFIX_PATH=${CMAKE_PREFIX_PATH}:/home/avmi-lab-user/turtlebot4_ws/install/py_sub:/home/avmi-lab-user/turtlebot4_ws/install/path_pubsub:/home/avmi-lab-user/turtlebot4_ws/install/opencv_tests:/home/avmi-lab-user/turtlebot4_ws/install/avmi_lab_threat_field:/opt/ros/humble /usr/bin/cmake --build /home/avmi-lab-user/ThreatField2025/workspace/ros2_ws/build/interface -- -j8 -l8
[0.367s] Invoking command in '/home/avmi-lab-user/ThreatField2025/workspace/ros2_ws/build/interface': CMAKE_PREFIX_PATH=${CMAKE_PREFIX_PATH}:/home/avmi-lab-user/turtlebot4_ws/install/py_sub:/home/avmi-lab-user/turtlebot4_ws/install/path_pubsub:/home/avmi-lab-user/turtlebot4_ws/install/opencv_tests:/home/avmi-lab-user/turtlebot4_ws/install/avmi_lab_threat_field:/opt/ros/humble /usr/bin/cmake --install /home/avmi-lab-user/ThreatField2025/workspace/ros2_ws/build/interface
[0.372s] -- Install configuration: ""
[0.372s] -- Up-to-date: /home/avmi-lab-user/ThreatField2025/workspace/ros2_ws/install/interface/share/ament_index/resource_index/rosidl_interfaces/interface
[0.372s] -- Up-to-date: /home/avmi-lab-user/ThreatField2025/workspace/ros2_ws/install/interface/include/interface/interface
[0.372s] -- Up-to-date: /home/avmi-lab-user/ThreatField2025/workspace/ros2_ws/install/interface/include/interface/interface/msg
[0.372s] -- Up-to-date: /home/avmi-lab-user/ThreatField2025/workspace/ros2_ws/install/interface/include/interface/interface/msg/sensor.h
[0.372s] -- Up-to-date: /home/avmi-lab-user/ThreatField2025/workspace/ros2_ws/install/interface/include/interface/interface/msg/fake_data.h
[0.372s] -- Up-to-date: /home/avmi-lab-user/ThreatField2025/workspace/ros2_ws/install/interface/include/interface/interface/msg/rosidl_generator_c__visibility_control.h
[0.373s] -- Up-to-date: /home/avmi-lab-user/ThreatField2025/workspace/ros2_ws/install/interface/include/interface/interface/msg/detail
[0.373s] -- Up-to-date: /home/avmi-lab-user/ThreatField2025/workspace/ros2_ws/install/interface/include/interface/interface/msg/detail/sensor__functions.c
[0.373s] -- Up-to-date: /home/avmi-lab-user/ThreatField2025/workspace/ros2_ws/install/interface/include/interface/interface/msg/detail/fake_data__struct.h
[0.373s] -- Up-to-date: /home/avmi-lab-user/ThreatField2025/workspace/ros2_ws/install/interface/include/interface/interface/msg/detail/sensor__struct.h
[0.373s] -- Up-to-date: /home/avmi-lab-user/ThreatField2025/workspace/ros2_ws/install/interface/include/interface/interface/msg/detail/fake_data__functions.h
[0.373s] -- Up-to-date: /home/avmi-lab-user/ThreatField2025/workspace/ros2_ws/install/interface/include/interface/interface/msg/detail/fake_data__functions.c
[0.373s] -- Up-to-date: /home/avmi-lab-user/ThreatField2025/workspace/ros2_ws/install/interface/include/interface/interface/msg/detail/fake_data__type_support.h
[0.373s] -- Up-to-date: /home/avmi-lab-user/ThreatField2025/workspace/ros2_ws/install/interface/include/interface/interface/msg/detail/sensor__type_support.h
[0.373s] -- Up-to-date: /home/avmi-lab-user/ThreatField2025/workspace/ros2_ws/install/interface/include/interface/interface/msg/detail/sensor__functions.h
[0.373s] -- Up-to-date: /home/avmi-lab-user/ThreatField2025/workspace/ros2_ws/install/interface/share/interface/environment/library_path.sh
[0.373s] -- Up-to-date: /home/avmi-lab-user/ThreatField2025/workspace/ros2_ws/install/interface/share/interface/environment/library_path.dsv
[0.373s] -- Up-to-date: /home/avmi-lab-user/ThreatField2025/workspace/ros2_ws/install/interface/lib/libinterface__rosidl_generator_c.so
[0.374s] -- Up-to-date: /home/avmi-lab-user/ThreatField2025/workspace/ros2_ws/install/interface/include/interface/interface
[0.374s] -- Up-to-date: /home/avmi-lab-user/ThreatField2025/workspace/ros2_ws/install/interface/include/interface/interface/msg
[0.374s] -- Up-to-date: /home/avmi-lab-user/ThreatField2025/workspace/ros2_ws/install/interface/include/interface/interface/msg/rosidl_typesupport_fastrtps_c__visibility_control.h
[0.374s] -- Up-to-date: /home/avmi-lab-user/ThreatField2025/workspace/ros2_ws/install/interface/include/interface/interface/msg/detail
[0.374s] -- Up-to-date: /home/avmi-lab-user/ThreatField2025/workspace/ros2_ws/install/interface/include/interface/interface/msg/detail/sensor__rosidl_typesupport_fastrtps_c.h
[0.374s] -- Up-to-date: /home/avmi-lab-user/ThreatField2025/workspace/ros2_ws/install/interface/include/interface/interface/msg/detail/fake_data__rosidl_typesupport_fastrtps_c.h
[0.374s] -- Up-to-date: /home/avmi-lab-user/ThreatField2025/workspace/ros2_ws/install/interface/lib/libinterface__rosidl_typesupport_fastrtps_c.so
[0.375s] -- Up-to-date: /home/avmi-lab-user/ThreatField2025/workspace/ros2_ws/install/interface/include/interface/interface
[0.375s] -- Up-to-date: /home/avmi-lab-user/ThreatField2025/workspace/ros2_ws/install/interface/include/interface/interface/msg
[0.375s] -- Up-to-date: /home/avmi-lab-user/ThreatField2025/workspace/ros2_ws/install/interface/include/interface/interface/msg/rosidl_generator_cpp__visibility_control.hpp
[0.375s] -- Up-to-date: /home/avmi-lab-user/ThreatField2025/workspace/ros2_ws/install/interface/include/interface/interface/msg/fake_data.hpp
[0.375s] -- Up-to-date: /home/avmi-lab-user/ThreatField2025/workspace/ros2_ws/install/interface/include/interface/interface/msg/detail
[0.375s] -- Up-to-date: /home/avmi-lab-user/ThreatField2025/workspace/ros2_ws/install/interface/include/interface/interface/msg/detail/fake_data__type_support.hpp
[0.375s] -- Up-to-date: /home/avmi-lab-user/ThreatField2025/workspace/ros2_ws/install/interface/include/interface/interface/msg/detail/sensor__struct.hpp
[0.375s] -- Up-to-date: /home/avmi-lab-user/ThreatField2025/workspace/ros2_ws/install/interface/include/interface/interface/msg/detail/fake_data__traits.hpp
[0.375s] -- Up-to-date: /home/avmi-lab-user/ThreatField2025/workspace/ros2_ws/install/interface/include/interface/interface/msg/detail/sensor__type_support.hpp
[0.375s] -- Up-to-date: /home/avmi-lab-user/ThreatField2025/workspace/ros2_ws/install/interface/include/interface/interface/msg/detail/sensor__builder.hpp
[0.375s] -- Up-to-date: /home/avmi-lab-user/ThreatField2025/workspace/ros2_ws/install/interface/include/interface/interface/msg/detail/fake_data__struct.hpp
[0.375s] -- Up-to-date: /home/avmi-lab-user/ThreatField2025/workspace/ros2_ws/install/interface/include/interface/interface/msg/detail/fake_data__builder.hpp
[0.375s] -- Up-to-date: /home/avmi-lab-user/ThreatField2025/workspace/ros2_ws/install/interface/include/interface/interface/msg/detail/sensor__traits.hpp
[0.375s] -- Up-to-date: /home/avmi-lab-user/ThreatField2025/workspace/ros2_ws/install/interface/include/interface/interface/msg/sensor.hpp
[0.375s] -- Up-to-date: /home/avmi-lab-user/ThreatField2025/workspace/ros2_ws/install/interface/include/interface/interface
[0.375s] -- Up-to-date: /home/avmi-lab-user/ThreatField2025/workspace/ros2_ws/install/interface/include/interface/interface/msg
[0.375s] -- Up-to-date: /home/avmi-lab-user/ThreatField2025/workspace/ros2_ws/install/interface/include/interface/interface/msg/rosidl_typesupport_fastrtps_cpp__visibility_control.h
[0.375s] -- Up-to-date: /home/avmi-lab-user/ThreatField2025/workspace/ros2_ws/install/interface/include/interface/interface/msg/detail
[0.375s] -- Up-to-date: /home/avmi-lab-user/ThreatField2025/workspace/ros2_ws/install/interface/include/interface/interface/msg/detail/fake_data__rosidl_typesupport_fastrtps_cpp.hpp
[0.375s] -- Up-to-date: /home/avmi-lab-user/ThreatField2025/workspace/ros2_ws/install/interface/include/interface/interface/msg/detail/sensor__rosidl_typesupport_fastrtps_cpp.hpp
[0.375s] -- Up-to-date: /home/avmi-lab-user/ThreatField2025/workspace/ros2_ws/install/interface/include/interface/interface/msg/detail/dds_fastrtps
[0.375s] -- Up-to-date: /home/avmi-lab-user/ThreatField2025/workspace/ros2_ws/install/interface/lib/libinterface__rosidl_typesupport_fastrtps_cpp.so
[0.375s] -- Up-to-date: /home/avmi-lab-user/ThreatField2025/workspace/ros2_ws/install/interface/include/interface/interface
[0.375s] -- Up-to-date: /home/avmi-lab-user/ThreatField2025/workspace/ros2_ws/install/interface/include/interface/interface/msg
[0.375s] -- Up-to-date: /home/avmi-lab-user/ThreatField2025/workspace/ros2_ws/install/interface/include/interface/interface/msg/rosidl_typesupport_introspection_c__visibility_control.h
[0.375s] -- Up-to-date: /home/avmi-lab-user/ThreatField2025/workspace/ros2_ws/install/interface/include/interface/interface/msg/detail
[0.376s] -- Up-to-date: /home/avmi-lab-user/ThreatField2025/workspace/ros2_ws/install/interface/include/interface/interface/msg/detail/sensor__type_support.c
[0.376s] -- Up-to-date: /home/avmi-lab-user/ThreatField2025/workspace/ros2_ws/install/interface/include/interface/interface/msg/detail/fake_data__type_support.c
[0.376s] -- Up-to-date: /home/avmi-lab-user/ThreatField2025/workspace/ros2_ws/install/interface/include/interface/interface/msg/detail/sensor__rosidl_typesupport_introspection_c.h
[0.376s] -- Up-to-date: /home/avmi-lab-user/ThreatField2025/workspace/ros2_ws/install/interface/include/interface/interface/msg/detail/fake_data__rosidl_typesupport_introspection_c.h
[0.376s] -- Up-to-date: /home/avmi-lab-user/ThreatField2025/workspace/ros2_ws/install/interface/lib/libinterface__rosidl_typesupport_introspection_c.so
[0.376s] -- Up-to-date: /home/avmi-lab-user/ThreatField2025/workspace/ros2_ws/install/interface/lib/libinterface__rosidl_typesupport_c.so
[0.376s] -- Up-to-date: /home/avmi-lab-user/ThreatField2025/workspace/ros2_ws/install/interface/include/interface/interface
[0.376s] -- Up-to-date: /home/avmi-lab-user/ThreatField2025/workspace/ros2_ws/install/interface/include/interface/interface/msg
[0.376s] -- Up-to-date: /home/avmi-lab-user/ThreatField2025/workspace/ros2_ws/install/interface/include/interface/interface/msg/detail
[0.376s] -- Up-to-date: /home/avmi-lab-user/ThreatField2025/workspace/ros2_ws/install/interface/include/interface/interface/msg/detail/sensor__rosidl_typesupport_introspection_cpp.hpp
[0.376s] -- Up-to-date: /home/avmi-lab-user/ThreatField2025/workspace/ros2_ws/install/interface/include/interface/interface/msg/detail/fake_data__rosidl_typesupport_introspection_cpp.hpp
[0.376s] -- Up-to-date: /home/avmi-lab-user/ThreatField2025/workspace/ros2_ws/install/interface/include/interface/interface/msg/detail/sensor__type_support.cpp
[0.376s] -- Up-to-date: /home/avmi-lab-user/ThreatField2025/workspace/ros2_ws/install/interface/include/interface/interface/msg/detail/fake_data__type_support.cpp
[0.376s] -- Up-to-date: /home/avmi-lab-user/ThreatField2025/workspace/ros2_ws/install/interface/lib/libinterface__rosidl_typesupport_introspection_cpp.so
[0.376s] -- Up-to-date: /home/avmi-lab-user/ThreatField2025/workspace/ros2_ws/install/interface/lib/libinterface__rosidl_typesupport_cpp.so
[0.376s] -- Up-to-date: /home/avmi-lab-user/ThreatField2025/workspace/ros2_ws/install/interface/share/interface/environment/pythonpath.sh
[0.376s] -- Up-to-date: /home/avmi-lab-user/ThreatField2025/workspace/ros2_ws/install/interface/share/interface/environment/pythonpath.dsv
[0.376s] -- Up-to-date: /home/avmi-lab-user/ThreatField2025/workspace/ros2_ws/install/interface/local/lib/python3.10/dist-packages/interface-0.0.0-py3.10.egg-info
[0.376s] -- Installing: /home/avmi-lab-user/ThreatField2025/workspace/ros2_ws/install/interface/local/lib/python3.10/dist-packages/interface-0.0.0-py3.10.egg-info/dependency_links.txt
[0.376s] -- Installing: /home/avmi-lab-user/ThreatField2025/workspace/ros2_ws/install/interface/local/lib/python3.10/dist-packages/interface-0.0.0-py3.10.egg-info/PKG-INFO
[0.376s] -- Installing: /home/avmi-lab-user/ThreatField2025/workspace/ros2_ws/install/interface/local/lib/python3.10/dist-packages/interface-0.0.0-py3.10.egg-info/top_level.txt
[0.376s] -- Installing: /home/avmi-lab-user/ThreatField2025/workspace/ros2_ws/install/interface/local/lib/python3.10/dist-packages/interface-0.0.0-py3.10.egg-info/SOURCES.txt
[0.376s] -- Up-to-date: /home/avmi-lab-user/ThreatField2025/workspace/ros2_ws/install/interface/local/lib/python3.10/dist-packages/interface
[0.377s] -- Up-to-date: /home/avmi-lab-user/ThreatField2025/workspace/ros2_ws/install/interface/local/lib/python3.10/dist-packages/interface/interface_s__rosidl_typesupport_c.cpython-310-x86_64-linux-gnu.so
[0.377s] -- Up-to-date: /home/avmi-lab-user/ThreatField2025/workspace/ros2_ws/install/interface/local/lib/python3.10/dist-packages/interface/__init__.py
[0.377s] -- Up-to-date: /home/avmi-lab-user/ThreatField2025/workspace/ros2_ws/install/interface/local/lib/python3.10/dist-packages/interface/_interface_s.ep.rosidl_typesupport_fastrtps_c.c
[0.377s] -- Up-to-date: /home/avmi-lab-user/ThreatField2025/workspace/ros2_ws/install/interface/local/lib/python3.10/dist-packages/interface/interface_s__rosidl_typesupport_fastrtps_c.cpython-310-x86_64-linux-gnu.so
[0.377s] -- Up-to-date: /home/avmi-lab-user/ThreatField2025/workspace/ros2_ws/install/interface/local/lib/python3.10/dist-packages/interface/interface_s__rosidl_typesupport_introspection_c.cpython-310-x86_64-linux-gnu.so
[0.377s] -- Up-to-date: /home/avmi-lab-user/ThreatField2025/workspace/ros2_ws/install/interface/local/lib/python3.10/dist-packages/interface/libinterface__rosidl_generator_py.so
[0.377s] -- Up-to-date: /home/avmi-lab-user/ThreatField2025/workspace/ros2_ws/install/interface/local/lib/python3.10/dist-packages/interface/_interface_s.ep.rosidl_typesupport_introspection_c.c
[0.377s] -- Up-to-date: /home/avmi-lab-user/ThreatField2025/workspace/ros2_ws/install/interface/local/lib/python3.10/dist-packages/interface/_interface_s.ep.rosidl_typesupport_c.c
[0.377s] -- Up-to-date: /home/avmi-lab-user/ThreatField2025/workspace/ros2_ws/install/interface/local/lib/python3.10/dist-packages/interface/msg
[0.377s] -- Up-to-date: /home/avmi-lab-user/ThreatField2025/workspace/ros2_ws/install/interface/local/lib/python3.10/dist-packages/interface/msg/_sensor.py
[0.377s] -- Up-to-date: /home/avmi-lab-user/ThreatField2025/workspace/ros2_ws/install/interface/local/lib/python3.10/dist-packages/interface/msg/__init__.py
[0.377s] -- Up-to-date: /home/avmi-lab-user/ThreatField2025/workspace/ros2_ws/install/interface/local/lib/python3.10/dist-packages/interface/msg/_fake_data_s.c
[0.377s] -- Up-to-date: /home/avmi-lab-user/ThreatField2025/workspace/ros2_ws/install/interface/local/lib/python3.10/dist-packages/interface/msg/_sensor_s.c
[0.377s] -- Up-to-date: /home/avmi-lab-user/ThreatField2025/workspace/ros2_ws/install/interface/local/lib/python3.10/dist-packages/interface/msg/_fake_data.py
[0.404s] Listing '/home/avmi-lab-user/ThreatField2025/workspace/ros2_ws/install/interface/local/lib/python3.10/dist-packages/interface'...
[0.404s] Listing '/home/avmi-lab-user/ThreatField2025/workspace/ros2_ws/install/interface/local/lib/python3.10/dist-packages/interface/msg'...
[0.404s] Listing '/home/avmi-lab-user/ThreatField2025/workspace/ros2_ws/install/interface/local/lib/python3.10/dist-packages/interface/srv'...
[0.408s] -- Up-to-date: /home/avmi-lab-user/ThreatField2025/workspace/ros2_ws/install/interface/local/lib/python3.10/dist-packages/interface/interface_s__rosidl_typesupport_fastrtps_c.cpython-310-x86_64-linux-gnu.so
[0.409s] -- Up-to-date: /home/avmi-lab-user/ThreatField2025/workspace/ros2_ws/install/interface/local/lib/python3.10/dist-packages/interface/interface_s__rosidl_typesupport_introspection_c.cpython-310-x86_64-linux-gnu.so
[0.409s] -- Up-to-date: /home/avmi-lab-user/ThreatField2025/workspace/ros2_ws/install/interface/local/lib/python3.10/dist-packages/interface/interface_s__rosidl_typesupport_c.cpython-310-x86_64-linux-gnu.so
[0.409s] -- Up-to-date: /home/avmi-lab-user/ThreatField2025/workspace/ros2_ws/install/interface/lib/libinterface__rosidl_generator_py.so
[0.409s] -- Up-to-date: /home/avmi-lab-user/ThreatField2025/workspace/ros2_ws/install/interface/share/interface/msg/Sensor.idl
[0.410s] -- Up-to-date: /home/avmi-lab-user/ThreatField2025/workspace/ros2_ws/install/interface/share/interface/msg/FakeData.idl
[0.410s] -- Up-to-date: /home/avmi-lab-user/ThreatField2025/workspace/ros2_ws/install/interface/share/interface/msg/Sensor.msg
[0.410s] -- Up-to-date: /home/avmi-lab-user/ThreatField2025/workspace/ros2_ws/install/interface/share/interface/msg/FakeData.msg
[0.410s] -- Up-to-date: /home/avmi-lab-user/ThreatField2025/workspace/ros2_ws/install/interface/share/ament_index/resource_index/package_run_dependencies/interface
[0.410s] -- Up-to-date: /home/avmi-lab-user/ThreatField2025/workspace/ros2_ws/install/interface/share/ament_index/resource_index/parent_prefix_path/interface
[0.410s] -- Up-to-date: /home/avmi-lab-user/ThreatField2025/workspace/ros2_ws/install/interface/share/interface/environment/ament_prefix_path.sh
[0.410s] -- Up-to-date: /home/avmi-lab-user/ThreatField2025/workspace/ros2_ws/install/interface/share/interface/environment/ament_prefix_path.dsv
[0.410s] -- Up-to-date: /home/avmi-lab-user/ThreatField2025/workspace/ros2_ws/install/interface/share/interface/environment/path.sh
[0.410s] -- Up-to-date: /home/avmi-lab-user/ThreatField2025/workspace/ros2_ws/install/interface/share/interface/environment/path.dsv
[0.411s] -- Up-to-date: /home/avmi-lab-user/ThreatField2025/workspace/ros2_ws/install/interface/share/interface/local_setup.bash
[0.411s] -- Up-to-date: /home/avmi-lab-user/ThreatField2025/workspace/ros2_ws/install/interface/share/interface/local_setup.sh
[0.411s] -- Up-to-date: /home/avmi-lab-user/ThreatField2025/workspace/ros2_ws/install/interface/share/interface/local_setup.zsh
[0.411s] -- Up-to-date: /home/avmi-lab-user/ThreatField2025/workspace/ros2_ws/install/interface/share/interface/local_setup.dsv
[0.411s] -- Installing: /home/avmi-lab-user/ThreatField2025/workspace/ros2_ws/install/interface/share/interface/package.dsv
[0.411s] -- Up-to-date: /home/avmi-lab-user/ThreatField2025/workspace/ros2_ws/install/interface/share/ament_index/resource_index/packages/interface
[0.411s] -- Up-to-date: /home/avmi-lab-user/ThreatField2025/workspace/ros2_ws/install/interface/share/interface/cmake/export_interface__rosidl_generator_cExport.cmake
[0.411s] -- Up-to-date: /home/avmi-lab-user/ThreatField2025/workspace/ros2_ws/install/interface/share/interface/cmake/export_interface__rosidl_generator_cExport-noconfig.cmake
[0.411s] -- Up-to-date: /home/avmi-lab-user/ThreatField2025/workspace/ros2_ws/install/interface/share/interface/cmake/export_interface__rosidl_typesupport_fastrtps_cExport.cmake
[0.411s] -- Up-to-date: /home/avmi-lab-user/ThreatField2025/workspace/ros2_ws/install/interface/share/interface/cmake/export_interface__rosidl_typesupport_fastrtps_cExport-noconfig.cmake
[0.411s] -- Up-to-date: /home/avmi-lab-user/ThreatField2025/workspace/ros2_ws/install/interface/share/interface/cmake/export_interface__rosidl_generator_cppExport.cmake
[0.411s] -- Up-to-date: /home/avmi-lab-user/ThreatField2025/workspace/ros2_ws/install/interface/share/interface/cmake/export_interface__rosidl_typesupport_fastrtps_cppExport.cmake
[0.411s] -- Up-to-date: /home/avmi-lab-user/ThreatField2025/workspace/ros2_ws/install/interface/share/interface/cmake/export_interface__rosidl_typesupport_fastrtps_cppExport-noconfig.cmake
[0.411s] -- Up-to-date: /home/avmi-lab-user/ThreatField2025/workspace/ros2_ws/install/interface/share/interface/cmake/interface__rosidl_typesupport_introspection_cExport.cmake
[0.411s] -- Up-to-date: /home/avmi-lab-user/ThreatField2025/workspace/ros2_ws/install/interface/share/interface/cmake/interface__rosidl_typesupport_introspection_cExport-noconfig.cmake
[0.411s] -- Up-to-date: /home/avmi-lab-user/ThreatField2025/workspace/ros2_ws/install/interface/share/interface/cmake/interface__rosidl_typesupport_cExport.cmake
[0.411s] -- Up-to-date: /home/avmi-lab-user/ThreatField2025/workspace/ros2_ws/install/interface/share/interface/cmake/interface__rosidl_typesupport_cExport-noconfig.cmake
[0.412s] -- Up-to-date: /home/avmi-lab-user/ThreatField2025/workspace/ros2_ws/install/interface/share/interface/cmake/interface__rosidl_typesupport_introspection_cppExport.cmake
[0.412s] -- Up-to-date: /home/avmi-lab-user/ThreatField2025/workspace/ros2_ws/install/interface/share/interface/cmake/interface__rosidl_typesupport_introspection_cppExport-noconfig.cmake
[0.412s] -- Up-to-date: /home/avmi-lab-user/ThreatField2025/workspace/ros2_ws/install/interface/share/interface/cmake/interface__rosidl_typesupport_cppExport.cmake
[0.412s] -- Up-to-date: /home/avmi-lab-user/ThreatField2025/workspace/ros2_ws/install/interface/share/interface/cmake/interface__rosidl_typesupport_cppExport-noconfig.cmake
[0.412s] -- Up-to-date: /home/avmi-lab-user/ThreatField2025/workspace/ros2_ws/install/interface/share/interface/cmake/export_interface__rosidl_generator_pyExport.cmake
[0.412s] -- Up-to-date: /home/avmi-lab-user/ThreatField2025/workspace/ros2_ws/install/interface/share/interface/cmake/export_interface__rosidl_generator_pyExport-noconfig.cmake
[0.412s] -- Up-to-date: /home/avmi-lab-user/ThreatField2025/workspace/ros2_ws/install/interface/share/interface/cmake/rosidl_cmake-extras.cmake
[0.412s] -- Up-to-date: /home/avmi-lab-user/ThreatField2025/workspace/ros2_ws/install/interface/share/interface/cmake/ament_cmake_export_dependencies-extras.cmake
[0.412s] -- Up-to-date: /home/avmi-lab-user/ThreatField2025/workspace/ros2_ws/install/interface/share/interface/cmake/ament_cmake_export_include_directories-extras.cmake
[0.412s] -- Up-to-date: /home/avmi-lab-user/ThreatField2025/workspace/ros2_ws/install/interface/share/interface/cmake/ament_cmake_export_libraries-extras.cmake
[0.412s] -- Up-to-date: /home/avmi-lab-user/ThreatField2025/workspace/ros2_ws/install/interface/share/interface/cmake/ament_cmake_export_targets-extras.cmake
[0.412s] -- Up-to-date: /home/avmi-lab-user/ThreatField2025/workspace/ros2_ws/install/interface/share/interface/cmake/rosidl_cmake_export_typesupport_targets-extras.cmake
[0.412s] -- Up-to-date: /home/avmi-lab-user/ThreatField2025/workspace/ros2_ws/install/interface/share/interface/cmake/rosidl_cmake_export_typesupport_libraries-extras.cmake
[0.412s] -- Up-to-date: /home/avmi-lab-user/ThreatField2025/workspace/ros2_ws/install/interface/share/interface/cmake/interfaceConfig.cmake
[0.412s] -- Up-to-date: /home/avmi-lab-user/ThreatField2025/workspace/ros2_ws/install/interface/share/interface/cmake/interfaceConfig-version.cmake
[0.412s] -- Up-to-date: /home/avmi-lab-user/ThreatField2025/workspace/ros2_ws/install/interface/share/interface/package.xml
[0.414s] Invoked command in '/home/avmi-lab-user/ThreatField2025/workspace/ros2_ws/build/interface' returned '0': CMAKE_PREFIX_PATH=${CMAKE_PREFIX_PATH}:/home/avmi-lab-user/turtlebot4_ws/install/py_sub:/home/avmi-lab-user/turtlebot4_ws/install/path_pubsub:/home/avmi-lab-user/turtlebot4_ws/install/opencv_tests:/home/avmi-lab-user/turtlebot4_ws/install/avmi_lab_threat_field:/opt/ros/humble /usr/bin/cmake --install /home/avmi-lab-user/ThreatField2025/workspace/ros2_ws/build/interface
