[0.453s] Invoking command in '/home/avmi-lab-user/ThreatField2025/workspace/ros2_ws/src/py_sensor': CMAKE_PREFIX_PATH=/home/avmi-lab-user/ThreatField2025/workspace/ros2_ws/install/interface:/home/avmi-lab-user/ThreatField2025/workspace/ros2_ws/install/turtlesim:/home/avmi-lab-user/turtlebot4_ws/install/vision_opencv:/home/avmi-lab-user/turtlebot4_ws/install/turtlebot4_simulator:/home/avmi-lab-user/turtlebot4_ws/install/turtlebot4_ignition_bringup:/home/avmi-lab-user/turtlebot4_ws/install/turtlebot4_node:/home/avmi-lab-user/turtlebot4_ws/install/turtlebot4_navigation:/home/avmi-lab-user/turtlebot4_ws/install/turtlebot4_ignition_toolbox:/home/avmi-lab-user/turtlebot4_ws/install/turtlebot4_msgs:/home/avmi-lab-user/turtlebot4_ws/install/turtlebot4_ignition_gui_plugins:/home/avmi-lab-user/turtlebot4_ws/install/turtlebot4_description:/home/avmi-lab-user/turtlebot4_ws/install/rviz_visual_tools:/home/avmi-lab-user/turtlebot4_ws/install/image_geometry:/home/avmi-lab-user/turtlebot4_ws/install/cv_bridge:/home/avmi-lab-user/turtlebot4_ws/install/avmi_interfaces LD_LIBRARY_PATH=/home/avmi-lab-user/ThreatField2025/workspace/ros2_ws/install/interface/lib:/home/avmi-lab-user/ThreatField2025/workspace/ros2_ws/install/turtlesim/lib:/home/avmi-lab-user/turtlebot4_ws/install/turtlebot4_msgs/lib:/home/avmi-lab-user/turtlebot4_ws/install/rviz_visual_tools/lib:/home/avmi-lab-user/turtlebot4_ws/install/image_geometry/lib:/home/avmi-lab-user/turtlebot4_ws/install/cv_bridge/lib:/home/avmi-lab-user/turtlebot4_ws/install/avmi_interfaces/lib:/opt/ros/humble/opt/rviz_ogre_vendor/lib:/opt/ros/humble/lib/x86_64-linux-gnu:/opt/ros/humble/lib PYTHONPATH=/home/avmi-lab-user/ThreatField2025/workspace/ros2_ws/build/py_sensor/prefix_override:/usr/lib/python3/dist-packages/colcon_core/task/python/colcon_distutils_commands:/home/avmi-lab-user/ThreatField2025/workspace/ros2_ws/install/py_sensor/lib/python3.10/site-packages:${PYTHONPATH} /usr/bin/python3 -W ignore:setup.py install is deprecated -W ignore:easy_install command is deprecated setup.py egg_info --egg-base ../../build/py_sensor build --build-base /home/avmi-lab-user/ThreatField2025/workspace/ros2_ws/build/py_sensor/build install --record /home/avmi-lab-user/ThreatField2025/workspace/ros2_ws/build/py_sensor/install.log --single-version-externally-managed install_data
[0.561s] /home/avmi-lab-user/.local/lib/python3.10/site-packages/setuptools/_distutils/dist.py:289: UserWarning: Unknown distribution option: 'tests_require'
[0.562s]   warnings.warn(msg)
[0.627s] running egg_info
[0.636s] writing ../../build/py_sensor/py_sensor.egg-info/PKG-INFO
[0.637s] writing dependency_links to ../../build/py_sensor/py_sensor.egg-info/dependency_links.txt
[0.637s] writing entry points to ../../build/py_sensor/py_sensor.egg-info/entry_points.txt
[0.637s] writing requirements to ../../build/py_sensor/py_sensor.egg-info/requires.txt
[0.637s] writing top-level names to ../../build/py_sensor/py_sensor.egg-info/top_level.txt
[0.659s] reading manifest file '../../build/py_sensor/py_sensor.egg-info/SOURCES.txt'
[0.659s] adding license file 'LICENSE'
[0.660s] writing manifest file '../../build/py_sensor/py_sensor.egg-info/SOURCES.txt'
[0.660s] running build
[0.660s] running build_py
[0.661s] copying py_sensor/asdasdsadxsad.py -> /home/avmi-lab-user/ThreatField2025/workspace/ros2_ws/build/py_sensor/build/lib/py_sensor
[0.661s] copying py_sensor/__init__.py -> /home/avmi-lab-user/ThreatField2025/workspace/ros2_ws/build/py_sensor/build/lib/py_sensor
[0.661s] copying py_sensor/sensor_service.py -> /home/avmi-lab-user/ThreatField2025/workspace/ros2_ws/build/py_sensor/build/lib/py_sensor
[0.661s] copying py_sensor/sensor_client.py -> /home/avmi-lab-user/ThreatField2025/workspace/ros2_ws/build/py_sensor/build/lib/py_sensor
[0.661s] copying py_sensor/service_member_function.py -> /home/avmi-lab-user/ThreatField2025/workspace/ros2_ws/build/py_sensor/build/lib/py_sensor
[0.661s] copying py_sensor/numsub.py -> /home/avmi-lab-user/ThreatField2025/workspace/ros2_ws/build/py_sensor/build/lib/py_sensor
[0.661s] copying py_sensor/gradient.py -> /home/avmi-lab-user/ThreatField2025/workspace/ros2_ws/build/py_sensor/build/lib/py_sensor
[0.661s] copying py_sensor/FakeTele.py -> /home/avmi-lab-user/ThreatField2025/workspace/ros2_ws/build/py_sensor/build/lib/py_sensor
[0.661s] copying py_sensor/client_member_function.py -> /home/avmi-lab-user/ThreatField2025/workspace/ros2_ws/build/py_sensor/build/lib/py_sensor
[0.661s] copying py_sensor/sensor_node.py -> /home/avmi-lab-user/ThreatField2025/workspace/ros2_ws/build/py_sensor/build/lib/py_sensor
[0.662s] running install
[0.665s] running install_lib
[0.675s] copying /home/avmi-lab-user/ThreatField2025/workspace/ros2_ws/build/py_sensor/build/lib/py_sensor/sensor_node.py -> /home/avmi-lab-user/ThreatField2025/workspace/ros2_ws/install/py_sensor/lib/python3.10/site-packages/py_sensor
[0.676s] byte-compiling /home/avmi-lab-user/ThreatField2025/workspace/ros2_ws/install/py_sensor/lib/python3.10/site-packages/py_sensor/sensor_node.py to sensor_node.cpython-310.pyc
[0.676s] running install_data
[0.677s] copying resource/py_sensor -> /home/avmi-lab-user/ThreatField2025/workspace/ros2_ws/install/py_sensor/share/ament_index/resource_index/packages
[0.677s] copying package.xml -> /home/avmi-lab-user/ThreatField2025/workspace/ros2_ws/install/py_sensor/share/py_sensor
[0.677s] running install_egg_info
[0.689s] removing '/home/avmi-lab-user/ThreatField2025/workspace/ros2_ws/install/py_sensor/lib/python3.10/site-packages/py_sensor-0.0.0-py3.10.egg-info' (and everything under it)
[0.689s] Copying ../../build/py_sensor/py_sensor.egg-info to /home/avmi-lab-user/ThreatField2025/workspace/ros2_ws/install/py_sensor/lib/python3.10/site-packages/py_sensor-0.0.0-py3.10.egg-info
[0.690s] running install_scripts
[0.712s] Installing client script to /home/avmi-lab-user/ThreatField2025/workspace/ros2_ws/install/py_sensor/lib/py_sensor
[0.712s] Installing listener script to /home/avmi-lab-user/ThreatField2025/workspace/ros2_ws/install/py_sensor/lib/py_sensor
[0.712s] Installing sen_client script to /home/avmi-lab-user/ThreatField2025/workspace/ros2_ws/install/py_sensor/lib/py_sensor
[0.712s] Installing sen_service script to /home/avmi-lab-user/ThreatField2025/workspace/ros2_ws/install/py_sensor/lib/py_sensor
[0.712s] Installing sense script to /home/avmi-lab-user/ThreatField2025/workspace/ros2_ws/install/py_sensor/lib/py_sensor
[0.713s] Installing service script to /home/avmi-lab-user/ThreatField2025/workspace/ros2_ws/install/py_sensor/lib/py_sensor
[0.713s] Installing talker script to /home/avmi-lab-user/ThreatField2025/workspace/ros2_ws/install/py_sensor/lib/py_sensor
[0.713s] writing list of installed files to '/home/avmi-lab-user/ThreatField2025/workspace/ros2_ws/build/py_sensor/install.log'
[0.730s] Invoked command in '/home/avmi-lab-user/ThreatField2025/workspace/ros2_ws/src/py_sensor' returned '0': CMAKE_PREFIX_PATH=/home/avmi-lab-user/ThreatField2025/workspace/ros2_ws/install/interface:/home/avmi-lab-user/ThreatField2025/workspace/ros2_ws/install/turtlesim:/home/avmi-lab-user/turtlebot4_ws/install/vision_opencv:/home/avmi-lab-user/turtlebot4_ws/install/turtlebot4_simulator:/home/avmi-lab-user/turtlebot4_ws/install/turtlebot4_ignition_bringup:/home/avmi-lab-user/turtlebot4_ws/install/turtlebot4_node:/home/avmi-lab-user/turtlebot4_ws/install/turtlebot4_navigation:/home/avmi-lab-user/turtlebot4_ws/install/turtlebot4_ignition_toolbox:/home/avmi-lab-user/turtlebot4_ws/install/turtlebot4_msgs:/home/avmi-lab-user/turtlebot4_ws/install/turtlebot4_ignition_gui_plugins:/home/avmi-lab-user/turtlebot4_ws/install/turtlebot4_description:/home/avmi-lab-user/turtlebot4_ws/install/rviz_visual_tools:/home/avmi-lab-user/turtlebot4_ws/install/image_geometry:/home/avmi-lab-user/turtlebot4_ws/install/cv_bridge:/home/avmi-lab-user/turtlebot4_ws/install/avmi_interfaces LD_LIBRARY_PATH=/home/avmi-lab-user/ThreatField2025/workspace/ros2_ws/install/interface/lib:/home/avmi-lab-user/ThreatField2025/workspace/ros2_ws/install/turtlesim/lib:/home/avmi-lab-user/turtlebot4_ws/install/turtlebot4_msgs/lib:/home/avmi-lab-user/turtlebot4_ws/install/rviz_visual_tools/lib:/home/avmi-lab-user/turtlebot4_ws/install/image_geometry/lib:/home/avmi-lab-user/turtlebot4_ws/install/cv_bridge/lib:/home/avmi-lab-user/turtlebot4_ws/install/avmi_interfaces/lib:/opt/ros/humble/opt/rviz_ogre_vendor/lib:/opt/ros/humble/lib/x86_64-linux-gnu:/opt/ros/humble/lib PYTHONPATH=/home/avmi-lab-user/ThreatField2025/workspace/ros2_ws/build/py_sensor/prefix_override:/usr/lib/python3/dist-packages/colcon_core/task/python/colcon_distutils_commands:/home/avmi-lab-user/ThreatField2025/workspace/ros2_ws/install/py_sensor/lib/python3.10/site-packages:${PYTHONPATH} /usr/bin/python3 -W ignore:setup.py install is deprecated -W ignore:easy_install command is deprecated setup.py egg_info --egg-base ../../build/py_sensor build --build-base /home/avmi-lab-user/ThreatField2025/workspace/ros2_ws/build/py_sensor/build install --record /home/avmi-lab-user/ThreatField2025/workspace/ros2_ws/build/py_sensor/install.log --single-version-externally-managed install_data
