[0.038s] Invoking command in '/home/avmi-lab-user/ThreatField2025/workspace/ros2_ws/build/example_mode_manual_cpp': CMAKE_PREFIX_PATH=/home/avmi-lab-user/ThreatField2025/workspace/ros2_ws/install/px4_ros2_cpp:/home/avmi-lab-user/ThreatField2025/workspace/ros2_ws/install/px4_msgs:/home/avmi-lab-user/ThreatField2025/workspace/ros2_ws/install/px4_ros_com:/home/avmi-lab-user/ThreatField2025/workspace/ros2_ws/install/example_mode_with_executor_cpp:/home/avmi-lab-user/ThreatField2025/workspace/ros2_ws/install/example_mode_vtol_cpp:/home/avmi-lab-user/ThreatField2025/workspace/ros2_ws/install/example_mode_rtl_replacement_cpp:/home/avmi-lab-user/ThreatField2025/workspace/ros2_ws/install/example_mode_manual_cpp:/home/avmi-lab-user/ThreatField2025/workspace/ros2_ws/install/example_mode_goto_global_cpp:/home/avmi-lab-user/ThreatField2025/workspace/ros2_ws/install/example_mode_goto_cpp:/home/avmi-lab-user/ThreatField2025/workspace/ros2_ws/install/example_mode_fw_attitude_cpp:/home/avmi-lab-user/ThreatField2025/workspace/ros2_ws/install/example_local_navigation_cpp:/home/avmi-lab-user/ThreatField2025/workspace/ros2_ws/install/example_global_navigation_cpp:/home/avmi-lab-user/ThreatField2025/workspace/ros2_ws/install/example_executor_with_multiple_modes_cpp:/home/avmi-lab-user/ThreatField2025/workspace/ros2_ws/install/draw_flight_mode:/home/avmi-lab-user/ThreatField2025/workspace/ros2_ws/install/interface:/home/avmi-lab-user/ThreatField2025/workspace/ros2_ws/install/py_sensor:/opt/ros/humble LD_LIBRARY_PATH=/home/avmi-lab-user/ThreatField2025/workspace/ros2_ws/install/px4_ros2_cpp/lib:/home/avmi-lab-user/ThreatField2025/workspace/ros2_ws/install/px4_msgs/lib:/home/avmi-lab-user/ThreatField2025/workspace/ros2_ws/install/px4_ros_com/lib:/home/avmi-lab-user/ThreatField2025/workspace/ros2_ws/install/interface/lib:/opt/ros/humble/opt/rviz_ogre_vendor/lib:/opt/ros/humble/lib/x86_64-linux-gnu:/opt/ros/humble/lib /usr/bin/cmake /home/avmi-lab-user/ThreatField2025/workspace/ros2_ws/src/px4-ros2-interface-lib/examples/cpp/modes/manual -DAMENT_CMAKE_SYMLINK_INSTALL=1 -DCMAKE_INSTALL_PREFIX=/home/avmi-lab-user/ThreatField2025/workspace/ros2_ws/install/example_mode_manual_cpp
[3.396s] -- The C compiler identification is GNU 11.4.0
[3.397s] -- The CXX compiler identification is GNU 11.4.0
[3.397s] -- Detecting C compiler ABI info
[3.397s] -- Detecting C compiler ABI info - done
[3.397s] -- Check for working C compiler: /usr/bin/cc - skipped
[3.397s] -- Detecting C compile features
[3.397s] -- Detecting C compile features - done
[3.397s] -- Detecting CXX compiler ABI info
[3.397s] -- Detecting CXX compiler ABI info - done
[3.397s] -- Check for working CXX compiler: /usr/bin/c++ - skipped
[3.397s] -- Detecting CXX compile features
[3.397s] -- Detecting CXX compile features - done
[3.397s] -- Found eigen3_cmake_module: 0.1.1 (/opt/ros/humble/share/eigen3_cmake_module/cmake)
[3.397s] -- Found Eigen3: TRUE (found version "3.4.0") 
[3.398s] -- Found ament_cmake: 1.3.11 (/opt/ros/humble/share/ament_cmake/cmake)
[3.398s] -- Found Python3: /usr/bin/python3 (found version "3.10.12") found components: Interpreter 
[3.398s] -- Override CMake install command with custom implementation using symlinks instead of copying resources
[3.398s] -- Found rclcpp: 16.0.12 (/opt/ros/humble/share/rclcpp/cmake)
[3.398s] -- Found rosidl_generator_c: 3.1.6 (/opt/ros/humble/share/rosidl_generator_c/cmake)
[3.398s] -- Found rosidl_adapter: 3.1.6 (/opt/ros/humble/share/rosidl_adapter/cmake)
[3.398s] -- Found rosidl_generator_cpp: 3.1.6 (/opt/ros/humble/share/rosidl_generator_cpp/cmake)
[3.398s] -- Using all available rosidl_typesupport_c: rosidl_typesupport_fastrtps_c;rosidl_typesupport_introspection_c
[3.399s] -- Using all available rosidl_typesupport_cpp: rosidl_typesupport_fastrtps_cpp;rosidl_typesupport_introspection_cpp
[3.399s] -- Found rmw_implementation_cmake: 6.1.2 (/opt/ros/humble/share/rmw_implementation_cmake/cmake)
[3.399s] -- Found rmw_fastrtps_cpp: 6.2.7 (/opt/ros/humble/share/rmw_fastrtps_cpp/cmake)
[3.399s] -- Found OpenSSL: /usr/lib/x86_64-linux-gnu/libcrypto.so (found version "3.0.2")  
[3.399s] -- Found FastRTPS: /opt/ros/humble/include  
[3.399s] -- Using RMW implementation 'rmw_fastrtps_cpp' as default
[3.399s] -- Looking for pthread.h
[3.399s] -- Looking for pthread.h - found
[3.399s] -- Performing Test CMAKE_HAVE_LIBC_PTHREAD
[3.525s] -- Performing Test CMAKE_HAVE_LIBC_PTHREAD - Success
[3.532s] -- Found Threads: TRUE  
[3.683s] -- Found px4_ros2_cpp: 0.0.1 (/home/avmi-lab-user/ThreatField2025/workspace/ros2_ws/install/px4_ros2_cpp/share/px4_ros2_cpp/cmake)
[3.720s] -- Found ament_lint_auto: 0.12.12 (/opt/ros/humble/share/ament_lint_auto/cmake)
[3.929s] -- Added test 'copyright' to check source files copyright and LICENSE
[3.929s] -- Added test 'cppcheck' to perform static code analysis on C / C++ code
[3.929s] -- Configured cppcheck include dirs: /home/avmi-lab-user/ThreatField2025/workspace/ros2_ws/src/px4-ros2-interface-lib/examples/cpp/modes/manual/include
[3.929s] -- Configured cppcheck exclude dirs and/or files: 
[3.932s] -- Added test 'cpplint' to check C / C++ code against the Google style
[3.932s] -- Configured cpplint exclude dirs and/or files: 
[3.935s] -- Added test 'lint_cmake' to check CMake code style
[3.937s] -- Added test 'uncrustify' to check C / C++ code style
[3.937s] -- Configured uncrustify additional arguments: 
[3.938s] -- Added test 'xmllint' to check XML markup files
[3.951s] -- Configuring done
[3.996s] -- Generating done
[4.004s] -- Build files have been written to: /home/avmi-lab-user/ThreatField2025/workspace/ros2_ws/build/example_mode_manual_cpp
[4.027s] Invoked command in '/home/avmi-lab-user/ThreatField2025/workspace/ros2_ws/build/example_mode_manual_cpp' returned '0': CMAKE_PREFIX_PATH=/home/avmi-lab-user/ThreatField2025/workspace/ros2_ws/install/px4_ros2_cpp:/home/avmi-lab-user/ThreatField2025/workspace/ros2_ws/install/px4_msgs:/home/avmi-lab-user/ThreatField2025/workspace/ros2_ws/install/px4_ros_com:/home/avmi-lab-user/ThreatField2025/workspace/ros2_ws/install/example_mode_with_executor_cpp:/home/avmi-lab-user/ThreatField2025/workspace/ros2_ws/install/example_mode_vtol_cpp:/home/avmi-lab-user/ThreatField2025/workspace/ros2_ws/install/example_mode_rtl_replacement_cpp:/home/avmi-lab-user/ThreatField2025/workspace/ros2_ws/install/example_mode_manual_cpp:/home/avmi-lab-user/ThreatField2025/workspace/ros2_ws/install/example_mode_goto_global_cpp:/home/avmi-lab-user/ThreatField2025/workspace/ros2_ws/install/example_mode_goto_cpp:/home/avmi-lab-user/ThreatField2025/workspace/ros2_ws/install/example_mode_fw_attitude_cpp:/home/avmi-lab-user/ThreatField2025/workspace/ros2_ws/install/example_local_navigation_cpp:/home/avmi-lab-user/ThreatField2025/workspace/ros2_ws/install/example_global_navigation_cpp:/home/avmi-lab-user/ThreatField2025/workspace/ros2_ws/install/example_executor_with_multiple_modes_cpp:/home/avmi-lab-user/ThreatField2025/workspace/ros2_ws/install/draw_flight_mode:/home/avmi-lab-user/ThreatField2025/workspace/ros2_ws/install/interface:/home/avmi-lab-user/ThreatField2025/workspace/ros2_ws/install/py_sensor:/opt/ros/humble LD_LIBRARY_PATH=/home/avmi-lab-user/ThreatField2025/workspace/ros2_ws/install/px4_ros2_cpp/lib:/home/avmi-lab-user/ThreatField2025/workspace/ros2_ws/install/px4_msgs/lib:/home/avmi-lab-user/ThreatField2025/workspace/ros2_ws/install/px4_ros_com/lib:/home/avmi-lab-user/ThreatField2025/workspace/ros2_ws/install/interface/lib:/opt/ros/humble/opt/rviz_ogre_vendor/lib:/opt/ros/humble/lib/x86_64-linux-gnu:/opt/ros/humble/lib /usr/bin/cmake /home/avmi-lab-user/ThreatField2025/workspace/ros2_ws/src/px4-ros2-interface-lib/examples/cpp/modes/manual -DAMENT_CMAKE_SYMLINK_INSTALL=1 -DCMAKE_INSTALL_PREFIX=/home/avmi-lab-user/ThreatField2025/workspace/ros2_ws/install/example_mode_manual_cpp
[4.028s] Invoking command in '/home/avmi-lab-user/ThreatField2025/workspace/ros2_ws/build/example_mode_manual_cpp': CMAKE_PREFIX_PATH=/home/avmi-lab-user/ThreatField2025/workspace/ros2_ws/install/px4_ros2_cpp:/home/avmi-lab-user/ThreatField2025/workspace/ros2_ws/install/px4_msgs:/home/avmi-lab-user/ThreatField2025/workspace/ros2_ws/install/px4_ros_com:/home/avmi-lab-user/ThreatField2025/workspace/ros2_ws/install/example_mode_with_executor_cpp:/home/avmi-lab-user/ThreatField2025/workspace/ros2_ws/install/example_mode_vtol_cpp:/home/avmi-lab-user/ThreatField2025/workspace/ros2_ws/install/example_mode_rtl_replacement_cpp:/home/avmi-lab-user/ThreatField2025/workspace/ros2_ws/install/example_mode_manual_cpp:/home/avmi-lab-user/ThreatField2025/workspace/ros2_ws/install/example_mode_goto_global_cpp:/home/avmi-lab-user/ThreatField2025/workspace/ros2_ws/install/example_mode_goto_cpp:/home/avmi-lab-user/ThreatField2025/workspace/ros2_ws/install/example_mode_fw_attitude_cpp:/home/avmi-lab-user/ThreatField2025/workspace/ros2_ws/install/example_local_navigation_cpp:/home/avmi-lab-user/ThreatField2025/workspace/ros2_ws/install/example_global_navigation_cpp:/home/avmi-lab-user/ThreatField2025/workspace/ros2_ws/install/example_executor_with_multiple_modes_cpp:/home/avmi-lab-user/ThreatField2025/workspace/ros2_ws/install/draw_flight_mode:/home/avmi-lab-user/ThreatField2025/workspace/ros2_ws/install/interface:/home/avmi-lab-user/ThreatField2025/workspace/ros2_ws/install/py_sensor:/opt/ros/humble LD_LIBRARY_PATH=/home/avmi-lab-user/ThreatField2025/workspace/ros2_ws/install/px4_ros2_cpp/lib:/home/avmi-lab-user/ThreatField2025/workspace/ros2_ws/install/px4_msgs/lib:/home/avmi-lab-user/ThreatField2025/workspace/ros2_ws/install/px4_ros_com/lib:/home/avmi-lab-user/ThreatField2025/workspace/ros2_ws/install/interface/lib:/opt/ros/humble/opt/rviz_ogre_vendor/lib:/opt/ros/humble/lib/x86_64-linux-gnu:/opt/ros/humble/lib /usr/bin/cmake --build /home/avmi-lab-user/ThreatField2025/workspace/ros2_ws/build/example_mode_manual_cpp -- -j8 -l8
[4.257s] [ 50%] [32mBuilding CXX object CMakeFiles/example_mode_manual.dir/src/main.cpp.o[0m
[14.565s] [100%] [32m[1mLinking CXX executable example_mode_manual[0m
[16.275s] [100%] Built target example_mode_manual
[16.292s] Invoked command in '/home/avmi-lab-user/ThreatField2025/workspace/ros2_ws/build/example_mode_manual_cpp' returned '0': CMAKE_PREFIX_PATH=/home/avmi-lab-user/ThreatField2025/workspace/ros2_ws/install/px4_ros2_cpp:/home/avmi-lab-user/ThreatField2025/workspace/ros2_ws/install/px4_msgs:/home/avmi-lab-user/ThreatField2025/workspace/ros2_ws/install/px4_ros_com:/home/avmi-lab-user/ThreatField2025/workspace/ros2_ws/install/example_mode_with_executor_cpp:/home/avmi-lab-user/ThreatField2025/workspace/ros2_ws/install/example_mode_vtol_cpp:/home/avmi-lab-user/ThreatField2025/workspace/ros2_ws/install/example_mode_rtl_replacement_cpp:/home/avmi-lab-user/ThreatField2025/workspace/ros2_ws/install/example_mode_manual_cpp:/home/avmi-lab-user/ThreatField2025/workspace/ros2_ws/install/example_mode_goto_global_cpp:/home/avmi-lab-user/ThreatField2025/workspace/ros2_ws/install/example_mode_goto_cpp:/home/avmi-lab-user/ThreatField2025/workspace/ros2_ws/install/example_mode_fw_attitude_cpp:/home/avmi-lab-user/ThreatField2025/workspace/ros2_ws/install/example_local_navigation_cpp:/home/avmi-lab-user/ThreatField2025/workspace/ros2_ws/install/example_global_navigation_cpp:/home/avmi-lab-user/ThreatField2025/workspace/ros2_ws/install/example_executor_with_multiple_modes_cpp:/home/avmi-lab-user/ThreatField2025/workspace/ros2_ws/install/draw_flight_mode:/home/avmi-lab-user/ThreatField2025/workspace/ros2_ws/install/interface:/home/avmi-lab-user/ThreatField2025/workspace/ros2_ws/install/py_sensor:/opt/ros/humble LD_LIBRARY_PATH=/home/avmi-lab-user/ThreatField2025/workspace/ros2_ws/install/px4_ros2_cpp/lib:/home/avmi-lab-user/ThreatField2025/workspace/ros2_ws/install/px4_msgs/lib:/home/avmi-lab-user/ThreatField2025/workspace/ros2_ws/install/px4_ros_com/lib:/home/avmi-lab-user/ThreatField2025/workspace/ros2_ws/install/interface/lib:/opt/ros/humble/opt/rviz_ogre_vendor/lib:/opt/ros/humble/lib/x86_64-linux-gnu:/opt/ros/humble/lib /usr/bin/cmake --build /home/avmi-lab-user/ThreatField2025/workspace/ros2_ws/build/example_mode_manual_cpp -- -j8 -l8
[16.296s] Invoking command in '/home/avmi-lab-user/ThreatField2025/workspace/ros2_ws/build/example_mode_manual_cpp': CMAKE_PREFIX_PATH=/home/avmi-lab-user/ThreatField2025/workspace/ros2_ws/install/px4_ros2_cpp:/home/avmi-lab-user/ThreatField2025/workspace/ros2_ws/install/px4_msgs:/home/avmi-lab-user/ThreatField2025/workspace/ros2_ws/install/px4_ros_com:/home/avmi-lab-user/ThreatField2025/workspace/ros2_ws/install/example_mode_with_executor_cpp:/home/avmi-lab-user/ThreatField2025/workspace/ros2_ws/install/example_mode_vtol_cpp:/home/avmi-lab-user/ThreatField2025/workspace/ros2_ws/install/example_mode_rtl_replacement_cpp:/home/avmi-lab-user/ThreatField2025/workspace/ros2_ws/install/example_mode_manual_cpp:/home/avmi-lab-user/ThreatField2025/workspace/ros2_ws/install/example_mode_goto_global_cpp:/home/avmi-lab-user/ThreatField2025/workspace/ros2_ws/install/example_mode_goto_cpp:/home/avmi-lab-user/ThreatField2025/workspace/ros2_ws/install/example_mode_fw_attitude_cpp:/home/avmi-lab-user/ThreatField2025/workspace/ros2_ws/install/example_local_navigation_cpp:/home/avmi-lab-user/ThreatField2025/workspace/ros2_ws/install/example_global_navigation_cpp:/home/avmi-lab-user/ThreatField2025/workspace/ros2_ws/install/example_executor_with_multiple_modes_cpp:/home/avmi-lab-user/ThreatField2025/workspace/ros2_ws/install/draw_flight_mode:/home/avmi-lab-user/ThreatField2025/workspace/ros2_ws/install/interface:/home/avmi-lab-user/ThreatField2025/workspace/ros2_ws/install/py_sensor:/opt/ros/humble LD_LIBRARY_PATH=/home/avmi-lab-user/ThreatField2025/workspace/ros2_ws/install/px4_ros2_cpp/lib:/home/avmi-lab-user/ThreatField2025/workspace/ros2_ws/install/px4_msgs/lib:/home/avmi-lab-user/ThreatField2025/workspace/ros2_ws/install/px4_ros_com/lib:/home/avmi-lab-user/ThreatField2025/workspace/ros2_ws/install/interface/lib:/opt/ros/humble/opt/rviz_ogre_vendor/lib:/opt/ros/humble/lib/x86_64-linux-gnu:/opt/ros/humble/lib /usr/bin/cmake --install /home/avmi-lab-user/ThreatField2025/workspace/ros2_ws/build/example_mode_manual_cpp
[16.304s] -- Install configuration: ""
[16.305s] -- Execute custom install script
[16.305s] -- Symlinking: /home/avmi-lab-user/ThreatField2025/workspace/ros2_ws/install/example_mode_manual_cpp/lib/example_mode_manual_cpp/example_mode_manual
[16.317s] -- Symlinking: /home/avmi-lab-user/ThreatField2025/workspace/ros2_ws/install/example_mode_manual_cpp/share/ament_index/resource_index/package_run_dependencies/example_mode_manual_cpp
[16.332s] -- Symlinking: /home/avmi-lab-user/ThreatField2025/workspace/ros2_ws/install/example_mode_manual_cpp/share/ament_index/resource_index/parent_prefix_path/example_mode_manual_cpp
[16.343s] -- Symlinking: /home/avmi-lab-user/ThreatField2025/workspace/ros2_ws/install/example_mode_manual_cpp/share/example_mode_manual_cpp/environment/ament_prefix_path.sh
[16.356s] -- Symlinking: /home/avmi-lab-user/ThreatField2025/workspace/ros2_ws/install/example_mode_manual_cpp/share/example_mode_manual_cpp/environment/ament_prefix_path.dsv
[16.372s] -- Symlinking: /home/avmi-lab-user/ThreatField2025/workspace/ros2_ws/install/example_mode_manual_cpp/share/example_mode_manual_cpp/environment/path.sh
[16.388s] -- Symlinking: /home/avmi-lab-user/ThreatField2025/workspace/ros2_ws/install/example_mode_manual_cpp/share/example_mode_manual_cpp/environment/path.dsv
[16.400s] -- Symlinking: /home/avmi-lab-user/ThreatField2025/workspace/ros2_ws/install/example_mode_manual_cpp/share/example_mode_manual_cpp/local_setup.bash
[16.414s] -- Symlinking: /home/avmi-lab-user/ThreatField2025/workspace/ros2_ws/install/example_mode_manual_cpp/share/example_mode_manual_cpp/local_setup.sh
[16.426s] -- Symlinking: /home/avmi-lab-user/ThreatField2025/workspace/ros2_ws/install/example_mode_manual_cpp/share/example_mode_manual_cpp/local_setup.zsh
[16.440s] -- Symlinking: /home/avmi-lab-user/ThreatField2025/workspace/ros2_ws/install/example_mode_manual_cpp/share/example_mode_manual_cpp/local_setup.dsv
[16.453s] -- Symlinking: /home/avmi-lab-user/ThreatField2025/workspace/ros2_ws/install/example_mode_manual_cpp/share/example_mode_manual_cpp/package.dsv
[16.466s] -- Symlinking: /home/avmi-lab-user/ThreatField2025/workspace/ros2_ws/install/example_mode_manual_cpp/share/ament_index/resource_index/packages/example_mode_manual_cpp
[16.481s] -- Symlinking: /home/avmi-lab-user/ThreatField2025/workspace/ros2_ws/install/example_mode_manual_cpp/share/example_mode_manual_cpp/cmake/example_mode_manual_cppConfig.cmake
[16.491s] -- Symlinking: /home/avmi-lab-user/ThreatField2025/workspace/ros2_ws/install/example_mode_manual_cpp/share/example_mode_manual_cpp/cmake/example_mode_manual_cppConfig-version.cmake
[16.503s] -- Symlinking: /home/avmi-lab-user/ThreatField2025/workspace/ros2_ws/install/example_mode_manual_cpp/share/example_mode_manual_cpp/package.xml
[16.520s] Invoked command in '/home/avmi-lab-user/ThreatField2025/workspace/ros2_ws/build/example_mode_manual_cpp' returned '0': CMAKE_PREFIX_PATH=/home/avmi-lab-user/ThreatField2025/workspace/ros2_ws/install/px4_ros2_cpp:/home/avmi-lab-user/ThreatField2025/workspace/ros2_ws/install/px4_msgs:/home/avmi-lab-user/ThreatField2025/workspace/ros2_ws/install/px4_ros_com:/home/avmi-lab-user/ThreatField2025/workspace/ros2_ws/install/example_mode_with_executor_cpp:/home/avmi-lab-user/ThreatField2025/workspace/ros2_ws/install/example_mode_vtol_cpp:/home/avmi-lab-user/ThreatField2025/workspace/ros2_ws/install/example_mode_rtl_replacement_cpp:/home/avmi-lab-user/ThreatField2025/workspace/ros2_ws/install/example_mode_manual_cpp:/home/avmi-lab-user/ThreatField2025/workspace/ros2_ws/install/example_mode_goto_global_cpp:/home/avmi-lab-user/ThreatField2025/workspace/ros2_ws/install/example_mode_goto_cpp:/home/avmi-lab-user/ThreatField2025/workspace/ros2_ws/install/example_mode_fw_attitude_cpp:/home/avmi-lab-user/ThreatField2025/workspace/ros2_ws/install/example_local_navigation_cpp:/home/avmi-lab-user/ThreatField2025/workspace/ros2_ws/install/example_global_navigation_cpp:/home/avmi-lab-user/ThreatField2025/workspace/ros2_ws/install/example_executor_with_multiple_modes_cpp:/home/avmi-lab-user/ThreatField2025/workspace/ros2_ws/install/draw_flight_mode:/home/avmi-lab-user/ThreatField2025/workspace/ros2_ws/install/interface:/home/avmi-lab-user/ThreatField2025/workspace/ros2_ws/install/py_sensor:/opt/ros/humble LD_LIBRARY_PATH=/home/avmi-lab-user/ThreatField2025/workspace/ros2_ws/install/px4_ros2_cpp/lib:/home/avmi-lab-user/ThreatField2025/workspace/ros2_ws/install/px4_msgs/lib:/home/avmi-lab-user/ThreatField2025/workspace/ros2_ws/install/px4_ros_com/lib:/home/avmi-lab-user/ThreatField2025/workspace/ros2_ws/install/interface/lib:/opt/ros/humble/opt/rviz_ogre_vendor/lib:/opt/ros/humble/lib/x86_64-linux-gnu:/opt/ros/humble/lib /usr/bin/cmake --install /home/avmi-lab-user/ThreatField2025/workspace/ros2_ws/build/example_mode_manual_cpp
