[0.010s] Invoking command in '/home/avmi-lab-user/ThreatField2025/workspace/ros2_ws/build/interface': CMAKE_PREFIX_PATH=/opt/ros/humble /usr/bin/cmake --build /home/avmi-lab-user/ThreatField2025/workspace/ros2_ws/build/interface -- -j8 -l8
[0.030s] -- Found ament_cmake: 1.3.11 (/opt/ros/humble/share/ament_cmake/cmake)
[0.132s] -- Override CMake install command with custom implementation using symlinks instead of copying resources
[0.141s] -- Found geometry_msgs: 4.9.0 (/opt/ros/humble/share/geometry_msgs/cmake)
[0.166s] -- Found rosidl_generator_c: 3.1.6 (/opt/ros/humble/share/rosidl_generator_c/cmake)
[0.169s] -- Found rosidl_adapter: 3.1.6 (/opt/ros/humble/share/rosidl_adapter/cmake)
[0.175s] -- Found rosidl_generator_cpp: 3.1.6 (/opt/ros/humble/share/rosidl_generator_cpp/cmake)
[0.184s] -- Using all available rosidl_typesupport_c: rosidl_typesupport_fastrtps_c;rosidl_typesupport_introspection_c
[0.196s] -- Using all available rosidl_typesupport_cpp: rosidl_typesupport_fastrtps_cpp;rosidl_typesupport_introspection_cpp
[0.229s] -- Found rosidl_default_generators: 1.2.0 (/opt/ros/humble/share/rosidl_default_generators/cmake)
[0.428s] [31mCMake Error at /opt/ros/humble/share/rosidl_adapter/cmake/rosidl_adapt_interfaces.cmake:59 (message):
[0.428s]   execute_process(/usr/bin/python3 -m rosidl_adapter --package-name interface
[0.428s]   --arguments-file
[0.428s]   /home/avmi-lab-user/ThreatField2025/workspace/ros2_ws/build/interface/rosidl_adapter__arguments__interface.json
[0.428s]   --output-dir
[0.428s]   /home/avmi-lab-user/ThreatField2025/workspace/ros2_ws/build/interface/rosidl_adapter/interface
[0.428s]   --output-file
[0.428s]   /home/avmi-lab-user/ThreatField2025/workspace/ros2_ws/build/interface/rosidl_adapter/interface.idls)
[0.428s]   returned error code 1:
[0.428s] 
[0.429s]   Error processing 'float64 C' of 'interface/Num': ''C' is an invalid field
[0.429s]   name.  It should have the pattern '^(?!.*__)(?!.*_$)[a-z][a-z0-9_]*$''
[0.429s] 
[0.429s]   Traceback (most recent call last):
[0.429s] 
[0.429s]     File "/usr/lib/python3.10/runpy.py", line 196, in _run_module_as_main
[0.429s]       return _run_code(code, main_globals, None,
[0.429s]     File "/usr/lib/python3.10/runpy.py", line 86, in _run_code
[0.429s]       exec(code, run_globals)
[0.429s]     File "/opt/ros/humble/local/lib/python3.10/dist-packages/rosidl_adapter/__main__.py", line 19, in <module>
[0.429s]       sys.exit(main())
[0.430s]     File "/opt/ros/humble/local/lib/python3.10/dist-packages/rosidl_adapter/main.py", line 53, in main
[0.430s]       abs_idl_file = convert_to_idl(
[0.430s]     File "/opt/ros/humble/local/lib/python3.10/dist-packages/rosidl_adapter/__init__.py", line 19, in convert_to_idl
[0.430s]       return convert_msg_to_idl(
[0.430s]     File "/opt/ros/humble/local/lib/python3.10/dist-packages/rosidl_adapter/msg/__init__.py", line 28, in convert_msg_to_idl
[0.430s]       msg = parse_message_string(package_name, input_file.stem, content)
[0.430s]     File "/opt/ros/humble/local/lib/python3.10/dist-packages/rosidl_adapter/parser.py", line 519, in parse_message_string
[0.430s]       fields.append(Field(
[0.430s]     File "/opt/ros/humble/local/lib/python3.10/dist-packages/rosidl_adapter/parser.py", line 354, in __init__
[0.430s]       raise NameError(
[0.430s] 
[0.430s]   NameError: 'C' is an invalid field name.  It should have the pattern
[0.430s]   '^(?!.*__)(?!.*_$)[a-z][a-z0-9_]*$'
[0.430s] 
[0.430s] Call Stack (most recent call first):
[0.430s]   /opt/ros/humble/share/rosidl_cmake/cmake/rosidl_generate_interfaces.cmake:130 (rosidl_adapt_interfaces)
[0.430s]   CMakeLists.txt:17 (rosidl_generate_interfaces)
[0.431s] 
[0.431s] [0m
[0.431s] -- Configuring incomplete, errors occurred!
[0.431s] See also "/home/avmi-lab-user/ThreatField2025/workspace/ros2_ws/build/interface/CMakeFiles/CMakeOutput.log".
[0.436s] gmake: *** [Makefile:747: cmake_check_build_system] Error 1
[0.439s] Invoked command in '/home/avmi-lab-user/ThreatField2025/workspace/ros2_ws/build/interface' returned '2': CMAKE_PREFIX_PATH=/opt/ros/humble /usr/bin/cmake --build /home/avmi-lab-user/ThreatField2025/workspace/ros2_ws/build/interface -- -j8 -l8
