[0.042s] Invoking command in '/home/avmi-lab-user/ThreatField2025/workspace/ros2_ws/build/example_global_navigation_cpp': CMAKE_PREFIX_PATH=/home/avmi-lab-user/ThreatField2025/workspace/ros2_ws/install/px4_ros2_cpp:/home/avmi-lab-user/ThreatField2025/workspace/ros2_ws/install/px4_msgs:/home/avmi-lab-user/ThreatField2025/workspace/ros2_ws/install/px4_ros_com:/home/avmi-lab-user/ThreatField2025/workspace/ros2_ws/install/example_mode_with_executor_cpp:/home/avmi-lab-user/ThreatField2025/workspace/ros2_ws/install/example_mode_vtol_cpp:/home/avmi-lab-user/ThreatField2025/workspace/ros2_ws/install/example_mode_rtl_replacement_cpp:/home/avmi-lab-user/ThreatField2025/workspace/ros2_ws/install/example_mode_manual_cpp:/home/avmi-lab-user/ThreatField2025/workspace/ros2_ws/install/example_mode_goto_global_cpp:/home/avmi-lab-user/ThreatField2025/workspace/ros2_ws/install/example_mode_goto_cpp:/home/avmi-lab-user/ThreatField2025/workspace/ros2_ws/install/example_mode_fw_attitude_cpp:/home/avmi-lab-user/ThreatField2025/workspace/ros2_ws/install/example_local_navigation_cpp:/home/avmi-lab-user/ThreatField2025/workspace/ros2_ws/install/example_global_navigation_cpp:/home/avmi-lab-user/ThreatField2025/workspace/ros2_ws/install/example_executor_with_multiple_modes_cpp:/home/avmi-lab-user/ThreatField2025/workspace/ros2_ws/install/draw_flight_mode:/home/avmi-lab-user/ThreatField2025/workspace/ros2_ws/install/interface:/home/avmi-lab-user/ThreatField2025/workspace/ros2_ws/install/py_sensor:/opt/ros/humble LD_LIBRARY_PATH=/home/avmi-lab-user/ThreatField2025/workspace/ros2_ws/install/px4_ros2_cpp/lib:/home/avmi-lab-user/ThreatField2025/workspace/ros2_ws/install/px4_msgs/lib:/home/avmi-lab-user/ThreatField2025/workspace/ros2_ws/install/px4_ros_com/lib:/home/avmi-lab-user/ThreatField2025/workspace/ros2_ws/install/interface/lib:/opt/ros/humble/opt/rviz_ogre_vendor/lib:/opt/ros/humble/lib/x86_64-linux-gnu:/opt/ros/humble/lib /usr/bin/cmake /home/avmi-lab-user/ThreatField2025/workspace/ros2_ws/src/px4-ros2-interface-lib/examples/cpp/navigation/global_navigation -DAMENT_CMAKE_SYMLINK_INSTALL=1 -DCMAKE_INSTALL_PREFIX=/home/avmi-lab-user/ThreatField2025/workspace/ros2_ws/install/example_global_navigation_cpp
[0.146s] -- The C compiler identification is GNU 11.4.0
[0.281s] -- The CXX compiler identification is GNU 11.4.0
[0.291s] -- Detecting C compiler ABI info
[0.427s] -- Detecting C compiler ABI info - done
[0.443s] -- Check for working C compiler: /usr/bin/cc - skipped
[0.443s] -- Detecting C compile features
[0.444s] -- Detecting C compile features - done
[0.449s] -- Detecting CXX compiler ABI info
[0.640s] -- Detecting CXX compiler ABI info - done
[0.652s] -- Check for working CXX compiler: /usr/bin/c++ - skipped
[0.652s] -- Detecting CXX compile features
[0.657s] -- Detecting CXX compile features - done
[0.657s] -- Found eigen3_cmake_module: 0.1.1 (/opt/ros/humble/share/eigen3_cmake_module/cmake)
[0.671s] -- Found Eigen3: TRUE (found version "3.4.0") 
[0.674s] -- Found ament_cmake: 1.3.11 (/opt/ros/humble/share/ament_cmake/cmake)
[2.128s] -- Found Python3: /usr/bin/python3 (found version "3.10.12") found components: Interpreter 
[2.266s] -- Override CMake install command with custom implementation using symlinks instead of copying resources
[2.325s] -- Found rclcpp: 16.0.12 (/opt/ros/humble/share/rclcpp/cmake)
[2.399s] -- Found rosidl_generator_c: 3.1.6 (/opt/ros/humble/share/rosidl_generator_c/cmake)
[2.408s] -- Found rosidl_adapter: 3.1.6 (/opt/ros/humble/share/rosidl_adapter/cmake)
[2.432s] -- Found rosidl_generator_cpp: 3.1.6 (/opt/ros/humble/share/rosidl_generator_cpp/cmake)
[2.454s] -- Using all available rosidl_typesupport_c: rosidl_typesupport_fastrtps_c;rosidl_typesupport_introspection_c
[2.502s] -- Using all available rosidl_typesupport_cpp: rosidl_typesupport_fastrtps_cpp;rosidl_typesupport_introspection_cpp
[2.599s] -- Found rmw_implementation_cmake: 6.1.2 (/opt/ros/humble/share/rmw_implementation_cmake/cmake)
[2.603s] -- Found rmw_fastrtps_cpp: 6.2.7 (/opt/ros/humble/share/rmw_fastrtps_cpp/cmake)
[2.809s] -- Found OpenSSL: /usr/lib/x86_64-linux-gnu/libcrypto.so (found version "3.0.2")  
[2.884s] -- Found FastRTPS: /opt/ros/humble/include  
[2.958s] -- Using RMW implementation 'rmw_fastrtps_cpp' as default
[2.974s] -- Looking for pthread.h
[3.128s] -- Looking for pthread.h - found
[3.132s] -- Performing Test CMAKE_HAVE_LIBC_PTHREAD
[3.318s] -- Performing Test CMAKE_HAVE_LIBC_PTHREAD - Success
[3.322s] -- Found Threads: TRUE  
[3.454s] -- Found px4_ros2_cpp: 0.0.1 (/home/avmi-lab-user/ThreatField2025/workspace/ros2_ws/install/px4_ros2_cpp/share/px4_ros2_cpp/cmake)
[3.485s] -- Found ament_lint_auto: 0.12.12 (/opt/ros/humble/share/ament_lint_auto/cmake)
[3.635s] -- Added test 'copyright' to check source files copyright and LICENSE
[3.637s] -- Added test 'cppcheck' to perform static code analysis on C / C++ code
[3.637s] -- Configured cppcheck include dirs: /home/avmi-lab-user/ThreatField2025/workspace/ros2_ws/src/px4-ros2-interface-lib/examples/cpp/navigation/global_navigation/include
[3.638s] -- Configured cppcheck exclude dirs and/or files: 
[3.647s] -- Added test 'cpplint' to check C / C++ code against the Google style
[3.647s] -- Configured cpplint exclude dirs and/or files: 
[3.649s] -- Added test 'lint_cmake' to check CMake code style
[3.650s] -- Added test 'uncrustify' to check C / C++ code style
[3.650s] -- Configured uncrustify additional arguments: 
[3.652s] -- Added test 'xmllint' to check XML markup files
[3.655s] -- Configuring done
[3.667s] -- Generating done
[3.672s] -- Build files have been written to: /home/avmi-lab-user/ThreatField2025/workspace/ros2_ws/build/example_global_navigation_cpp
[3.709s] Invoked command in '/home/avmi-lab-user/ThreatField2025/workspace/ros2_ws/build/example_global_navigation_cpp' returned '0': CMAKE_PREFIX_PATH=/home/avmi-lab-user/ThreatField2025/workspace/ros2_ws/install/px4_ros2_cpp:/home/avmi-lab-user/ThreatField2025/workspace/ros2_ws/install/px4_msgs:/home/avmi-lab-user/ThreatField2025/workspace/ros2_ws/install/px4_ros_com:/home/avmi-lab-user/ThreatField2025/workspace/ros2_ws/install/example_mode_with_executor_cpp:/home/avmi-lab-user/ThreatField2025/workspace/ros2_ws/install/example_mode_vtol_cpp:/home/avmi-lab-user/ThreatField2025/workspace/ros2_ws/install/example_mode_rtl_replacement_cpp:/home/avmi-lab-user/ThreatField2025/workspace/ros2_ws/install/example_mode_manual_cpp:/home/avmi-lab-user/ThreatField2025/workspace/ros2_ws/install/example_mode_goto_global_cpp:/home/avmi-lab-user/ThreatField2025/workspace/ros2_ws/install/example_mode_goto_cpp:/home/avmi-lab-user/ThreatField2025/workspace/ros2_ws/install/example_mode_fw_attitude_cpp:/home/avmi-lab-user/ThreatField2025/workspace/ros2_ws/install/example_local_navigation_cpp:/home/avmi-lab-user/ThreatField2025/workspace/ros2_ws/install/example_global_navigation_cpp:/home/avmi-lab-user/ThreatField2025/workspace/ros2_ws/install/example_executor_with_multiple_modes_cpp:/home/avmi-lab-user/ThreatField2025/workspace/ros2_ws/install/draw_flight_mode:/home/avmi-lab-user/ThreatField2025/workspace/ros2_ws/install/interface:/home/avmi-lab-user/ThreatField2025/workspace/ros2_ws/install/py_sensor:/opt/ros/humble LD_LIBRARY_PATH=/home/avmi-lab-user/ThreatField2025/workspace/ros2_ws/install/px4_ros2_cpp/lib:/home/avmi-lab-user/ThreatField2025/workspace/ros2_ws/install/px4_msgs/lib:/home/avmi-lab-user/ThreatField2025/workspace/ros2_ws/install/px4_ros_com/lib:/home/avmi-lab-user/ThreatField2025/workspace/ros2_ws/install/interface/lib:/opt/ros/humble/opt/rviz_ogre_vendor/lib:/opt/ros/humble/lib/x86_64-linux-gnu:/opt/ros/humble/lib /usr/bin/cmake /home/avmi-lab-user/ThreatField2025/workspace/ros2_ws/src/px4-ros2-interface-lib/examples/cpp/navigation/global_navigation -DAMENT_CMAKE_SYMLINK_INSTALL=1 -DCMAKE_INSTALL_PREFIX=/home/avmi-lab-user/ThreatField2025/workspace/ros2_ws/install/example_global_navigation_cpp
[3.709s] Invoking command in '/home/avmi-lab-user/ThreatField2025/workspace/ros2_ws/build/example_global_navigation_cpp': CMAKE_PREFIX_PATH=/home/avmi-lab-user/ThreatField2025/workspace/ros2_ws/install/px4_ros2_cpp:/home/avmi-lab-user/ThreatField2025/workspace/ros2_ws/install/px4_msgs:/home/avmi-lab-user/ThreatField2025/workspace/ros2_ws/install/px4_ros_com:/home/avmi-lab-user/ThreatField2025/workspace/ros2_ws/install/example_mode_with_executor_cpp:/home/avmi-lab-user/ThreatField2025/workspace/ros2_ws/install/example_mode_vtol_cpp:/home/avmi-lab-user/ThreatField2025/workspace/ros2_ws/install/example_mode_rtl_replacement_cpp:/home/avmi-lab-user/ThreatField2025/workspace/ros2_ws/install/example_mode_manual_cpp:/home/avmi-lab-user/ThreatField2025/workspace/ros2_ws/install/example_mode_goto_global_cpp:/home/avmi-lab-user/ThreatField2025/workspace/ros2_ws/install/example_mode_goto_cpp:/home/avmi-lab-user/ThreatField2025/workspace/ros2_ws/install/example_mode_fw_attitude_cpp:/home/avmi-lab-user/ThreatField2025/workspace/ros2_ws/install/example_local_navigation_cpp:/home/avmi-lab-user/ThreatField2025/workspace/ros2_ws/install/example_global_navigation_cpp:/home/avmi-lab-user/ThreatField2025/workspace/ros2_ws/install/example_executor_with_multiple_modes_cpp:/home/avmi-lab-user/ThreatField2025/workspace/ros2_ws/install/draw_flight_mode:/home/avmi-lab-user/ThreatField2025/workspace/ros2_ws/install/interface:/home/avmi-lab-user/ThreatField2025/workspace/ros2_ws/install/py_sensor:/opt/ros/humble LD_LIBRARY_PATH=/home/avmi-lab-user/ThreatField2025/workspace/ros2_ws/install/px4_ros2_cpp/lib:/home/avmi-lab-user/ThreatField2025/workspace/ros2_ws/install/px4_msgs/lib:/home/avmi-lab-user/ThreatField2025/workspace/ros2_ws/install/px4_ros_com/lib:/home/avmi-lab-user/ThreatField2025/workspace/ros2_ws/install/interface/lib:/opt/ros/humble/opt/rviz_ogre_vendor/lib:/opt/ros/humble/lib/x86_64-linux-gnu:/opt/ros/humble/lib /usr/bin/cmake --build /home/avmi-lab-user/ThreatField2025/workspace/ros2_ws/build/example_global_navigation_cpp -- -j8 -l8
[4.053s] [ 50%] [32mBuilding CXX object CMakeFiles/example_global_navigation.dir/src/main.cpp.o[0m
[11.977s] [100%] [32m[1mLinking CXX executable example_global_navigation[0m
[13.884s] [100%] Built target example_global_navigation
[13.933s] Invoked command in '/home/avmi-lab-user/ThreatField2025/workspace/ros2_ws/build/example_global_navigation_cpp' returned '0': CMAKE_PREFIX_PATH=/home/avmi-lab-user/ThreatField2025/workspace/ros2_ws/install/px4_ros2_cpp:/home/avmi-lab-user/ThreatField2025/workspace/ros2_ws/install/px4_msgs:/home/avmi-lab-user/ThreatField2025/workspace/ros2_ws/install/px4_ros_com:/home/avmi-lab-user/ThreatField2025/workspace/ros2_ws/install/example_mode_with_executor_cpp:/home/avmi-lab-user/ThreatField2025/workspace/ros2_ws/install/example_mode_vtol_cpp:/home/avmi-lab-user/ThreatField2025/workspace/ros2_ws/install/example_mode_rtl_replacement_cpp:/home/avmi-lab-user/ThreatField2025/workspace/ros2_ws/install/example_mode_manual_cpp:/home/avmi-lab-user/ThreatField2025/workspace/ros2_ws/install/example_mode_goto_global_cpp:/home/avmi-lab-user/ThreatField2025/workspace/ros2_ws/install/example_mode_goto_cpp:/home/avmi-lab-user/ThreatField2025/workspace/ros2_ws/install/example_mode_fw_attitude_cpp:/home/avmi-lab-user/ThreatField2025/workspace/ros2_ws/install/example_local_navigation_cpp:/home/avmi-lab-user/ThreatField2025/workspace/ros2_ws/install/example_global_navigation_cpp:/home/avmi-lab-user/ThreatField2025/workspace/ros2_ws/install/example_executor_with_multiple_modes_cpp:/home/avmi-lab-user/ThreatField2025/workspace/ros2_ws/install/draw_flight_mode:/home/avmi-lab-user/ThreatField2025/workspace/ros2_ws/install/interface:/home/avmi-lab-user/ThreatField2025/workspace/ros2_ws/install/py_sensor:/opt/ros/humble LD_LIBRARY_PATH=/home/avmi-lab-user/ThreatField2025/workspace/ros2_ws/install/px4_ros2_cpp/lib:/home/avmi-lab-user/ThreatField2025/workspace/ros2_ws/install/px4_msgs/lib:/home/avmi-lab-user/ThreatField2025/workspace/ros2_ws/install/px4_ros_com/lib:/home/avmi-lab-user/ThreatField2025/workspace/ros2_ws/install/interface/lib:/opt/ros/humble/opt/rviz_ogre_vendor/lib:/opt/ros/humble/lib/x86_64-linux-gnu:/opt/ros/humble/lib /usr/bin/cmake --build /home/avmi-lab-user/ThreatField2025/workspace/ros2_ws/build/example_global_navigation_cpp -- -j8 -l8
[13.944s] Invoking command in '/home/avmi-lab-user/ThreatField2025/workspace/ros2_ws/build/example_global_navigation_cpp': CMAKE_PREFIX_PATH=/home/avmi-lab-user/ThreatField2025/workspace/ros2_ws/install/px4_ros2_cpp:/home/avmi-lab-user/ThreatField2025/workspace/ros2_ws/install/px4_msgs:/home/avmi-lab-user/ThreatField2025/workspace/ros2_ws/install/px4_ros_com:/home/avmi-lab-user/ThreatField2025/workspace/ros2_ws/install/example_mode_with_executor_cpp:/home/avmi-lab-user/ThreatField2025/workspace/ros2_ws/install/example_mode_vtol_cpp:/home/avmi-lab-user/ThreatField2025/workspace/ros2_ws/install/example_mode_rtl_replacement_cpp:/home/avmi-lab-user/ThreatField2025/workspace/ros2_ws/install/example_mode_manual_cpp:/home/avmi-lab-user/ThreatField2025/workspace/ros2_ws/install/example_mode_goto_global_cpp:/home/avmi-lab-user/ThreatField2025/workspace/ros2_ws/install/example_mode_goto_cpp:/home/avmi-lab-user/ThreatField2025/workspace/ros2_ws/install/example_mode_fw_attitude_cpp:/home/avmi-lab-user/ThreatField2025/workspace/ros2_ws/install/example_local_navigation_cpp:/home/avmi-lab-user/ThreatField2025/workspace/ros2_ws/install/example_global_navigation_cpp:/home/avmi-lab-user/ThreatField2025/workspace/ros2_ws/install/example_executor_with_multiple_modes_cpp:/home/avmi-lab-user/ThreatField2025/workspace/ros2_ws/install/draw_flight_mode:/home/avmi-lab-user/ThreatField2025/workspace/ros2_ws/install/interface:/home/avmi-lab-user/ThreatField2025/workspace/ros2_ws/install/py_sensor:/opt/ros/humble LD_LIBRARY_PATH=/home/avmi-lab-user/ThreatField2025/workspace/ros2_ws/install/px4_ros2_cpp/lib:/home/avmi-lab-user/ThreatField2025/workspace/ros2_ws/install/px4_msgs/lib:/home/avmi-lab-user/ThreatField2025/workspace/ros2_ws/install/px4_ros_com/lib:/home/avmi-lab-user/ThreatField2025/workspace/ros2_ws/install/interface/lib:/opt/ros/humble/opt/rviz_ogre_vendor/lib:/opt/ros/humble/lib/x86_64-linux-gnu:/opt/ros/humble/lib /usr/bin/cmake --install /home/avmi-lab-user/ThreatField2025/workspace/ros2_ws/build/example_global_navigation_cpp
[14.617s] -- Install configuration: ""
[14.617s] -- Execute custom install script
[14.617s] -- Symlinking: /home/avmi-lab-user/ThreatField2025/workspace/ros2_ws/install/example_global_navigation_cpp/lib/example_global_navigation_cpp/example_global_navigation
[14.617s] -- Symlinking: /home/avmi-lab-user/ThreatField2025/workspace/ros2_ws/install/example_global_navigation_cpp/share/ament_index/resource_index/package_run_dependencies/example_global_navigation_cpp
[14.617s] -- Symlinking: /home/avmi-lab-user/ThreatField2025/workspace/ros2_ws/install/example_global_navigation_cpp/share/ament_index/resource_index/parent_prefix_path/example_global_navigation_cpp
[14.617s] -- Symlinking: /home/avmi-lab-user/ThreatField2025/workspace/ros2_ws/install/example_global_navigation_cpp/share/example_global_navigation_cpp/environment/ament_prefix_path.sh
[14.617s] -- Symlinking: /home/avmi-lab-user/ThreatField2025/workspace/ros2_ws/install/example_global_navigation_cpp/share/example_global_navigation_cpp/environment/ament_prefix_path.dsv
[14.617s] -- Symlinking: /home/avmi-lab-user/ThreatField2025/workspace/ros2_ws/install/example_global_navigation_cpp/share/example_global_navigation_cpp/environment/path.sh
[14.617s] -- Symlinking: /home/avmi-lab-user/ThreatField2025/workspace/ros2_ws/install/example_global_navigation_cpp/share/example_global_navigation_cpp/environment/path.dsv
[14.617s] -- Symlinking: /home/avmi-lab-user/ThreatField2025/workspace/ros2_ws/install/example_global_navigation_cpp/share/example_global_navigation_cpp/local_setup.bash
[14.617s] -- Symlinking: /home/avmi-lab-user/ThreatField2025/workspace/ros2_ws/install/example_global_navigation_cpp/share/example_global_navigation_cpp/local_setup.sh
[14.620s] -- Symlinking: /home/avmi-lab-user/ThreatField2025/workspace/ros2_ws/install/example_global_navigation_cpp/share/example_global_navigation_cpp/local_setup.zsh
[14.620s] -- Symlinking: /home/avmi-lab-user/ThreatField2025/workspace/ros2_ws/install/example_global_navigation_cpp/share/example_global_navigation_cpp/local_setup.dsv
[14.621s] -- Symlinking: /home/avmi-lab-user/ThreatField2025/workspace/ros2_ws/install/example_global_navigation_cpp/share/example_global_navigation_cpp/package.dsv
[14.621s] -- Symlinking: /home/avmi-lab-user/ThreatField2025/workspace/ros2_ws/install/example_global_navigation_cpp/share/ament_index/resource_index/packages/example_global_navigation_cpp
[14.621s] -- Symlinking: /home/avmi-lab-user/ThreatField2025/workspace/ros2_ws/install/example_global_navigation_cpp/share/example_global_navigation_cpp/cmake/example_global_navigation_cppConfig.cmake
[14.621s] -- Symlinking: /home/avmi-lab-user/ThreatField2025/workspace/ros2_ws/install/example_global_navigation_cpp/share/example_global_navigation_cpp/cmake/example_global_navigation_cppConfig-version.cmake
[14.621s] -- Symlinking: /home/avmi-lab-user/ThreatField2025/workspace/ros2_ws/install/example_global_navigation_cpp/share/example_global_navigation_cpp/package.xml
[14.637s] Invoked command in '/home/avmi-lab-user/ThreatField2025/workspace/ros2_ws/build/example_global_navigation_cpp' returned '0': CMAKE_PREFIX_PATH=/home/avmi-lab-user/ThreatField2025/workspace/ros2_ws/install/px4_ros2_cpp:/home/avmi-lab-user/ThreatField2025/workspace/ros2_ws/install/px4_msgs:/home/avmi-lab-user/ThreatField2025/workspace/ros2_ws/install/px4_ros_com:/home/avmi-lab-user/ThreatField2025/workspace/ros2_ws/install/example_mode_with_executor_cpp:/home/avmi-lab-user/ThreatField2025/workspace/ros2_ws/install/example_mode_vtol_cpp:/home/avmi-lab-user/ThreatField2025/workspace/ros2_ws/install/example_mode_rtl_replacement_cpp:/home/avmi-lab-user/ThreatField2025/workspace/ros2_ws/install/example_mode_manual_cpp:/home/avmi-lab-user/ThreatField2025/workspace/ros2_ws/install/example_mode_goto_global_cpp:/home/avmi-lab-user/ThreatField2025/workspace/ros2_ws/install/example_mode_goto_cpp:/home/avmi-lab-user/ThreatField2025/workspace/ros2_ws/install/example_mode_fw_attitude_cpp:/home/avmi-lab-user/ThreatField2025/workspace/ros2_ws/install/example_local_navigation_cpp:/home/avmi-lab-user/ThreatField2025/workspace/ros2_ws/install/example_global_navigation_cpp:/home/avmi-lab-user/ThreatField2025/workspace/ros2_ws/install/example_executor_with_multiple_modes_cpp:/home/avmi-lab-user/ThreatField2025/workspace/ros2_ws/install/draw_flight_mode:/home/avmi-lab-user/ThreatField2025/workspace/ros2_ws/install/interface:/home/avmi-lab-user/ThreatField2025/workspace/ros2_ws/install/py_sensor:/opt/ros/humble LD_LIBRARY_PATH=/home/avmi-lab-user/ThreatField2025/workspace/ros2_ws/install/px4_ros2_cpp/lib:/home/avmi-lab-user/ThreatField2025/workspace/ros2_ws/install/px4_msgs/lib:/home/avmi-lab-user/ThreatField2025/workspace/ros2_ws/install/px4_ros_com/lib:/home/avmi-lab-user/ThreatField2025/workspace/ros2_ws/install/interface/lib:/opt/ros/humble/opt/rviz_ogre_vendor/lib:/opt/ros/humble/lib/x86_64-linux-gnu:/opt/ros/humble/lib /usr/bin/cmake --install /home/avmi-lab-user/ThreatField2025/workspace/ros2_ws/build/example_global_navigation_cpp
