[0.036s] Invoking command in '/home/avmi-lab-user/ThreatField2025/workspace/ros2_ws/build/example_mode_goto_global_cpp': CMAKE_PREFIX_PATH=/home/avmi-lab-user/ThreatField2025/workspace/ros2_ws/install/px4_ros2_cpp:/home/avmi-lab-user/ThreatField2025/workspace/ros2_ws/install/px4_msgs:/home/avmi-lab-user/ThreatField2025/workspace/ros2_ws/install/px4_ros_com:/home/avmi-lab-user/ThreatField2025/workspace/ros2_ws/install/example_mode_with_executor_cpp:/home/avmi-lab-user/ThreatField2025/workspace/ros2_ws/install/example_mode_vtol_cpp:/home/avmi-lab-user/ThreatField2025/workspace/ros2_ws/install/example_mode_rtl_replacement_cpp:/home/avmi-lab-user/ThreatField2025/workspace/ros2_ws/install/example_mode_manual_cpp:/home/avmi-lab-user/ThreatField2025/workspace/ros2_ws/install/example_mode_goto_global_cpp:/home/avmi-lab-user/ThreatField2025/workspace/ros2_ws/install/example_mode_goto_cpp:/home/avmi-lab-user/ThreatField2025/workspace/ros2_ws/install/example_mode_fw_attitude_cpp:/home/avmi-lab-user/ThreatField2025/workspace/ros2_ws/install/example_local_navigation_cpp:/home/avmi-lab-user/ThreatField2025/workspace/ros2_ws/install/example_global_navigation_cpp:/home/avmi-lab-user/ThreatField2025/workspace/ros2_ws/install/example_executor_with_multiple_modes_cpp:/home/avmi-lab-user/ThreatField2025/workspace/ros2_ws/install/draw_flight_mode:/home/avmi-lab-user/ThreatField2025/workspace/ros2_ws/install/interface:/home/avmi-lab-user/ThreatField2025/workspace/ros2_ws/install/py_sensor:/opt/ros/humble LD_LIBRARY_PATH=/home/avmi-lab-user/ThreatField2025/workspace/ros2_ws/install/px4_ros2_cpp/lib:/home/avmi-lab-user/ThreatField2025/workspace/ros2_ws/install/px4_msgs/lib:/home/avmi-lab-user/ThreatField2025/workspace/ros2_ws/install/px4_ros_com/lib:/home/avmi-lab-user/ThreatField2025/workspace/ros2_ws/install/interface/lib:/opt/ros/humble/opt/rviz_ogre_vendor/lib:/opt/ros/humble/lib/x86_64-linux-gnu:/opt/ros/humble/lib /usr/bin/cmake /home/avmi-lab-user/ThreatField2025/workspace/ros2_ws/src/px4-ros2-interface-lib/examples/cpp/modes/goto_global -DAMENT_CMAKE_SYMLINK_INSTALL=1 -DCMAKE_INSTALL_PREFIX=/home/avmi-lab-user/ThreatField2025/workspace/ros2_ws/install/example_mode_goto_global_cpp
[3.329s] -- The C compiler identification is GNU 11.4.0
[3.333s] -- The CXX compiler identification is GNU 11.4.0
[3.333s] -- Detecting C compiler ABI info
[3.333s] -- Detecting C compiler ABI info - done
[3.333s] -- Check for working C compiler: /usr/bin/cc - skipped
[3.333s] -- Detecting C compile features
[3.333s] -- Detecting C compile features - done
[3.333s] -- Detecting CXX compiler ABI info
[3.333s] -- Detecting CXX compiler ABI info - done
[3.334s] -- Check for working CXX compiler: /usr/bin/c++ - skipped
[3.334s] -- Detecting CXX compile features
[3.334s] -- Detecting CXX compile features - done
[3.334s] -- Found eigen3_cmake_module: 0.1.1 (/opt/ros/humble/share/eigen3_cmake_module/cmake)
[3.334s] -- Found Eigen3: TRUE (found version "3.4.0") 
[3.334s] -- Found ament_cmake: 1.3.11 (/opt/ros/humble/share/ament_cmake/cmake)
[3.334s] -- Found Python3: /usr/bin/python3 (found version "3.10.12") found components: Interpreter 
[3.334s] -- Override CMake install command with custom implementation using symlinks instead of copying resources
[3.336s] -- Found rclcpp: 16.0.12 (/opt/ros/humble/share/rclcpp/cmake)
[3.337s] -- Found rosidl_generator_c: 3.1.6 (/opt/ros/humble/share/rosidl_generator_c/cmake)
[3.337s] -- Found rosidl_adapter: 3.1.6 (/opt/ros/humble/share/rosidl_adapter/cmake)
[3.337s] -- Found rosidl_generator_cpp: 3.1.6 (/opt/ros/humble/share/rosidl_generator_cpp/cmake)
[3.337s] -- Using all available rosidl_typesupport_c: rosidl_typesupport_fastrtps_c;rosidl_typesupport_introspection_c
[3.337s] -- Using all available rosidl_typesupport_cpp: rosidl_typesupport_fastrtps_cpp;rosidl_typesupport_introspection_cpp
[3.337s] -- Found rmw_implementation_cmake: 6.1.2 (/opt/ros/humble/share/rmw_implementation_cmake/cmake)
[3.337s] -- Found rmw_fastrtps_cpp: 6.2.7 (/opt/ros/humble/share/rmw_fastrtps_cpp/cmake)
[3.337s] -- Found OpenSSL: /usr/lib/x86_64-linux-gnu/libcrypto.so (found version "3.0.2")  
[3.337s] -- Found FastRTPS: /opt/ros/humble/include  
[3.337s] -- Using RMW implementation 'rmw_fastrtps_cpp' as default
[3.337s] -- Looking for pthread.h
[3.337s] -- Looking for pthread.h - found
[3.337s] -- Performing Test CMAKE_HAVE_LIBC_PTHREAD
[3.337s] -- Performing Test CMAKE_HAVE_LIBC_PTHREAD - Success
[3.338s] -- Found Threads: TRUE  
[3.338s] -- Found px4_ros2_cpp: 0.0.1 (/home/avmi-lab-user/ThreatField2025/workspace/ros2_ws/install/px4_ros2_cpp/share/px4_ros2_cpp/cmake)
[3.338s] -- Found ament_lint_auto: 0.12.12 (/opt/ros/humble/share/ament_lint_auto/cmake)
[3.338s] -- Added test 'copyright' to check source files copyright and LICENSE
[3.338s] -- Added test 'cppcheck' to perform static code analysis on C / C++ code
[3.338s] -- Configured cppcheck include dirs: /home/avmi-lab-user/ThreatField2025/workspace/ros2_ws/src/px4-ros2-interface-lib/examples/cpp/modes/goto_global/include
[3.338s] -- Configured cppcheck exclude dirs and/or files: 
[3.338s] -- Added test 'cpplint' to check C / C++ code against the Google style
[3.338s] -- Configured cpplint exclude dirs and/or files: 
[3.343s] -- Added test 'lint_cmake' to check CMake code style
[3.343s] -- Added test 'uncrustify' to check C / C++ code style
[3.343s] -- Configured uncrustify additional arguments: 
[3.343s] -- Added test 'xmllint' to check XML markup files
[3.343s] -- Configuring done
[3.366s] -- Generating done
[3.379s] -- Build files have been written to: /home/avmi-lab-user/ThreatField2025/workspace/ros2_ws/build/example_mode_goto_global_cpp
[3.403s] Invoked command in '/home/avmi-lab-user/ThreatField2025/workspace/ros2_ws/build/example_mode_goto_global_cpp' returned '0': CMAKE_PREFIX_PATH=/home/avmi-lab-user/ThreatField2025/workspace/ros2_ws/install/px4_ros2_cpp:/home/avmi-lab-user/ThreatField2025/workspace/ros2_ws/install/px4_msgs:/home/avmi-lab-user/ThreatField2025/workspace/ros2_ws/install/px4_ros_com:/home/avmi-lab-user/ThreatField2025/workspace/ros2_ws/install/example_mode_with_executor_cpp:/home/avmi-lab-user/ThreatField2025/workspace/ros2_ws/install/example_mode_vtol_cpp:/home/avmi-lab-user/ThreatField2025/workspace/ros2_ws/install/example_mode_rtl_replacement_cpp:/home/avmi-lab-user/ThreatField2025/workspace/ros2_ws/install/example_mode_manual_cpp:/home/avmi-lab-user/ThreatField2025/workspace/ros2_ws/install/example_mode_goto_global_cpp:/home/avmi-lab-user/ThreatField2025/workspace/ros2_ws/install/example_mode_goto_cpp:/home/avmi-lab-user/ThreatField2025/workspace/ros2_ws/install/example_mode_fw_attitude_cpp:/home/avmi-lab-user/ThreatField2025/workspace/ros2_ws/install/example_local_navigation_cpp:/home/avmi-lab-user/ThreatField2025/workspace/ros2_ws/install/example_global_navigation_cpp:/home/avmi-lab-user/ThreatField2025/workspace/ros2_ws/install/example_executor_with_multiple_modes_cpp:/home/avmi-lab-user/ThreatField2025/workspace/ros2_ws/install/draw_flight_mode:/home/avmi-lab-user/ThreatField2025/workspace/ros2_ws/install/interface:/home/avmi-lab-user/ThreatField2025/workspace/ros2_ws/install/py_sensor:/opt/ros/humble LD_LIBRARY_PATH=/home/avmi-lab-user/ThreatField2025/workspace/ros2_ws/install/px4_ros2_cpp/lib:/home/avmi-lab-user/ThreatField2025/workspace/ros2_ws/install/px4_msgs/lib:/home/avmi-lab-user/ThreatField2025/workspace/ros2_ws/install/px4_ros_com/lib:/home/avmi-lab-user/ThreatField2025/workspace/ros2_ws/install/interface/lib:/opt/ros/humble/opt/rviz_ogre_vendor/lib:/opt/ros/humble/lib/x86_64-linux-gnu:/opt/ros/humble/lib /usr/bin/cmake /home/avmi-lab-user/ThreatField2025/workspace/ros2_ws/src/px4-ros2-interface-lib/examples/cpp/modes/goto_global -DAMENT_CMAKE_SYMLINK_INSTALL=1 -DCMAKE_INSTALL_PREFIX=/home/avmi-lab-user/ThreatField2025/workspace/ros2_ws/install/example_mode_goto_global_cpp
[3.403s] Invoking command in '/home/avmi-lab-user/ThreatField2025/workspace/ros2_ws/build/example_mode_goto_global_cpp': CMAKE_PREFIX_PATH=/home/avmi-lab-user/ThreatField2025/workspace/ros2_ws/install/px4_ros2_cpp:/home/avmi-lab-user/ThreatField2025/workspace/ros2_ws/install/px4_msgs:/home/avmi-lab-user/ThreatField2025/workspace/ros2_ws/install/px4_ros_com:/home/avmi-lab-user/ThreatField2025/workspace/ros2_ws/install/example_mode_with_executor_cpp:/home/avmi-lab-user/ThreatField2025/workspace/ros2_ws/install/example_mode_vtol_cpp:/home/avmi-lab-user/ThreatField2025/workspace/ros2_ws/install/example_mode_rtl_replacement_cpp:/home/avmi-lab-user/ThreatField2025/workspace/ros2_ws/install/example_mode_manual_cpp:/home/avmi-lab-user/ThreatField2025/workspace/ros2_ws/install/example_mode_goto_global_cpp:/home/avmi-lab-user/ThreatField2025/workspace/ros2_ws/install/example_mode_goto_cpp:/home/avmi-lab-user/ThreatField2025/workspace/ros2_ws/install/example_mode_fw_attitude_cpp:/home/avmi-lab-user/ThreatField2025/workspace/ros2_ws/install/example_local_navigation_cpp:/home/avmi-lab-user/ThreatField2025/workspace/ros2_ws/install/example_global_navigation_cpp:/home/avmi-lab-user/ThreatField2025/workspace/ros2_ws/install/example_executor_with_multiple_modes_cpp:/home/avmi-lab-user/ThreatField2025/workspace/ros2_ws/install/draw_flight_mode:/home/avmi-lab-user/ThreatField2025/workspace/ros2_ws/install/interface:/home/avmi-lab-user/ThreatField2025/workspace/ros2_ws/install/py_sensor:/opt/ros/humble LD_LIBRARY_PATH=/home/avmi-lab-user/ThreatField2025/workspace/ros2_ws/install/px4_ros2_cpp/lib:/home/avmi-lab-user/ThreatField2025/workspace/ros2_ws/install/px4_msgs/lib:/home/avmi-lab-user/ThreatField2025/workspace/ros2_ws/install/px4_ros_com/lib:/home/avmi-lab-user/ThreatField2025/workspace/ros2_ws/install/interface/lib:/opt/ros/humble/opt/rviz_ogre_vendor/lib:/opt/ros/humble/lib/x86_64-linux-gnu:/opt/ros/humble/lib /usr/bin/cmake --build /home/avmi-lab-user/ThreatField2025/workspace/ros2_ws/build/example_mode_goto_global_cpp -- -j8 -l8
[3.682s] [ 50%] [32mBuilding CXX object CMakeFiles/example_mode_goto_global.dir/src/main.cpp.o[0m
[12.106s] [100%] [32m[1mLinking CXX executable example_mode_goto_global[0m
[14.490s] [100%] Built target example_mode_goto_global
[14.515s] Invoked command in '/home/avmi-lab-user/ThreatField2025/workspace/ros2_ws/build/example_mode_goto_global_cpp' returned '0': CMAKE_PREFIX_PATH=/home/avmi-lab-user/ThreatField2025/workspace/ros2_ws/install/px4_ros2_cpp:/home/avmi-lab-user/ThreatField2025/workspace/ros2_ws/install/px4_msgs:/home/avmi-lab-user/ThreatField2025/workspace/ros2_ws/install/px4_ros_com:/home/avmi-lab-user/ThreatField2025/workspace/ros2_ws/install/example_mode_with_executor_cpp:/home/avmi-lab-user/ThreatField2025/workspace/ros2_ws/install/example_mode_vtol_cpp:/home/avmi-lab-user/ThreatField2025/workspace/ros2_ws/install/example_mode_rtl_replacement_cpp:/home/avmi-lab-user/ThreatField2025/workspace/ros2_ws/install/example_mode_manual_cpp:/home/avmi-lab-user/ThreatField2025/workspace/ros2_ws/install/example_mode_goto_global_cpp:/home/avmi-lab-user/ThreatField2025/workspace/ros2_ws/install/example_mode_goto_cpp:/home/avmi-lab-user/ThreatField2025/workspace/ros2_ws/install/example_mode_fw_attitude_cpp:/home/avmi-lab-user/ThreatField2025/workspace/ros2_ws/install/example_local_navigation_cpp:/home/avmi-lab-user/ThreatField2025/workspace/ros2_ws/install/example_global_navigation_cpp:/home/avmi-lab-user/ThreatField2025/workspace/ros2_ws/install/example_executor_with_multiple_modes_cpp:/home/avmi-lab-user/ThreatField2025/workspace/ros2_ws/install/draw_flight_mode:/home/avmi-lab-user/ThreatField2025/workspace/ros2_ws/install/interface:/home/avmi-lab-user/ThreatField2025/workspace/ros2_ws/install/py_sensor:/opt/ros/humble LD_LIBRARY_PATH=/home/avmi-lab-user/ThreatField2025/workspace/ros2_ws/install/px4_ros2_cpp/lib:/home/avmi-lab-user/ThreatField2025/workspace/ros2_ws/install/px4_msgs/lib:/home/avmi-lab-user/ThreatField2025/workspace/ros2_ws/install/px4_ros_com/lib:/home/avmi-lab-user/ThreatField2025/workspace/ros2_ws/install/interface/lib:/opt/ros/humble/opt/rviz_ogre_vendor/lib:/opt/ros/humble/lib/x86_64-linux-gnu:/opt/ros/humble/lib /usr/bin/cmake --build /home/avmi-lab-user/ThreatField2025/workspace/ros2_ws/build/example_mode_goto_global_cpp -- -j8 -l8
[14.516s] Invoking command in '/home/avmi-lab-user/ThreatField2025/workspace/ros2_ws/build/example_mode_goto_global_cpp': CMAKE_PREFIX_PATH=/home/avmi-lab-user/ThreatField2025/workspace/ros2_ws/install/px4_ros2_cpp:/home/avmi-lab-user/ThreatField2025/workspace/ros2_ws/install/px4_msgs:/home/avmi-lab-user/ThreatField2025/workspace/ros2_ws/install/px4_ros_com:/home/avmi-lab-user/ThreatField2025/workspace/ros2_ws/install/example_mode_with_executor_cpp:/home/avmi-lab-user/ThreatField2025/workspace/ros2_ws/install/example_mode_vtol_cpp:/home/avmi-lab-user/ThreatField2025/workspace/ros2_ws/install/example_mode_rtl_replacement_cpp:/home/avmi-lab-user/ThreatField2025/workspace/ros2_ws/install/example_mode_manual_cpp:/home/avmi-lab-user/ThreatField2025/workspace/ros2_ws/install/example_mode_goto_global_cpp:/home/avmi-lab-user/ThreatField2025/workspace/ros2_ws/install/example_mode_goto_cpp:/home/avmi-lab-user/ThreatField2025/workspace/ros2_ws/install/example_mode_fw_attitude_cpp:/home/avmi-lab-user/ThreatField2025/workspace/ros2_ws/install/example_local_navigation_cpp:/home/avmi-lab-user/ThreatField2025/workspace/ros2_ws/install/example_global_navigation_cpp:/home/avmi-lab-user/ThreatField2025/workspace/ros2_ws/install/example_executor_with_multiple_modes_cpp:/home/avmi-lab-user/ThreatField2025/workspace/ros2_ws/install/draw_flight_mode:/home/avmi-lab-user/ThreatField2025/workspace/ros2_ws/install/interface:/home/avmi-lab-user/ThreatField2025/workspace/ros2_ws/install/py_sensor:/opt/ros/humble LD_LIBRARY_PATH=/home/avmi-lab-user/ThreatField2025/workspace/ros2_ws/install/px4_ros2_cpp/lib:/home/avmi-lab-user/ThreatField2025/workspace/ros2_ws/install/px4_msgs/lib:/home/avmi-lab-user/ThreatField2025/workspace/ros2_ws/install/px4_ros_com/lib:/home/avmi-lab-user/ThreatField2025/workspace/ros2_ws/install/interface/lib:/opt/ros/humble/opt/rviz_ogre_vendor/lib:/opt/ros/humble/lib/x86_64-linux-gnu:/opt/ros/humble/lib /usr/bin/cmake --install /home/avmi-lab-user/ThreatField2025/workspace/ros2_ws/build/example_mode_goto_global_cpp
[14.595s] -- Install configuration: ""
[14.595s] -- Execute custom install script
[14.595s] -- Symlinking: /home/avmi-lab-user/ThreatField2025/workspace/ros2_ws/install/example_mode_goto_global_cpp/lib/example_mode_goto_global_cpp/example_mode_goto_global
[14.595s] -- Symlinking: /home/avmi-lab-user/ThreatField2025/workspace/ros2_ws/install/example_mode_goto_global_cpp/share/ament_index/resource_index/package_run_dependencies/example_mode_goto_global_cpp
[14.595s] -- Symlinking: /home/avmi-lab-user/ThreatField2025/workspace/ros2_ws/install/example_mode_goto_global_cpp/share/ament_index/resource_index/parent_prefix_path/example_mode_goto_global_cpp
[14.595s] -- Symlinking: /home/avmi-lab-user/ThreatField2025/workspace/ros2_ws/install/example_mode_goto_global_cpp/share/example_mode_goto_global_cpp/environment/ament_prefix_path.sh
[14.623s] -- Symlinking: /home/avmi-lab-user/ThreatField2025/workspace/ros2_ws/install/example_mode_goto_global_cpp/share/example_mode_goto_global_cpp/environment/ament_prefix_path.dsv
[14.646s] -- Symlinking: /home/avmi-lab-user/ThreatField2025/workspace/ros2_ws/install/example_mode_goto_global_cpp/share/example_mode_goto_global_cpp/environment/path.sh
[14.671s] -- Symlinking: /home/avmi-lab-user/ThreatField2025/workspace/ros2_ws/install/example_mode_goto_global_cpp/share/example_mode_goto_global_cpp/environment/path.dsv
[14.686s] -- Symlinking: /home/avmi-lab-user/ThreatField2025/workspace/ros2_ws/install/example_mode_goto_global_cpp/share/example_mode_goto_global_cpp/local_setup.bash
[14.704s] -- Symlinking: /home/avmi-lab-user/ThreatField2025/workspace/ros2_ws/install/example_mode_goto_global_cpp/share/example_mode_goto_global_cpp/local_setup.sh
[14.732s] -- Symlinking: /home/avmi-lab-user/ThreatField2025/workspace/ros2_ws/install/example_mode_goto_global_cpp/share/example_mode_goto_global_cpp/local_setup.zsh
[14.759s] -- Symlinking: /home/avmi-lab-user/ThreatField2025/workspace/ros2_ws/install/example_mode_goto_global_cpp/share/example_mode_goto_global_cpp/local_setup.dsv
[14.780s] -- Symlinking: /home/avmi-lab-user/ThreatField2025/workspace/ros2_ws/install/example_mode_goto_global_cpp/share/example_mode_goto_global_cpp/package.dsv
[14.807s] -- Symlinking: /home/avmi-lab-user/ThreatField2025/workspace/ros2_ws/install/example_mode_goto_global_cpp/share/ament_index/resource_index/packages/example_mode_goto_global_cpp
[14.824s] -- Symlinking: /home/avmi-lab-user/ThreatField2025/workspace/ros2_ws/install/example_mode_goto_global_cpp/share/example_mode_goto_global_cpp/cmake/example_mode_goto_global_cppConfig.cmake
[14.841s] -- Symlinking: /home/avmi-lab-user/ThreatField2025/workspace/ros2_ws/install/example_mode_goto_global_cpp/share/example_mode_goto_global_cpp/cmake/example_mode_goto_global_cppConfig-version.cmake
[14.867s] -- Symlinking: /home/avmi-lab-user/ThreatField2025/workspace/ros2_ws/install/example_mode_goto_global_cpp/share/example_mode_goto_global_cpp/package.xml
[14.889s] Invoked command in '/home/avmi-lab-user/ThreatField2025/workspace/ros2_ws/build/example_mode_goto_global_cpp' returned '0': CMAKE_PREFIX_PATH=/home/avmi-lab-user/ThreatField2025/workspace/ros2_ws/install/px4_ros2_cpp:/home/avmi-lab-user/ThreatField2025/workspace/ros2_ws/install/px4_msgs:/home/avmi-lab-user/ThreatField2025/workspace/ros2_ws/install/px4_ros_com:/home/avmi-lab-user/ThreatField2025/workspace/ros2_ws/install/example_mode_with_executor_cpp:/home/avmi-lab-user/ThreatField2025/workspace/ros2_ws/install/example_mode_vtol_cpp:/home/avmi-lab-user/ThreatField2025/workspace/ros2_ws/install/example_mode_rtl_replacement_cpp:/home/avmi-lab-user/ThreatField2025/workspace/ros2_ws/install/example_mode_manual_cpp:/home/avmi-lab-user/ThreatField2025/workspace/ros2_ws/install/example_mode_goto_global_cpp:/home/avmi-lab-user/ThreatField2025/workspace/ros2_ws/install/example_mode_goto_cpp:/home/avmi-lab-user/ThreatField2025/workspace/ros2_ws/install/example_mode_fw_attitude_cpp:/home/avmi-lab-user/ThreatField2025/workspace/ros2_ws/install/example_local_navigation_cpp:/home/avmi-lab-user/ThreatField2025/workspace/ros2_ws/install/example_global_navigation_cpp:/home/avmi-lab-user/ThreatField2025/workspace/ros2_ws/install/example_executor_with_multiple_modes_cpp:/home/avmi-lab-user/ThreatField2025/workspace/ros2_ws/install/draw_flight_mode:/home/avmi-lab-user/ThreatField2025/workspace/ros2_ws/install/interface:/home/avmi-lab-user/ThreatField2025/workspace/ros2_ws/install/py_sensor:/opt/ros/humble LD_LIBRARY_PATH=/home/avmi-lab-user/ThreatField2025/workspace/ros2_ws/install/px4_ros2_cpp/lib:/home/avmi-lab-user/ThreatField2025/workspace/ros2_ws/install/px4_msgs/lib:/home/avmi-lab-user/ThreatField2025/workspace/ros2_ws/install/px4_ros_com/lib:/home/avmi-lab-user/ThreatField2025/workspace/ros2_ws/install/interface/lib:/opt/ros/humble/opt/rviz_ogre_vendor/lib:/opt/ros/humble/lib/x86_64-linux-gnu:/opt/ros/humble/lib /usr/bin/cmake --install /home/avmi-lab-user/ThreatField2025/workspace/ros2_ws/build/example_mode_goto_global_cpp
