[0.054s] Invoking command in '/home/eldavo07/ThreatField2025/workspace/ros2_ws/build/example_local_navigation_cpp': AMENT_PREFIX_PATH=/home/eldavo07/ThreatField2025/workspace/ros2_ws/install/px4_ros2_cpp:/home/eldavo07/ThreatField2025/workspace/ros2_ws/install/px4_msgs:${AMENT_PREFIX_PATH} CMAKE_PREFIX_PATH=/home/eldavo07/ThreatField2025/workspace/ros2_ws/install/px4_ros2_cpp:/home/eldavo07/ThreatField2025/workspace/ros2_ws/install/px4_msgs:/home/eldavo07/ThreatField2025/workspace/ros2_ws/install/sensor_pubsub:/home/eldavo07/ThreatField2025/workspace/ros2_ws/install/px4_ros_com:/home/eldavo07/ThreatField2025/workspace/ros2_ws/install/example_mode_with_executor_cpp:/home/eldavo07/ThreatField2025/workspace/ros2_ws/install/example_mode_vtol_cpp:/home/eldavo07/ThreatField2025/workspace/ros2_ws/install/example_mode_rtl_replacement_cpp:/home/eldavo07/ThreatField2025/workspace/ros2_ws/install/example_mode_manual_cpp:/home/eldavo07/ThreatField2025/workspace/ros2_ws/install/example_mode_goto_global_cpp:/home/eldavo07/ThreatField2025/workspace/ros2_ws/install/example_mode_goto_cpp:/home/eldavo07/ThreatField2025/workspace/ros2_ws/install/example_mode_fw_attitude_cpp:/home/eldavo07/ThreatField2025/workspace/ros2_ws/install/example_local_navigation_cpp:/home/eldavo07/ThreatField2025/workspace/ros2_ws/install/example_global_navigation_cpp:/home/eldavo07/ThreatField2025/workspace/ros2_ws/install/example_executor_with_multiple_modes_cpp:/home/eldavo07/ThreatField2025/workspace/ros2_ws/install/draw_flight_mode:/home/eldavo07/ThreatField2025/workspace/ros2_ws/install/interface:/home/eldavo07/ThreatField2025/workspace/ros2_ws/install/py_sensor:/opt/ros/humble LD_LIBRARY_PATH=/home/eldavo07/ThreatField2025/workspace/ros2_ws/install/px4_ros2_cpp/lib:/home/eldavo07/ThreatField2025/workspace/ros2_ws/install/px4_msgs/lib:/home/eldavo07/ThreatField2025/workspace/ros2_ws/install/px4_ros_com/lib:/home/eldavo07/ThreatField2025/workspace/ros2_ws/install/interface/lib:/opt/ros/humble/opt/rviz_ogre_vendor/lib:/opt/ros/humble/lib/x86_64-linux-gnu:/opt/ros/humble/lib PYTHONPATH=/home/eldavo07/ThreatField2025/workspace/ros2_ws/install/px4_msgs/local/lib/python3.10/dist-packages:${PYTHONPATH} /usr/bin/cmake /home/eldavo07/ThreatField2025/workspace/ros2_ws/src/px4-ros2-interface-lib/examples/cpp/navigation/local_navigation -DCMAKE_INSTALL_PREFIX=/home/eldavo07/ThreatField2025/workspace/ros2_ws/install/example_local_navigation_cpp
[0.174s] -- The C compiler identification is GNU 11.4.0
[0.315s] -- The CXX compiler identification is GNU 11.4.0
[0.329s] -- Detecting C compiler ABI info
[0.477s] -- Detecting C compiler ABI info - done
[0.500s] -- Check for working C compiler: /usr/bin/cc - skipped
[0.500s] -- Detecting C compile features
[0.500s] -- Detecting C compile features - done
[0.507s] -- Detecting CXX compiler ABI info
[0.699s] -- Detecting CXX compiler ABI info - done
[0.724s] -- Check for working CXX compiler: /usr/bin/c++ - skipped
[0.725s] -- Detecting CXX compile features
[0.726s] -- Detecting CXX compile features - done
[0.731s] -- Found eigen3_cmake_module: 0.1.1 (/opt/ros/humble/share/eigen3_cmake_module/cmake)
[0.753s] -- Found Eigen3: TRUE (found version "3.4.0") 
[0.754s] -- Found ament_cmake: 1.3.12 (/opt/ros/humble/share/ament_cmake/cmake)
[1.902s] -- Found Python3: /usr/bin/python3 (found version "3.10.12") found components: Interpreter 
[2.200s] -- Found rclcpp: 16.0.14 (/opt/ros/humble/share/rclcpp/cmake)
[2.319s] -- Found rosidl_generator_c: 3.1.7 (/opt/ros/humble/share/rosidl_generator_c/cmake)
[2.330s] -- Found rosidl_adapter: 3.1.7 (/opt/ros/humble/share/rosidl_adapter/cmake)
[2.352s] -- Found rosidl_generator_cpp: 3.1.7 (/opt/ros/humble/share/rosidl_generator_cpp/cmake)
[2.389s] -- Using all available rosidl_typesupport_c: rosidl_typesupport_fastrtps_c;rosidl_typesupport_introspection_c
[2.424s] -- Using all available rosidl_typesupport_cpp: rosidl_typesupport_fastrtps_cpp;rosidl_typesupport_introspection_cpp
[2.524s] -- Found rmw_implementation_cmake: 6.1.2 (/opt/ros/humble/share/rmw_implementation_cmake/cmake)
[2.534s] -- Found rmw_fastrtps_cpp: 6.2.8 (/opt/ros/humble/share/rmw_fastrtps_cpp/cmake)
[2.802s] -- Found OpenSSL: /usr/lib/x86_64-linux-gnu/libcrypto.so (found version "3.0.2")  
[2.888s] -- Found FastRTPS: /opt/ros/humble/include  
[3.024s] -- Using RMW implementation 'rmw_fastrtps_cpp' as default
[3.050s] -- Looking for pthread.h
[3.252s] -- Looking for pthread.h - found
[3.252s] -- Performing Test CMAKE_HAVE_LIBC_PTHREAD
[3.465s] -- Performing Test CMAKE_HAVE_LIBC_PTHREAD - Success
[3.469s] -- Found Threads: TRUE  
[3.660s] -- Found px4_ros2_cpp: 0.0.1 (/home/eldavo07/ThreatField2025/workspace/ros2_ws/install/px4_ros2_cpp/share/px4_ros2_cpp/cmake)
[3.724s] -- Found ament_lint_auto: 0.12.14 (/opt/ros/humble/share/ament_lint_auto/cmake)
[3.996s] -- Added test 'copyright' to check source files copyright and LICENSE
[4.001s] -- Added test 'cppcheck' to perform static code analysis on C / C++ code
[4.002s] -- Configured cppcheck include dirs: /home/eldavo07/ThreatField2025/workspace/ros2_ws/src/px4-ros2-interface-lib/examples/cpp/navigation/local_navigation/include
[4.002s] -- Configured cppcheck exclude dirs and/or files: 
[4.006s] -- Added test 'cpplint' to check C / C++ code against the Google style
[4.007s] -- Configured cpplint exclude dirs and/or files: 
[4.010s] -- Added test 'lint_cmake' to check CMake code style
[4.014s] -- Added test 'uncrustify' to check C / C++ code style
[4.015s] -- Configured uncrustify additional arguments: 
[4.017s] -- Added test 'xmllint' to check XML markup files
[4.023s] -- Configuring done
[4.054s] -- Generating done
[4.067s] -- Build files have been written to: /home/eldavo07/ThreatField2025/workspace/ros2_ws/build/example_local_navigation_cpp
[4.130s] Invoked command in '/home/eldavo07/ThreatField2025/workspace/ros2_ws/build/example_local_navigation_cpp' returned '0': AMENT_PREFIX_PATH=/home/eldavo07/ThreatField2025/workspace/ros2_ws/install/px4_ros2_cpp:/home/eldavo07/ThreatField2025/workspace/ros2_ws/install/px4_msgs:${AMENT_PREFIX_PATH} CMAKE_PREFIX_PATH=/home/eldavo07/ThreatField2025/workspace/ros2_ws/install/px4_ros2_cpp:/home/eldavo07/ThreatField2025/workspace/ros2_ws/install/px4_msgs:/home/eldavo07/ThreatField2025/workspace/ros2_ws/install/sensor_pubsub:/home/eldavo07/ThreatField2025/workspace/ros2_ws/install/px4_ros_com:/home/eldavo07/ThreatField2025/workspace/ros2_ws/install/example_mode_with_executor_cpp:/home/eldavo07/ThreatField2025/workspace/ros2_ws/install/example_mode_vtol_cpp:/home/eldavo07/ThreatField2025/workspace/ros2_ws/install/example_mode_rtl_replacement_cpp:/home/eldavo07/ThreatField2025/workspace/ros2_ws/install/example_mode_manual_cpp:/home/eldavo07/ThreatField2025/workspace/ros2_ws/install/example_mode_goto_global_cpp:/home/eldavo07/ThreatField2025/workspace/ros2_ws/install/example_mode_goto_cpp:/home/eldavo07/ThreatField2025/workspace/ros2_ws/install/example_mode_fw_attitude_cpp:/home/eldavo07/ThreatField2025/workspace/ros2_ws/install/example_local_navigation_cpp:/home/eldavo07/ThreatField2025/workspace/ros2_ws/install/example_global_navigation_cpp:/home/eldavo07/ThreatField2025/workspace/ros2_ws/install/example_executor_with_multiple_modes_cpp:/home/eldavo07/ThreatField2025/workspace/ros2_ws/install/draw_flight_mode:/home/eldavo07/ThreatField2025/workspace/ros2_ws/install/interface:/home/eldavo07/ThreatField2025/workspace/ros2_ws/install/py_sensor:/opt/ros/humble LD_LIBRARY_PATH=/home/eldavo07/ThreatField2025/workspace/ros2_ws/install/px4_ros2_cpp/lib:/home/eldavo07/ThreatField2025/workspace/ros2_ws/install/px4_msgs/lib:/home/eldavo07/ThreatField2025/workspace/ros2_ws/install/px4_ros_com/lib:/home/eldavo07/ThreatField2025/workspace/ros2_ws/install/interface/lib:/opt/ros/humble/opt/rviz_ogre_vendor/lib:/opt/ros/humble/lib/x86_64-linux-gnu:/opt/ros/humble/lib PYTHONPATH=/home/eldavo07/ThreatField2025/workspace/ros2_ws/install/px4_msgs/local/lib/python3.10/dist-packages:${PYTHONPATH} /usr/bin/cmake /home/eldavo07/ThreatField2025/workspace/ros2_ws/src/px4-ros2-interface-lib/examples/cpp/navigation/local_navigation -DCMAKE_INSTALL_PREFIX=/home/eldavo07/ThreatField2025/workspace/ros2_ws/install/example_local_navigation_cpp
[4.132s] Invoking command in '/home/eldavo07/ThreatField2025/workspace/ros2_ws/build/example_local_navigation_cpp': AMENT_PREFIX_PATH=/home/eldavo07/ThreatField2025/workspace/ros2_ws/install/px4_ros2_cpp:/home/eldavo07/ThreatField2025/workspace/ros2_ws/install/px4_msgs:${AMENT_PREFIX_PATH} CMAKE_PREFIX_PATH=/home/eldavo07/ThreatField2025/workspace/ros2_ws/install/px4_ros2_cpp:/home/eldavo07/ThreatField2025/workspace/ros2_ws/install/px4_msgs:/home/eldavo07/ThreatField2025/workspace/ros2_ws/install/sensor_pubsub:/home/eldavo07/ThreatField2025/workspace/ros2_ws/install/px4_ros_com:/home/eldavo07/ThreatField2025/workspace/ros2_ws/install/example_mode_with_executor_cpp:/home/eldavo07/ThreatField2025/workspace/ros2_ws/install/example_mode_vtol_cpp:/home/eldavo07/ThreatField2025/workspace/ros2_ws/install/example_mode_rtl_replacement_cpp:/home/eldavo07/ThreatField2025/workspace/ros2_ws/install/example_mode_manual_cpp:/home/eldavo07/ThreatField2025/workspace/ros2_ws/install/example_mode_goto_global_cpp:/home/eldavo07/ThreatField2025/workspace/ros2_ws/install/example_mode_goto_cpp:/home/eldavo07/ThreatField2025/workspace/ros2_ws/install/example_mode_fw_attitude_cpp:/home/eldavo07/ThreatField2025/workspace/ros2_ws/install/example_local_navigation_cpp:/home/eldavo07/ThreatField2025/workspace/ros2_ws/install/example_global_navigation_cpp:/home/eldavo07/ThreatField2025/workspace/ros2_ws/install/example_executor_with_multiple_modes_cpp:/home/eldavo07/ThreatField2025/workspace/ros2_ws/install/draw_flight_mode:/home/eldavo07/ThreatField2025/workspace/ros2_ws/install/interface:/home/eldavo07/ThreatField2025/workspace/ros2_ws/install/py_sensor:/opt/ros/humble LD_LIBRARY_PATH=/home/eldavo07/ThreatField2025/workspace/ros2_ws/install/px4_ros2_cpp/lib:/home/eldavo07/ThreatField2025/workspace/ros2_ws/install/px4_msgs/lib:/home/eldavo07/ThreatField2025/workspace/ros2_ws/install/px4_ros_com/lib:/home/eldavo07/ThreatField2025/workspace/ros2_ws/install/interface/lib:/opt/ros/humble/opt/rviz_ogre_vendor/lib:/opt/ros/humble/lib/x86_64-linux-gnu:/opt/ros/humble/lib PYTHONPATH=/home/eldavo07/ThreatField2025/workspace/ros2_ws/install/px4_msgs/local/lib/python3.10/dist-packages:${PYTHONPATH} /usr/bin/cmake --build /home/eldavo07/ThreatField2025/workspace/ros2_ws/build/example_local_navigation_cpp -- -j12 -l12
[4.234s] [ 50%] [32mBuilding CXX object CMakeFiles/example_local_navigation.dir/src/main.cpp.o[0m
[16.750s] [100%] [32m[1mLinking CXX executable example_local_navigation[0m
[18.876s] [100%] Built target example_local_navigation
[18.913s] Invoked command in '/home/eldavo07/ThreatField2025/workspace/ros2_ws/build/example_local_navigation_cpp' returned '0': AMENT_PREFIX_PATH=/home/eldavo07/ThreatField2025/workspace/ros2_ws/install/px4_ros2_cpp:/home/eldavo07/ThreatField2025/workspace/ros2_ws/install/px4_msgs:${AMENT_PREFIX_PATH} CMAKE_PREFIX_PATH=/home/eldavo07/ThreatField2025/workspace/ros2_ws/install/px4_ros2_cpp:/home/eldavo07/ThreatField2025/workspace/ros2_ws/install/px4_msgs:/home/eldavo07/ThreatField2025/workspace/ros2_ws/install/sensor_pubsub:/home/eldavo07/ThreatField2025/workspace/ros2_ws/install/px4_ros_com:/home/eldavo07/ThreatField2025/workspace/ros2_ws/install/example_mode_with_executor_cpp:/home/eldavo07/ThreatField2025/workspace/ros2_ws/install/example_mode_vtol_cpp:/home/eldavo07/ThreatField2025/workspace/ros2_ws/install/example_mode_rtl_replacement_cpp:/home/eldavo07/ThreatField2025/workspace/ros2_ws/install/example_mode_manual_cpp:/home/eldavo07/ThreatField2025/workspace/ros2_ws/install/example_mode_goto_global_cpp:/home/eldavo07/ThreatField2025/workspace/ros2_ws/install/example_mode_goto_cpp:/home/eldavo07/ThreatField2025/workspace/ros2_ws/install/example_mode_fw_attitude_cpp:/home/eldavo07/ThreatField2025/workspace/ros2_ws/install/example_local_navigation_cpp:/home/eldavo07/ThreatField2025/workspace/ros2_ws/install/example_global_navigation_cpp:/home/eldavo07/ThreatField2025/workspace/ros2_ws/install/example_executor_with_multiple_modes_cpp:/home/eldavo07/ThreatField2025/workspace/ros2_ws/install/draw_flight_mode:/home/eldavo07/ThreatField2025/workspace/ros2_ws/install/interface:/home/eldavo07/ThreatField2025/workspace/ros2_ws/install/py_sensor:/opt/ros/humble LD_LIBRARY_PATH=/home/eldavo07/ThreatField2025/workspace/ros2_ws/install/px4_ros2_cpp/lib:/home/eldavo07/ThreatField2025/workspace/ros2_ws/install/px4_msgs/lib:/home/eldavo07/ThreatField2025/workspace/ros2_ws/install/px4_ros_com/lib:/home/eldavo07/ThreatField2025/workspace/ros2_ws/install/interface/lib:/opt/ros/humble/opt/rviz_ogre_vendor/lib:/opt/ros/humble/lib/x86_64-linux-gnu:/opt/ros/humble/lib PYTHONPATH=/home/eldavo07/ThreatField2025/workspace/ros2_ws/install/px4_msgs/local/lib/python3.10/dist-packages:${PYTHONPATH} /usr/bin/cmake --build /home/eldavo07/ThreatField2025/workspace/ros2_ws/build/example_local_navigation_cpp -- -j12 -l12
[18.920s] Invoking command in '/home/eldavo07/ThreatField2025/workspace/ros2_ws/build/example_local_navigation_cpp': AMENT_PREFIX_PATH=/home/eldavo07/ThreatField2025/workspace/ros2_ws/install/px4_ros2_cpp:/home/eldavo07/ThreatField2025/workspace/ros2_ws/install/px4_msgs:${AMENT_PREFIX_PATH} CMAKE_PREFIX_PATH=/home/eldavo07/ThreatField2025/workspace/ros2_ws/install/px4_ros2_cpp:/home/eldavo07/ThreatField2025/workspace/ros2_ws/install/px4_msgs:/home/eldavo07/ThreatField2025/workspace/ros2_ws/install/sensor_pubsub:/home/eldavo07/ThreatField2025/workspace/ros2_ws/install/px4_ros_com:/home/eldavo07/ThreatField2025/workspace/ros2_ws/install/example_mode_with_executor_cpp:/home/eldavo07/ThreatField2025/workspace/ros2_ws/install/example_mode_vtol_cpp:/home/eldavo07/ThreatField2025/workspace/ros2_ws/install/example_mode_rtl_replacement_cpp:/home/eldavo07/ThreatField2025/workspace/ros2_ws/install/example_mode_manual_cpp:/home/eldavo07/ThreatField2025/workspace/ros2_ws/install/example_mode_goto_global_cpp:/home/eldavo07/ThreatField2025/workspace/ros2_ws/install/example_mode_goto_cpp:/home/eldavo07/ThreatField2025/workspace/ros2_ws/install/example_mode_fw_attitude_cpp:/home/eldavo07/ThreatField2025/workspace/ros2_ws/install/example_local_navigation_cpp:/home/eldavo07/ThreatField2025/workspace/ros2_ws/install/example_global_navigation_cpp:/home/eldavo07/ThreatField2025/workspace/ros2_ws/install/example_executor_with_multiple_modes_cpp:/home/eldavo07/ThreatField2025/workspace/ros2_ws/install/draw_flight_mode:/home/eldavo07/ThreatField2025/workspace/ros2_ws/install/interface:/home/eldavo07/ThreatField2025/workspace/ros2_ws/install/py_sensor:/opt/ros/humble LD_LIBRARY_PATH=/home/eldavo07/ThreatField2025/workspace/ros2_ws/install/px4_ros2_cpp/lib:/home/eldavo07/ThreatField2025/workspace/ros2_ws/install/px4_msgs/lib:/home/eldavo07/ThreatField2025/workspace/ros2_ws/install/px4_ros_com/lib:/home/eldavo07/ThreatField2025/workspace/ros2_ws/install/interface/lib:/opt/ros/humble/opt/rviz_ogre_vendor/lib:/opt/ros/humble/lib/x86_64-linux-gnu:/opt/ros/humble/lib PYTHONPATH=/home/eldavo07/ThreatField2025/workspace/ros2_ws/install/px4_msgs/local/lib/python3.10/dist-packages:${PYTHONPATH} /usr/bin/cmake --install /home/eldavo07/ThreatField2025/workspace/ros2_ws/build/example_local_navigation_cpp
[20.408s] -- Install configuration: ""
[20.408s] -- Installing: /home/eldavo07/ThreatField2025/workspace/ros2_ws/install/example_local_navigation_cpp/lib/example_local_navigation_cpp/example_local_navigation
[20.408s] -- Set runtime path of "/home/eldavo07/ThreatField2025/workspace/ros2_ws/install/example_local_navigation_cpp/lib/example_local_navigation_cpp/example_local_navigation" to ""
[20.408s] -- Installing: /home/eldavo07/ThreatField2025/workspace/ros2_ws/install/example_local_navigation_cpp/share/ament_index/resource_index/package_run_dependencies/example_local_navigation_cpp
[20.408s] -- Installing: /home/eldavo07/ThreatField2025/workspace/ros2_ws/install/example_local_navigation_cpp/share/ament_index/resource_index/parent_prefix_path/example_local_navigation_cpp
[20.409s] -- Installing: /home/eldavo07/ThreatField2025/workspace/ros2_ws/install/example_local_navigation_cpp/share/example_local_navigation_cpp/environment/ament_prefix_path.sh
[20.409s] -- Installing: /home/eldavo07/ThreatField2025/workspace/ros2_ws/install/example_local_navigation_cpp/share/example_local_navigation_cpp/environment/ament_prefix_path.dsv
[20.409s] -- Installing: /home/eldavo07/ThreatField2025/workspace/ros2_ws/install/example_local_navigation_cpp/share/example_local_navigation_cpp/environment/path.sh
[20.409s] -- Installing: /home/eldavo07/ThreatField2025/workspace/ros2_ws/install/example_local_navigation_cpp/share/example_local_navigation_cpp/environment/path.dsv
[20.410s] -- Installing: /home/eldavo07/ThreatField2025/workspace/ros2_ws/install/example_local_navigation_cpp/share/example_local_navigation_cpp/local_setup.bash
[20.410s] -- Installing: /home/eldavo07/ThreatField2025/workspace/ros2_ws/install/example_local_navigation_cpp/share/example_local_navigation_cpp/local_setup.sh
[20.417s] -- Installing: /home/eldavo07/ThreatField2025/workspace/ros2_ws/install/example_local_navigation_cpp/share/example_local_navigation_cpp/local_setup.zsh
[20.417s] -- Installing: /home/eldavo07/ThreatField2025/workspace/ros2_ws/install/example_local_navigation_cpp/share/example_local_navigation_cpp/local_setup.dsv
[20.417s] -- Installing: /home/eldavo07/ThreatField2025/workspace/ros2_ws/install/example_local_navigation_cpp/share/example_local_navigation_cpp/package.dsv
[20.417s] -- Installing: /home/eldavo07/ThreatField2025/workspace/ros2_ws/install/example_local_navigation_cpp/share/ament_index/resource_index/packages/example_local_navigation_cpp
[20.417s] -- Installing: /home/eldavo07/ThreatField2025/workspace/ros2_ws/install/example_local_navigation_cpp/share/example_local_navigation_cpp/cmake/example_local_navigation_cppConfig.cmake
[20.417s] -- Installing: /home/eldavo07/ThreatField2025/workspace/ros2_ws/install/example_local_navigation_cpp/share/example_local_navigation_cpp/cmake/example_local_navigation_cppConfig-version.cmake
[20.418s] -- Installing: /home/eldavo07/ThreatField2025/workspace/ros2_ws/install/example_local_navigation_cpp/share/example_local_navigation_cpp/package.xml
[20.504s] Invoked command in '/home/eldavo07/ThreatField2025/workspace/ros2_ws/build/example_local_navigation_cpp' returned '0': AMENT_PREFIX_PATH=/home/eldavo07/ThreatField2025/workspace/ros2_ws/install/px4_ros2_cpp:/home/eldavo07/ThreatField2025/workspace/ros2_ws/install/px4_msgs:${AMENT_PREFIX_PATH} CMAKE_PREFIX_PATH=/home/eldavo07/ThreatField2025/workspace/ros2_ws/install/px4_ros2_cpp:/home/eldavo07/ThreatField2025/workspace/ros2_ws/install/px4_msgs:/home/eldavo07/ThreatField2025/workspace/ros2_ws/install/sensor_pubsub:/home/eldavo07/ThreatField2025/workspace/ros2_ws/install/px4_ros_com:/home/eldavo07/ThreatField2025/workspace/ros2_ws/install/example_mode_with_executor_cpp:/home/eldavo07/ThreatField2025/workspace/ros2_ws/install/example_mode_vtol_cpp:/home/eldavo07/ThreatField2025/workspace/ros2_ws/install/example_mode_rtl_replacement_cpp:/home/eldavo07/ThreatField2025/workspace/ros2_ws/install/example_mode_manual_cpp:/home/eldavo07/ThreatField2025/workspace/ros2_ws/install/example_mode_goto_global_cpp:/home/eldavo07/ThreatField2025/workspace/ros2_ws/install/example_mode_goto_cpp:/home/eldavo07/ThreatField2025/workspace/ros2_ws/install/example_mode_fw_attitude_cpp:/home/eldavo07/ThreatField2025/workspace/ros2_ws/install/example_local_navigation_cpp:/home/eldavo07/ThreatField2025/workspace/ros2_ws/install/example_global_navigation_cpp:/home/eldavo07/ThreatField2025/workspace/ros2_ws/install/example_executor_with_multiple_modes_cpp:/home/eldavo07/ThreatField2025/workspace/ros2_ws/install/draw_flight_mode:/home/eldavo07/ThreatField2025/workspace/ros2_ws/install/interface:/home/eldavo07/ThreatField2025/workspace/ros2_ws/install/py_sensor:/opt/ros/humble LD_LIBRARY_PATH=/home/eldavo07/ThreatField2025/workspace/ros2_ws/install/px4_ros2_cpp/lib:/home/eldavo07/ThreatField2025/workspace/ros2_ws/install/px4_msgs/lib:/home/eldavo07/ThreatField2025/workspace/ros2_ws/install/px4_ros_com/lib:/home/eldavo07/ThreatField2025/workspace/ros2_ws/install/interface/lib:/opt/ros/humble/opt/rviz_ogre_vendor/lib:/opt/ros/humble/lib/x86_64-linux-gnu:/opt/ros/humble/lib PYTHONPATH=/home/eldavo07/ThreatField2025/workspace/ros2_ws/install/px4_msgs/local/lib/python3.10/dist-packages:${PYTHONPATH} /usr/bin/cmake --install /home/eldavo07/ThreatField2025/workspace/ros2_ws/build/example_local_navigation_cpp
