[0.017s] Invoking command in '/home/eldavo07/ThreatField2025/workspace/ros2_ws/build/interface': CMAKE_PREFIX_PATH=${CMAKE_PREFIX_PATH}:/home/eldavo07/ThreatField2025/workspace/ros2_ws/install/py_sensor:/opt/ros/humble /usr/bin/cmake --build /home/eldavo07/ThreatField2025/workspace/ros2_ws/build/interface -- -j12 -l12
[0.076s] [  2%] Built target interface__cpp
[0.077s] [ 12%] Built target interface__rosidl_generator_c
[0.089s] [ 12%] Built target ament_cmake_python_copy_interface
[0.113s] [ 23%] Built target interface__rosidl_typesupport_introspection_cpp
[0.113s] [ 33%] Built target interface__rosidl_typesupport_fastrtps_cpp
[0.116s] [ 43%] Built target interface__rosidl_typesupport_cpp
[0.125s] [ 53%] Built target interface__rosidl_typesupport_introspection_c
[0.130s] [ 64%] Built target interface__rosidl_typesupport_c
[0.134s] [ 74%] Built target interface__rosidl_typesupport_fastrtps_c
[0.163s] [ 74%] Built target interface
[0.194s] [ 76%] Built target interface__py
[0.229s] [ 84%] Built target interface__rosidl_generator_py
[0.262s] [ 94%] Built target interface__rosidl_typesupport_introspection_c__pyext
[0.262s] [ 94%] Built target interface__rosidl_typesupport_fastrtps_c__pyext
[0.262s] [100%] Built target interface__rosidl_typesupport_c__pyext
[0.435s] running egg_info
[0.461s] writing interface.egg-info/PKG-INFO
[0.462s] writing dependency_links to interface.egg-info/dependency_links.txt
[0.462s] writing top-level names to interface.egg-info/top_level.txt
[0.538s] reading manifest file 'interface.egg-info/SOURCES.txt'
[0.539s] writing manifest file 'interface.egg-info/SOURCES.txt'
[0.576s] [100%] Built target ament_cmake_python_build_interface_egg
[0.593s] Invoked command in '/home/eldavo07/ThreatField2025/workspace/ros2_ws/build/interface' returned '0': CMAKE_PREFIX_PATH=${CMAKE_PREFIX_PATH}:/home/eldavo07/ThreatField2025/workspace/ros2_ws/install/py_sensor:/opt/ros/humble /usr/bin/cmake --build /home/eldavo07/ThreatField2025/workspace/ros2_ws/build/interface -- -j12 -l12
[0.606s] Invoking command in '/home/eldavo07/ThreatField2025/workspace/ros2_ws/build/interface': CMAKE_PREFIX_PATH=${CMAKE_PREFIX_PATH}:/home/eldavo07/ThreatField2025/workspace/ros2_ws/install/py_sensor:/opt/ros/humble /usr/bin/cmake --install /home/eldavo07/ThreatField2025/workspace/ros2_ws/build/interface
[0.617s] -- Install configuration: ""
[0.618s] -- Up-to-date: /home/eldavo07/ThreatField2025/workspace/ros2_ws/install/interface/share/ament_index/resource_index/rosidl_interfaces/interface
[0.618s] -- Up-to-date: /home/eldavo07/ThreatField2025/workspace/ros2_ws/install/interface/include/interface/interface
[0.618s] -- Up-to-date: /home/eldavo07/ThreatField2025/workspace/ros2_ws/install/interface/include/interface/interface/msg
[0.618s] -- Up-to-date: /home/eldavo07/ThreatField2025/workspace/ros2_ws/install/interface/include/interface/interface/msg/rosidl_generator_c__visibility_control.h
[0.618s] -- Up-to-date: /home/eldavo07/ThreatField2025/workspace/ros2_ws/install/interface/include/interface/interface/msg/state.h
[0.619s] -- Up-to-date: /home/eldavo07/ThreatField2025/workspace/ros2_ws/install/interface/include/interface/interface/msg/sensor.h
[0.619s] -- Up-to-date: /home/eldavo07/ThreatField2025/workspace/ros2_ws/install/interface/include/interface/interface/msg/detail
[0.619s] -- Up-to-date: /home/eldavo07/ThreatField2025/workspace/ros2_ws/install/interface/include/interface/interface/msg/detail/sensor__functions.h
[0.619s] -- Up-to-date: /home/eldavo07/ThreatField2025/workspace/ros2_ws/install/interface/include/interface/interface/msg/detail/sensor__struct.h
[0.619s] -- Up-to-date: /home/eldavo07/ThreatField2025/workspace/ros2_ws/install/interface/include/interface/interface/msg/detail/state__functions.h
[0.619s] -- Up-to-date: /home/eldavo07/ThreatField2025/workspace/ros2_ws/install/interface/include/interface/interface/msg/detail/sensor__type_support.h
[0.619s] -- Up-to-date: /home/eldavo07/ThreatField2025/workspace/ros2_ws/install/interface/include/interface/interface/msg/detail/sensor__functions.c
[0.619s] -- Up-to-date: /home/eldavo07/ThreatField2025/workspace/ros2_ws/install/interface/include/interface/interface/msg/detail/state__functions.c
[0.619s] -- Up-to-date: /home/eldavo07/ThreatField2025/workspace/ros2_ws/install/interface/include/interface/interface/msg/detail/state__type_support.h
[0.619s] -- Up-to-date: /home/eldavo07/ThreatField2025/workspace/ros2_ws/install/interface/include/interface/interface/msg/detail/state__struct.h
[0.620s] -- Up-to-date: /home/eldavo07/ThreatField2025/workspace/ros2_ws/install/interface/share/interface/environment/library_path.sh
[0.620s] -- Up-to-date: /home/eldavo07/ThreatField2025/workspace/ros2_ws/install/interface/share/interface/environment/library_path.dsv
[0.620s] -- Up-to-date: /home/eldavo07/ThreatField2025/workspace/ros2_ws/install/interface/lib/libinterface__rosidl_generator_c.so
[0.620s] -- Up-to-date: /home/eldavo07/ThreatField2025/workspace/ros2_ws/install/interface/include/interface/interface
[0.620s] -- Up-to-date: /home/eldavo07/ThreatField2025/workspace/ros2_ws/install/interface/include/interface/interface/msg
[0.620s] -- Up-to-date: /home/eldavo07/ThreatField2025/workspace/ros2_ws/install/interface/include/interface/interface/msg/rosidl_typesupport_fastrtps_c__visibility_control.h
[0.620s] -- Up-to-date: /home/eldavo07/ThreatField2025/workspace/ros2_ws/install/interface/include/interface/interface/msg/detail
[0.620s] -- Up-to-date: /home/eldavo07/ThreatField2025/workspace/ros2_ws/install/interface/include/interface/interface/msg/detail/state__rosidl_typesupport_fastrtps_c.h
[0.620s] -- Up-to-date: /home/eldavo07/ThreatField2025/workspace/ros2_ws/install/interface/include/interface/interface/msg/detail/sensor__rosidl_typesupport_fastrtps_c.h
[0.621s] -- Up-to-date: /home/eldavo07/ThreatField2025/workspace/ros2_ws/install/interface/lib/libinterface__rosidl_typesupport_fastrtps_c.so
[0.621s] -- Up-to-date: /home/eldavo07/ThreatField2025/workspace/ros2_ws/install/interface/include/interface/interface
[0.621s] -- Up-to-date: /home/eldavo07/ThreatField2025/workspace/ros2_ws/install/interface/include/interface/interface/msg
[0.621s] -- Up-to-date: /home/eldavo07/ThreatField2025/workspace/ros2_ws/install/interface/include/interface/interface/msg/rosidl_generator_cpp__visibility_control.hpp
[0.621s] -- Up-to-date: /home/eldavo07/ThreatField2025/workspace/ros2_ws/install/interface/include/interface/interface/msg/sensor.hpp
[0.621s] -- Up-to-date: /home/eldavo07/ThreatField2025/workspace/ros2_ws/install/interface/include/interface/interface/msg/state.hpp
[0.621s] -- Up-to-date: /home/eldavo07/ThreatField2025/workspace/ros2_ws/install/interface/include/interface/interface/msg/detail
[0.621s] -- Up-to-date: /home/eldavo07/ThreatField2025/workspace/ros2_ws/install/interface/include/interface/interface/msg/detail/sensor__struct.hpp
[0.621s] -- Up-to-date: /home/eldavo07/ThreatField2025/workspace/ros2_ws/install/interface/include/interface/interface/msg/detail/state__type_support.hpp
[0.621s] -- Up-to-date: /home/eldavo07/ThreatField2025/workspace/ros2_ws/install/interface/include/interface/interface/msg/detail/state__traits.hpp
[0.621s] -- Up-to-date: /home/eldavo07/ThreatField2025/workspace/ros2_ws/install/interface/include/interface/interface/msg/detail/sensor__type_support.hpp
[0.622s] -- Up-to-date: /home/eldavo07/ThreatField2025/workspace/ros2_ws/install/interface/include/interface/interface/msg/detail/sensor__builder.hpp
[0.622s] -- Up-to-date: /home/eldavo07/ThreatField2025/workspace/ros2_ws/install/interface/include/interface/interface/msg/detail/sensor__traits.hpp
[0.622s] -- Up-to-date: /home/eldavo07/ThreatField2025/workspace/ros2_ws/install/interface/include/interface/interface/msg/detail/state__struct.hpp
[0.622s] -- Up-to-date: /home/eldavo07/ThreatField2025/workspace/ros2_ws/install/interface/include/interface/interface/msg/detail/state__builder.hpp
[0.622s] -- Up-to-date: /home/eldavo07/ThreatField2025/workspace/ros2_ws/install/interface/include/interface/interface
[0.622s] -- Up-to-date: /home/eldavo07/ThreatField2025/workspace/ros2_ws/install/interface/include/interface/interface/msg
[0.622s] -- Up-to-date: /home/eldavo07/ThreatField2025/workspace/ros2_ws/install/interface/include/interface/interface/msg/rosidl_typesupport_fastrtps_cpp__visibility_control.h
[0.622s] -- Up-to-date: /home/eldavo07/ThreatField2025/workspace/ros2_ws/install/interface/include/interface/interface/msg/detail
[0.622s] -- Up-to-date: /home/eldavo07/ThreatField2025/workspace/ros2_ws/install/interface/include/interface/interface/msg/detail/state__rosidl_typesupport_fastrtps_cpp.hpp
[0.622s] -- Up-to-date: /home/eldavo07/ThreatField2025/workspace/ros2_ws/install/interface/include/interface/interface/msg/detail/sensor__rosidl_typesupport_fastrtps_cpp.hpp
[0.623s] -- Up-to-date: /home/eldavo07/ThreatField2025/workspace/ros2_ws/install/interface/include/interface/interface/msg/detail/dds_fastrtps
[0.623s] -- Up-to-date: /home/eldavo07/ThreatField2025/workspace/ros2_ws/install/interface/lib/libinterface__rosidl_typesupport_fastrtps_cpp.so
[0.623s] -- Up-to-date: /home/eldavo07/ThreatField2025/workspace/ros2_ws/install/interface/include/interface/interface
[0.623s] -- Up-to-date: /home/eldavo07/ThreatField2025/workspace/ros2_ws/install/interface/include/interface/interface/msg
[0.623s] -- Up-to-date: /home/eldavo07/ThreatField2025/workspace/ros2_ws/install/interface/include/interface/interface/msg/detail
[0.623s] -- Up-to-date: /home/eldavo07/ThreatField2025/workspace/ros2_ws/install/interface/include/interface/interface/msg/detail/sensor__type_support.c
[0.623s] -- Up-to-date: /home/eldavo07/ThreatField2025/workspace/ros2_ws/install/interface/include/interface/interface/msg/detail/state__rosidl_typesupport_introspection_c.h
[0.623s] -- Up-to-date: /home/eldavo07/ThreatField2025/workspace/ros2_ws/install/interface/include/interface/interface/msg/detail/state__type_support.c
[0.623s] -- Up-to-date: /home/eldavo07/ThreatField2025/workspace/ros2_ws/install/interface/include/interface/interface/msg/detail/sensor__rosidl_typesupport_introspection_c.h
[0.623s] -- Up-to-date: /home/eldavo07/ThreatField2025/workspace/ros2_ws/install/interface/include/interface/interface/msg/rosidl_typesupport_introspection_c__visibility_control.h
[0.624s] -- Up-to-date: /home/eldavo07/ThreatField2025/workspace/ros2_ws/install/interface/lib/libinterface__rosidl_typesupport_introspection_c.so
[0.624s] -- Up-to-date: /home/eldavo07/ThreatField2025/workspace/ros2_ws/install/interface/lib/libinterface__rosidl_typesupport_c.so
[0.624s] -- Up-to-date: /home/eldavo07/ThreatField2025/workspace/ros2_ws/install/interface/include/interface/interface
[0.624s] -- Up-to-date: /home/eldavo07/ThreatField2025/workspace/ros2_ws/install/interface/include/interface/interface/msg
[0.624s] -- Up-to-date: /home/eldavo07/ThreatField2025/workspace/ros2_ws/install/interface/include/interface/interface/msg/detail
[0.624s] -- Up-to-date: /home/eldavo07/ThreatField2025/workspace/ros2_ws/install/interface/include/interface/interface/msg/detail/state__type_support.cpp
[0.624s] -- Up-to-date: /home/eldavo07/ThreatField2025/workspace/ros2_ws/install/interface/include/interface/interface/msg/detail/state__rosidl_typesupport_introspection_cpp.hpp
[0.624s] -- Up-to-date: /home/eldavo07/ThreatField2025/workspace/ros2_ws/install/interface/include/interface/interface/msg/detail/sensor__type_support.cpp
[0.624s] -- Up-to-date: /home/eldavo07/ThreatField2025/workspace/ros2_ws/install/interface/include/interface/interface/msg/detail/sensor__rosidl_typesupport_introspection_cpp.hpp
[0.625s] -- Up-to-date: /home/eldavo07/ThreatField2025/workspace/ros2_ws/install/interface/lib/libinterface__rosidl_typesupport_introspection_cpp.so
[0.625s] -- Up-to-date: /home/eldavo07/ThreatField2025/workspace/ros2_ws/install/interface/lib/libinterface__rosidl_typesupport_cpp.so
[0.625s] -- Up-to-date: /home/eldavo07/ThreatField2025/workspace/ros2_ws/install/interface/share/interface/environment/pythonpath.sh
[0.626s] -- Up-to-date: /home/eldavo07/ThreatField2025/workspace/ros2_ws/install/interface/share/interface/environment/pythonpath.dsv
[0.626s] -- Up-to-date: /home/eldavo07/ThreatField2025/workspace/ros2_ws/install/interface/local/lib/python3.10/dist-packages/interface-0.0.0-py3.10.egg-info
[0.626s] -- Installing: /home/eldavo07/ThreatField2025/workspace/ros2_ws/install/interface/local/lib/python3.10/dist-packages/interface-0.0.0-py3.10.egg-info/top_level.txt
[0.626s] -- Installing: /home/eldavo07/ThreatField2025/workspace/ros2_ws/install/interface/local/lib/python3.10/dist-packages/interface-0.0.0-py3.10.egg-info/dependency_links.txt
[0.626s] -- Installing: /home/eldavo07/ThreatField2025/workspace/ros2_ws/install/interface/local/lib/python3.10/dist-packages/interface-0.0.0-py3.10.egg-info/SOURCES.txt
[0.626s] -- Installing: /home/eldavo07/ThreatField2025/workspace/ros2_ws/install/interface/local/lib/python3.10/dist-packages/interface-0.0.0-py3.10.egg-info/PKG-INFO
[0.626s] -- Up-to-date: /home/eldavo07/ThreatField2025/workspace/ros2_ws/install/interface/local/lib/python3.10/dist-packages/interface
[0.627s] -- Up-to-date: /home/eldavo07/ThreatField2025/workspace/ros2_ws/install/interface/local/lib/python3.10/dist-packages/interface/interface_s__rosidl_typesupport_introspection_c.cpython-310-x86_64-linux-gnu.so
[0.627s] -- Up-to-date: /home/eldavo07/ThreatField2025/workspace/ros2_ws/install/interface/local/lib/python3.10/dist-packages/interface/_interface_s.ep.rosidl_typesupport_c.c
[0.627s] -- Up-to-date: /home/eldavo07/ThreatField2025/workspace/ros2_ws/install/interface/local/lib/python3.10/dist-packages/interface/interface_s__rosidl_typesupport_fastrtps_c.cpython-310-x86_64-linux-gnu.so
[0.628s] -- Up-to-date: /home/eldavo07/ThreatField2025/workspace/ros2_ws/install/interface/local/lib/python3.10/dist-packages/interface/libinterface__rosidl_generator_py.so
[0.628s] -- Up-to-date: /home/eldavo07/ThreatField2025/workspace/ros2_ws/install/interface/local/lib/python3.10/dist-packages/interface/interface_s__rosidl_typesupport_c.cpython-310-x86_64-linux-gnu.so
[0.628s] -- Up-to-date: /home/eldavo07/ThreatField2025/workspace/ros2_ws/install/interface/local/lib/python3.10/dist-packages/interface/_interface_s.ep.rosidl_typesupport_fastrtps_c.c
[0.628s] -- Up-to-date: /home/eldavo07/ThreatField2025/workspace/ros2_ws/install/interface/local/lib/python3.10/dist-packages/interface/__init__.py
[0.628s] -- Up-to-date: /home/eldavo07/ThreatField2025/workspace/ros2_ws/install/interface/local/lib/python3.10/dist-packages/interface/_interface_s.ep.rosidl_typesupport_introspection_c.c
[0.628s] -- Up-to-date: /home/eldavo07/ThreatField2025/workspace/ros2_ws/install/interface/local/lib/python3.10/dist-packages/interface/msg
[0.629s] -- Up-to-date: /home/eldavo07/ThreatField2025/workspace/ros2_ws/install/interface/local/lib/python3.10/dist-packages/interface/msg/_state_s.c
[0.629s] -- Up-to-date: /home/eldavo07/ThreatField2025/workspace/ros2_ws/install/interface/local/lib/python3.10/dist-packages/interface/msg/_sensor.py
[0.629s] -- Up-to-date: /home/eldavo07/ThreatField2025/workspace/ros2_ws/install/interface/local/lib/python3.10/dist-packages/interface/msg/_state.py
[0.629s] -- Up-to-date: /home/eldavo07/ThreatField2025/workspace/ros2_ws/install/interface/local/lib/python3.10/dist-packages/interface/msg/__init__.py
[0.629s] -- Up-to-date: /home/eldavo07/ThreatField2025/workspace/ros2_ws/install/interface/local/lib/python3.10/dist-packages/interface/msg/_sensor_s.c
[0.676s] Listing '/home/eldavo07/ThreatField2025/workspace/ros2_ws/install/interface/local/lib/python3.10/dist-packages/interface'...
[0.676s] Listing '/home/eldavo07/ThreatField2025/workspace/ros2_ws/install/interface/local/lib/python3.10/dist-packages/interface/msg'...
[0.683s] -- Up-to-date: /home/eldavo07/ThreatField2025/workspace/ros2_ws/install/interface/local/lib/python3.10/dist-packages/interface/interface_s__rosidl_typesupport_fastrtps_c.cpython-310-x86_64-linux-gnu.so
[0.683s] -- Up-to-date: /home/eldavo07/ThreatField2025/workspace/ros2_ws/install/interface/local/lib/python3.10/dist-packages/interface/interface_s__rosidl_typesupport_introspection_c.cpython-310-x86_64-linux-gnu.so
[0.684s] -- Up-to-date: /home/eldavo07/ThreatField2025/workspace/ros2_ws/install/interface/local/lib/python3.10/dist-packages/interface/interface_s__rosidl_typesupport_c.cpython-310-x86_64-linux-gnu.so
[0.684s] -- Up-to-date: /home/eldavo07/ThreatField2025/workspace/ros2_ws/install/interface/lib/libinterface__rosidl_generator_py.so
[0.685s] -- Up-to-date: /home/eldavo07/ThreatField2025/workspace/ros2_ws/install/interface/share/interface/msg/Sensor.idl
[0.685s] -- Up-to-date: /home/eldavo07/ThreatField2025/workspace/ros2_ws/install/interface/share/interface/msg/State.idl
[0.685s] -- Up-to-date: /home/eldavo07/ThreatField2025/workspace/ros2_ws/install/interface/share/interface/msg/Sensor.msg
[0.685s] -- Up-to-date: /home/eldavo07/ThreatField2025/workspace/ros2_ws/install/interface/share/interface/msg/State.msg
[0.685s] -- Up-to-date: /home/eldavo07/ThreatField2025/workspace/ros2_ws/install/interface/share/ament_index/resource_index/package_run_dependencies/interface
[0.686s] -- Up-to-date: /home/eldavo07/ThreatField2025/workspace/ros2_ws/install/interface/share/ament_index/resource_index/parent_prefix_path/interface
[0.686s] -- Up-to-date: /home/eldavo07/ThreatField2025/workspace/ros2_ws/install/interface/share/interface/environment/ament_prefix_path.sh
[0.686s] -- Up-to-date: /home/eldavo07/ThreatField2025/workspace/ros2_ws/install/interface/share/interface/environment/ament_prefix_path.dsv
[0.686s] -- Up-to-date: /home/eldavo07/ThreatField2025/workspace/ros2_ws/install/interface/share/interface/environment/path.sh
[0.687s] -- Up-to-date: /home/eldavo07/ThreatField2025/workspace/ros2_ws/install/interface/share/interface/environment/path.dsv
[0.687s] -- Up-to-date: /home/eldavo07/ThreatField2025/workspace/ros2_ws/install/interface/share/interface/local_setup.bash
[0.687s] -- Up-to-date: /home/eldavo07/ThreatField2025/workspace/ros2_ws/install/interface/share/interface/local_setup.sh
[0.687s] -- Up-to-date: /home/eldavo07/ThreatField2025/workspace/ros2_ws/install/interface/share/interface/local_setup.zsh
[0.688s] -- Up-to-date: /home/eldavo07/ThreatField2025/workspace/ros2_ws/install/interface/share/interface/local_setup.dsv
[0.688s] -- Installing: /home/eldavo07/ThreatField2025/workspace/ros2_ws/install/interface/share/interface/package.dsv
[0.688s] -- Up-to-date: /home/eldavo07/ThreatField2025/workspace/ros2_ws/install/interface/share/ament_index/resource_index/packages/interface
[0.688s] -- Up-to-date: /home/eldavo07/ThreatField2025/workspace/ros2_ws/install/interface/share/interface/cmake/export_interface__rosidl_generator_cExport.cmake
[0.688s] -- Up-to-date: /home/eldavo07/ThreatField2025/workspace/ros2_ws/install/interface/share/interface/cmake/export_interface__rosidl_generator_cExport-noconfig.cmake
[0.689s] -- Up-to-date: /home/eldavo07/ThreatField2025/workspace/ros2_ws/install/interface/share/interface/cmake/export_interface__rosidl_typesupport_fastrtps_cExport.cmake
[0.689s] -- Up-to-date: /home/eldavo07/ThreatField2025/workspace/ros2_ws/install/interface/share/interface/cmake/export_interface__rosidl_typesupport_fastrtps_cExport-noconfig.cmake
[0.689s] -- Up-to-date: /home/eldavo07/ThreatField2025/workspace/ros2_ws/install/interface/share/interface/cmake/export_interface__rosidl_generator_cppExport.cmake
[0.689s] -- Up-to-date: /home/eldavo07/ThreatField2025/workspace/ros2_ws/install/interface/share/interface/cmake/export_interface__rosidl_typesupport_fastrtps_cppExport.cmake
[0.689s] -- Up-to-date: /home/eldavo07/ThreatField2025/workspace/ros2_ws/install/interface/share/interface/cmake/export_interface__rosidl_typesupport_fastrtps_cppExport-noconfig.cmake
[0.689s] -- Up-to-date: /home/eldavo07/ThreatField2025/workspace/ros2_ws/install/interface/share/interface/cmake/interface__rosidl_typesupport_introspection_cExport.cmake
[0.689s] -- Up-to-date: /home/eldavo07/ThreatField2025/workspace/ros2_ws/install/interface/share/interface/cmake/interface__rosidl_typesupport_introspection_cExport-noconfig.cmake
[0.690s] -- Up-to-date: /home/eldavo07/ThreatField2025/workspace/ros2_ws/install/interface/share/interface/cmake/interface__rosidl_typesupport_cExport.cmake
[0.690s] -- Up-to-date: /home/eldavo07/ThreatField2025/workspace/ros2_ws/install/interface/share/interface/cmake/interface__rosidl_typesupport_cExport-noconfig.cmake
[0.690s] -- Up-to-date: /home/eldavo07/ThreatField2025/workspace/ros2_ws/install/interface/share/interface/cmake/interface__rosidl_typesupport_introspection_cppExport.cmake
[0.690s] -- Up-to-date: /home/eldavo07/ThreatField2025/workspace/ros2_ws/install/interface/share/interface/cmake/interface__rosidl_typesupport_introspection_cppExport-noconfig.cmake
[0.690s] -- Up-to-date: /home/eldavo07/ThreatField2025/workspace/ros2_ws/install/interface/share/interface/cmake/interface__rosidl_typesupport_cppExport.cmake
[0.690s] -- Up-to-date: /home/eldavo07/ThreatField2025/workspace/ros2_ws/install/interface/share/interface/cmake/interface__rosidl_typesupport_cppExport-noconfig.cmake
[0.690s] -- Up-to-date: /home/eldavo07/ThreatField2025/workspace/ros2_ws/install/interface/share/interface/cmake/export_interface__rosidl_generator_pyExport.cmake
[0.691s] -- Up-to-date: /home/eldavo07/ThreatField2025/workspace/ros2_ws/install/interface/share/interface/cmake/export_interface__rosidl_generator_pyExport-noconfig.cmake
[0.691s] -- Up-to-date: /home/eldavo07/ThreatField2025/workspace/ros2_ws/install/interface/share/interface/cmake/rosidl_cmake-extras.cmake
[0.691s] -- Up-to-date: /home/eldavo07/ThreatField2025/workspace/ros2_ws/install/interface/share/interface/cmake/ament_cmake_export_include_directories-extras.cmake
[0.691s] -- Up-to-date: /home/eldavo07/ThreatField2025/workspace/ros2_ws/install/interface/share/interface/cmake/ament_cmake_export_libraries-extras.cmake
[0.691s] -- Up-to-date: /home/eldavo07/ThreatField2025/workspace/ros2_ws/install/interface/share/interface/cmake/ament_cmake_export_targets-extras.cmake
[0.692s] -- Up-to-date: /home/eldavo07/ThreatField2025/workspace/ros2_ws/install/interface/share/interface/cmake/rosidl_cmake_export_typesupport_targets-extras.cmake
[0.692s] -- Up-to-date: /home/eldavo07/ThreatField2025/workspace/ros2_ws/install/interface/share/interface/cmake/ament_cmake_export_dependencies-extras.cmake
[0.692s] -- Up-to-date: /home/eldavo07/ThreatField2025/workspace/ros2_ws/install/interface/share/interface/cmake/rosidl_cmake_export_typesupport_libraries-extras.cmake
[0.693s] -- Up-to-date: /home/eldavo07/ThreatField2025/workspace/ros2_ws/install/interface/share/interface/cmake/interfaceConfig.cmake
[0.693s] -- Up-to-date: /home/eldavo07/ThreatField2025/workspace/ros2_ws/install/interface/share/interface/cmake/interfaceConfig-version.cmake
[0.693s] -- Up-to-date: /home/eldavo07/ThreatField2025/workspace/ros2_ws/install/interface/share/interface/package.xml
[0.693s] Invoked command in '/home/eldavo07/ThreatField2025/workspace/ros2_ws/build/interface' returned '0': CMAKE_PREFIX_PATH=${CMAKE_PREFIX_PATH}:/home/eldavo07/ThreatField2025/workspace/ros2_ws/install/py_sensor:/opt/ros/humble /usr/bin/cmake --install /home/eldavo07/ThreatField2025/workspace/ros2_ws/build/interface
