[0.437s] Invoking command in '/home/avmi-lab-user/ThreatField2025/workspace/ros2_ws/src/py_sensor': PYTHONPATH=/home/avmi-lab-user/ThreatField2025/workspace/ros2_ws/build/py_sensor/prefix_override:/usr/lib/python3/dist-packages/colcon_core/task/python/colcon_distutils_commands:/home/avmi-lab-user/ThreatField2025/workspace/ros2_ws/install/py_sensor/lib/python3.10/site-packages:${PYTHONPATH} /usr/bin/python3 -W ignore:setup.py install is deprecated -W ignore:easy_install command is deprecated setup.py egg_info --egg-base ../../build/py_sensor build --build-base /home/avmi-lab-user/ThreatField2025/workspace/ros2_ws/build/py_sensor/build install --record /home/avmi-lab-user/ThreatField2025/workspace/ros2_ws/build/py_sensor/install.log --single-version-externally-managed install_data
[0.545s] /home/avmi-lab-user/.local/lib/python3.10/site-packages/setuptools/_distutils/dist.py:289: UserWarning: Unknown distribution option: 'tests_require'
[0.545s]   warnings.warn(msg)
[0.606s] running egg_info
[0.615s] writing ../../build/py_sensor/py_sensor.egg-info/PKG-INFO
[0.616s] writing dependency_links to ../../build/py_sensor/py_sensor.egg-info/dependency_links.txt
[0.616s] writing entry points to ../../build/py_sensor/py_sensor.egg-info/entry_points.txt
[0.616s] writing requirements to ../../build/py_sensor/py_sensor.egg-info/requires.txt
[0.616s] writing top-level names to ../../build/py_sensor/py_sensor.egg-info/top_level.txt
[0.638s] reading manifest file '../../build/py_sensor/py_sensor.egg-info/SOURCES.txt'
[0.638s] adding license file 'LICENSE'
[0.639s] writing manifest file '../../build/py_sensor/py_sensor.egg-info/SOURCES.txt'
[0.639s] running build
[0.639s] running build_py
[0.639s] copying py_sensor/__init__.py -> /home/avmi-lab-user/ThreatField2025/workspace/ros2_ws/build/py_sensor/build/lib/py_sensor
[0.639s] copying py_sensor/service_member_function.py -> /home/avmi-lab-user/ThreatField2025/workspace/ros2_ws/build/py_sensor/build/lib/py_sensor
[0.639s] copying py_sensor/numsub.py -> /home/avmi-lab-user/ThreatField2025/workspace/ros2_ws/build/py_sensor/build/lib/py_sensor
[0.639s] copying py_sensor/numpub.py -> /home/avmi-lab-user/ThreatField2025/workspace/ros2_ws/build/py_sensor/build/lib/py_sensor
[0.639s] copying py_sensor/client_member_function.py -> /home/avmi-lab-user/ThreatField2025/workspace/ros2_ws/build/py_sensor/build/lib/py_sensor
[0.640s] running install
[0.643s] running install_lib
[0.653s] running install_data
[0.653s] copying resource/py_sensor -> /home/avmi-lab-user/ThreatField2025/workspace/ros2_ws/install/py_sensor/share/ament_index/resource_index/packages
[0.653s] copying package.xml -> /home/avmi-lab-user/ThreatField2025/workspace/ros2_ws/install/py_sensor/share/py_sensor
[0.653s] running install_egg_info
[0.665s] removing '/home/avmi-lab-user/ThreatField2025/workspace/ros2_ws/install/py_sensor/lib/python3.10/site-packages/py_sensor-0.0.0-py3.10.egg-info' (and everything under it)
[0.665s] Copying ../../build/py_sensor/py_sensor.egg-info to /home/avmi-lab-user/ThreatField2025/workspace/ros2_ws/install/py_sensor/lib/python3.10/site-packages/py_sensor-0.0.0-py3.10.egg-info
[0.665s] running install_scripts
[0.686s] Installing client script to /home/avmi-lab-user/ThreatField2025/workspace/ros2_ws/install/py_sensor/lib/py_sensor
[0.686s] Installing listener script to /home/avmi-lab-user/ThreatField2025/workspace/ros2_ws/install/py_sensor/lib/py_sensor
[0.686s] Installing service script to /home/avmi-lab-user/ThreatField2025/workspace/ros2_ws/install/py_sensor/lib/py_sensor
[0.687s] Installing talker script to /home/avmi-lab-user/ThreatField2025/workspace/ros2_ws/install/py_sensor/lib/py_sensor
[0.687s] writing list of installed files to '/home/avmi-lab-user/ThreatField2025/workspace/ros2_ws/build/py_sensor/install.log'
[0.703s] Invoked command in '/home/avmi-lab-user/ThreatField2025/workspace/ros2_ws/src/py_sensor' returned '0': PYTHONPATH=/home/avmi-lab-user/ThreatField2025/workspace/ros2_ws/build/py_sensor/prefix_override:/usr/lib/python3/dist-packages/colcon_core/task/python/colcon_distutils_commands:/home/avmi-lab-user/ThreatField2025/workspace/ros2_ws/install/py_sensor/lib/python3.10/site-packages:${PYTHONPATH} /usr/bin/python3 -W ignore:setup.py install is deprecated -W ignore:easy_install command is deprecated setup.py egg_info --egg-base ../../build/py_sensor build --build-base /home/avmi-lab-user/ThreatField2025/workspace/ros2_ws/build/py_sensor/build install --record /home/avmi-lab-user/ThreatField2025/workspace/ros2_ws/build/py_sensor/install.log --single-version-externally-managed install_data
