[0.026s] Invoking command in '/home/eldavo07/ThreatField2025/workspace/ros2_ws/build/px4_ros_com': CMAKE_PREFIX_PATH=/home/eldavo07/ThreatField2025/workspace/ros2_ws/install/px4_msgs:/home/eldavo07/ThreatField2025/workspace/ros2_ws/install/px4_ros_com:/home/eldavo07/ThreatField2025/workspace/ros2_ws/install/example_mode_with_executor_cpp:/home/eldavo07/ThreatField2025/workspace/ros2_ws/install/example_mode_vtol_cpp:/home/eldavo07/ThreatField2025/workspace/ros2_ws/install/example_mode_rtl_replacement_cpp:/home/eldavo07/ThreatField2025/workspace/ros2_ws/install/example_mode_manual_cpp:/home/eldavo07/ThreatField2025/workspace/ros2_ws/install/example_mode_goto_global_cpp:/home/eldavo07/ThreatField2025/workspace/ros2_ws/install/example_mode_goto_cpp:/home/eldavo07/ThreatField2025/workspace/ros2_ws/install/example_mode_fw_attitude_cpp:/home/eldavo07/ThreatField2025/workspace/ros2_ws/install/example_local_navigation_cpp:/home/eldavo07/ThreatField2025/workspace/ros2_ws/install/example_global_navigation_cpp:/home/eldavo07/ThreatField2025/workspace/ros2_ws/install/example_executor_with_multiple_modes_cpp:/home/eldavo07/ThreatField2025/workspace/ros2_ws/install/draw_flight_mode:/home/eldavo07/ThreatField2025/workspace/ros2_ws/install/px4_ros2_cpp:/home/eldavo07/ThreatField2025/workspace/ros2_ws/install/interface:/home/eldavo07/ThreatField2025/workspace/ros2_ws/install/py_sensor:/opt/ros/humble LD_LIBRARY_PATH=/home/eldavo07/ThreatField2025/workspace/ros2_ws/install/px4_msgs/lib:/home/eldavo07/ThreatField2025/workspace/ros2_ws/install/px4_ros_com/lib:/home/eldavo07/ThreatField2025/workspace/ros2_ws/install/px4_ros2_cpp/lib:/home/eldavo07/ThreatField2025/workspace/ros2_ws/install/interface/lib:/opt/ros/humble/opt/rviz_ogre_vendor/lib:/opt/ros/humble/lib/x86_64-linux-gnu:/opt/ros/humble/lib /usr/bin/cmake --build /home/eldavo07/ThreatField2025/workspace/ros2_ws/build/px4_ros_com -- -j12 -l12
[0.084s] -- Found ament_cmake: 1.3.12 (/opt/ros/humble/share/ament_cmake/cmake)
[0.334s] -- Found builtin_interfaces: 1.2.2 (/opt/ros/humble/share/builtin_interfaces/cmake)
[0.379s] -- Found rosidl_generator_c: 3.1.7 (/opt/ros/humble/share/rosidl_generator_c/cmake)
[0.384s] -- Found rosidl_adapter: 3.1.7 (/opt/ros/humble/share/rosidl_adapter/cmake)
[0.394s] -- Found rosidl_generator_cpp: 3.1.7 (/opt/ros/humble/share/rosidl_generator_cpp/cmake)
[0.411s] -- Using all available rosidl_typesupport_c: rosidl_typesupport_fastrtps_c;rosidl_typesupport_introspection_c
[0.434s] -- Using all available rosidl_typesupport_cpp: rosidl_typesupport_fastrtps_cpp;rosidl_typesupport_introspection_cpp
[0.455s] -- Found eigen3_cmake_module: 0.1.1 (/opt/ros/humble/share/eigen3_cmake_module/cmake)
[0.458s] -- Found geometry_msgs: 4.9.0 (/opt/ros/humble/share/geometry_msgs/cmake)
[0.503s] -- Found px4_msgs: 2.0.1 (/home/eldavo07/ThreatField2025/workspace/ros2_ws/install/px4_msgs/share/px4_msgs/cmake)
[0.525s] -- Found rclcpp: 16.0.14 (/opt/ros/humble/share/rclcpp/cmake)
[0.573s] -- Found rmw_implementation_cmake: 6.1.2 (/opt/ros/humble/share/rmw_implementation_cmake/cmake)
[0.576s] -- Found rmw_fastrtps_cpp: 6.2.8 (/opt/ros/humble/share/rmw_fastrtps_cpp/cmake)
[0.765s] -- Using RMW implementation 'rmw_fastrtps_cpp' as default
[0.831s] -- Found sensor_msgs: 4.9.0 (/opt/ros/humble/share/sensor_msgs/cmake)
[0.863s] -- Found rclpy: 3.3.17 (/opt/ros/humble/share/rclpy/cmake)
[0.882s] -- Found ament_lint_auto: 0.12.14 (/opt/ros/humble/share/ament_lint_auto/cmake)
[1.015s] -- Added test 'copyright' to check source files copyright and LICENSE
[1.045s] -- Added test 'cppcheck' to perform static code analysis on C / C++ code
[1.046s] -- Configured cppcheck include dirs: /home/eldavo07/ThreatField2025/workspace/ros2_ws/src/px4_ros_com/include;$<BUILD_INTERFACE:/home/eldavo07/ThreatField2025/workspace/ros2_ws/src/px4_ros_com/include/px4_ros_com>
[1.046s] -- Configured cppcheck exclude dirs and/or files: 
[1.074s] -- Added test 'cpplint' to check C / C++ code against the Google style
[1.074s] -- Configured cpplint exclude dirs and/or files: 
[1.078s] -- Added test 'flake8' to check Python code syntax and style conventions
[1.086s] -- Added test 'lint_cmake' to check CMake code style
[1.089s] -- Added test 'pep257' to check Python code against some of the docstring style conventions in PEP 257
[1.121s] -- Added test 'uncrustify' to check C / C++ code style
[1.121s] -- Configured uncrustify additional arguments: 
[1.125s] -- Added test 'xmllint' to check XML markup files
[1.128s] -- Configuring done
[1.185s] -- Generating done
[1.206s] -- Build files have been written to: /home/eldavo07/ThreatField2025/workspace/ros2_ws/build/px4_ros_com
[1.260s] [35m[1mConsolidate compiler generated dependencies of target vehicle_gps_position_listener[0m
[1.261s] [35m[1mConsolidate compiler generated dependencies of target debug_vect_advertiser[0m
[1.265s] [35m[1mConsolidate compiler generated dependencies of target frame_transforms[0m
[1.265s] [35m[1mConsolidate compiler generated dependencies of target sensor_combined_listener[0m
[1.266s] [35m[1mConsolidate compiler generated dependencies of target offboard_control_srv[0m
[1.266s] [35m[1mConsolidate compiler generated dependencies of target offboard_control[0m
[1.293s] [  7%] [32mBuilding CXX object CMakeFiles/vehicle_gps_position_listener.dir/src/examples/listeners/vehicle_gps_position_listener.cpp.o[0m
[1.311s] [ 14%] [32mBuilding CXX object CMakeFiles/debug_vect_advertiser.dir/src/examples/advertisers/debug_vect_advertiser.cpp.o[0m
[1.312s] [ 28%] Built target frame_transforms
[1.312s] [ 35%] [32mBuilding CXX object CMakeFiles/sensor_combined_listener.dir/src/examples/listeners/sensor_combined_listener.cpp.o[0m
[1.320s] [ 42%] [32mBuilding CXX object CMakeFiles/offboard_control.dir/src/examples/offboard/offboard_control.cpp.o[0m
[1.323s] [ 50%] [32mBuilding CXX object CMakeFiles/offboard_control_srv.dir/src/examples/offboard/offboard_control_srv.cpp.o[0m
[1.383s] [ 50%] Built target ament_cmake_python_copy_px4_ros_com
[1.422s] [35m[1mConsolidate compiler generated dependencies of target vehicle_local_position_listener[0m
[1.537s] [ 57%] [32mBuilding CXX object CMakeFiles/vehicle_local_position_listener.dir/src/examples/listeners/vehicle_local_position_listener.cpp.o[0m
[29.970s] [ 64%] [32m[1mLinking CXX executable offboard_control[0m
[31.672s] [ 64%] Built target offboard_control
[32.534s] [ 71%] [32m[1mLinking CXX executable debug_vect_advertiser[0m
[33.443s] [ 71%] Built target debug_vect_advertiser
[35.176s] [ 78%] [32m[1mLinking CXX executable offboard_control_srv[0m
[36.674s] [ 78%] Built target offboard_control_srv
[41.828s] [ 85%] [32m[1mLinking CXX executable vehicle_gps_position_listener[0m
[44.128s] [ 85%] Built target vehicle_gps_position_listener
[47.069s] [ 92%] [32m[1mLinking CXX executable vehicle_local_position_listener[0m
[49.043s] [ 92%] Built target vehicle_local_position_listener
[51.029s] [100%] [32m[1mLinking CXX executable sensor_combined_listener[0m
[51.951s] [100%] Built target sensor_combined_listener
[52.742s] running egg_info
[52.808s] writing px4_ros_com.egg-info/PKG-INFO
[52.809s] writing dependency_links to px4_ros_com.egg-info/dependency_links.txt
[52.810s] writing top-level names to px4_ros_com.egg-info/top_level.txt
[52.996s] reading manifest file 'px4_ros_com.egg-info/SOURCES.txt'
[52.998s] writing manifest file 'px4_ros_com.egg-info/SOURCES.txt'
[53.073s] [100%] Built target ament_cmake_python_build_px4_ros_com_egg
[53.100s] Invoked command in '/home/eldavo07/ThreatField2025/workspace/ros2_ws/build/px4_ros_com' returned '0': CMAKE_PREFIX_PATH=/home/eldavo07/ThreatField2025/workspace/ros2_ws/install/px4_msgs:/home/eldavo07/ThreatField2025/workspace/ros2_ws/install/px4_ros_com:/home/eldavo07/ThreatField2025/workspace/ros2_ws/install/example_mode_with_executor_cpp:/home/eldavo07/ThreatField2025/workspace/ros2_ws/install/example_mode_vtol_cpp:/home/eldavo07/ThreatField2025/workspace/ros2_ws/install/example_mode_rtl_replacement_cpp:/home/eldavo07/ThreatField2025/workspace/ros2_ws/install/example_mode_manual_cpp:/home/eldavo07/ThreatField2025/workspace/ros2_ws/install/example_mode_goto_global_cpp:/home/eldavo07/ThreatField2025/workspace/ros2_ws/install/example_mode_goto_cpp:/home/eldavo07/ThreatField2025/workspace/ros2_ws/install/example_mode_fw_attitude_cpp:/home/eldavo07/ThreatField2025/workspace/ros2_ws/install/example_local_navigation_cpp:/home/eldavo07/ThreatField2025/workspace/ros2_ws/install/example_global_navigation_cpp:/home/eldavo07/ThreatField2025/workspace/ros2_ws/install/example_executor_with_multiple_modes_cpp:/home/eldavo07/ThreatField2025/workspace/ros2_ws/install/draw_flight_mode:/home/eldavo07/ThreatField2025/workspace/ros2_ws/install/px4_ros2_cpp:/home/eldavo07/ThreatField2025/workspace/ros2_ws/install/interface:/home/eldavo07/ThreatField2025/workspace/ros2_ws/install/py_sensor:/opt/ros/humble LD_LIBRARY_PATH=/home/eldavo07/ThreatField2025/workspace/ros2_ws/install/px4_msgs/lib:/home/eldavo07/ThreatField2025/workspace/ros2_ws/install/px4_ros_com/lib:/home/eldavo07/ThreatField2025/workspace/ros2_ws/install/px4_ros2_cpp/lib:/home/eldavo07/ThreatField2025/workspace/ros2_ws/install/interface/lib:/opt/ros/humble/opt/rviz_ogre_vendor/lib:/opt/ros/humble/lib/x86_64-linux-gnu:/opt/ros/humble/lib /usr/bin/cmake --build /home/eldavo07/ThreatField2025/workspace/ros2_ws/build/px4_ros_com -- -j12 -l12
[53.105s] Invoking command in '/home/eldavo07/ThreatField2025/workspace/ros2_ws/build/px4_ros_com': CMAKE_PREFIX_PATH=/home/eldavo07/ThreatField2025/workspace/ros2_ws/install/px4_msgs:/home/eldavo07/ThreatField2025/workspace/ros2_ws/install/px4_ros_com:/home/eldavo07/ThreatField2025/workspace/ros2_ws/install/example_mode_with_executor_cpp:/home/eldavo07/ThreatField2025/workspace/ros2_ws/install/example_mode_vtol_cpp:/home/eldavo07/ThreatField2025/workspace/ros2_ws/install/example_mode_rtl_replacement_cpp:/home/eldavo07/ThreatField2025/workspace/ros2_ws/install/example_mode_manual_cpp:/home/eldavo07/ThreatField2025/workspace/ros2_ws/install/example_mode_goto_global_cpp:/home/eldavo07/ThreatField2025/workspace/ros2_ws/install/example_mode_goto_cpp:/home/eldavo07/ThreatField2025/workspace/ros2_ws/install/example_mode_fw_attitude_cpp:/home/eldavo07/ThreatField2025/workspace/ros2_ws/install/example_local_navigation_cpp:/home/eldavo07/ThreatField2025/workspace/ros2_ws/install/example_global_navigation_cpp:/home/eldavo07/ThreatField2025/workspace/ros2_ws/install/example_executor_with_multiple_modes_cpp:/home/eldavo07/ThreatField2025/workspace/ros2_ws/install/draw_flight_mode:/home/eldavo07/ThreatField2025/workspace/ros2_ws/install/px4_ros2_cpp:/home/eldavo07/ThreatField2025/workspace/ros2_ws/install/interface:/home/eldavo07/ThreatField2025/workspace/ros2_ws/install/py_sensor:/opt/ros/humble LD_LIBRARY_PATH=/home/eldavo07/ThreatField2025/workspace/ros2_ws/install/px4_msgs/lib:/home/eldavo07/ThreatField2025/workspace/ros2_ws/install/px4_ros_com/lib:/home/eldavo07/ThreatField2025/workspace/ros2_ws/install/px4_ros2_cpp/lib:/home/eldavo07/ThreatField2025/workspace/ros2_ws/install/interface/lib:/opt/ros/humble/opt/rviz_ogre_vendor/lib:/opt/ros/humble/lib/x86_64-linux-gnu:/opt/ros/humble/lib /usr/bin/cmake --install /home/eldavo07/ThreatField2025/workspace/ros2_ws/build/px4_ros_com
[53.120s] -- Install configuration: ""
[53.121s] -- Installing: /home/eldavo07/ThreatField2025/workspace/ros2_ws/install/px4_ros_com/lib/px4_ros_com/sensor_combined_listener
[53.130s] -- Set runtime path of "/home/eldavo07/ThreatField2025/workspace/ros2_ws/install/px4_ros_com/lib/px4_ros_com/sensor_combined_listener" to ""
[53.131s] -- Installing: /home/eldavo07/ThreatField2025/workspace/ros2_ws/install/px4_ros_com/lib/px4_ros_com/vehicle_gps_position_listener
[53.139s] -- Set runtime path of "/home/eldavo07/ThreatField2025/workspace/ros2_ws/install/px4_ros_com/lib/px4_ros_com/vehicle_gps_position_listener" to ""
[53.140s] -- Installing: /home/eldavo07/ThreatField2025/workspace/ros2_ws/install/px4_ros_com/lib/px4_ros_com/debug_vect_advertiser
[53.143s] -- Set runtime path of "/home/eldavo07/ThreatField2025/workspace/ros2_ws/install/px4_ros_com/lib/px4_ros_com/debug_vect_advertiser" to ""
[53.143s] -- Installing: /home/eldavo07/ThreatField2025/workspace/ros2_ws/install/px4_ros_com/lib/px4_ros_com/offboard_control
[53.147s] -- Set runtime path of "/home/eldavo07/ThreatField2025/workspace/ros2_ws/install/px4_ros_com/lib/px4_ros_com/offboard_control" to ""
[53.148s] -- Installing: /home/eldavo07/ThreatField2025/workspace/ros2_ws/install/px4_ros_com/lib/px4_ros_com/offboard_control_srv
[53.152s] -- Set runtime path of "/home/eldavo07/ThreatField2025/workspace/ros2_ws/install/px4_ros_com/lib/px4_ros_com/offboard_control_srv" to ""
[53.153s] -- Installing: /home/eldavo07/ThreatField2025/workspace/ros2_ws/install/px4_ros_com/lib/px4_ros_com/vehicle_local_position_listener
[53.162s] -- Set runtime path of "/home/eldavo07/ThreatField2025/workspace/ros2_ws/install/px4_ros_com/lib/px4_ros_com/vehicle_local_position_listener" to ""
[53.163s] -- Installing: /home/eldavo07/ThreatField2025/workspace/ros2_ws/install/px4_ros_com/share/px4_ros_com/environment/library_path.sh
[53.163s] -- Installing: /home/eldavo07/ThreatField2025/workspace/ros2_ws/install/px4_ros_com/share/px4_ros_com/environment/library_path.dsv
[53.163s] -- Up-to-date: /home/eldavo07/ThreatField2025/workspace/ros2_ws/install/px4_ros_com/include/px4_ros_com
[53.164s] -- Installing: /home/eldavo07/ThreatField2025/workspace/ros2_ws/install/px4_ros_com/include/px4_ros_com/frame_transforms.h
[53.166s] -- Up-to-date: /home/eldavo07/ThreatField2025/workspace/ros2_ws/install/px4_ros_com/lib/libframe_transforms.so
[53.166s] -- Up-to-date: /home/eldavo07/ThreatField2025/workspace/ros2_ws/install/px4_ros_com/share/px4_ros_com//launch
[53.167s] -- Installing: /home/eldavo07/ThreatField2025/workspace/ros2_ws/install/px4_ros_com/share/px4_ros_com//launch/vehicle_local_listener.launch.py
[53.167s] -- Installing: /home/eldavo07/ThreatField2025/workspace/ros2_ws/install/px4_ros_com/share/px4_ros_com//launch/offboard_control_launch.yaml
[53.167s] -- Installing: /home/eldavo07/ThreatField2025/workspace/ros2_ws/install/px4_ros_com/share/px4_ros_com//launch/sensor_combined_listener.launch.py
[53.168s] -- Up-to-date: /home/eldavo07/ThreatField2025/workspace/ros2_ws/install/px4_ros_com/share/px4_ros_com//test
[53.168s] -- Installing: /home/eldavo07/ThreatField2025/workspace/ros2_ws/install/px4_ros_com/share/px4_ros_com//test/test_input.py
[53.168s] -- Installing: /home/eldavo07/ThreatField2025/workspace/ros2_ws/install/px4_ros_com/share/px4_ros_com//test/test_output.py
[53.168s] -- Installing: /home/eldavo07/ThreatField2025/workspace/ros2_ws/install/px4_ros_com/share/px4_ros_com//test/__init__.py
[53.169s] -- Installing: /home/eldavo07/ThreatField2025/workspace/ros2_ws/install/px4_ros_com/share/px4_ros_com//test/pipeline_io_test.py
[53.169s] -- Up-to-date: /home/eldavo07/ThreatField2025/workspace/ros2_ws/install/px4_ros_com/share/px4_ros_com/environment/pythonpath.sh
[53.170s] -- Installing: /home/eldavo07/ThreatField2025/workspace/ros2_ws/install/px4_ros_com/share/px4_ros_com/environment/pythonpath.dsv
[53.170s] -- Up-to-date: /home/eldavo07/ThreatField2025/workspace/ros2_ws/install/px4_ros_com/local/lib/python3.10/dist-packages/px4_ros_com-0.1.0-py3.10.egg-info
[53.170s] -- Installing: /home/eldavo07/ThreatField2025/workspace/ros2_ws/install/px4_ros_com/local/lib/python3.10/dist-packages/px4_ros_com-0.1.0-py3.10.egg-info/top_level.txt
[53.170s] -- Installing: /home/eldavo07/ThreatField2025/workspace/ros2_ws/install/px4_ros_com/local/lib/python3.10/dist-packages/px4_ros_com-0.1.0-py3.10.egg-info/dependency_links.txt
[53.171s] -- Installing: /home/eldavo07/ThreatField2025/workspace/ros2_ws/install/px4_ros_com/local/lib/python3.10/dist-packages/px4_ros_com-0.1.0-py3.10.egg-info/SOURCES.txt
[53.171s] -- Installing: /home/eldavo07/ThreatField2025/workspace/ros2_ws/install/px4_ros_com/local/lib/python3.10/dist-packages/px4_ros_com-0.1.0-py3.10.egg-info/PKG-INFO
[53.171s] -- Up-to-date: /home/eldavo07/ThreatField2025/workspace/ros2_ws/install/px4_ros_com/local/lib/python3.10/dist-packages/px4_ros_com
[53.172s] -- Installing: /home/eldavo07/ThreatField2025/workspace/ros2_ws/install/px4_ros_com/local/lib/python3.10/dist-packages/px4_ros_com/__init__.py
[53.172s] -- Installing: /home/eldavo07/ThreatField2025/workspace/ros2_ws/install/px4_ros_com/local/lib/python3.10/dist-packages/px4_ros_com/module_to_import.py
[53.241s] Listing '/home/eldavo07/ThreatField2025/workspace/ros2_ws/install/px4_ros_com/local/lib/python3.10/dist-packages/px4_ros_com'...
[53.249s] -- Installing: /home/eldavo07/ThreatField2025/workspace/ros2_ws/install/px4_ros_com/lib/px4_ros_com/offboard_control.py
[53.249s] -- Up-to-date: /home/eldavo07/ThreatField2025/workspace/ros2_ws/install/px4_ros_com/share/ament_index/resource_index/package_run_dependencies/px4_ros_com
[53.249s] -- Installing: /home/eldavo07/ThreatField2025/workspace/ros2_ws/install/px4_ros_com/share/ament_index/resource_index/parent_prefix_path/px4_ros_com
[53.250s] -- Installing: /home/eldavo07/ThreatField2025/workspace/ros2_ws/install/px4_ros_com/share/px4_ros_com/environment/ament_prefix_path.sh
[53.250s] -- Installing: /home/eldavo07/ThreatField2025/workspace/ros2_ws/install/px4_ros_com/share/px4_ros_com/environment/ament_prefix_path.dsv
[53.250s] -- Installing: /home/eldavo07/ThreatField2025/workspace/ros2_ws/install/px4_ros_com/share/px4_ros_com/environment/path.sh
[53.251s] -- Installing: /home/eldavo07/ThreatField2025/workspace/ros2_ws/install/px4_ros_com/share/px4_ros_com/environment/path.dsv
[53.251s] -- Up-to-date: /home/eldavo07/ThreatField2025/workspace/ros2_ws/install/px4_ros_com/share/px4_ros_com/local_setup.bash
[53.251s] -- Up-to-date: /home/eldavo07/ThreatField2025/workspace/ros2_ws/install/px4_ros_com/share/px4_ros_com/local_setup.sh
[53.252s] -- Up-to-date: /home/eldavo07/ThreatField2025/workspace/ros2_ws/install/px4_ros_com/share/px4_ros_com/local_setup.zsh
[53.252s] -- Installing: /home/eldavo07/ThreatField2025/workspace/ros2_ws/install/px4_ros_com/share/px4_ros_com/local_setup.dsv
[53.252s] -- Installing: /home/eldavo07/ThreatField2025/workspace/ros2_ws/install/px4_ros_com/share/px4_ros_com/package.dsv
[53.253s] -- Up-to-date: /home/eldavo07/ThreatField2025/workspace/ros2_ws/install/px4_ros_com/share/ament_index/resource_index/packages/px4_ros_com
[53.253s] -- Up-to-date: /home/eldavo07/ThreatField2025/workspace/ros2_ws/install/px4_ros_com/share/px4_ros_com/cmake/export_frame_transformsExport.cmake
[53.253s] -- Up-to-date: /home/eldavo07/ThreatField2025/workspace/ros2_ws/install/px4_ros_com/share/px4_ros_com/cmake/export_frame_transformsExport-noconfig.cmake
[53.253s] -- Up-to-date: /home/eldavo07/ThreatField2025/workspace/ros2_ws/install/px4_ros_com/share/px4_ros_com/cmake/ament_cmake_export_dependencies-extras.cmake
[53.254s] -- Up-to-date: /home/eldavo07/ThreatField2025/workspace/ros2_ws/install/px4_ros_com/share/px4_ros_com/cmake/ament_cmake_export_targets-extras.cmake
[53.254s] -- Up-to-date: /home/eldavo07/ThreatField2025/workspace/ros2_ws/install/px4_ros_com/share/px4_ros_com/cmake/ament_cmake_export_include_directories-extras.cmake
[53.254s] -- Up-to-date: /home/eldavo07/ThreatField2025/workspace/ros2_ws/install/px4_ros_com/share/px4_ros_com/cmake/ament_cmake_export_libraries-extras.cmake
[53.254s] -- Up-to-date: /home/eldavo07/ThreatField2025/workspace/ros2_ws/install/px4_ros_com/share/px4_ros_com/cmake/px4_ros_comConfig.cmake
[53.255s] -- Up-to-date: /home/eldavo07/ThreatField2025/workspace/ros2_ws/install/px4_ros_com/share/px4_ros_com/cmake/px4_ros_comConfig-version.cmake
[53.255s] -- Installing: /home/eldavo07/ThreatField2025/workspace/ros2_ws/install/px4_ros_com/share/px4_ros_com/package.xml
[53.258s] Invoked command in '/home/eldavo07/ThreatField2025/workspace/ros2_ws/build/px4_ros_com' returned '0': CMAKE_PREFIX_PATH=/home/eldavo07/ThreatField2025/workspace/ros2_ws/install/px4_msgs:/home/eldavo07/ThreatField2025/workspace/ros2_ws/install/px4_ros_com:/home/eldavo07/ThreatField2025/workspace/ros2_ws/install/example_mode_with_executor_cpp:/home/eldavo07/ThreatField2025/workspace/ros2_ws/install/example_mode_vtol_cpp:/home/eldavo07/ThreatField2025/workspace/ros2_ws/install/example_mode_rtl_replacement_cpp:/home/eldavo07/ThreatField2025/workspace/ros2_ws/install/example_mode_manual_cpp:/home/eldavo07/ThreatField2025/workspace/ros2_ws/install/example_mode_goto_global_cpp:/home/eldavo07/ThreatField2025/workspace/ros2_ws/install/example_mode_goto_cpp:/home/eldavo07/ThreatField2025/workspace/ros2_ws/install/example_mode_fw_attitude_cpp:/home/eldavo07/ThreatField2025/workspace/ros2_ws/install/example_local_navigation_cpp:/home/eldavo07/ThreatField2025/workspace/ros2_ws/install/example_global_navigation_cpp:/home/eldavo07/ThreatField2025/workspace/ros2_ws/install/example_executor_with_multiple_modes_cpp:/home/eldavo07/ThreatField2025/workspace/ros2_ws/install/draw_flight_mode:/home/eldavo07/ThreatField2025/workspace/ros2_ws/install/px4_ros2_cpp:/home/eldavo07/ThreatField2025/workspace/ros2_ws/install/interface:/home/eldavo07/ThreatField2025/workspace/ros2_ws/install/py_sensor:/opt/ros/humble LD_LIBRARY_PATH=/home/eldavo07/ThreatField2025/workspace/ros2_ws/install/px4_msgs/lib:/home/eldavo07/ThreatField2025/workspace/ros2_ws/install/px4_ros_com/lib:/home/eldavo07/ThreatField2025/workspace/ros2_ws/install/px4_ros2_cpp/lib:/home/eldavo07/ThreatField2025/workspace/ros2_ws/install/interface/lib:/opt/ros/humble/opt/rviz_ogre_vendor/lib:/opt/ros/humble/lib/x86_64-linux-gnu:/opt/ros/humble/lib /usr/bin/cmake --install /home/eldavo07/ThreatField2025/workspace/ros2_ws/build/px4_ros_com
