[0.008s] Invoking command in '/home/avmi-lab-user/ros2_ws/build/turtlesim': CMAKE_PREFIX_PATH=${CMAKE_PREFIX_PATH}:/home/avmi-lab-user/turtlebot4_ws/install/py_sub:/home/avmi-lab-user/turtlebot4_ws/install/path_pubsub:/home/avmi-lab-user/turtlebot4_ws/install/opencv_tests:/home/avmi-lab-user/turtlebot4_ws/install/avmi_lab_threat_field:/opt/ros/humble /usr/bin/cmake /home/avmi-lab-user/ros2_ws/src/ros_tutorials/turtlesim -DCMAKE_INSTALL_PREFIX=/home/avmi-lab-user/ros2_ws/install/turtlesim
[0.061s] -- The C compiler identification is GNU 11.4.0
[0.101s] -- The CXX compiler identification is GNU 11.4.0
[0.106s] -- Detecting C compiler ABI info
[0.154s] -- Detecting C compiler ABI info - done
[0.158s] -- Check for working C compiler: /usr/bin/cc - skipped
[0.158s] -- Detecting C compile features
[0.159s] -- Detecting C compile features - done
[0.161s] -- Detecting CXX compiler ABI info
[0.218s] -- Detecting CXX compiler ABI info - done
[0.223s] -- Check for working CXX compiler: /usr/bin/c++ - skipped
[0.223s] -- Detecting CXX compile features
[0.224s] -- Detecting CXX compile features - done
[0.226s] -- Found ament_cmake: 1.3.11 (/opt/ros/humble/share/ament_cmake/cmake)
[0.494s] -- Found Python3: /usr/bin/python3 (found version "3.10.12") found components: Interpreter 
[0.565s] -- Found ament_index_cpp: 1.4.0 (/opt/ros/humble/share/ament_index_cpp/cmake)
[0.567s] -- Found geometry_msgs: 4.9.0 (/opt/ros/humble/share/geometry_msgs/cmake)
[0.596s] -- Found rosidl_generator_c: 3.1.6 (/opt/ros/humble/share/rosidl_generator_c/cmake)
[0.600s] -- Found rosidl_adapter: 3.1.6 (/opt/ros/humble/share/rosidl_adapter/cmake)
[0.605s] -- Found rosidl_generator_cpp: 3.1.6 (/opt/ros/humble/share/rosidl_generator_cpp/cmake)
[0.614s] -- Using all available rosidl_typesupport_c: rosidl_typesupport_fastrtps_c;rosidl_typesupport_introspection_c
[0.625s] -- Using all available rosidl_typesupport_cpp: rosidl_typesupport_fastrtps_cpp;rosidl_typesupport_introspection_cpp
[0.659s] -- Found rclcpp: 16.0.12 (/opt/ros/humble/share/rclcpp/cmake)
[0.686s] -- Found rmw_implementation_cmake: 6.1.2 (/opt/ros/humble/share/rmw_implementation_cmake/cmake)
[0.688s] -- Found rmw_fastrtps_cpp: 6.2.7 (/opt/ros/humble/share/rmw_fastrtps_cpp/cmake)
[0.748s] -- Found OpenSSL: /usr/lib/x86_64-linux-gnu/libcrypto.so (found version "3.0.2")  
[0.770s] -- Found FastRTPS: /opt/ros/humble/include  
[0.801s] -- Using RMW implementation 'rmw_fastrtps_cpp' as default
[0.807s] -- Looking for pthread.h
[0.860s] -- Looking for pthread.h - found
[0.860s] -- Performing Test CMAKE_HAVE_LIBC_PTHREAD
[0.920s] -- Performing Test CMAKE_HAVE_LIBC_PTHREAD - Success
[0.921s] -- Found Threads: TRUE  
[0.950s] -- Found rclcpp_action: 16.0.12 (/opt/ros/humble/share/rclcpp_action/cmake)
[0.973s] -- Found rosidl_default_generators: 1.2.0 (/opt/ros/humble/share/rosidl_default_generators/cmake)
[0.980s] -- Found std_srvs: 4.9.0 (/opt/ros/humble/share/std_srvs/cmake)
[1.202s] -- Found ament_cmake_ros: 0.10.0 (/opt/ros/humble/share/ament_cmake_ros/cmake)
[1.433s] -- Using all available rosidl_typesupport_c: rosidl_typesupport_fastrtps_c;rosidl_typesupport_introspection_c
[1.522s] -- Using all available rosidl_typesupport_cpp: rosidl_typesupport_fastrtps_cpp;rosidl_typesupport_introspection_cpp
[1.540s] -- Found PythonInterp: /usr/bin/python3 (found suitable version "3.10.12", minimum required is "3.6") 
[1.541s] -- Found python_cmake_module: 0.10.0 (/opt/ros/humble/share/python_cmake_module/cmake)
[1.562s] -- Found PythonLibs: /usr/lib/x86_64-linux-gnu/libpython3.10.so (found suitable version "3.10.12", minimum required is "3.5") 
[1.562s] -- Using PYTHON_EXECUTABLE: /usr/bin/python3
[1.562s] -- Using PYTHON_INCLUDE_DIRS: /usr/include/python3.10
[1.562s] -- Using PYTHON_LIBRARIES: /usr/lib/x86_64-linux-gnu/libpython3.10.so
[1.578s] -- Found PythonExtra: .so  
[1.633s] -- Configuring done
[1.672s] -- Generating done
[1.685s] -- Build files have been written to: /home/avmi-lab-user/ros2_ws/build/turtlesim
[1.695s] Invoked command in '/home/avmi-lab-user/ros2_ws/build/turtlesim' returned '0': CMAKE_PREFIX_PATH=${CMAKE_PREFIX_PATH}:/home/avmi-lab-user/turtlebot4_ws/install/py_sub:/home/avmi-lab-user/turtlebot4_ws/install/path_pubsub:/home/avmi-lab-user/turtlebot4_ws/install/opencv_tests:/home/avmi-lab-user/turtlebot4_ws/install/avmi_lab_threat_field:/opt/ros/humble /usr/bin/cmake /home/avmi-lab-user/ros2_ws/src/ros_tutorials/turtlesim -DCMAKE_INSTALL_PREFIX=/home/avmi-lab-user/ros2_ws/install/turtlesim
[1.697s] Invoking command in '/home/avmi-lab-user/ros2_ws/build/turtlesim': CMAKE_PREFIX_PATH=${CMAKE_PREFIX_PATH}:/home/avmi-lab-user/turtlebot4_ws/install/py_sub:/home/avmi-lab-user/turtlebot4_ws/install/path_pubsub:/home/avmi-lab-user/turtlebot4_ws/install/opencv_tests:/home/avmi-lab-user/turtlebot4_ws/install/avmi_lab_threat_field:/opt/ros/humble /usr/bin/cmake --build /home/avmi-lab-user/ros2_ws/build/turtlesim -- -j8 -l8
[1.728s] [  1%] [34m[1mGenerating C code for ROS interfaces[0m
[1.735s] [  2%] [34m[1mGenerating C++ code for ROS interfaces[0m
[1.741s] [  2%] Built target ament_cmake_python_copy_turtlesim
[1.894s] running egg_info
[1.906s] creating turtlesim.egg-info
[1.906s] writing turtlesim.egg-info/PKG-INFO
[1.906s] writing dependency_links to turtlesim.egg-info/dependency_links.txt
[1.906s] writing top-level names to turtlesim.egg-info/top_level.txt
[1.906s] writing manifest file 'turtlesim.egg-info/SOURCES.txt'
[1.939s] reading manifest file 'turtlesim.egg-info/SOURCES.txt'
[1.940s] writing manifest file 'turtlesim.egg-info/SOURCES.txt'
[1.961s] [  2%] Built target ament_cmake_python_build_turtlesim_egg
[2.398s] [  5%] [32mBuilding C object CMakeFiles/turtlesim__rosidl_generator_c.dir/rosidl_generator_c/turtlesim/msg/detail/pose__functions.c.o[0m
[2.398s] [  5%] [32mBuilding C object CMakeFiles/turtlesim__rosidl_generator_c.dir/rosidl_generator_c/turtlesim/msg/detail/color__functions.c.o[0m
[2.398s] [  5%] [32mBuilding C object CMakeFiles/turtlesim__rosidl_generator_c.dir/rosidl_generator_c/turtlesim/srv/detail/set_pen__functions.c.o[0m
[2.398s] [  7%] [32mBuilding C object CMakeFiles/turtlesim__rosidl_generator_c.dir/rosidl_generator_c/turtlesim/action/detail/rotate_absolute__functions.c.o[0m
[2.398s] [  7%] [32mBuilding C object CMakeFiles/turtlesim__rosidl_generator_c.dir/rosidl_generator_c/turtlesim/srv/detail/kill__functions.c.o[0m
[2.398s] [  8%] [32mBuilding C object CMakeFiles/turtlesim__rosidl_generator_c.dir/rosidl_generator_c/turtlesim/srv/detail/spawn__functions.c.o[0m
[2.399s] [  9%] [32mBuilding C object CMakeFiles/turtlesim__rosidl_generator_c.dir/rosidl_generator_c/turtlesim/srv/detail/teleport_absolute__functions.c.o[0m
[2.400s] [  9%] Built target turtlesim__cpp
[2.414s] [ 10%] [34m[1mGenerating C++ type support dispatch for ROS interfaces[0m
[2.446s] [ 11%] [32mBuilding C object CMakeFiles/turtlesim__rosidl_generator_c.dir/rosidl_generator_c/turtlesim/srv/detail/teleport_relative__functions.c.o[0m
[2.447s] [ 12%] [34m[1mGenerating C++ type support for eProsima Fast-RTPS[0m
[2.454s] [ 13%] [34m[1mGenerating C++ introspection for ROS interfaces[0m
[2.520s] [ 14%] [32m[1mLinking C shared library libturtlesim__rosidl_generator_c.so[0m
[2.547s] [ 14%] Built target turtlesim__rosidl_generator_c
[2.555s] [ 15%] [34m[1mGenerating C type support for eProsima Fast-RTPS[0m
[2.557s] [ 17%] [34m[1mGenerating C type support dispatch for ROS interfaces[0m
[2.557s] [ 17%] [34m[1mGenerating C introspection for ROS interfaces[0m
[2.962s] [ 20%] [32mBuilding CXX object CMakeFiles/turtlesim__rosidl_typesupport_introspection_cpp.dir/rosidl_typesupport_introspection_cpp/turtlesim/msg/detail/pose__type_support.cpp.o[0m
[2.962s] [ 20%] [32mBuilding CXX object CMakeFiles/turtlesim__rosidl_typesupport_introspection_cpp.dir/rosidl_typesupport_introspection_cpp/turtlesim/action/detail/rotate_absolute__type_support.cpp.o[0m
[2.963s] [ 20%] [32mBuilding CXX object CMakeFiles/turtlesim__rosidl_typesupport_introspection_cpp.dir/rosidl_typesupport_introspection_cpp/turtlesim/msg/detail/color__type_support.cpp.o[0m
[3.055s] [ 21%] [32mBuilding CXX object CMakeFiles/turtlesim__rosidl_typesupport_cpp.dir/rosidl_typesupport_cpp/turtlesim/action/rotate_absolute__type_support.cpp.o[0m
[3.253s] [ 22%] [32mBuilding CXX object CMakeFiles/turtlesim__rosidl_typesupport_c.dir/rosidl_typesupport_c/turtlesim/action/rotate_absolute__type_support.cpp.o[0m
[3.283s] [ 23%] [32mBuilding CXX object CMakeFiles/turtlesim__rosidl_typesupport_fastrtps_cpp.dir/rosidl_typesupport_fastrtps_cpp/turtlesim/action/detail/dds_fastrtps/rotate_absolute__type_support.cpp.o[0m
[3.305s] [ 24%] [32mBuilding CXX object CMakeFiles/turtlesim__rosidl_typesupport_c.dir/rosidl_typesupport_c/turtlesim/msg/color__type_support.cpp.o[0m
[3.341s] [ 25%] [32mBuilding CXX object CMakeFiles/turtlesim__rosidl_typesupport_c.dir/rosidl_typesupport_c/turtlesim/msg/pose__type_support.cpp.o[0m
[3.352s] [ 26%] [32mBuilding CXX object CMakeFiles/turtlesim__rosidl_typesupport_fastrtps_cpp.dir/rosidl_typesupport_fastrtps_cpp/turtlesim/msg/detail/dds_fastrtps/color__type_support.cpp.o[0m
[3.372s] [ 27%] [32mBuilding CXX object CMakeFiles/turtlesim__rosidl_typesupport_c.dir/rosidl_typesupport_c/turtlesim/srv/kill__type_support.cpp.o[0m
[3.407s] [ 28%] [32mBuilding CXX object CMakeFiles/turtlesim__rosidl_typesupport_c.dir/rosidl_typesupport_c/turtlesim/srv/set_pen__type_support.cpp.o[0m
[3.427s] [ 29%] [32mBuilding CXX object CMakeFiles/turtlesim__rosidl_typesupport_fastrtps_cpp.dir/rosidl_typesupport_fastrtps_cpp/turtlesim/msg/detail/dds_fastrtps/pose__type_support.cpp.o[0m
[3.439s] [ 30%] [32mBuilding CXX object CMakeFiles/turtlesim__rosidl_typesupport_c.dir/rosidl_typesupport_c/turtlesim/srv/spawn__type_support.cpp.o[0m
[3.472s] [ 31%] [32mBuilding CXX object CMakeFiles/turtlesim__rosidl_typesupport_c.dir/rosidl_typesupport_c/turtlesim/srv/teleport_absolute__type_support.cpp.o[0m
[3.508s] [ 32%] [32mBuilding CXX object CMakeFiles/turtlesim__rosidl_typesupport_c.dir/rosidl_typesupport_c/turtlesim/srv/teleport_relative__type_support.cpp.o[0m
[3.520s] [ 33%] [32mBuilding CXX object CMakeFiles/turtlesim__rosidl_typesupport_cpp.dir/rosidl_typesupport_cpp/turtlesim/msg/color__type_support.cpp.o[0m
[3.543s] [ 34%] [32m[1mLinking CXX shared library libturtlesim__rosidl_typesupport_c.so[0m
[3.553s] [ 35%] [32mBuilding C object CMakeFiles/turtlesim__rosidl_typesupport_introspection_c.dir/rosidl_typesupport_introspection_c/turtlesim/action/detail/rotate_absolute__type_support.c.o[0m
[3.563s] [ 36%] [32mBuilding CXX object CMakeFiles/turtlesim__rosidl_typesupport_introspection_cpp.dir/rosidl_typesupport_introspection_cpp/turtlesim/srv/detail/kill__type_support.cpp.o[0m
[3.591s] [ 36%] Built target turtlesim__rosidl_typesupport_c
[3.602s] [ 37%] [32mBuilding C object CMakeFiles/turtlesim__rosidl_typesupport_introspection_c.dir/rosidl_typesupport_introspection_c/turtlesim/msg/detail/color__type_support.c.o[0m
[3.603s] [ 38%] [32mBuilding CXX object CMakeFiles/turtlesim__rosidl_typesupport_fastrtps_cpp.dir/rosidl_typesupport_fastrtps_cpp/turtlesim/srv/detail/dds_fastrtps/kill__type_support.cpp.o[0m
[3.624s] [ 39%] [32mBuilding CXX object CMakeFiles/turtlesim__rosidl_typesupport_fastrtps_c.dir/rosidl_typesupport_fastrtps_c/turtlesim/action/detail/rotate_absolute__type_support_c.cpp.o[0m
[3.639s] [ 40%] [32mBuilding C object CMakeFiles/turtlesim__rosidl_typesupport_introspection_c.dir/rosidl_typesupport_introspection_c/turtlesim/msg/detail/pose__type_support.c.o[0m
[3.676s] [ 41%] [32mBuilding C object CMakeFiles/turtlesim__rosidl_typesupport_introspection_c.dir/rosidl_typesupport_introspection_c/turtlesim/srv/detail/kill__type_support.c.o[0m
[3.717s] [ 42%] [32mBuilding C object CMakeFiles/turtlesim__rosidl_typesupport_introspection_c.dir/rosidl_typesupport_introspection_c/turtlesim/srv/detail/set_pen__type_support.c.o[0m
[3.752s] [ 43%] [32mBuilding C object CMakeFiles/turtlesim__rosidl_typesupport_introspection_c.dir/rosidl_typesupport_introspection_c/turtlesim/srv/detail/spawn__type_support.c.o[0m
[3.757s] [ 44%] [32mBuilding CXX object CMakeFiles/turtlesim__rosidl_typesupport_introspection_cpp.dir/rosidl_typesupport_introspection_cpp/turtlesim/srv/detail/set_pen__type_support.cpp.o[0m
[3.793s] [ 45%] [32mBuilding C object CMakeFiles/turtlesim__rosidl_typesupport_introspection_c.dir/rosidl_typesupport_introspection_c/turtlesim/srv/detail/teleport_absolute__type_support.c.o[0m
[3.799s] [ 46%] [32mBuilding CXX object CMakeFiles/turtlesim__rosidl_typesupport_cpp.dir/rosidl_typesupport_cpp/turtlesim/msg/pose__type_support.cpp.o[0m
[3.832s] [ 47%] [32mBuilding C object CMakeFiles/turtlesim__rosidl_typesupport_introspection_c.dir/rosidl_typesupport_introspection_c/turtlesim/srv/detail/teleport_relative__type_support.c.o[0m
[3.842s] [ 48%] [32mBuilding CXX object CMakeFiles/turtlesim__rosidl_typesupport_introspection_cpp.dir/rosidl_typesupport_introspection_cpp/turtlesim/srv/detail/spawn__type_support.cpp.o[0m
[3.870s] [ 49%] [32m[1mLinking C shared library libturtlesim__rosidl_typesupport_introspection_c.so[0m
[3.896s] [ 50%] [32mBuilding CXX object CMakeFiles/turtlesim__rosidl_typesupport_introspection_cpp.dir/rosidl_typesupport_introspection_cpp/turtlesim/srv/detail/teleport_absolute__type_support.cpp.o[0m
[3.903s] [ 50%] Built target turtlesim__rosidl_typesupport_introspection_c
[3.912s] [ 51%] [32mBuilding CXX object CMakeFiles/turtlesim__rosidl_typesupport_fastrtps_c.dir/rosidl_typesupport_fastrtps_c/turtlesim/msg/detail/color__type_support_c.cpp.o[0m
[3.990s] [ 52%] [32mBuilding CXX object CMakeFiles/turtlesim__rosidl_typesupport_introspection_cpp.dir/rosidl_typesupport_introspection_cpp/turtlesim/srv/detail/teleport_relative__type_support.cpp.o[0m
[4.049s] [ 53%] [32mBuilding CXX object CMakeFiles/turtlesim__rosidl_typesupport_fastrtps_cpp.dir/rosidl_typesupport_fastrtps_cpp/turtlesim/srv/detail/dds_fastrtps/set_pen__type_support.cpp.o[0m
[4.053s] [ 54%] [32mBuilding CXX object CMakeFiles/turtlesim__rosidl_typesupport_fastrtps_cpp.dir/rosidl_typesupport_fastrtps_cpp/turtlesim/srv/detail/dds_fastrtps/spawn__type_support.cpp.o[0m
[4.067s] [ 55%] [32mBuilding CXX object CMakeFiles/turtlesim__rosidl_typesupport_cpp.dir/rosidl_typesupport_cpp/turtlesim/srv/kill__type_support.cpp.o[0m
[4.144s] [ 56%] [32mBuilding CXX object CMakeFiles/turtlesim__rosidl_typesupport_cpp.dir/rosidl_typesupport_cpp/turtlesim/srv/set_pen__type_support.cpp.o[0m
[4.258s] [ 57%] [32mBuilding CXX object CMakeFiles/turtlesim__rosidl_typesupport_fastrtps_c.dir/rosidl_typesupport_fastrtps_c/turtlesim/msg/detail/pose__type_support_c.cpp.o[0m
[4.281s] [ 58%] [32mBuilding CXX object CMakeFiles/turtlesim__rosidl_typesupport_cpp.dir/rosidl_typesupport_cpp/turtlesim/srv/spawn__type_support.cpp.o[0m
[4.288s] [ 59%] [32mBuilding CXX object CMakeFiles/turtlesim__rosidl_typesupport_fastrtps_cpp.dir/rosidl_typesupport_fastrtps_cpp/turtlesim/srv/detail/dds_fastrtps/teleport_absolute__type_support.cpp.o[0m
[4.346s] [ 60%] [32mBuilding CXX object CMakeFiles/turtlesim__rosidl_typesupport_fastrtps_c.dir/rosidl_typesupport_fastrtps_c/turtlesim/srv/detail/kill__type_support_c.cpp.o[0m
[4.411s] [ 61%] [32m[1mLinking CXX shared library libturtlesim__rosidl_typesupport_introspection_cpp.so[0m
[4.418s] [ 62%] [32mBuilding CXX object CMakeFiles/turtlesim__rosidl_typesupport_fastrtps_cpp.dir/rosidl_typesupport_fastrtps_cpp/turtlesim/srv/detail/dds_fastrtps/teleport_relative__type_support.cpp.o[0m
[4.475s] [ 63%] [32mBuilding CXX object CMakeFiles/turtlesim__rosidl_typesupport_fastrtps_c.dir/rosidl_typesupport_fastrtps_c/turtlesim/srv/detail/set_pen__type_support_c.cpp.o[0m
[4.500s] [ 63%] Built target turtlesim__rosidl_typesupport_introspection_cpp
[4.503s] [ 64%] [32mBuilding CXX object CMakeFiles/turtlesim__rosidl_typesupport_fastrtps_c.dir/rosidl_typesupport_fastrtps_c/turtlesim/srv/detail/spawn__type_support_c.cpp.o[0m
[4.510s] [ 65%] [32mBuilding CXX object CMakeFiles/turtlesim__rosidl_typesupport_cpp.dir/rosidl_typesupport_cpp/turtlesim/srv/teleport_absolute__type_support.cpp.o[0m
[4.568s] [ 66%] [32mBuilding CXX object CMakeFiles/turtlesim__rosidl_typesupport_fastrtps_c.dir/rosidl_typesupport_fastrtps_c/turtlesim/srv/detail/teleport_absolute__type_support_c.cpp.o[0m
[4.617s] [ 67%] [32mBuilding CXX object CMakeFiles/turtlesim__rosidl_typesupport_cpp.dir/rosidl_typesupport_cpp/turtlesim/srv/teleport_relative__type_support.cpp.o[0m
[4.705s] [ 68%] [32mBuilding CXX object CMakeFiles/turtlesim__rosidl_typesupport_fastrtps_c.dir/rosidl_typesupport_fastrtps_c/turtlesim/srv/detail/teleport_relative__type_support_c.cpp.o[0m
[4.822s] [ 69%] [32m[1mLinking CXX shared library libturtlesim__rosidl_typesupport_fastrtps_cpp.so[0m
[4.879s] [ 69%] Built target turtlesim__rosidl_typesupport_fastrtps_cpp
[4.883s] [ 70%] [32m[1mLinking CXX shared library libturtlesim__rosidl_typesupport_cpp.so[0m
[4.913s] [ 70%] Built target turtlesim__rosidl_typesupport_cpp
[4.923s] [ 71%] [34m[1mGenerating include/turtlesim/moc_turtle_frame.cpp[0m
[4.929s] [ 72%] [32mBuilding CXX object CMakeFiles/draw_square.dir/tutorials/draw_square.cpp.o[0m
[4.930s] [ 74%] [32mBuilding CXX object CMakeFiles/mimic.dir/tutorials/mimic.cpp.o[0m
[4.930s] [ 74%] [32mBuilding CXX object CMakeFiles/turtle_teleop_key.dir/tutorials/teleop_turtle_key.cpp.o[0m
[4.975s] [ 75%] [32m[1mLinking CXX shared library libturtlesim__rosidl_typesupport_fastrtps_c.so[0m
[4.989s] [ 79%] [32mBuilding CXX object CMakeFiles/turtlesim_node.dir/src/turtle.cpp.o[0m
[4.989s] [ 79%] [32mBuilding CXX object CMakeFiles/turtlesim_node.dir/src/turtlesim.cpp.o[0m
[4.989s] [ 79%] [32mBuilding CXX object CMakeFiles/turtlesim_node.dir/include/turtlesim/moc_turtle_frame.cpp.o[0m
[4.989s] [ 79%] [32mBuilding CXX object CMakeFiles/turtlesim_node.dir/src/turtle_frame.cpp.o[0m
[5.052s] [ 79%] Built target turtlesim__rosidl_typesupport_fastrtps_c
[5.073s] [ 79%] Built target turtlesim
[5.094s] [ 80%] [34m[1mGenerating Python code for ROS interfaces[0m
[7.601s] [ 80%] Built target turtlesim__py
[7.637s] [ 81%] [32mBuilding C object CMakeFiles/turtlesim__rosidl_generator_py.dir/rosidl_generator_py/turtlesim/action/_rotate_absolute_s.c.o[0m
[7.802s] [ 82%] [32mBuilding C object CMakeFiles/turtlesim__rosidl_generator_py.dir/rosidl_generator_py/turtlesim/msg/_color_s.c.o[0m
[7.913s] [ 83%] [32mBuilding C object CMakeFiles/turtlesim__rosidl_generator_py.dir/rosidl_generator_py/turtlesim/msg/_pose_s.c.o[0m
[8.029s] [ 84%] [32mBuilding C object CMakeFiles/turtlesim__rosidl_generator_py.dir/rosidl_generator_py/turtlesim/srv/_kill_s.c.o[0m
[8.148s] [ 85%] [32mBuilding C object CMakeFiles/turtlesim__rosidl_generator_py.dir/rosidl_generator_py/turtlesim/srv/_set_pen_s.c.o[0m
[8.274s] [ 86%] [32mBuilding C object CMakeFiles/turtlesim__rosidl_generator_py.dir/rosidl_generator_py/turtlesim/srv/_spawn_s.c.o[0m
[8.395s] [ 87%] [32mBuilding C object CMakeFiles/turtlesim__rosidl_generator_py.dir/rosidl_generator_py/turtlesim/srv/_teleport_absolute_s.c.o[0m
[8.519s] [ 88%] [32mBuilding C object CMakeFiles/turtlesim__rosidl_generator_py.dir/rosidl_generator_py/turtlesim/srv/_teleport_relative_s.c.o[0m
[8.637s] [ 89%] [32m[1mLinking C shared library rosidl_generator_py/turtlesim/libturtlesim__rosidl_generator_py.so[0m
[8.692s] [ 89%] Built target turtlesim__rosidl_generator_py
[8.716s] [ 90%] [32mBuilding C object CMakeFiles/turtlesim__rosidl_typesupport_fastrtps_c__pyext.dir/rosidl_generator_py/turtlesim/_turtlesim_s.ep.rosidl_typesupport_fastrtps_c.c.o[0m
[8.889s] [ 91%] [32m[1mLinking C shared library rosidl_generator_py/turtlesim/turtlesim_s__rosidl_typesupport_fastrtps_c.cpython-310-x86_64-linux-gnu.so[0m
[8.934s] [ 91%] Built target turtlesim__rosidl_typesupport_fastrtps_c__pyext
[8.958s] [ 92%] [32mBuilding C object CMakeFiles/turtlesim__rosidl_typesupport_introspection_c__pyext.dir/rosidl_generator_py/turtlesim/_turtlesim_s.ep.rosidl_typesupport_introspection_c.c.o[0m
[9.142s] [ 93%] [32m[1mLinking C shared library rosidl_generator_py/turtlesim/turtlesim_s__rosidl_typesupport_introspection_c.cpython-310-x86_64-linux-gnu.so[0m
[9.187s] [ 93%] Built target turtlesim__rosidl_typesupport_introspection_c__pyext
[9.212s] [ 94%] [32mBuilding C object CMakeFiles/turtlesim__rosidl_typesupport_c__pyext.dir/rosidl_generator_py/turtlesim/_turtlesim_s.ep.rosidl_typesupport_c.c.o[0m
[9.427s] [ 95%] [32m[1mLinking C shared library rosidl_generator_py/turtlesim/turtlesim_s__rosidl_typesupport_c.cpython-310-x86_64-linux-gnu.so[0m
[9.472s] [ 95%] Built target turtlesim__rosidl_typesupport_c__pyext
[11.409s] [ 96%] [32m[1mLinking CXX executable turtle_teleop_key[0m
[11.691s] [ 96%] Built target turtle_teleop_key
[12.993s] [ 97%] [32m[1mLinking CXX executable mimic[0m
[13.313s] [ 97%] Built target mimic
[13.698s] [ 98%] [32m[1mLinking CXX executable draw_square[0m
[14.042s] [ 98%] Built target draw_square
[16.011s] [100%] [32m[1mLinking CXX executable turtlesim_node[0m
[17.594s] [100%] Built target turtlesim_node
[17.604s] Invoked command in '/home/avmi-lab-user/ros2_ws/build/turtlesim' returned '0': CMAKE_PREFIX_PATH=${CMAKE_PREFIX_PATH}:/home/avmi-lab-user/turtlebot4_ws/install/py_sub:/home/avmi-lab-user/turtlebot4_ws/install/path_pubsub:/home/avmi-lab-user/turtlebot4_ws/install/opencv_tests:/home/avmi-lab-user/turtlebot4_ws/install/avmi_lab_threat_field:/opt/ros/humble /usr/bin/cmake --build /home/avmi-lab-user/ros2_ws/build/turtlesim -- -j8 -l8
[17.611s] Invoking command in '/home/avmi-lab-user/ros2_ws/build/turtlesim': CMAKE_PREFIX_PATH=${CMAKE_PREFIX_PATH}:/home/avmi-lab-user/turtlebot4_ws/install/py_sub:/home/avmi-lab-user/turtlebot4_ws/install/path_pubsub:/home/avmi-lab-user/turtlebot4_ws/install/opencv_tests:/home/avmi-lab-user/turtlebot4_ws/install/avmi_lab_threat_field:/opt/ros/humble /usr/bin/cmake --install /home/avmi-lab-user/ros2_ws/build/turtlesim
[17.616s] -- Install configuration: ""
[17.616s] -- Installing: /home/avmi-lab-user/ros2_ws/install/turtlesim/share/ament_index/resource_index/rosidl_interfaces/turtlesim
[17.616s] -- Installing: /home/avmi-lab-user/ros2_ws/install/turtlesim/include/turtlesim/turtlesim
[17.616s] -- Installing: /home/avmi-lab-user/ros2_ws/install/turtlesim/include/turtlesim/turtlesim/action
[17.617s] -- Installing: /home/avmi-lab-user/ros2_ws/install/turtlesim/include/turtlesim/turtlesim/action/rotate_absolute.h
[17.617s] -- Installing: /home/avmi-lab-user/ros2_ws/install/turtlesim/include/turtlesim/turtlesim/action/detail
[17.617s] -- Installing: /home/avmi-lab-user/ros2_ws/install/turtlesim/include/turtlesim/turtlesim/action/detail/rotate_absolute__functions.h
[17.617s] -- Installing: /home/avmi-lab-user/ros2_ws/install/turtlesim/include/turtlesim/turtlesim/action/detail/rotate_absolute__functions.c
[17.617s] -- Installing: /home/avmi-lab-user/ros2_ws/install/turtlesim/include/turtlesim/turtlesim/action/detail/rotate_absolute__struct.h
[17.617s] -- Installing: /home/avmi-lab-user/ros2_ws/install/turtlesim/include/turtlesim/turtlesim/action/detail/rotate_absolute__type_support.h
[17.617s] -- Installing: /home/avmi-lab-user/ros2_ws/install/turtlesim/include/turtlesim/turtlesim/srv
[17.617s] -- Installing: /home/avmi-lab-user/ros2_ws/install/turtlesim/include/turtlesim/turtlesim/srv/spawn.h
[17.617s] -- Installing: /home/avmi-lab-user/ros2_ws/install/turtlesim/include/turtlesim/turtlesim/srv/kill.h
[17.617s] -- Installing: /home/avmi-lab-user/ros2_ws/install/turtlesim/include/turtlesim/turtlesim/srv/teleport_relative.h
[17.617s] -- Installing: /home/avmi-lab-user/ros2_ws/install/turtlesim/include/turtlesim/turtlesim/srv/set_pen.h
[17.617s] -- Installing: /home/avmi-lab-user/ros2_ws/install/turtlesim/include/turtlesim/turtlesim/srv/teleport_absolute.h
[17.617s] -- Installing: /home/avmi-lab-user/ros2_ws/install/turtlesim/include/turtlesim/turtlesim/srv/detail
[17.617s] -- Installing: /home/avmi-lab-user/ros2_ws/install/turtlesim/include/turtlesim/turtlesim/srv/detail/kill__functions.c
[17.617s] -- Installing: /home/avmi-lab-user/ros2_ws/install/turtlesim/include/turtlesim/turtlesim/srv/detail/teleport_absolute__type_support.h
[17.617s] -- Installing: /home/avmi-lab-user/ros2_ws/install/turtlesim/include/turtlesim/turtlesim/srv/detail/spawn__struct.h
[17.617s] -- Installing: /home/avmi-lab-user/ros2_ws/install/turtlesim/include/turtlesim/turtlesim/srv/detail/set_pen__struct.h
[17.618s] -- Installing: /home/avmi-lab-user/ros2_ws/install/turtlesim/include/turtlesim/turtlesim/srv/detail/spawn__type_support.h
[17.618s] -- Installing: /home/avmi-lab-user/ros2_ws/install/turtlesim/include/turtlesim/turtlesim/srv/detail/teleport_relative__type_support.h
[17.618s] -- Installing: /home/avmi-lab-user/ros2_ws/install/turtlesim/include/turtlesim/turtlesim/srv/detail/kill__functions.h
[17.618s] -- Installing: /home/avmi-lab-user/ros2_ws/install/turtlesim/include/turtlesim/turtlesim/srv/detail/set_pen__functions.h
[17.618s] -- Installing: /home/avmi-lab-user/ros2_ws/install/turtlesim/include/turtlesim/turtlesim/srv/detail/kill__type_support.h
[17.618s] -- Installing: /home/avmi-lab-user/ros2_ws/install/turtlesim/include/turtlesim/turtlesim/srv/detail/set_pen__functions.c
[17.618s] -- Installing: /home/avmi-lab-user/ros2_ws/install/turtlesim/include/turtlesim/turtlesim/srv/detail/teleport_relative__functions.c
[17.618s] -- Installing: /home/avmi-lab-user/ros2_ws/install/turtlesim/include/turtlesim/turtlesim/srv/detail/kill__struct.h
[17.618s] -- Installing: /home/avmi-lab-user/ros2_ws/install/turtlesim/include/turtlesim/turtlesim/srv/detail/spawn__functions.c
[17.618s] -- Installing: /home/avmi-lab-user/ros2_ws/install/turtlesim/include/turtlesim/turtlesim/srv/detail/teleport_relative__struct.h
[17.618s] -- Installing: /home/avmi-lab-user/ros2_ws/install/turtlesim/include/turtlesim/turtlesim/srv/detail/teleport_absolute__struct.h
[17.618s] -- Installing: /home/avmi-lab-user/ros2_ws/install/turtlesim/include/turtlesim/turtlesim/srv/detail/teleport_absolute__functions.h
[17.618s] -- Installing: /home/avmi-lab-user/ros2_ws/install/turtlesim/include/turtlesim/turtlesim/srv/detail/spawn__functions.h
[17.618s] -- Installing: /home/avmi-lab-user/ros2_ws/install/turtlesim/include/turtlesim/turtlesim/srv/detail/teleport_absolute__functions.c
[17.618s] -- Installing: /home/avmi-lab-user/ros2_ws/install/turtlesim/include/turtlesim/turtlesim/srv/detail/set_pen__type_support.h
[17.618s] -- Installing: /home/avmi-lab-user/ros2_ws/install/turtlesim/include/turtlesim/turtlesim/srv/detail/teleport_relative__functions.h
[17.618s] -- Installing: /home/avmi-lab-user/ros2_ws/install/turtlesim/include/turtlesim/turtlesim/msg
[17.618s] -- Installing: /home/avmi-lab-user/ros2_ws/install/turtlesim/include/turtlesim/turtlesim/msg/pose.h
[17.618s] -- Installing: /home/avmi-lab-user/ros2_ws/install/turtlesim/include/turtlesim/turtlesim/msg/rosidl_generator_c__visibility_control.h
[17.619s] -- Installing: /home/avmi-lab-user/ros2_ws/install/turtlesim/include/turtlesim/turtlesim/msg/color.h
[17.619s] -- Installing: /home/avmi-lab-user/ros2_ws/install/turtlesim/include/turtlesim/turtlesim/msg/detail
[17.619s] -- Installing: /home/avmi-lab-user/ros2_ws/install/turtlesim/include/turtlesim/turtlesim/msg/detail/color__functions.c
[17.619s] -- Installing: /home/avmi-lab-user/ros2_ws/install/turtlesim/include/turtlesim/turtlesim/msg/detail/color__struct.h
[17.619s] -- Installing: /home/avmi-lab-user/ros2_ws/install/turtlesim/include/turtlesim/turtlesim/msg/detail/pose__struct.h
[17.619s] -- Installing: /home/avmi-lab-user/ros2_ws/install/turtlesim/include/turtlesim/turtlesim/msg/detail/pose__type_support.h
[17.619s] -- Installing: /home/avmi-lab-user/ros2_ws/install/turtlesim/include/turtlesim/turtlesim/msg/detail/pose__functions.h
[17.619s] -- Installing: /home/avmi-lab-user/ros2_ws/install/turtlesim/include/turtlesim/turtlesim/msg/detail/color__functions.h
[17.619s] -- Installing: /home/avmi-lab-user/ros2_ws/install/turtlesim/include/turtlesim/turtlesim/msg/detail/color__type_support.h
[17.619s] -- Installing: /home/avmi-lab-user/ros2_ws/install/turtlesim/include/turtlesim/turtlesim/msg/detail/pose__functions.c
[17.619s] -- Installing: /home/avmi-lab-user/ros2_ws/install/turtlesim/share/turtlesim/environment/library_path.sh
[17.619s] -- Installing: /home/avmi-lab-user/ros2_ws/install/turtlesim/share/turtlesim/environment/library_path.dsv
[17.619s] -- Installing: /home/avmi-lab-user/ros2_ws/install/turtlesim/lib/libturtlesim__rosidl_generator_c.so
[17.619s] -- Set runtime path of "/home/avmi-lab-user/ros2_ws/install/turtlesim/lib/libturtlesim__rosidl_generator_c.so" to ""
[17.619s] -- Up-to-date: /home/avmi-lab-user/ros2_ws/install/turtlesim/include/turtlesim/turtlesim
[17.619s] -- Up-to-date: /home/avmi-lab-user/ros2_ws/install/turtlesim/include/turtlesim/turtlesim/action
[17.620s] -- Up-to-date: /home/avmi-lab-user/ros2_ws/install/turtlesim/include/turtlesim/turtlesim/action/detail
[17.620s] -- Installing: /home/avmi-lab-user/ros2_ws/install/turtlesim/include/turtlesim/turtlesim/action/detail/rotate_absolute__rosidl_typesupport_fastrtps_c.h
[17.620s] -- Up-to-date: /home/avmi-lab-user/ros2_ws/install/turtlesim/include/turtlesim/turtlesim/srv
[17.620s] -- Up-to-date: /home/avmi-lab-user/ros2_ws/install/turtlesim/include/turtlesim/turtlesim/srv/detail
[17.620s] -- Installing: /home/avmi-lab-user/ros2_ws/install/turtlesim/include/turtlesim/turtlesim/srv/detail/teleport_relative__rosidl_typesupport_fastrtps_c.h
[17.620s] -- Installing: /home/avmi-lab-user/ros2_ws/install/turtlesim/include/turtlesim/turtlesim/srv/detail/teleport_absolute__rosidl_typesupport_fastrtps_c.h
[17.620s] -- Installing: /home/avmi-lab-user/ros2_ws/install/turtlesim/include/turtlesim/turtlesim/srv/detail/set_pen__rosidl_typesupport_fastrtps_c.h
[17.620s] -- Installing: /home/avmi-lab-user/ros2_ws/install/turtlesim/include/turtlesim/turtlesim/srv/detail/kill__rosidl_typesupport_fastrtps_c.h
[17.620s] -- Installing: /home/avmi-lab-user/ros2_ws/install/turtlesim/include/turtlesim/turtlesim/srv/detail/spawn__rosidl_typesupport_fastrtps_c.h
[17.620s] -- Up-to-date: /home/avmi-lab-user/ros2_ws/install/turtlesim/include/turtlesim/turtlesim/msg
[17.620s] -- Installing: /home/avmi-lab-user/ros2_ws/install/turtlesim/include/turtlesim/turtlesim/msg/rosidl_typesupport_fastrtps_c__visibility_control.h
[17.620s] -- Up-to-date: /home/avmi-lab-user/ros2_ws/install/turtlesim/include/turtlesim/turtlesim/msg/detail
[17.620s] -- Installing: /home/avmi-lab-user/ros2_ws/install/turtlesim/include/turtlesim/turtlesim/msg/detail/pose__rosidl_typesupport_fastrtps_c.h
[17.620s] -- Installing: /home/avmi-lab-user/ros2_ws/install/turtlesim/include/turtlesim/turtlesim/msg/detail/color__rosidl_typesupport_fastrtps_c.h
[17.620s] -- Installing: /home/avmi-lab-user/ros2_ws/install/turtlesim/lib/libturtlesim__rosidl_typesupport_fastrtps_c.so
[17.620s] -- Set runtime path of "/home/avmi-lab-user/ros2_ws/install/turtlesim/lib/libturtlesim__rosidl_typesupport_fastrtps_c.so" to ""
[17.620s] -- Up-to-date: /home/avmi-lab-user/ros2_ws/install/turtlesim/include/turtlesim/turtlesim
[17.620s] -- Up-to-date: /home/avmi-lab-user/ros2_ws/install/turtlesim/include/turtlesim/turtlesim/action
[17.620s] -- Installing: /home/avmi-lab-user/ros2_ws/install/turtlesim/include/turtlesim/turtlesim/action/rotate_absolute.hpp
[17.620s] -- Up-to-date: /home/avmi-lab-user/ros2_ws/install/turtlesim/include/turtlesim/turtlesim/action/detail
[17.621s] -- Installing: /home/avmi-lab-user/ros2_ws/install/turtlesim/include/turtlesim/turtlesim/action/detail/rotate_absolute__type_support.hpp
[17.621s] -- Installing: /home/avmi-lab-user/ros2_ws/install/turtlesim/include/turtlesim/turtlesim/action/detail/rotate_absolute__builder.hpp
[17.621s] -- Installing: /home/avmi-lab-user/ros2_ws/install/turtlesim/include/turtlesim/turtlesim/action/detail/rotate_absolute__struct.hpp
[17.621s] -- Installing: /home/avmi-lab-user/ros2_ws/install/turtlesim/include/turtlesim/turtlesim/action/detail/rotate_absolute__traits.hpp
[17.621s] -- Up-to-date: /home/avmi-lab-user/ros2_ws/install/turtlesim/include/turtlesim/turtlesim/srv
[17.621s] -- Installing: /home/avmi-lab-user/ros2_ws/install/turtlesim/include/turtlesim/turtlesim/srv/kill.hpp
[17.621s] -- Installing: /home/avmi-lab-user/ros2_ws/install/turtlesim/include/turtlesim/turtlesim/srv/teleport_relative.hpp
[17.621s] -- Installing: /home/avmi-lab-user/ros2_ws/install/turtlesim/include/turtlesim/turtlesim/srv/spawn.hpp
[17.621s] -- Installing: /home/avmi-lab-user/ros2_ws/install/turtlesim/include/turtlesim/turtlesim/srv/teleport_absolute.hpp
[17.621s] -- Installing: /home/avmi-lab-user/ros2_ws/install/turtlesim/include/turtlesim/turtlesim/srv/set_pen.hpp
[17.621s] -- Up-to-date: /home/avmi-lab-user/ros2_ws/install/turtlesim/include/turtlesim/turtlesim/srv/detail
[17.621s] -- Installing: /home/avmi-lab-user/ros2_ws/install/turtlesim/include/turtlesim/turtlesim/srv/detail/set_pen__struct.hpp
[17.621s] -- Installing: /home/avmi-lab-user/ros2_ws/install/turtlesim/include/turtlesim/turtlesim/srv/detail/kill__traits.hpp
[17.621s] -- Installing: /home/avmi-lab-user/ros2_ws/install/turtlesim/include/turtlesim/turtlesim/srv/detail/spawn__traits.hpp
[17.621s] -- Installing: /home/avmi-lab-user/ros2_ws/install/turtlesim/include/turtlesim/turtlesim/srv/detail/teleport_relative__builder.hpp
[17.621s] -- Installing: /home/avmi-lab-user/ros2_ws/install/turtlesim/include/turtlesim/turtlesim/srv/detail/teleport_absolute__type_support.hpp
[17.621s] -- Installing: /home/avmi-lab-user/ros2_ws/install/turtlesim/include/turtlesim/turtlesim/srv/detail/teleport_absolute__traits.hpp
[17.621s] -- Installing: /home/avmi-lab-user/ros2_ws/install/turtlesim/include/turtlesim/turtlesim/srv/detail/teleport_absolute__struct.hpp
[17.621s] -- Installing: /home/avmi-lab-user/ros2_ws/install/turtlesim/include/turtlesim/turtlesim/srv/detail/spawn__struct.hpp
[17.621s] -- Installing: /home/avmi-lab-user/ros2_ws/install/turtlesim/include/turtlesim/turtlesim/srv/detail/kill__struct.hpp
[17.622s] -- Installing: /home/avmi-lab-user/ros2_ws/install/turtlesim/include/turtlesim/turtlesim/srv/detail/teleport_relative__traits.hpp
[17.622s] -- Installing: /home/avmi-lab-user/ros2_ws/install/turtlesim/include/turtlesim/turtlesim/srv/detail/teleport_absolute__builder.hpp
[17.622s] -- Installing: /home/avmi-lab-user/ros2_ws/install/turtlesim/include/turtlesim/turtlesim/srv/detail/set_pen__builder.hpp
[17.622s] -- Installing: /home/avmi-lab-user/ros2_ws/install/turtlesim/include/turtlesim/turtlesim/srv/detail/set_pen__type_support.hpp
[17.622s] -- Installing: /home/avmi-lab-user/ros2_ws/install/turtlesim/include/turtlesim/turtlesim/srv/detail/spawn__type_support.hpp
[17.622s] -- Installing: /home/avmi-lab-user/ros2_ws/install/turtlesim/include/turtlesim/turtlesim/srv/detail/teleport_relative__type_support.hpp
[17.622s] -- Installing: /home/avmi-lab-user/ros2_ws/install/turtlesim/include/turtlesim/turtlesim/srv/detail/set_pen__traits.hpp
[17.622s] -- Installing: /home/avmi-lab-user/ros2_ws/install/turtlesim/include/turtlesim/turtlesim/srv/detail/teleport_relative__struct.hpp
[17.622s] -- Installing: /home/avmi-lab-user/ros2_ws/install/turtlesim/include/turtlesim/turtlesim/srv/detail/kill__type_support.hpp
[17.622s] -- Installing: /home/avmi-lab-user/ros2_ws/install/turtlesim/include/turtlesim/turtlesim/srv/detail/kill__builder.hpp
[17.622s] -- Installing: /home/avmi-lab-user/ros2_ws/install/turtlesim/include/turtlesim/turtlesim/srv/detail/spawn__builder.hpp
[17.622s] -- Up-to-date: /home/avmi-lab-user/ros2_ws/install/turtlesim/include/turtlesim/turtlesim/msg
[17.622s] -- Installing: /home/avmi-lab-user/ros2_ws/install/turtlesim/include/turtlesim/turtlesim/msg/pose.hpp
[17.622s] -- Installing: /home/avmi-lab-user/ros2_ws/install/turtlesim/include/turtlesim/turtlesim/msg/rosidl_generator_cpp__visibility_control.hpp
[17.622s] -- Installing: /home/avmi-lab-user/ros2_ws/install/turtlesim/include/turtlesim/turtlesim/msg/color.hpp
[17.622s] -- Up-to-date: /home/avmi-lab-user/ros2_ws/install/turtlesim/include/turtlesim/turtlesim/msg/detail
[17.622s] -- Installing: /home/avmi-lab-user/ros2_ws/install/turtlesim/include/turtlesim/turtlesim/msg/detail/pose__builder.hpp
[17.622s] -- Installing: /home/avmi-lab-user/ros2_ws/install/turtlesim/include/turtlesim/turtlesim/msg/detail/color__type_support.hpp
[17.622s] -- Installing: /home/avmi-lab-user/ros2_ws/install/turtlesim/include/turtlesim/turtlesim/msg/detail/color__struct.hpp
[17.622s] -- Installing: /home/avmi-lab-user/ros2_ws/install/turtlesim/include/turtlesim/turtlesim/msg/detail/pose__type_support.hpp
[17.622s] -- Installing: /home/avmi-lab-user/ros2_ws/install/turtlesim/include/turtlesim/turtlesim/msg/detail/color__builder.hpp
[17.623s] -- Installing: /home/avmi-lab-user/ros2_ws/install/turtlesim/include/turtlesim/turtlesim/msg/detail/pose__traits.hpp
[17.623s] -- Installing: /home/avmi-lab-user/ros2_ws/install/turtlesim/include/turtlesim/turtlesim/msg/detail/color__traits.hpp
[17.623s] -- Installing: /home/avmi-lab-user/ros2_ws/install/turtlesim/include/turtlesim/turtlesim/msg/detail/pose__struct.hpp
[17.623s] -- Up-to-date: /home/avmi-lab-user/ros2_ws/install/turtlesim/include/turtlesim/turtlesim
[17.623s] -- Up-to-date: /home/avmi-lab-user/ros2_ws/install/turtlesim/include/turtlesim/turtlesim/action
[17.623s] -- Up-to-date: /home/avmi-lab-user/ros2_ws/install/turtlesim/include/turtlesim/turtlesim/action/detail
[17.623s] -- Installing: /home/avmi-lab-user/ros2_ws/install/turtlesim/include/turtlesim/turtlesim/action/detail/rotate_absolute__rosidl_typesupport_fastrtps_cpp.hpp
[17.623s] -- Installing: /home/avmi-lab-user/ros2_ws/install/turtlesim/include/turtlesim/turtlesim/action/detail/dds_fastrtps
[17.623s] -- Up-to-date: /home/avmi-lab-user/ros2_ws/install/turtlesim/include/turtlesim/turtlesim/srv
[17.623s] -- Up-to-date: /home/avmi-lab-user/ros2_ws/install/turtlesim/include/turtlesim/turtlesim/srv/detail
[17.623s] -- Installing: /home/avmi-lab-user/ros2_ws/install/turtlesim/include/turtlesim/turtlesim/srv/detail/teleport_relative__rosidl_typesupport_fastrtps_cpp.hpp
[17.623s] -- Installing: /home/avmi-lab-user/ros2_ws/install/turtlesim/include/turtlesim/turtlesim/srv/detail/spawn__rosidl_typesupport_fastrtps_cpp.hpp
[17.623s] -- Installing: /home/avmi-lab-user/ros2_ws/install/turtlesim/include/turtlesim/turtlesim/srv/detail/teleport_absolute__rosidl_typesupport_fastrtps_cpp.hpp
[17.623s] -- Installing: /home/avmi-lab-user/ros2_ws/install/turtlesim/include/turtlesim/turtlesim/srv/detail/kill__rosidl_typesupport_fastrtps_cpp.hpp
[17.623s] -- Installing: /home/avmi-lab-user/ros2_ws/install/turtlesim/include/turtlesim/turtlesim/srv/detail/set_pen__rosidl_typesupport_fastrtps_cpp.hpp
[17.623s] -- Installing: /home/avmi-lab-user/ros2_ws/install/turtlesim/include/turtlesim/turtlesim/srv/detail/dds_fastrtps
[17.623s] -- Up-to-date: /home/avmi-lab-user/ros2_ws/install/turtlesim/include/turtlesim/turtlesim/msg
[17.623s] -- Installing: /home/avmi-lab-user/ros2_ws/install/turtlesim/include/turtlesim/turtlesim/msg/rosidl_typesupport_fastrtps_cpp__visibility_control.h
[17.623s] -- Up-to-date: /home/avmi-lab-user/ros2_ws/install/turtlesim/include/turtlesim/turtlesim/msg/detail
[17.623s] -- Installing: /home/avmi-lab-user/ros2_ws/install/turtlesim/include/turtlesim/turtlesim/msg/detail/color__rosidl_typesupport_fastrtps_cpp.hpp
[17.623s] -- Installing: /home/avmi-lab-user/ros2_ws/install/turtlesim/include/turtlesim/turtlesim/msg/detail/pose__rosidl_typesupport_fastrtps_cpp.hpp
[17.624s] -- Installing: /home/avmi-lab-user/ros2_ws/install/turtlesim/include/turtlesim/turtlesim/msg/detail/dds_fastrtps
[17.624s] -- Installing: /home/avmi-lab-user/ros2_ws/install/turtlesim/lib/libturtlesim__rosidl_typesupport_fastrtps_cpp.so
[17.624s] -- Set runtime path of "/home/avmi-lab-user/ros2_ws/install/turtlesim/lib/libturtlesim__rosidl_typesupport_fastrtps_cpp.so" to ""
[17.624s] -- Up-to-date: /home/avmi-lab-user/ros2_ws/install/turtlesim/include/turtlesim/turtlesim
[17.624s] -- Up-to-date: /home/avmi-lab-user/ros2_ws/install/turtlesim/include/turtlesim/turtlesim/action
[17.624s] -- Up-to-date: /home/avmi-lab-user/ros2_ws/install/turtlesim/include/turtlesim/turtlesim/action/detail
[17.624s] -- Installing: /home/avmi-lab-user/ros2_ws/install/turtlesim/include/turtlesim/turtlesim/action/detail/rotate_absolute__rosidl_typesupport_introspection_c.h
[17.624s] -- Installing: /home/avmi-lab-user/ros2_ws/install/turtlesim/include/turtlesim/turtlesim/action/detail/rotate_absolute__type_support.c
[17.624s] -- Up-to-date: /home/avmi-lab-user/ros2_ws/install/turtlesim/include/turtlesim/turtlesim/srv
[17.624s] -- Up-to-date: /home/avmi-lab-user/ros2_ws/install/turtlesim/include/turtlesim/turtlesim/srv/detail
[17.624s] -- Installing: /home/avmi-lab-user/ros2_ws/install/turtlesim/include/turtlesim/turtlesim/srv/detail/set_pen__rosidl_typesupport_introspection_c.h
[17.624s] -- Installing: /home/avmi-lab-user/ros2_ws/install/turtlesim/include/turtlesim/turtlesim/srv/detail/teleport_relative__type_support.c
[17.624s] -- Installing: /home/avmi-lab-user/ros2_ws/install/turtlesim/include/turtlesim/turtlesim/srv/detail/spawn__type_support.c
[17.624s] -- Installing: /home/avmi-lab-user/ros2_ws/install/turtlesim/include/turtlesim/turtlesim/srv/detail/teleport_absolute__type_support.c
[17.624s] -- Installing: /home/avmi-lab-user/ros2_ws/install/turtlesim/include/turtlesim/turtlesim/srv/detail/teleport_absolute__rosidl_typesupport_introspection_c.h
[17.624s] -- Installing: /home/avmi-lab-user/ros2_ws/install/turtlesim/include/turtlesim/turtlesim/srv/detail/kill__rosidl_typesupport_introspection_c.h
[17.624s] -- Installing: /home/avmi-lab-user/ros2_ws/install/turtlesim/include/turtlesim/turtlesim/srv/detail/set_pen__type_support.c
[17.624s] -- Installing: /home/avmi-lab-user/ros2_ws/install/turtlesim/include/turtlesim/turtlesim/srv/detail/spawn__rosidl_typesupport_introspection_c.h
[17.624s] -- Installing: /home/avmi-lab-user/ros2_ws/install/turtlesim/include/turtlesim/turtlesim/srv/detail/teleport_relative__rosidl_typesupport_introspection_c.h
[17.624s] -- Installing: /home/avmi-lab-user/ros2_ws/install/turtlesim/include/turtlesim/turtlesim/srv/detail/kill__type_support.c
[17.624s] -- Up-to-date: /home/avmi-lab-user/ros2_ws/install/turtlesim/include/turtlesim/turtlesim/msg
[17.625s] -- Installing: /home/avmi-lab-user/ros2_ws/install/turtlesim/include/turtlesim/turtlesim/msg/rosidl_typesupport_introspection_c__visibility_control.h
[17.625s] -- Up-to-date: /home/avmi-lab-user/ros2_ws/install/turtlesim/include/turtlesim/turtlesim/msg/detail
[17.625s] -- Installing: /home/avmi-lab-user/ros2_ws/install/turtlesim/include/turtlesim/turtlesim/msg/detail/color__rosidl_typesupport_introspection_c.h
[17.625s] -- Installing: /home/avmi-lab-user/ros2_ws/install/turtlesim/include/turtlesim/turtlesim/msg/detail/pose__type_support.c
[17.625s] -- Installing: /home/avmi-lab-user/ros2_ws/install/turtlesim/include/turtlesim/turtlesim/msg/detail/pose__rosidl_typesupport_introspection_c.h
[17.625s] -- Installing: /home/avmi-lab-user/ros2_ws/install/turtlesim/include/turtlesim/turtlesim/msg/detail/color__type_support.c
[17.625s] -- Installing: /home/avmi-lab-user/ros2_ws/install/turtlesim/lib/libturtlesim__rosidl_typesupport_introspection_c.so
[17.625s] -- Set runtime path of "/home/avmi-lab-user/ros2_ws/install/turtlesim/lib/libturtlesim__rosidl_typesupport_introspection_c.so" to ""
[17.625s] -- Installing: /home/avmi-lab-user/ros2_ws/install/turtlesim/lib/libturtlesim__rosidl_typesupport_c.so
[17.625s] -- Set runtime path of "/home/avmi-lab-user/ros2_ws/install/turtlesim/lib/libturtlesim__rosidl_typesupport_c.so" to ""
[17.625s] -- Up-to-date: /home/avmi-lab-user/ros2_ws/install/turtlesim/include/turtlesim/turtlesim
[17.625s] -- Up-to-date: /home/avmi-lab-user/ros2_ws/install/turtlesim/include/turtlesim/turtlesim/action
[17.625s] -- Up-to-date: /home/avmi-lab-user/ros2_ws/install/turtlesim/include/turtlesim/turtlesim/action/detail
[17.625s] -- Installing: /home/avmi-lab-user/ros2_ws/install/turtlesim/include/turtlesim/turtlesim/action/detail/rotate_absolute__type_support.cpp
[17.625s] -- Installing: /home/avmi-lab-user/ros2_ws/install/turtlesim/include/turtlesim/turtlesim/action/detail/rotate_absolute__rosidl_typesupport_introspection_cpp.hpp
[17.625s] -- Up-to-date: /home/avmi-lab-user/ros2_ws/install/turtlesim/include/turtlesim/turtlesim/srv
[17.625s] -- Up-to-date: /home/avmi-lab-user/ros2_ws/install/turtlesim/include/turtlesim/turtlesim/srv/detail
[17.625s] -- Installing: /home/avmi-lab-user/ros2_ws/install/turtlesim/include/turtlesim/turtlesim/srv/detail/teleport_absolute__type_support.cpp
[17.625s] -- Installing: /home/avmi-lab-user/ros2_ws/install/turtlesim/include/turtlesim/turtlesim/srv/detail/kill__rosidl_typesupport_introspection_cpp.hpp
[17.625s] -- Installing: /home/avmi-lab-user/ros2_ws/install/turtlesim/include/turtlesim/turtlesim/srv/detail/spawn__rosidl_typesupport_introspection_cpp.hpp
[17.625s] -- Installing: /home/avmi-lab-user/ros2_ws/install/turtlesim/include/turtlesim/turtlesim/srv/detail/teleport_relative__type_support.cpp
[17.626s] -- Installing: /home/avmi-lab-user/ros2_ws/install/turtlesim/include/turtlesim/turtlesim/srv/detail/set_pen__type_support.cpp
[17.626s] -- Installing: /home/avmi-lab-user/ros2_ws/install/turtlesim/include/turtlesim/turtlesim/srv/detail/kill__type_support.cpp
[17.626s] -- Installing: /home/avmi-lab-user/ros2_ws/install/turtlesim/include/turtlesim/turtlesim/srv/detail/teleport_absolute__rosidl_typesupport_introspection_cpp.hpp
[17.626s] -- Installing: /home/avmi-lab-user/ros2_ws/install/turtlesim/include/turtlesim/turtlesim/srv/detail/set_pen__rosidl_typesupport_introspection_cpp.hpp
[17.626s] -- Installing: /home/avmi-lab-user/ros2_ws/install/turtlesim/include/turtlesim/turtlesim/srv/detail/spawn__type_support.cpp
[17.626s] -- Installing: /home/avmi-lab-user/ros2_ws/install/turtlesim/include/turtlesim/turtlesim/srv/detail/teleport_relative__rosidl_typesupport_introspection_cpp.hpp
[17.626s] -- Up-to-date: /home/avmi-lab-user/ros2_ws/install/turtlesim/include/turtlesim/turtlesim/msg
[17.626s] -- Up-to-date: /home/avmi-lab-user/ros2_ws/install/turtlesim/include/turtlesim/turtlesim/msg/detail
[17.626s] -- Installing: /home/avmi-lab-user/ros2_ws/install/turtlesim/include/turtlesim/turtlesim/msg/detail/color__rosidl_typesupport_introspection_cpp.hpp
[17.626s] -- Installing: /home/avmi-lab-user/ros2_ws/install/turtlesim/include/turtlesim/turtlesim/msg/detail/color__type_support.cpp
[17.626s] -- Installing: /home/avmi-lab-user/ros2_ws/install/turtlesim/include/turtlesim/turtlesim/msg/detail/pose__type_support.cpp
[17.626s] -- Installing: /home/avmi-lab-user/ros2_ws/install/turtlesim/include/turtlesim/turtlesim/msg/detail/pose__rosidl_typesupport_introspection_cpp.hpp
[17.626s] -- Installing: /home/avmi-lab-user/ros2_ws/install/turtlesim/lib/libturtlesim__rosidl_typesupport_introspection_cpp.so
[17.626s] -- Set runtime path of "/home/avmi-lab-user/ros2_ws/install/turtlesim/lib/libturtlesim__rosidl_typesupport_introspection_cpp.so" to ""
[17.626s] -- Installing: /home/avmi-lab-user/ros2_ws/install/turtlesim/lib/libturtlesim__rosidl_typesupport_cpp.so
[17.626s] -- Set runtime path of "/home/avmi-lab-user/ros2_ws/install/turtlesim/lib/libturtlesim__rosidl_typesupport_cpp.so" to ""
[17.626s] -- Installing: /home/avmi-lab-user/ros2_ws/install/turtlesim/share/turtlesim/environment/pythonpath.sh
[17.626s] -- Installing: /home/avmi-lab-user/ros2_ws/install/turtlesim/share/turtlesim/environment/pythonpath.dsv
[17.627s] -- Installing: /home/avmi-lab-user/ros2_ws/install/turtlesim/local/lib/python3.10/dist-packages/turtlesim-1.4.2-py3.10.egg-info
[17.627s] -- Installing: /home/avmi-lab-user/ros2_ws/install/turtlesim/local/lib/python3.10/dist-packages/turtlesim-1.4.2-py3.10.egg-info/dependency_links.txt
[17.627s] -- Installing: /home/avmi-lab-user/ros2_ws/install/turtlesim/local/lib/python3.10/dist-packages/turtlesim-1.4.2-py3.10.egg-info/PKG-INFO
[17.627s] -- Installing: /home/avmi-lab-user/ros2_ws/install/turtlesim/local/lib/python3.10/dist-packages/turtlesim-1.4.2-py3.10.egg-info/top_level.txt
[17.627s] -- Installing: /home/avmi-lab-user/ros2_ws/install/turtlesim/local/lib/python3.10/dist-packages/turtlesim-1.4.2-py3.10.egg-info/SOURCES.txt
[17.627s] -- Installing: /home/avmi-lab-user/ros2_ws/install/turtlesim/local/lib/python3.10/dist-packages/turtlesim
[17.627s] -- Installing: /home/avmi-lab-user/ros2_ws/install/turtlesim/local/lib/python3.10/dist-packages/turtlesim/_turtlesim_s.ep.rosidl_typesupport_introspection_c.c
[17.627s] -- Installing: /home/avmi-lab-user/ros2_ws/install/turtlesim/local/lib/python3.10/dist-packages/turtlesim/action
[17.627s] -- Installing: /home/avmi-lab-user/ros2_ws/install/turtlesim/local/lib/python3.10/dist-packages/turtlesim/action/_rotate_absolute.py
[17.627s] -- Installing: /home/avmi-lab-user/ros2_ws/install/turtlesim/local/lib/python3.10/dist-packages/turtlesim/action/__init__.py
[17.627s] -- Installing: /home/avmi-lab-user/ros2_ws/install/turtlesim/local/lib/python3.10/dist-packages/turtlesim/action/_rotate_absolute_s.c
[17.627s] -- Installing: /home/avmi-lab-user/ros2_ws/install/turtlesim/local/lib/python3.10/dist-packages/turtlesim/__init__.py
[17.627s] -- Installing: /home/avmi-lab-user/ros2_ws/install/turtlesim/local/lib/python3.10/dist-packages/turtlesim/turtlesim_s__rosidl_typesupport_introspection_c.cpython-310-x86_64-linux-gnu.so
[17.627s] -- Installing: /home/avmi-lab-user/ros2_ws/install/turtlesim/local/lib/python3.10/dist-packages/turtlesim/_turtlesim_s.ep.rosidl_typesupport_fastrtps_c.c
[17.627s] -- Installing: /home/avmi-lab-user/ros2_ws/install/turtlesim/local/lib/python3.10/dist-packages/turtlesim/_turtlesim_s.ep.rosidl_typesupport_c.c
[17.628s] -- Installing: /home/avmi-lab-user/ros2_ws/install/turtlesim/local/lib/python3.10/dist-packages/turtlesim/turtlesim_s__rosidl_typesupport_fastrtps_c.cpython-310-x86_64-linux-gnu.so
[17.628s] -- Installing: /home/avmi-lab-user/ros2_ws/install/turtlesim/local/lib/python3.10/dist-packages/turtlesim/srv
[17.628s] -- Installing: /home/avmi-lab-user/ros2_ws/install/turtlesim/local/lib/python3.10/dist-packages/turtlesim/srv/_set_pen_s.c
[17.628s] -- Installing: /home/avmi-lab-user/ros2_ws/install/turtlesim/local/lib/python3.10/dist-packages/turtlesim/srv/__init__.py
[17.628s] -- Installing: /home/avmi-lab-user/ros2_ws/install/turtlesim/local/lib/python3.10/dist-packages/turtlesim/srv/_spawn_s.c
[17.628s] -- Installing: /home/avmi-lab-user/ros2_ws/install/turtlesim/local/lib/python3.10/dist-packages/turtlesim/srv/_teleport_absolute.py
[17.628s] -- Installing: /home/avmi-lab-user/ros2_ws/install/turtlesim/local/lib/python3.10/dist-packages/turtlesim/srv/_set_pen.py
[17.628s] -- Installing: /home/avmi-lab-user/ros2_ws/install/turtlesim/local/lib/python3.10/dist-packages/turtlesim/srv/_teleport_relative.py
[17.628s] -- Installing: /home/avmi-lab-user/ros2_ws/install/turtlesim/local/lib/python3.10/dist-packages/turtlesim/srv/_spawn.py
[17.628s] -- Installing: /home/avmi-lab-user/ros2_ws/install/turtlesim/local/lib/python3.10/dist-packages/turtlesim/srv/_kill_s.c
[17.628s] -- Installing: /home/avmi-lab-user/ros2_ws/install/turtlesim/local/lib/python3.10/dist-packages/turtlesim/srv/_teleport_relative_s.c
[17.628s] -- Installing: /home/avmi-lab-user/ros2_ws/install/turtlesim/local/lib/python3.10/dist-packages/turtlesim/srv/_teleport_absolute_s.c
[17.628s] -- Installing: /home/avmi-lab-user/ros2_ws/install/turtlesim/local/lib/python3.10/dist-packages/turtlesim/srv/_kill.py
[17.628s] -- Installing: /home/avmi-lab-user/ros2_ws/install/turtlesim/local/lib/python3.10/dist-packages/turtlesim/libturtlesim__rosidl_generator_py.so
[17.628s] -- Installing: /home/avmi-lab-user/ros2_ws/install/turtlesim/local/lib/python3.10/dist-packages/turtlesim/turtlesim_s__rosidl_typesupport_c.cpython-310-x86_64-linux-gnu.so
[17.628s] -- Installing: /home/avmi-lab-user/ros2_ws/install/turtlesim/local/lib/python3.10/dist-packages/turtlesim/msg
[17.628s] -- Installing: /home/avmi-lab-user/ros2_ws/install/turtlesim/local/lib/python3.10/dist-packages/turtlesim/msg/__init__.py
[17.628s] -- Installing: /home/avmi-lab-user/ros2_ws/install/turtlesim/local/lib/python3.10/dist-packages/turtlesim/msg/_color.py
[17.629s] -- Installing: /home/avmi-lab-user/ros2_ws/install/turtlesim/local/lib/python3.10/dist-packages/turtlesim/msg/_color_s.c
[17.629s] -- Installing: /home/avmi-lab-user/ros2_ws/install/turtlesim/local/lib/python3.10/dist-packages/turtlesim/msg/_pose_s.c
[17.629s] -- Installing: /home/avmi-lab-user/ros2_ws/install/turtlesim/local/lib/python3.10/dist-packages/turtlesim/msg/_pose.py
[17.663s] Listing '/home/avmi-lab-user/ros2_ws/install/turtlesim/local/lib/python3.10/dist-packages/turtlesim'...
[17.663s] Compiling '/home/avmi-lab-user/ros2_ws/install/turtlesim/local/lib/python3.10/dist-packages/turtlesim/__init__.py'...
[17.663s] Listing '/home/avmi-lab-user/ros2_ws/install/turtlesim/local/lib/python3.10/dist-packages/turtlesim/action'...
[17.664s] Compiling '/home/avmi-lab-user/ros2_ws/install/turtlesim/local/lib/python3.10/dist-packages/turtlesim/action/__init__.py'...
[17.664s] Compiling '/home/avmi-lab-user/ros2_ws/install/turtlesim/local/lib/python3.10/dist-packages/turtlesim/action/_rotate_absolute.py'...
[17.664s] Listing '/home/avmi-lab-user/ros2_ws/install/turtlesim/local/lib/python3.10/dist-packages/turtlesim/msg'...
[17.664s] Compiling '/home/avmi-lab-user/ros2_ws/install/turtlesim/local/lib/python3.10/dist-packages/turtlesim/msg/__init__.py'...
[17.664s] Compiling '/home/avmi-lab-user/ros2_ws/install/turtlesim/local/lib/python3.10/dist-packages/turtlesim/msg/_color.py'...
[17.664s] Compiling '/home/avmi-lab-user/ros2_ws/install/turtlesim/local/lib/python3.10/dist-packages/turtlesim/msg/_pose.py'...
[17.664s] Listing '/home/avmi-lab-user/ros2_ws/install/turtlesim/local/lib/python3.10/dist-packages/turtlesim/srv'...
[17.664s] Compiling '/home/avmi-lab-user/ros2_ws/install/turtlesim/local/lib/python3.10/dist-packages/turtlesim/srv/__init__.py'...
[17.664s] Compiling '/home/avmi-lab-user/ros2_ws/install/turtlesim/local/lib/python3.10/dist-packages/turtlesim/srv/_kill.py'...
[17.664s] Compiling '/home/avmi-lab-user/ros2_ws/install/turtlesim/local/lib/python3.10/dist-packages/turtlesim/srv/_set_pen.py'...
[17.664s] Compiling '/home/avmi-lab-user/ros2_ws/install/turtlesim/local/lib/python3.10/dist-packages/turtlesim/srv/_spawn.py'...
[17.664s] Compiling '/home/avmi-lab-user/ros2_ws/install/turtlesim/local/lib/python3.10/dist-packages/turtlesim/srv/_teleport_absolute.py'...
[17.664s] Compiling '/home/avmi-lab-user/ros2_ws/install/turtlesim/local/lib/python3.10/dist-packages/turtlesim/srv/_teleport_relative.py'...
[17.667s] -- Installing: /home/avmi-lab-user/ros2_ws/install/turtlesim/local/lib/python3.10/dist-packages/turtlesim/turtlesim_s__rosidl_typesupport_fastrtps_c.cpython-310-x86_64-linux-gnu.so
[17.667s] -- Set runtime path of "/home/avmi-lab-user/ros2_ws/install/turtlesim/local/lib/python3.10/dist-packages/turtlesim/turtlesim_s__rosidl_typesupport_fastrtps_c.cpython-310-x86_64-linux-gnu.so" to ""
[17.667s] -- Installing: /home/avmi-lab-user/ros2_ws/install/turtlesim/local/lib/python3.10/dist-packages/turtlesim/turtlesim_s__rosidl_typesupport_introspection_c.cpython-310-x86_64-linux-gnu.so
[17.667s] -- Set runtime path of "/home/avmi-lab-user/ros2_ws/install/turtlesim/local/lib/python3.10/dist-packages/turtlesim/turtlesim_s__rosidl_typesupport_introspection_c.cpython-310-x86_64-linux-gnu.so" to ""
[17.667s] -- Installing: /home/avmi-lab-user/ros2_ws/install/turtlesim/local/lib/python3.10/dist-packages/turtlesim/turtlesim_s__rosidl_typesupport_c.cpython-310-x86_64-linux-gnu.so
[17.667s] -- Set runtime path of "/home/avmi-lab-user/ros2_ws/install/turtlesim/local/lib/python3.10/dist-packages/turtlesim/turtlesim_s__rosidl_typesupport_c.cpython-310-x86_64-linux-gnu.so" to ""
[17.668s] -- Installing: /home/avmi-lab-user/ros2_ws/install/turtlesim/lib/libturtlesim__rosidl_generator_py.so
[17.668s] -- Set runtime path of "/home/avmi-lab-user/ros2_ws/install/turtlesim/lib/libturtlesim__rosidl_generator_py.so" to ""
[17.668s] -- Installing: /home/avmi-lab-user/ros2_ws/install/turtlesim/share/turtlesim/action/RotateAbsolute.idl
[17.668s] -- Installing: /home/avmi-lab-user/ros2_ws/install/turtlesim/share/turtlesim/msg/Color.idl
[17.668s] -- Installing: /home/avmi-lab-user/ros2_ws/install/turtlesim/share/turtlesim/msg/Pose.idl
[17.668s] -- Installing: /home/avmi-lab-user/ros2_ws/install/turtlesim/share/turtlesim/srv/Kill.idl
[17.668s] -- Installing: /home/avmi-lab-user/ros2_ws/install/turtlesim/share/turtlesim/srv/SetPen.idl
[17.668s] -- Installing: /home/avmi-lab-user/ros2_ws/install/turtlesim/share/turtlesim/srv/Spawn.idl
[17.668s] -- Installing: /home/avmi-lab-user/ros2_ws/install/turtlesim/share/turtlesim/srv/TeleportAbsolute.idl
[17.668s] -- Installing: /home/avmi-lab-user/ros2_ws/install/turtlesim/share/turtlesim/srv/TeleportRelative.idl
[17.668s] -- Installing: /home/avmi-lab-user/ros2_ws/install/turtlesim/share/turtlesim/action/RotateAbsolute.action
[17.668s] -- Installing: /home/avmi-lab-user/ros2_ws/install/turtlesim/share/turtlesim/msg/Color.msg
[17.668s] -- Installing: /home/avmi-lab-user/ros2_ws/install/turtlesim/share/turtlesim/msg/Pose.msg
[17.668s] -- Installing: /home/avmi-lab-user/ros2_ws/install/turtlesim/share/turtlesim/srv/Kill.srv
[17.669s] -- Installing: /home/avmi-lab-user/ros2_ws/install/turtlesim/share/turtlesim/srv/Kill_Request.msg
[17.669s] -- Installing: /home/avmi-lab-user/ros2_ws/install/turtlesim/share/turtlesim/srv/Kill_Response.msg
[17.669s] -- Installing: /home/avmi-lab-user/ros2_ws/install/turtlesim/share/turtlesim/srv/SetPen.srv
[17.669s] -- Installing: /home/avmi-lab-user/ros2_ws/install/turtlesim/share/turtlesim/srv/SetPen_Request.msg
[17.669s] -- Installing: /home/avmi-lab-user/ros2_ws/install/turtlesim/share/turtlesim/srv/SetPen_Response.msg
[17.669s] -- Installing: /home/avmi-lab-user/ros2_ws/install/turtlesim/share/turtlesim/srv/Spawn.srv
[17.669s] -- Installing: /home/avmi-lab-user/ros2_ws/install/turtlesim/share/turtlesim/srv/Spawn_Request.msg
[17.669s] -- Installing: /home/avmi-lab-user/ros2_ws/install/turtlesim/share/turtlesim/srv/Spawn_Response.msg
[17.669s] -- Installing: /home/avmi-lab-user/ros2_ws/install/turtlesim/share/turtlesim/srv/TeleportAbsolute.srv
[17.669s] -- Installing: /home/avmi-lab-user/ros2_ws/install/turtlesim/share/turtlesim/srv/TeleportAbsolute_Request.msg
[17.669s] -- Installing: /home/avmi-lab-user/ros2_ws/install/turtlesim/share/turtlesim/srv/TeleportAbsolute_Response.msg
[17.669s] -- Installing: /home/avmi-lab-user/ros2_ws/install/turtlesim/share/turtlesim/srv/TeleportRelative.srv
[17.669s] -- Installing: /home/avmi-lab-user/ros2_ws/install/turtlesim/share/turtlesim/srv/TeleportRelative_Request.msg
[17.669s] -- Installing: /home/avmi-lab-user/ros2_ws/install/turtlesim/share/turtlesim/srv/TeleportRelative_Response.msg
[17.669s] -- Installing: /home/avmi-lab-user/ros2_ws/install/turtlesim/lib/turtlesim/turtlesim_node
[17.673s] -- Set runtime path of "/home/avmi-lab-user/ros2_ws/install/turtlesim/lib/turtlesim/turtlesim_node" to ""
[17.673s] -- Installing: /home/avmi-lab-user/ros2_ws/install/turtlesim/lib/turtlesim/turtle_teleop_key
[17.674s] -- Set runtime path of "/home/avmi-lab-user/ros2_ws/install/turtlesim/lib/turtlesim/turtle_teleop_key" to ""
[17.674s] -- Installing: /home/avmi-lab-user/ros2_ws/install/turtlesim/lib/turtlesim/draw_square
[17.676s] -- Set runtime path of "/home/avmi-lab-user/ros2_ws/install/turtlesim/lib/turtlesim/draw_square" to ""
[17.676s] -- Installing: /home/avmi-lab-user/ros2_ws/install/turtlesim/lib/turtlesim/mimic
[17.678s] -- Set runtime path of "/home/avmi-lab-user/ros2_ws/install/turtlesim/lib/turtlesim/mimic" to ""
[17.678s] -- Installing: /home/avmi-lab-user/ros2_ws/install/turtlesim/share/turtlesim/images
[17.678s] -- Installing: /home/avmi-lab-user/ros2_ws/install/turtlesim/share/turtlesim/images/humble.png
[17.678s] -- Installing: /home/avmi-lab-user/ros2_ws/install/turtlesim/share/turtlesim/images/crystal.png
[17.678s] -- Installing: /home/avmi-lab-user/ros2_ws/install/turtlesim/share/turtlesim/images/dashing.png
[17.678s] -- Installing: /home/avmi-lab-user/ros2_ws/install/turtlesim/share/turtlesim/images/ardent.png
[17.678s] -- Installing: /home/avmi-lab-user/ros2_ws/install/turtlesim/share/turtlesim/images/eloquent.png
[17.678s] -- Installing: /home/avmi-lab-user/ros2_ws/install/turtlesim/share/turtlesim/images/foxy.png
[17.678s] -- Installing: /home/avmi-lab-user/ros2_ws/install/turtlesim/share/turtlesim/images/rolling.png
[17.678s] -- Installing: /home/avmi-lab-user/ros2_ws/install/turtlesim/share/turtlesim/images/bouncy.png
[17.678s] -- Installing: /home/avmi-lab-user/ros2_ws/install/turtlesim/share/turtlesim/images/galactic.png
[17.678s] -- Installing: /home/avmi-lab-user/ros2_ws/install/turtlesim/share/turtlesim/launch
[17.678s] -- Installing: /home/avmi-lab-user/ros2_ws/install/turtlesim/share/turtlesim/launch/multisim.launch.py
[17.678s] -- Installing: /home/avmi-lab-user/ros2_ws/install/turtlesim/share/ament_index/resource_index/package_run_dependencies/turtlesim
[17.678s] -- Installing: /home/avmi-lab-user/ros2_ws/install/turtlesim/share/ament_index/resource_index/parent_prefix_path/turtlesim
[17.678s] -- Installing: /home/avmi-lab-user/ros2_ws/install/turtlesim/share/turtlesim/environment/ament_prefix_path.sh
[17.678s] -- Installing: /home/avmi-lab-user/ros2_ws/install/turtlesim/share/turtlesim/environment/ament_prefix_path.dsv
[17.679s] -- Installing: /home/avmi-lab-user/ros2_ws/install/turtlesim/share/turtlesim/environment/path.sh
[17.679s] -- Installing: /home/avmi-lab-user/ros2_ws/install/turtlesim/share/turtlesim/environment/path.dsv
[17.679s] -- Installing: /home/avmi-lab-user/ros2_ws/install/turtlesim/share/turtlesim/local_setup.bash
[17.679s] -- Installing: /home/avmi-lab-user/ros2_ws/install/turtlesim/share/turtlesim/local_setup.sh
[17.679s] -- Installing: /home/avmi-lab-user/ros2_ws/install/turtlesim/share/turtlesim/local_setup.zsh
[17.679s] -- Installing: /home/avmi-lab-user/ros2_ws/install/turtlesim/share/turtlesim/local_setup.dsv
[17.679s] -- Installing: /home/avmi-lab-user/ros2_ws/install/turtlesim/share/turtlesim/package.dsv
[17.679s] -- Installing: /home/avmi-lab-user/ros2_ws/install/turtlesim/share/ament_index/resource_index/packages/turtlesim
[17.679s] -- Installing: /home/avmi-lab-user/ros2_ws/install/turtlesim/share/turtlesim/cmake/export_turtlesim__rosidl_generator_cExport.cmake
[17.679s] -- Installing: /home/avmi-lab-user/ros2_ws/install/turtlesim/share/turtlesim/cmake/export_turtlesim__rosidl_generator_cExport-noconfig.cmake
[17.679s] -- Installing: /home/avmi-lab-user/ros2_ws/install/turtlesim/share/turtlesim/cmake/export_turtlesim__rosidl_typesupport_fastrtps_cExport.cmake
[17.679s] -- Installing: /home/avmi-lab-user/ros2_ws/install/turtlesim/share/turtlesim/cmake/export_turtlesim__rosidl_typesupport_fastrtps_cExport-noconfig.cmake
[17.679s] -- Installing: /home/avmi-lab-user/ros2_ws/install/turtlesim/share/turtlesim/cmake/export_turtlesim__rosidl_generator_cppExport.cmake
[17.679s] -- Installing: /home/avmi-lab-user/ros2_ws/install/turtlesim/share/turtlesim/cmake/export_turtlesim__rosidl_typesupport_fastrtps_cppExport.cmake
[17.679s] -- Installing: /home/avmi-lab-user/ros2_ws/install/turtlesim/share/turtlesim/cmake/export_turtlesim__rosidl_typesupport_fastrtps_cppExport-noconfig.cmake
[17.679s] -- Installing: /home/avmi-lab-user/ros2_ws/install/turtlesim/share/turtlesim/cmake/turtlesim__rosidl_typesupport_introspection_cExport.cmake
[17.679s] -- Installing: /home/avmi-lab-user/ros2_ws/install/turtlesim/share/turtlesim/cmake/turtlesim__rosidl_typesupport_introspection_cExport-noconfig.cmake
[17.679s] -- Installing: /home/avmi-lab-user/ros2_ws/install/turtlesim/share/turtlesim/cmake/turtlesim__rosidl_typesupport_cExport.cmake
[17.679s] -- Installing: /home/avmi-lab-user/ros2_ws/install/turtlesim/share/turtlesim/cmake/turtlesim__rosidl_typesupport_cExport-noconfig.cmake
[17.680s] -- Installing: /home/avmi-lab-user/ros2_ws/install/turtlesim/share/turtlesim/cmake/turtlesim__rosidl_typesupport_introspection_cppExport.cmake
[17.680s] -- Installing: /home/avmi-lab-user/ros2_ws/install/turtlesim/share/turtlesim/cmake/turtlesim__rosidl_typesupport_introspection_cppExport-noconfig.cmake
[17.680s] -- Installing: /home/avmi-lab-user/ros2_ws/install/turtlesim/share/turtlesim/cmake/turtlesim__rosidl_typesupport_cppExport.cmake
[17.680s] -- Installing: /home/avmi-lab-user/ros2_ws/install/turtlesim/share/turtlesim/cmake/turtlesim__rosidl_typesupport_cppExport-noconfig.cmake
[17.680s] -- Installing: /home/avmi-lab-user/ros2_ws/install/turtlesim/share/turtlesim/cmake/export_turtlesim__rosidl_generator_pyExport.cmake
[17.680s] -- Installing: /home/avmi-lab-user/ros2_ws/install/turtlesim/share/turtlesim/cmake/export_turtlesim__rosidl_generator_pyExport-noconfig.cmake
[17.680s] -- Installing: /home/avmi-lab-user/ros2_ws/install/turtlesim/share/turtlesim/cmake/rosidl_cmake-extras.cmake
[17.680s] -- Installing: /home/avmi-lab-user/ros2_ws/install/turtlesim/share/turtlesim/cmake/ament_cmake_export_dependencies-extras.cmake
[17.680s] -- Installing: /home/avmi-lab-user/ros2_ws/install/turtlesim/share/turtlesim/cmake/ament_cmake_export_include_directories-extras.cmake
[17.680s] -- Installing: /home/avmi-lab-user/ros2_ws/install/turtlesim/share/turtlesim/cmake/ament_cmake_export_libraries-extras.cmake
[17.680s] -- Installing: /home/avmi-lab-user/ros2_ws/install/turtlesim/share/turtlesim/cmake/ament_cmake_export_targets-extras.cmake
[17.680s] -- Installing: /home/avmi-lab-user/ros2_ws/install/turtlesim/share/turtlesim/cmake/rosidl_cmake_export_typesupport_targets-extras.cmake
[17.680s] -- Installing: /home/avmi-lab-user/ros2_ws/install/turtlesim/share/turtlesim/cmake/rosidl_cmake_export_typesupport_libraries-extras.cmake
[17.680s] -- Installing: /home/avmi-lab-user/ros2_ws/install/turtlesim/share/turtlesim/cmake/turtlesimConfig.cmake
[17.680s] -- Installing: /home/avmi-lab-user/ros2_ws/install/turtlesim/share/turtlesim/cmake/turtlesimConfig-version.cmake
[17.680s] -- Installing: /home/avmi-lab-user/ros2_ws/install/turtlesim/share/turtlesim/package.xml
[17.683s] Invoked command in '/home/avmi-lab-user/ros2_ws/build/turtlesim' returned '0': CMAKE_PREFIX_PATH=${CMAKE_PREFIX_PATH}:/home/avmi-lab-user/turtlebot4_ws/install/py_sub:/home/avmi-lab-user/turtlebot4_ws/install/path_pubsub:/home/avmi-lab-user/turtlebot4_ws/install/opencv_tests:/home/avmi-lab-user/turtlebot4_ws/install/avmi_lab_threat_field:/opt/ros/humble /usr/bin/cmake --install /home/avmi-lab-user/ros2_ws/build/turtlesim
