[0.008s] Invoking command in '/home/avmi-lab-user/ros2_ws/build/turtlesim': CMAKE_PREFIX_PATH=${CMAKE_PREFIX_PATH}:/home/avmi-lab-user/turtlebot4_ws/install/py_sub:/home/avmi-lab-user/turtlebot4_ws/install/path_pubsub:/home/avmi-lab-user/turtlebot4_ws/install/opencv_tests:/home/avmi-lab-user/turtlebot4_ws/install/avmi_lab_threat_field:/opt/ros/humble /usr/bin/cmake --build /home/avmi-lab-user/ros2_ws/build/turtlesim -- -j8 -l8
[0.039s] [35m[1mConsolidate compiler generated dependencies of target turtlesim__rosidl_generator_c[0m
[0.045s] [  1%] Built target turtlesim__cpp
[0.047s] [ 11%] Built target turtlesim__rosidl_generator_c
[0.055s] [ 11%] Built target ament_cmake_python_copy_turtlesim
[0.055s] [35m[1mConsolidate compiler generated dependencies of target turtlesim__rosidl_typesupport_introspection_cpp[0m
[0.055s] [35m[1mConsolidate compiler generated dependencies of target turtlesim__rosidl_typesupport_cpp[0m
[0.056s] [35m[1mConsolidate compiler generated dependencies of target turtlesim__rosidl_typesupport_fastrtps_cpp[0m
[0.059s] [35m[1mConsolidate compiler generated dependencies of target turtlesim__rosidl_typesupport_c[0m
[0.059s] [35m[1mConsolidate compiler generated dependencies of target turtlesim__rosidl_typesupport_introspection_c[0m
[0.059s] [35m[1mConsolidate compiler generated dependencies of target turtlesim__rosidl_typesupport_fastrtps_c[0m
[0.068s] [ 21%] Built target turtlesim__rosidl_typesupport_c
[0.069s] [ 42%] Built target turtlesim__rosidl_typesupport_cpp
[0.069s] [ 51%] Built target turtlesim__rosidl_typesupport_introspection_cpp
[0.069s] [ 51%] Built target turtlesim__rosidl_typesupport_introspection_c
[0.073s] [ 61%] Built target turtlesim__rosidl_typesupport_fastrtps_cpp
[0.074s] [ 71%] Built target turtlesim__rosidl_typesupport_fastrtps_c
[0.078s] [35m[1mConsolidate compiler generated dependencies of target draw_square[0m
[0.078s] [35m[1mConsolidate compiler generated dependencies of target mimic[0m
[0.079s] [35m[1mConsolidate compiler generated dependencies of target turtle_teleop_key[0m
[0.080s] [35m[1mConsolidate compiler generated dependencies of target turtlesim_node[0m
[0.089s] [ 73%] Built target draw_square
[0.090s] [ 73%] Built target turtlesim
[0.093s] [ 77%] Built target mimic
[0.093s] [ 77%] Built target turtle_teleop_key
[0.103s] [ 83%] Built target turtlesim_node
[0.105s] [ 84%] Built target turtlesim__py
[0.113s] [35m[1mConsolidate compiler generated dependencies of target turtlesim__rosidl_generator_py[0m
[0.125s] [ 93%] Built target turtlesim__rosidl_generator_py
[0.133s] [35m[1mConsolidate compiler generated dependencies of target turtlesim__rosidl_typesupport_fastrtps_c__pyext[0m
[0.133s] [35m[1mConsolidate compiler generated dependencies of target turtlesim__rosidl_typesupport_introspection_c__pyext[0m
[0.133s] [35m[1mConsolidate compiler generated dependencies of target turtlesim__rosidl_typesupport_c__pyext[0m
[0.142s] [100%] Built target turtlesim__rosidl_typesupport_introspection_c__pyext
[0.142s] [100%] Built target turtlesim__rosidl_typesupport_c__pyext
[0.142s] [100%] Built target turtlesim__rosidl_typesupport_fastrtps_c__pyext
[0.217s] running egg_info
[0.229s] writing turtlesim.egg-info/PKG-INFO
[0.229s] writing dependency_links to turtlesim.egg-info/dependency_links.txt
[0.229s] writing top-level names to turtlesim.egg-info/top_level.txt
[0.261s] reading manifest file 'turtlesim.egg-info/SOURCES.txt'
[0.261s] writing manifest file 'turtlesim.egg-info/SOURCES.txt'
[0.283s] [100%] Built target ament_cmake_python_build_turtlesim_egg
[0.292s] Invoked command in '/home/avmi-lab-user/ros2_ws/build/turtlesim' returned '0': CMAKE_PREFIX_PATH=${CMAKE_PREFIX_PATH}:/home/avmi-lab-user/turtlebot4_ws/install/py_sub:/home/avmi-lab-user/turtlebot4_ws/install/path_pubsub:/home/avmi-lab-user/turtlebot4_ws/install/opencv_tests:/home/avmi-lab-user/turtlebot4_ws/install/avmi_lab_threat_field:/opt/ros/humble /usr/bin/cmake --build /home/avmi-lab-user/ros2_ws/build/turtlesim -- -j8 -l8
[0.299s] Invoking command in '/home/avmi-lab-user/ros2_ws/build/turtlesim': CMAKE_PREFIX_PATH=${CMAKE_PREFIX_PATH}:/home/avmi-lab-user/turtlebot4_ws/install/py_sub:/home/avmi-lab-user/turtlebot4_ws/install/path_pubsub:/home/avmi-lab-user/turtlebot4_ws/install/opencv_tests:/home/avmi-lab-user/turtlebot4_ws/install/avmi_lab_threat_field:/opt/ros/humble /usr/bin/cmake --install /home/avmi-lab-user/ros2_ws/build/turtlesim
[0.304s] -- Install configuration: ""
[0.304s] -- Up-to-date: /home/avmi-lab-user/ros2_ws/install/turtlesim/share/ament_index/resource_index/rosidl_interfaces/turtlesim
[0.304s] -- Up-to-date: /home/avmi-lab-user/ros2_ws/install/turtlesim/include/turtlesim/turtlesim
[0.304s] -- Up-to-date: /home/avmi-lab-user/ros2_ws/install/turtlesim/include/turtlesim/turtlesim/action
[0.304s] -- Up-to-date: /home/avmi-lab-user/ros2_ws/install/turtlesim/include/turtlesim/turtlesim/action/rotate_absolute.h
[0.305s] -- Up-to-date: /home/avmi-lab-user/ros2_ws/install/turtlesim/include/turtlesim/turtlesim/action/detail
[0.305s] -- Up-to-date: /home/avmi-lab-user/ros2_ws/install/turtlesim/include/turtlesim/turtlesim/action/detail/rotate_absolute__functions.h
[0.305s] -- Up-to-date: /home/avmi-lab-user/ros2_ws/install/turtlesim/include/turtlesim/turtlesim/action/detail/rotate_absolute__functions.c
[0.305s] -- Up-to-date: /home/avmi-lab-user/ros2_ws/install/turtlesim/include/turtlesim/turtlesim/action/detail/rotate_absolute__struct.h
[0.305s] -- Up-to-date: /home/avmi-lab-user/ros2_ws/install/turtlesim/include/turtlesim/turtlesim/action/detail/rotate_absolute__type_support.h
[0.305s] -- Up-to-date: /home/avmi-lab-user/ros2_ws/install/turtlesim/include/turtlesim/turtlesim/srv
[0.305s] -- Up-to-date: /home/avmi-lab-user/ros2_ws/install/turtlesim/include/turtlesim/turtlesim/srv/spawn.h
[0.305s] -- Up-to-date: /home/avmi-lab-user/ros2_ws/install/turtlesim/include/turtlesim/turtlesim/srv/kill.h
[0.305s] -- Up-to-date: /home/avmi-lab-user/ros2_ws/install/turtlesim/include/turtlesim/turtlesim/srv/teleport_relative.h
[0.305s] -- Up-to-date: /home/avmi-lab-user/ros2_ws/install/turtlesim/include/turtlesim/turtlesim/srv/set_pen.h
[0.305s] -- Up-to-date: /home/avmi-lab-user/ros2_ws/install/turtlesim/include/turtlesim/turtlesim/srv/teleport_absolute.h
[0.305s] -- Up-to-date: /home/avmi-lab-user/ros2_ws/install/turtlesim/include/turtlesim/turtlesim/srv/detail
[0.305s] -- Up-to-date: /home/avmi-lab-user/ros2_ws/install/turtlesim/include/turtlesim/turtlesim/srv/detail/kill__functions.c
[0.305s] -- Up-to-date: /home/avmi-lab-user/ros2_ws/install/turtlesim/include/turtlesim/turtlesim/srv/detail/teleport_absolute__type_support.h
[0.305s] -- Up-to-date: /home/avmi-lab-user/ros2_ws/install/turtlesim/include/turtlesim/turtlesim/srv/detail/spawn__struct.h
[0.305s] -- Up-to-date: /home/avmi-lab-user/ros2_ws/install/turtlesim/include/turtlesim/turtlesim/srv/detail/set_pen__struct.h
[0.305s] -- Up-to-date: /home/avmi-lab-user/ros2_ws/install/turtlesim/include/turtlesim/turtlesim/srv/detail/spawn__type_support.h
[0.305s] -- Up-to-date: /home/avmi-lab-user/ros2_ws/install/turtlesim/include/turtlesim/turtlesim/srv/detail/teleport_relative__type_support.h
[0.305s] -- Up-to-date: /home/avmi-lab-user/ros2_ws/install/turtlesim/include/turtlesim/turtlesim/srv/detail/kill__functions.h
[0.305s] -- Up-to-date: /home/avmi-lab-user/ros2_ws/install/turtlesim/include/turtlesim/turtlesim/srv/detail/set_pen__functions.h
[0.305s] -- Up-to-date: /home/avmi-lab-user/ros2_ws/install/turtlesim/include/turtlesim/turtlesim/srv/detail/kill__type_support.h
[0.305s] -- Up-to-date: /home/avmi-lab-user/ros2_ws/install/turtlesim/include/turtlesim/turtlesim/srv/detail/set_pen__functions.c
[0.305s] -- Up-to-date: /home/avmi-lab-user/ros2_ws/install/turtlesim/include/turtlesim/turtlesim/srv/detail/teleport_relative__functions.c
[0.305s] -- Up-to-date: /home/avmi-lab-user/ros2_ws/install/turtlesim/include/turtlesim/turtlesim/srv/detail/kill__struct.h
[0.305s] -- Up-to-date: /home/avmi-lab-user/ros2_ws/install/turtlesim/include/turtlesim/turtlesim/srv/detail/spawn__functions.c
[0.306s] -- Up-to-date: /home/avmi-lab-user/ros2_ws/install/turtlesim/include/turtlesim/turtlesim/srv/detail/teleport_relative__struct.h
[0.306s] -- Up-to-date: /home/avmi-lab-user/ros2_ws/install/turtlesim/include/turtlesim/turtlesim/srv/detail/teleport_absolute__struct.h
[0.306s] -- Up-to-date: /home/avmi-lab-user/ros2_ws/install/turtlesim/include/turtlesim/turtlesim/srv/detail/teleport_absolute__functions.h
[0.306s] -- Up-to-date: /home/avmi-lab-user/ros2_ws/install/turtlesim/include/turtlesim/turtlesim/srv/detail/spawn__functions.h
[0.306s] -- Up-to-date: /home/avmi-lab-user/ros2_ws/install/turtlesim/include/turtlesim/turtlesim/srv/detail/teleport_absolute__functions.c
[0.306s] -- Up-to-date: /home/avmi-lab-user/ros2_ws/install/turtlesim/include/turtlesim/turtlesim/srv/detail/set_pen__type_support.h
[0.306s] -- Up-to-date: /home/avmi-lab-user/ros2_ws/install/turtlesim/include/turtlesim/turtlesim/srv/detail/teleport_relative__functions.h
[0.306s] -- Up-to-date: /home/avmi-lab-user/ros2_ws/install/turtlesim/include/turtlesim/turtlesim/msg
[0.306s] -- Up-to-date: /home/avmi-lab-user/ros2_ws/install/turtlesim/include/turtlesim/turtlesim/msg/pose.h
[0.306s] -- Up-to-date: /home/avmi-lab-user/ros2_ws/install/turtlesim/include/turtlesim/turtlesim/msg/rosidl_generator_c__visibility_control.h
[0.306s] -- Up-to-date: /home/avmi-lab-user/ros2_ws/install/turtlesim/include/turtlesim/turtlesim/msg/color.h
[0.306s] -- Up-to-date: /home/avmi-lab-user/ros2_ws/install/turtlesim/include/turtlesim/turtlesim/msg/detail
[0.306s] -- Up-to-date: /home/avmi-lab-user/ros2_ws/install/turtlesim/include/turtlesim/turtlesim/msg/detail/color__functions.c
[0.306s] -- Up-to-date: /home/avmi-lab-user/ros2_ws/install/turtlesim/include/turtlesim/turtlesim/msg/detail/color__struct.h
[0.306s] -- Up-to-date: /home/avmi-lab-user/ros2_ws/install/turtlesim/include/turtlesim/turtlesim/msg/detail/pose__struct.h
[0.306s] -- Up-to-date: /home/avmi-lab-user/ros2_ws/install/turtlesim/include/turtlesim/turtlesim/msg/detail/pose__type_support.h
[0.306s] -- Up-to-date: /home/avmi-lab-user/ros2_ws/install/turtlesim/include/turtlesim/turtlesim/msg/detail/pose__functions.h
[0.306s] -- Up-to-date: /home/avmi-lab-user/ros2_ws/install/turtlesim/include/turtlesim/turtlesim/msg/detail/color__functions.h
[0.306s] -- Up-to-date: /home/avmi-lab-user/ros2_ws/install/turtlesim/include/turtlesim/turtlesim/msg/detail/color__type_support.h
[0.306s] -- Up-to-date: /home/avmi-lab-user/ros2_ws/install/turtlesim/include/turtlesim/turtlesim/msg/detail/pose__functions.c
[0.306s] -- Up-to-date: /home/avmi-lab-user/ros2_ws/install/turtlesim/share/turtlesim/environment/library_path.sh
[0.306s] -- Up-to-date: /home/avmi-lab-user/ros2_ws/install/turtlesim/share/turtlesim/environment/library_path.dsv
[0.306s] -- Up-to-date: /home/avmi-lab-user/ros2_ws/install/turtlesim/lib/libturtlesim__rosidl_generator_c.so
[0.306s] -- Up-to-date: /home/avmi-lab-user/ros2_ws/install/turtlesim/include/turtlesim/turtlesim
[0.306s] -- Up-to-date: /home/avmi-lab-user/ros2_ws/install/turtlesim/include/turtlesim/turtlesim/action
[0.306s] -- Up-to-date: /home/avmi-lab-user/ros2_ws/install/turtlesim/include/turtlesim/turtlesim/action/detail
[0.307s] -- Up-to-date: /home/avmi-lab-user/ros2_ws/install/turtlesim/include/turtlesim/turtlesim/action/detail/rotate_absolute__rosidl_typesupport_fastrtps_c.h
[0.307s] -- Up-to-date: /home/avmi-lab-user/ros2_ws/install/turtlesim/include/turtlesim/turtlesim/srv
[0.307s] -- Up-to-date: /home/avmi-lab-user/ros2_ws/install/turtlesim/include/turtlesim/turtlesim/srv/detail
[0.307s] -- Up-to-date: /home/avmi-lab-user/ros2_ws/install/turtlesim/include/turtlesim/turtlesim/srv/detail/teleport_relative__rosidl_typesupport_fastrtps_c.h
[0.307s] -- Up-to-date: /home/avmi-lab-user/ros2_ws/install/turtlesim/include/turtlesim/turtlesim/srv/detail/teleport_absolute__rosidl_typesupport_fastrtps_c.h
[0.307s] -- Up-to-date: /home/avmi-lab-user/ros2_ws/install/turtlesim/include/turtlesim/turtlesim/srv/detail/set_pen__rosidl_typesupport_fastrtps_c.h
[0.307s] -- Up-to-date: /home/avmi-lab-user/ros2_ws/install/turtlesim/include/turtlesim/turtlesim/srv/detail/kill__rosidl_typesupport_fastrtps_c.h
[0.307s] -- Up-to-date: /home/avmi-lab-user/ros2_ws/install/turtlesim/include/turtlesim/turtlesim/srv/detail/spawn__rosidl_typesupport_fastrtps_c.h
[0.307s] -- Up-to-date: /home/avmi-lab-user/ros2_ws/install/turtlesim/include/turtlesim/turtlesim/msg
[0.307s] -- Up-to-date: /home/avmi-lab-user/ros2_ws/install/turtlesim/include/turtlesim/turtlesim/msg/rosidl_typesupport_fastrtps_c__visibility_control.h
[0.307s] -- Up-to-date: /home/avmi-lab-user/ros2_ws/install/turtlesim/include/turtlesim/turtlesim/msg/detail
[0.307s] -- Up-to-date: /home/avmi-lab-user/ros2_ws/install/turtlesim/include/turtlesim/turtlesim/msg/detail/pose__rosidl_typesupport_fastrtps_c.h
[0.307s] -- Up-to-date: /home/avmi-lab-user/ros2_ws/install/turtlesim/include/turtlesim/turtlesim/msg/detail/color__rosidl_typesupport_fastrtps_c.h
[0.307s] -- Up-to-date: /home/avmi-lab-user/ros2_ws/install/turtlesim/lib/libturtlesim__rosidl_typesupport_fastrtps_c.so
[0.307s] -- Up-to-date: /home/avmi-lab-user/ros2_ws/install/turtlesim/include/turtlesim/turtlesim
[0.307s] -- Up-to-date: /home/avmi-lab-user/ros2_ws/install/turtlesim/include/turtlesim/turtlesim/action
[0.307s] -- Up-to-date: /home/avmi-lab-user/ros2_ws/install/turtlesim/include/turtlesim/turtlesim/action/rotate_absolute.hpp
[0.307s] -- Up-to-date: /home/avmi-lab-user/ros2_ws/install/turtlesim/include/turtlesim/turtlesim/action/detail
[0.307s] -- Up-to-date: /home/avmi-lab-user/ros2_ws/install/turtlesim/include/turtlesim/turtlesim/action/detail/rotate_absolute__type_support.hpp
[0.307s] -- Up-to-date: /home/avmi-lab-user/ros2_ws/install/turtlesim/include/turtlesim/turtlesim/action/detail/rotate_absolute__builder.hpp
[0.307s] -- Up-to-date: /home/avmi-lab-user/ros2_ws/install/turtlesim/include/turtlesim/turtlesim/action/detail/rotate_absolute__struct.hpp
[0.307s] -- Up-to-date: /home/avmi-lab-user/ros2_ws/install/turtlesim/include/turtlesim/turtlesim/action/detail/rotate_absolute__traits.hpp
[0.307s] -- Up-to-date: /home/avmi-lab-user/ros2_ws/install/turtlesim/include/turtlesim/turtlesim/srv
[0.307s] -- Up-to-date: /home/avmi-lab-user/ros2_ws/install/turtlesim/include/turtlesim/turtlesim/srv/kill.hpp
[0.307s] -- Up-to-date: /home/avmi-lab-user/ros2_ws/install/turtlesim/include/turtlesim/turtlesim/srv/teleport_relative.hpp
[0.308s] -- Up-to-date: /home/avmi-lab-user/ros2_ws/install/turtlesim/include/turtlesim/turtlesim/srv/spawn.hpp
[0.308s] -- Up-to-date: /home/avmi-lab-user/ros2_ws/install/turtlesim/include/turtlesim/turtlesim/srv/teleport_absolute.hpp
[0.308s] -- Up-to-date: /home/avmi-lab-user/ros2_ws/install/turtlesim/include/turtlesim/turtlesim/srv/set_pen.hpp
[0.308s] -- Up-to-date: /home/avmi-lab-user/ros2_ws/install/turtlesim/include/turtlesim/turtlesim/srv/detail
[0.308s] -- Up-to-date: /home/avmi-lab-user/ros2_ws/install/turtlesim/include/turtlesim/turtlesim/srv/detail/set_pen__struct.hpp
[0.308s] -- Up-to-date: /home/avmi-lab-user/ros2_ws/install/turtlesim/include/turtlesim/turtlesim/srv/detail/kill__traits.hpp
[0.308s] -- Up-to-date: /home/avmi-lab-user/ros2_ws/install/turtlesim/include/turtlesim/turtlesim/srv/detail/spawn__traits.hpp
[0.308s] -- Up-to-date: /home/avmi-lab-user/ros2_ws/install/turtlesim/include/turtlesim/turtlesim/srv/detail/teleport_relative__builder.hpp
[0.308s] -- Up-to-date: /home/avmi-lab-user/ros2_ws/install/turtlesim/include/turtlesim/turtlesim/srv/detail/teleport_absolute__type_support.hpp
[0.308s] -- Up-to-date: /home/avmi-lab-user/ros2_ws/install/turtlesim/include/turtlesim/turtlesim/srv/detail/teleport_absolute__traits.hpp
[0.308s] -- Up-to-date: /home/avmi-lab-user/ros2_ws/install/turtlesim/include/turtlesim/turtlesim/srv/detail/teleport_absolute__struct.hpp
[0.308s] -- Up-to-date: /home/avmi-lab-user/ros2_ws/install/turtlesim/include/turtlesim/turtlesim/srv/detail/spawn__struct.hpp
[0.308s] -- Up-to-date: /home/avmi-lab-user/ros2_ws/install/turtlesim/include/turtlesim/turtlesim/srv/detail/kill__struct.hpp
[0.308s] -- Up-to-date: /home/avmi-lab-user/ros2_ws/install/turtlesim/include/turtlesim/turtlesim/srv/detail/teleport_relative__traits.hpp
[0.308s] -- Up-to-date: /home/avmi-lab-user/ros2_ws/install/turtlesim/include/turtlesim/turtlesim/srv/detail/teleport_absolute__builder.hpp
[0.308s] -- Up-to-date: /home/avmi-lab-user/ros2_ws/install/turtlesim/include/turtlesim/turtlesim/srv/detail/set_pen__builder.hpp
[0.308s] -- Up-to-date: /home/avmi-lab-user/ros2_ws/install/turtlesim/include/turtlesim/turtlesim/srv/detail/set_pen__type_support.hpp
[0.308s] -- Up-to-date: /home/avmi-lab-user/ros2_ws/install/turtlesim/include/turtlesim/turtlesim/srv/detail/spawn__type_support.hpp
[0.308s] -- Up-to-date: /home/avmi-lab-user/ros2_ws/install/turtlesim/include/turtlesim/turtlesim/srv/detail/teleport_relative__type_support.hpp
[0.308s] -- Up-to-date: /home/avmi-lab-user/ros2_ws/install/turtlesim/include/turtlesim/turtlesim/srv/detail/set_pen__traits.hpp
[0.308s] -- Up-to-date: /home/avmi-lab-user/ros2_ws/install/turtlesim/include/turtlesim/turtlesim/srv/detail/teleport_relative__struct.hpp
[0.308s] -- Up-to-date: /home/avmi-lab-user/ros2_ws/install/turtlesim/include/turtlesim/turtlesim/srv/detail/kill__type_support.hpp
[0.308s] -- Up-to-date: /home/avmi-lab-user/ros2_ws/install/turtlesim/include/turtlesim/turtlesim/srv/detail/kill__builder.hpp
[0.308s] -- Up-to-date: /home/avmi-lab-user/ros2_ws/install/turtlesim/include/turtlesim/turtlesim/srv/detail/spawn__builder.hpp
[0.308s] -- Up-to-date: /home/avmi-lab-user/ros2_ws/install/turtlesim/include/turtlesim/turtlesim/msg
[0.308s] -- Up-to-date: /home/avmi-lab-user/ros2_ws/install/turtlesim/include/turtlesim/turtlesim/msg/pose.hpp
[0.308s] -- Up-to-date: /home/avmi-lab-user/ros2_ws/install/turtlesim/include/turtlesim/turtlesim/msg/rosidl_generator_cpp__visibility_control.hpp
[0.309s] -- Up-to-date: /home/avmi-lab-user/ros2_ws/install/turtlesim/include/turtlesim/turtlesim/msg/color.hpp
[0.309s] -- Up-to-date: /home/avmi-lab-user/ros2_ws/install/turtlesim/include/turtlesim/turtlesim/msg/detail
[0.309s] -- Up-to-date: /home/avmi-lab-user/ros2_ws/install/turtlesim/include/turtlesim/turtlesim/msg/detail/pose__builder.hpp
[0.309s] -- Up-to-date: /home/avmi-lab-user/ros2_ws/install/turtlesim/include/turtlesim/turtlesim/msg/detail/color__type_support.hpp
[0.309s] -- Up-to-date: /home/avmi-lab-user/ros2_ws/install/turtlesim/include/turtlesim/turtlesim/msg/detail/color__struct.hpp
[0.309s] -- Up-to-date: /home/avmi-lab-user/ros2_ws/install/turtlesim/include/turtlesim/turtlesim/msg/detail/pose__type_support.hpp
[0.309s] -- Up-to-date: /home/avmi-lab-user/ros2_ws/install/turtlesim/include/turtlesim/turtlesim/msg/detail/color__builder.hpp
[0.309s] -- Up-to-date: /home/avmi-lab-user/ros2_ws/install/turtlesim/include/turtlesim/turtlesim/msg/detail/pose__traits.hpp
[0.309s] -- Up-to-date: /home/avmi-lab-user/ros2_ws/install/turtlesim/include/turtlesim/turtlesim/msg/detail/color__traits.hpp
[0.309s] -- Up-to-date: /home/avmi-lab-user/ros2_ws/install/turtlesim/include/turtlesim/turtlesim/msg/detail/pose__struct.hpp
[0.309s] -- Up-to-date: /home/avmi-lab-user/ros2_ws/install/turtlesim/include/turtlesim/turtlesim
[0.309s] -- Up-to-date: /home/avmi-lab-user/ros2_ws/install/turtlesim/include/turtlesim/turtlesim/action
[0.309s] -- Up-to-date: /home/avmi-lab-user/ros2_ws/install/turtlesim/include/turtlesim/turtlesim/action/detail
[0.309s] -- Up-to-date: /home/avmi-lab-user/ros2_ws/install/turtlesim/include/turtlesim/turtlesim/action/detail/rotate_absolute__rosidl_typesupport_fastrtps_cpp.hpp
[0.309s] -- Up-to-date: /home/avmi-lab-user/ros2_ws/install/turtlesim/include/turtlesim/turtlesim/action/detail/dds_fastrtps
[0.309s] -- Up-to-date: /home/avmi-lab-user/ros2_ws/install/turtlesim/include/turtlesim/turtlesim/srv
[0.309s] -- Up-to-date: /home/avmi-lab-user/ros2_ws/install/turtlesim/include/turtlesim/turtlesim/srv/detail
[0.309s] -- Up-to-date: /home/avmi-lab-user/ros2_ws/install/turtlesim/include/turtlesim/turtlesim/srv/detail/teleport_relative__rosidl_typesupport_fastrtps_cpp.hpp
[0.309s] -- Up-to-date: /home/avmi-lab-user/ros2_ws/install/turtlesim/include/turtlesim/turtlesim/srv/detail/spawn__rosidl_typesupport_fastrtps_cpp.hpp
[0.309s] -- Up-to-date: /home/avmi-lab-user/ros2_ws/install/turtlesim/include/turtlesim/turtlesim/srv/detail/teleport_absolute__rosidl_typesupport_fastrtps_cpp.hpp
[0.309s] -- Up-to-date: /home/avmi-lab-user/ros2_ws/install/turtlesim/include/turtlesim/turtlesim/srv/detail/kill__rosidl_typesupport_fastrtps_cpp.hpp
[0.309s] -- Up-to-date: /home/avmi-lab-user/ros2_ws/install/turtlesim/include/turtlesim/turtlesim/srv/detail/set_pen__rosidl_typesupport_fastrtps_cpp.hpp
[0.309s] -- Up-to-date: /home/avmi-lab-user/ros2_ws/install/turtlesim/include/turtlesim/turtlesim/srv/detail/dds_fastrtps
[0.309s] -- Up-to-date: /home/avmi-lab-user/ros2_ws/install/turtlesim/include/turtlesim/turtlesim/msg
[0.309s] -- Up-to-date: /home/avmi-lab-user/ros2_ws/install/turtlesim/include/turtlesim/turtlesim/msg/rosidl_typesupport_fastrtps_cpp__visibility_control.h
[0.309s] -- Up-to-date: /home/avmi-lab-user/ros2_ws/install/turtlesim/include/turtlesim/turtlesim/msg/detail
[0.309s] -- Up-to-date: /home/avmi-lab-user/ros2_ws/install/turtlesim/include/turtlesim/turtlesim/msg/detail/color__rosidl_typesupport_fastrtps_cpp.hpp
[0.309s] -- Up-to-date: /home/avmi-lab-user/ros2_ws/install/turtlesim/include/turtlesim/turtlesim/msg/detail/pose__rosidl_typesupport_fastrtps_cpp.hpp
[0.309s] -- Up-to-date: /home/avmi-lab-user/ros2_ws/install/turtlesim/include/turtlesim/turtlesim/msg/detail/dds_fastrtps
[0.310s] -- Up-to-date: /home/avmi-lab-user/ros2_ws/install/turtlesim/lib/libturtlesim__rosidl_typesupport_fastrtps_cpp.so
[0.310s] -- Up-to-date: /home/avmi-lab-user/ros2_ws/install/turtlesim/include/turtlesim/turtlesim
[0.310s] -- Up-to-date: /home/avmi-lab-user/ros2_ws/install/turtlesim/include/turtlesim/turtlesim/action
[0.310s] -- Up-to-date: /home/avmi-lab-user/ros2_ws/install/turtlesim/include/turtlesim/turtlesim/action/detail
[0.310s] -- Up-to-date: /home/avmi-lab-user/ros2_ws/install/turtlesim/include/turtlesim/turtlesim/action/detail/rotate_absolute__rosidl_typesupport_introspection_c.h
[0.310s] -- Up-to-date: /home/avmi-lab-user/ros2_ws/install/turtlesim/include/turtlesim/turtlesim/action/detail/rotate_absolute__type_support.c
[0.310s] -- Up-to-date: /home/avmi-lab-user/ros2_ws/install/turtlesim/include/turtlesim/turtlesim/srv
[0.310s] -- Up-to-date: /home/avmi-lab-user/ros2_ws/install/turtlesim/include/turtlesim/turtlesim/srv/detail
[0.310s] -- Up-to-date: /home/avmi-lab-user/ros2_ws/install/turtlesim/include/turtlesim/turtlesim/srv/detail/set_pen__rosidl_typesupport_introspection_c.h
[0.310s] -- Up-to-date: /home/avmi-lab-user/ros2_ws/install/turtlesim/include/turtlesim/turtlesim/srv/detail/teleport_relative__type_support.c
[0.310s] -- Up-to-date: /home/avmi-lab-user/ros2_ws/install/turtlesim/include/turtlesim/turtlesim/srv/detail/spawn__type_support.c
[0.310s] -- Up-to-date: /home/avmi-lab-user/ros2_ws/install/turtlesim/include/turtlesim/turtlesim/srv/detail/teleport_absolute__type_support.c
[0.310s] -- Up-to-date: /home/avmi-lab-user/ros2_ws/install/turtlesim/include/turtlesim/turtlesim/srv/detail/teleport_absolute__rosidl_typesupport_introspection_c.h
[0.310s] -- Up-to-date: /home/avmi-lab-user/ros2_ws/install/turtlesim/include/turtlesim/turtlesim/srv/detail/kill__rosidl_typesupport_introspection_c.h
[0.310s] -- Up-to-date: /home/avmi-lab-user/ros2_ws/install/turtlesim/include/turtlesim/turtlesim/srv/detail/set_pen__type_support.c
[0.310s] -- Up-to-date: /home/avmi-lab-user/ros2_ws/install/turtlesim/include/turtlesim/turtlesim/srv/detail/spawn__rosidl_typesupport_introspection_c.h
[0.310s] -- Up-to-date: /home/avmi-lab-user/ros2_ws/install/turtlesim/include/turtlesim/turtlesim/srv/detail/teleport_relative__rosidl_typesupport_introspection_c.h
[0.310s] -- Up-to-date: /home/avmi-lab-user/ros2_ws/install/turtlesim/include/turtlesim/turtlesim/srv/detail/kill__type_support.c
[0.310s] -- Up-to-date: /home/avmi-lab-user/ros2_ws/install/turtlesim/include/turtlesim/turtlesim/msg
[0.310s] -- Up-to-date: /home/avmi-lab-user/ros2_ws/install/turtlesim/include/turtlesim/turtlesim/msg/rosidl_typesupport_introspection_c__visibility_control.h
[0.310s] -- Up-to-date: /home/avmi-lab-user/ros2_ws/install/turtlesim/include/turtlesim/turtlesim/msg/detail
[0.310s] -- Up-to-date: /home/avmi-lab-user/ros2_ws/install/turtlesim/include/turtlesim/turtlesim/msg/detail/color__rosidl_typesupport_introspection_c.h
[0.310s] -- Up-to-date: /home/avmi-lab-user/ros2_ws/install/turtlesim/include/turtlesim/turtlesim/msg/detail/pose__type_support.c
[0.310s] -- Up-to-date: /home/avmi-lab-user/ros2_ws/install/turtlesim/include/turtlesim/turtlesim/msg/detail/pose__rosidl_typesupport_introspection_c.h
[0.310s] -- Up-to-date: /home/avmi-lab-user/ros2_ws/install/turtlesim/include/turtlesim/turtlesim/msg/detail/color__type_support.c
[0.310s] -- Up-to-date: /home/avmi-lab-user/ros2_ws/install/turtlesim/lib/libturtlesim__rosidl_typesupport_introspection_c.so
[0.310s] -- Up-to-date: /home/avmi-lab-user/ros2_ws/install/turtlesim/lib/libturtlesim__rosidl_typesupport_c.so
[0.310s] -- Up-to-date: /home/avmi-lab-user/ros2_ws/install/turtlesim/include/turtlesim/turtlesim
[0.310s] -- Up-to-date: /home/avmi-lab-user/ros2_ws/install/turtlesim/include/turtlesim/turtlesim/action
[0.310s] -- Up-to-date: /home/avmi-lab-user/ros2_ws/install/turtlesim/include/turtlesim/turtlesim/action/detail
[0.310s] -- Up-to-date: /home/avmi-lab-user/ros2_ws/install/turtlesim/include/turtlesim/turtlesim/action/detail/rotate_absolute__type_support.cpp
[0.310s] -- Up-to-date: /home/avmi-lab-user/ros2_ws/install/turtlesim/include/turtlesim/turtlesim/action/detail/rotate_absolute__rosidl_typesupport_introspection_cpp.hpp
[0.311s] -- Up-to-date: /home/avmi-lab-user/ros2_ws/install/turtlesim/include/turtlesim/turtlesim/srv
[0.311s] -- Up-to-date: /home/avmi-lab-user/ros2_ws/install/turtlesim/include/turtlesim/turtlesim/srv/detail
[0.311s] -- Up-to-date: /home/avmi-lab-user/ros2_ws/install/turtlesim/include/turtlesim/turtlesim/srv/detail/teleport_absolute__type_support.cpp
[0.311s] -- Up-to-date: /home/avmi-lab-user/ros2_ws/install/turtlesim/include/turtlesim/turtlesim/srv/detail/kill__rosidl_typesupport_introspection_cpp.hpp
[0.311s] -- Up-to-date: /home/avmi-lab-user/ros2_ws/install/turtlesim/include/turtlesim/turtlesim/srv/detail/spawn__rosidl_typesupport_introspection_cpp.hpp
[0.311s] -- Up-to-date: /home/avmi-lab-user/ros2_ws/install/turtlesim/include/turtlesim/turtlesim/srv/detail/teleport_relative__type_support.cpp
[0.311s] -- Up-to-date: /home/avmi-lab-user/ros2_ws/install/turtlesim/include/turtlesim/turtlesim/srv/detail/set_pen__type_support.cpp
[0.311s] -- Up-to-date: /home/avmi-lab-user/ros2_ws/install/turtlesim/include/turtlesim/turtlesim/srv/detail/kill__type_support.cpp
[0.311s] -- Up-to-date: /home/avmi-lab-user/ros2_ws/install/turtlesim/include/turtlesim/turtlesim/srv/detail/teleport_absolute__rosidl_typesupport_introspection_cpp.hpp
[0.311s] -- Up-to-date: /home/avmi-lab-user/ros2_ws/install/turtlesim/include/turtlesim/turtlesim/srv/detail/set_pen__rosidl_typesupport_introspection_cpp.hpp
[0.311s] -- Up-to-date: /home/avmi-lab-user/ros2_ws/install/turtlesim/include/turtlesim/turtlesim/srv/detail/spawn__type_support.cpp
[0.311s] -- Up-to-date: /home/avmi-lab-user/ros2_ws/install/turtlesim/include/turtlesim/turtlesim/srv/detail/teleport_relative__rosidl_typesupport_introspection_cpp.hpp
[0.311s] -- Up-to-date: /home/avmi-lab-user/ros2_ws/install/turtlesim/include/turtlesim/turtlesim/msg
[0.311s] -- Up-to-date: /home/avmi-lab-user/ros2_ws/install/turtlesim/include/turtlesim/turtlesim/msg/detail
[0.311s] -- Up-to-date: /home/avmi-lab-user/ros2_ws/install/turtlesim/include/turtlesim/turtlesim/msg/detail/color__rosidl_typesupport_introspection_cpp.hpp
[0.311s] -- Up-to-date: /home/avmi-lab-user/ros2_ws/install/turtlesim/include/turtlesim/turtlesim/msg/detail/color__type_support.cpp
[0.311s] -- Up-to-date: /home/avmi-lab-user/ros2_ws/install/turtlesim/include/turtlesim/turtlesim/msg/detail/pose__type_support.cpp
[0.311s] -- Up-to-date: /home/avmi-lab-user/ros2_ws/install/turtlesim/include/turtlesim/turtlesim/msg/detail/pose__rosidl_typesupport_introspection_cpp.hpp
[0.311s] -- Up-to-date: /home/avmi-lab-user/ros2_ws/install/turtlesim/lib/libturtlesim__rosidl_typesupport_introspection_cpp.so
[0.311s] -- Up-to-date: /home/avmi-lab-user/ros2_ws/install/turtlesim/lib/libturtlesim__rosidl_typesupport_cpp.so
[0.311s] -- Up-to-date: /home/avmi-lab-user/ros2_ws/install/turtlesim/share/turtlesim/environment/pythonpath.sh
[0.311s] -- Up-to-date: /home/avmi-lab-user/ros2_ws/install/turtlesim/share/turtlesim/environment/pythonpath.dsv
[0.311s] -- Up-to-date: /home/avmi-lab-user/ros2_ws/install/turtlesim/local/lib/python3.10/dist-packages/turtlesim-1.4.2-py3.10.egg-info
[0.311s] -- Installing: /home/avmi-lab-user/ros2_ws/install/turtlesim/local/lib/python3.10/dist-packages/turtlesim-1.4.2-py3.10.egg-info/dependency_links.txt
[0.311s] -- Installing: /home/avmi-lab-user/ros2_ws/install/turtlesim/local/lib/python3.10/dist-packages/turtlesim-1.4.2-py3.10.egg-info/PKG-INFO
[0.311s] -- Installing: /home/avmi-lab-user/ros2_ws/install/turtlesim/local/lib/python3.10/dist-packages/turtlesim-1.4.2-py3.10.egg-info/top_level.txt
[0.311s] -- Installing: /home/avmi-lab-user/ros2_ws/install/turtlesim/local/lib/python3.10/dist-packages/turtlesim-1.4.2-py3.10.egg-info/SOURCES.txt
[0.311s] -- Up-to-date: /home/avmi-lab-user/ros2_ws/install/turtlesim/local/lib/python3.10/dist-packages/turtlesim
[0.311s] -- Up-to-date: /home/avmi-lab-user/ros2_ws/install/turtlesim/local/lib/python3.10/dist-packages/turtlesim/_turtlesim_s.ep.rosidl_typesupport_introspection_c.c
[0.311s] -- Up-to-date: /home/avmi-lab-user/ros2_ws/install/turtlesim/local/lib/python3.10/dist-packages/turtlesim/action
[0.311s] -- Up-to-date: /home/avmi-lab-user/ros2_ws/install/turtlesim/local/lib/python3.10/dist-packages/turtlesim/action/_rotate_absolute.py
[0.311s] -- Up-to-date: /home/avmi-lab-user/ros2_ws/install/turtlesim/local/lib/python3.10/dist-packages/turtlesim/action/__init__.py
[0.312s] -- Up-to-date: /home/avmi-lab-user/ros2_ws/install/turtlesim/local/lib/python3.10/dist-packages/turtlesim/action/_rotate_absolute_s.c
[0.312s] -- Up-to-date: /home/avmi-lab-user/ros2_ws/install/turtlesim/local/lib/python3.10/dist-packages/turtlesim/__init__.py
[0.312s] -- Up-to-date: /home/avmi-lab-user/ros2_ws/install/turtlesim/local/lib/python3.10/dist-packages/turtlesim/turtlesim_s__rosidl_typesupport_introspection_c.cpython-310-x86_64-linux-gnu.so
[0.312s] -- Up-to-date: /home/avmi-lab-user/ros2_ws/install/turtlesim/local/lib/python3.10/dist-packages/turtlesim/_turtlesim_s.ep.rosidl_typesupport_fastrtps_c.c
[0.312s] -- Up-to-date: /home/avmi-lab-user/ros2_ws/install/turtlesim/local/lib/python3.10/dist-packages/turtlesim/_turtlesim_s.ep.rosidl_typesupport_c.c
[0.312s] -- Up-to-date: /home/avmi-lab-user/ros2_ws/install/turtlesim/local/lib/python3.10/dist-packages/turtlesim/turtlesim_s__rosidl_typesupport_fastrtps_c.cpython-310-x86_64-linux-gnu.so
[0.312s] -- Up-to-date: /home/avmi-lab-user/ros2_ws/install/turtlesim/local/lib/python3.10/dist-packages/turtlesim/srv
[0.312s] -- Up-to-date: /home/avmi-lab-user/ros2_ws/install/turtlesim/local/lib/python3.10/dist-packages/turtlesim/srv/_set_pen_s.c
[0.312s] -- Up-to-date: /home/avmi-lab-user/ros2_ws/install/turtlesim/local/lib/python3.10/dist-packages/turtlesim/srv/__init__.py
[0.312s] -- Up-to-date: /home/avmi-lab-user/ros2_ws/install/turtlesim/local/lib/python3.10/dist-packages/turtlesim/srv/_spawn_s.c
[0.312s] -- Up-to-date: /home/avmi-lab-user/ros2_ws/install/turtlesim/local/lib/python3.10/dist-packages/turtlesim/srv/_teleport_absolute.py
[0.312s] -- Up-to-date: /home/avmi-lab-user/ros2_ws/install/turtlesim/local/lib/python3.10/dist-packages/turtlesim/srv/_set_pen.py
[0.312s] -- Up-to-date: /home/avmi-lab-user/ros2_ws/install/turtlesim/local/lib/python3.10/dist-packages/turtlesim/srv/_teleport_relative.py
[0.312s] -- Up-to-date: /home/avmi-lab-user/ros2_ws/install/turtlesim/local/lib/python3.10/dist-packages/turtlesim/srv/_spawn.py
[0.312s] -- Up-to-date: /home/avmi-lab-user/ros2_ws/install/turtlesim/local/lib/python3.10/dist-packages/turtlesim/srv/_kill_s.c
[0.312s] -- Up-to-date: /home/avmi-lab-user/ros2_ws/install/turtlesim/local/lib/python3.10/dist-packages/turtlesim/srv/_teleport_relative_s.c
[0.312s] -- Up-to-date: /home/avmi-lab-user/ros2_ws/install/turtlesim/local/lib/python3.10/dist-packages/turtlesim/srv/_teleport_absolute_s.c
[0.312s] -- Up-to-date: /home/avmi-lab-user/ros2_ws/install/turtlesim/local/lib/python3.10/dist-packages/turtlesim/srv/_kill.py
[0.312s] -- Up-to-date: /home/avmi-lab-user/ros2_ws/install/turtlesim/local/lib/python3.10/dist-packages/turtlesim/libturtlesim__rosidl_generator_py.so
[0.312s] -- Up-to-date: /home/avmi-lab-user/ros2_ws/install/turtlesim/local/lib/python3.10/dist-packages/turtlesim/turtlesim_s__rosidl_typesupport_c.cpython-310-x86_64-linux-gnu.so
[0.312s] -- Up-to-date: /home/avmi-lab-user/ros2_ws/install/turtlesim/local/lib/python3.10/dist-packages/turtlesim/msg
[0.312s] -- Up-to-date: /home/avmi-lab-user/ros2_ws/install/turtlesim/local/lib/python3.10/dist-packages/turtlesim/msg/__init__.py
[0.312s] -- Up-to-date: /home/avmi-lab-user/ros2_ws/install/turtlesim/local/lib/python3.10/dist-packages/turtlesim/msg/_color.py
[0.312s] -- Up-to-date: /home/avmi-lab-user/ros2_ws/install/turtlesim/local/lib/python3.10/dist-packages/turtlesim/msg/_color_s.c
[0.312s] -- Up-to-date: /home/avmi-lab-user/ros2_ws/install/turtlesim/local/lib/python3.10/dist-packages/turtlesim/msg/_pose_s.c
[0.312s] -- Up-to-date: /home/avmi-lab-user/ros2_ws/install/turtlesim/local/lib/python3.10/dist-packages/turtlesim/msg/_pose.py
[0.332s] Listing '/home/avmi-lab-user/ros2_ws/install/turtlesim/local/lib/python3.10/dist-packages/turtlesim'...
[0.332s] Listing '/home/avmi-lab-user/ros2_ws/install/turtlesim/local/lib/python3.10/dist-packages/turtlesim/action'...
[0.332s] Listing '/home/avmi-lab-user/ros2_ws/install/turtlesim/local/lib/python3.10/dist-packages/turtlesim/msg'...
[0.332s] Listing '/home/avmi-lab-user/ros2_ws/install/turtlesim/local/lib/python3.10/dist-packages/turtlesim/srv'...
[0.336s] -- Up-to-date: /home/avmi-lab-user/ros2_ws/install/turtlesim/local/lib/python3.10/dist-packages/turtlesim/turtlesim_s__rosidl_typesupport_fastrtps_c.cpython-310-x86_64-linux-gnu.so
[0.336s] -- Up-to-date: /home/avmi-lab-user/ros2_ws/install/turtlesim/local/lib/python3.10/dist-packages/turtlesim/turtlesim_s__rosidl_typesupport_introspection_c.cpython-310-x86_64-linux-gnu.so
[0.336s] -- Up-to-date: /home/avmi-lab-user/ros2_ws/install/turtlesim/local/lib/python3.10/dist-packages/turtlesim/turtlesim_s__rosidl_typesupport_c.cpython-310-x86_64-linux-gnu.so
[0.336s] -- Up-to-date: /home/avmi-lab-user/ros2_ws/install/turtlesim/lib/libturtlesim__rosidl_generator_py.so
[0.336s] -- Up-to-date: /home/avmi-lab-user/ros2_ws/install/turtlesim/share/turtlesim/action/RotateAbsolute.idl
[0.336s] -- Up-to-date: /home/avmi-lab-user/ros2_ws/install/turtlesim/share/turtlesim/msg/Color.idl
[0.337s] -- Up-to-date: /home/avmi-lab-user/ros2_ws/install/turtlesim/share/turtlesim/msg/Pose.idl
[0.337s] -- Up-to-date: /home/avmi-lab-user/ros2_ws/install/turtlesim/share/turtlesim/srv/Kill.idl
[0.337s] -- Up-to-date: /home/avmi-lab-user/ros2_ws/install/turtlesim/share/turtlesim/srv/SetPen.idl
[0.337s] -- Up-to-date: /home/avmi-lab-user/ros2_ws/install/turtlesim/share/turtlesim/srv/Spawn.idl
[0.337s] -- Up-to-date: /home/avmi-lab-user/ros2_ws/install/turtlesim/share/turtlesim/srv/TeleportAbsolute.idl
[0.337s] -- Up-to-date: /home/avmi-lab-user/ros2_ws/install/turtlesim/share/turtlesim/srv/TeleportRelative.idl
[0.337s] -- Up-to-date: /home/avmi-lab-user/ros2_ws/install/turtlesim/share/turtlesim/action/RotateAbsolute.action
[0.337s] -- Up-to-date: /home/avmi-lab-user/ros2_ws/install/turtlesim/share/turtlesim/msg/Color.msg
[0.337s] -- Up-to-date: /home/avmi-lab-user/ros2_ws/install/turtlesim/share/turtlesim/msg/Pose.msg
[0.337s] -- Up-to-date: /home/avmi-lab-user/ros2_ws/install/turtlesim/share/turtlesim/srv/Kill.srv
[0.337s] -- Up-to-date: /home/avmi-lab-user/ros2_ws/install/turtlesim/share/turtlesim/srv/Kill_Request.msg
[0.337s] -- Up-to-date: /home/avmi-lab-user/ros2_ws/install/turtlesim/share/turtlesim/srv/Kill_Response.msg
[0.337s] -- Up-to-date: /home/avmi-lab-user/ros2_ws/install/turtlesim/share/turtlesim/srv/SetPen.srv
[0.337s] -- Up-to-date: /home/avmi-lab-user/ros2_ws/install/turtlesim/share/turtlesim/srv/SetPen_Request.msg
[0.337s] -- Up-to-date: /home/avmi-lab-user/ros2_ws/install/turtlesim/share/turtlesim/srv/SetPen_Response.msg
[0.337s] -- Up-to-date: /home/avmi-lab-user/ros2_ws/install/turtlesim/share/turtlesim/srv/Spawn.srv
[0.337s] -- Up-to-date: /home/avmi-lab-user/ros2_ws/install/turtlesim/share/turtlesim/srv/Spawn_Request.msg
[0.337s] -- Up-to-date: /home/avmi-lab-user/ros2_ws/install/turtlesim/share/turtlesim/srv/Spawn_Response.msg
[0.337s] -- Up-to-date: /home/avmi-lab-user/ros2_ws/install/turtlesim/share/turtlesim/srv/TeleportAbsolute.srv
[0.337s] -- Up-to-date: /home/avmi-lab-user/ros2_ws/install/turtlesim/share/turtlesim/srv/TeleportAbsolute_Request.msg
[0.337s] -- Up-to-date: /home/avmi-lab-user/ros2_ws/install/turtlesim/share/turtlesim/srv/TeleportAbsolute_Response.msg
[0.337s] -- Up-to-date: /home/avmi-lab-user/ros2_ws/install/turtlesim/share/turtlesim/srv/TeleportRelative.srv
[0.337s] -- Up-to-date: /home/avmi-lab-user/ros2_ws/install/turtlesim/share/turtlesim/srv/TeleportRelative_Request.msg
[0.337s] -- Up-to-date: /home/avmi-lab-user/ros2_ws/install/turtlesim/share/turtlesim/srv/TeleportRelative_Response.msg
[0.338s] -- Up-to-date: /home/avmi-lab-user/ros2_ws/install/turtlesim/lib/turtlesim/turtlesim_node
[0.338s] -- Up-to-date: /home/avmi-lab-user/ros2_ws/install/turtlesim/lib/turtlesim/turtle_teleop_key
[0.338s] -- Up-to-date: /home/avmi-lab-user/ros2_ws/install/turtlesim/lib/turtlesim/draw_square
[0.338s] -- Up-to-date: /home/avmi-lab-user/ros2_ws/install/turtlesim/lib/turtlesim/mimic
[0.338s] -- Up-to-date: /home/avmi-lab-user/ros2_ws/install/turtlesim/share/turtlesim/images
[0.338s] -- Up-to-date: /home/avmi-lab-user/ros2_ws/install/turtlesim/share/turtlesim/images/humble.png
[0.338s] -- Up-to-date: /home/avmi-lab-user/ros2_ws/install/turtlesim/share/turtlesim/images/crystal.png
[0.338s] -- Up-to-date: /home/avmi-lab-user/ros2_ws/install/turtlesim/share/turtlesim/images/dashing.png
[0.338s] -- Up-to-date: /home/avmi-lab-user/ros2_ws/install/turtlesim/share/turtlesim/images/ardent.png
[0.338s] -- Up-to-date: /home/avmi-lab-user/ros2_ws/install/turtlesim/share/turtlesim/images/eloquent.png
[0.338s] -- Up-to-date: /home/avmi-lab-user/ros2_ws/install/turtlesim/share/turtlesim/images/foxy.png
[0.338s] -- Up-to-date: /home/avmi-lab-user/ros2_ws/install/turtlesim/share/turtlesim/images/rolling.png
[0.338s] -- Up-to-date: /home/avmi-lab-user/ros2_ws/install/turtlesim/share/turtlesim/images/bouncy.png
[0.338s] -- Up-to-date: /home/avmi-lab-user/ros2_ws/install/turtlesim/share/turtlesim/images/galactic.png
[0.338s] -- Up-to-date: /home/avmi-lab-user/ros2_ws/install/turtlesim/share/turtlesim/launch
[0.338s] -- Up-to-date: /home/avmi-lab-user/ros2_ws/install/turtlesim/share/turtlesim/launch/multisim.launch.py
[0.338s] -- Up-to-date: /home/avmi-lab-user/ros2_ws/install/turtlesim/share/ament_index/resource_index/package_run_dependencies/turtlesim
[0.338s] -- Up-to-date: /home/avmi-lab-user/ros2_ws/install/turtlesim/share/ament_index/resource_index/parent_prefix_path/turtlesim
[0.338s] -- Up-to-date: /home/avmi-lab-user/ros2_ws/install/turtlesim/share/turtlesim/environment/ament_prefix_path.sh
[0.339s] -- Up-to-date: /home/avmi-lab-user/ros2_ws/install/turtlesim/share/turtlesim/environment/ament_prefix_path.dsv
[0.339s] -- Up-to-date: /home/avmi-lab-user/ros2_ws/install/turtlesim/share/turtlesim/environment/path.sh
[0.339s] -- Up-to-date: /home/avmi-lab-user/ros2_ws/install/turtlesim/share/turtlesim/environment/path.dsv
[0.339s] -- Up-to-date: /home/avmi-lab-user/ros2_ws/install/turtlesim/share/turtlesim/local_setup.bash
[0.339s] -- Up-to-date: /home/avmi-lab-user/ros2_ws/install/turtlesim/share/turtlesim/local_setup.sh
[0.339s] -- Up-to-date: /home/avmi-lab-user/ros2_ws/install/turtlesim/share/turtlesim/local_setup.zsh
[0.339s] -- Up-to-date: /home/avmi-lab-user/ros2_ws/install/turtlesim/share/turtlesim/local_setup.dsv
[0.339s] -- Installing: /home/avmi-lab-user/ros2_ws/install/turtlesim/share/turtlesim/package.dsv
[0.339s] -- Up-to-date: /home/avmi-lab-user/ros2_ws/install/turtlesim/share/ament_index/resource_index/packages/turtlesim
[0.339s] -- Up-to-date: /home/avmi-lab-user/ros2_ws/install/turtlesim/share/turtlesim/cmake/export_turtlesim__rosidl_generator_cExport.cmake
[0.339s] -- Up-to-date: /home/avmi-lab-user/ros2_ws/install/turtlesim/share/turtlesim/cmake/export_turtlesim__rosidl_generator_cExport-noconfig.cmake
[0.339s] -- Up-to-date: /home/avmi-lab-user/ros2_ws/install/turtlesim/share/turtlesim/cmake/export_turtlesim__rosidl_typesupport_fastrtps_cExport.cmake
[0.339s] -- Up-to-date: /home/avmi-lab-user/ros2_ws/install/turtlesim/share/turtlesim/cmake/export_turtlesim__rosidl_typesupport_fastrtps_cExport-noconfig.cmake
[0.339s] -- Up-to-date: /home/avmi-lab-user/ros2_ws/install/turtlesim/share/turtlesim/cmake/export_turtlesim__rosidl_generator_cppExport.cmake
[0.339s] -- Up-to-date: /home/avmi-lab-user/ros2_ws/install/turtlesim/share/turtlesim/cmake/export_turtlesim__rosidl_typesupport_fastrtps_cppExport.cmake
[0.339s] -- Up-to-date: /home/avmi-lab-user/ros2_ws/install/turtlesim/share/turtlesim/cmake/export_turtlesim__rosidl_typesupport_fastrtps_cppExport-noconfig.cmake
[0.339s] -- Up-to-date: /home/avmi-lab-user/ros2_ws/install/turtlesim/share/turtlesim/cmake/turtlesim__rosidl_typesupport_introspection_cExport.cmake
[0.339s] -- Up-to-date: /home/avmi-lab-user/ros2_ws/install/turtlesim/share/turtlesim/cmake/turtlesim__rosidl_typesupport_introspection_cExport-noconfig.cmake
[0.339s] -- Up-to-date: /home/avmi-lab-user/ros2_ws/install/turtlesim/share/turtlesim/cmake/turtlesim__rosidl_typesupport_cExport.cmake
[0.339s] -- Up-to-date: /home/avmi-lab-user/ros2_ws/install/turtlesim/share/turtlesim/cmake/turtlesim__rosidl_typesupport_cExport-noconfig.cmake
[0.339s] -- Up-to-date: /home/avmi-lab-user/ros2_ws/install/turtlesim/share/turtlesim/cmake/turtlesim__rosidl_typesupport_introspection_cppExport.cmake
[0.339s] -- Up-to-date: /home/avmi-lab-user/ros2_ws/install/turtlesim/share/turtlesim/cmake/turtlesim__rosidl_typesupport_introspection_cppExport-noconfig.cmake
[0.339s] -- Up-to-date: /home/avmi-lab-user/ros2_ws/install/turtlesim/share/turtlesim/cmake/turtlesim__rosidl_typesupport_cppExport.cmake
[0.339s] -- Up-to-date: /home/avmi-lab-user/ros2_ws/install/turtlesim/share/turtlesim/cmake/turtlesim__rosidl_typesupport_cppExport-noconfig.cmake
[0.339s] -- Up-to-date: /home/avmi-lab-user/ros2_ws/install/turtlesim/share/turtlesim/cmake/export_turtlesim__rosidl_generator_pyExport.cmake
[0.340s] -- Up-to-date: /home/avmi-lab-user/ros2_ws/install/turtlesim/share/turtlesim/cmake/export_turtlesim__rosidl_generator_pyExport-noconfig.cmake
[0.340s] -- Up-to-date: /home/avmi-lab-user/ros2_ws/install/turtlesim/share/turtlesim/cmake/rosidl_cmake-extras.cmake
[0.340s] -- Up-to-date: /home/avmi-lab-user/ros2_ws/install/turtlesim/share/turtlesim/cmake/ament_cmake_export_dependencies-extras.cmake
[0.340s] -- Up-to-date: /home/avmi-lab-user/ros2_ws/install/turtlesim/share/turtlesim/cmake/ament_cmake_export_include_directories-extras.cmake
[0.340s] -- Up-to-date: /home/avmi-lab-user/ros2_ws/install/turtlesim/share/turtlesim/cmake/ament_cmake_export_libraries-extras.cmake
[0.340s] -- Up-to-date: /home/avmi-lab-user/ros2_ws/install/turtlesim/share/turtlesim/cmake/ament_cmake_export_targets-extras.cmake
[0.340s] -- Up-to-date: /home/avmi-lab-user/ros2_ws/install/turtlesim/share/turtlesim/cmake/rosidl_cmake_export_typesupport_targets-extras.cmake
[0.340s] -- Up-to-date: /home/avmi-lab-user/ros2_ws/install/turtlesim/share/turtlesim/cmake/rosidl_cmake_export_typesupport_libraries-extras.cmake
[0.340s] -- Up-to-date: /home/avmi-lab-user/ros2_ws/install/turtlesim/share/turtlesim/cmake/turtlesimConfig.cmake
[0.340s] -- Up-to-date: /home/avmi-lab-user/ros2_ws/install/turtlesim/share/turtlesim/cmake/turtlesimConfig-version.cmake
[0.340s] -- Up-to-date: /home/avmi-lab-user/ros2_ws/install/turtlesim/share/turtlesim/package.xml
[0.342s] Invoked command in '/home/avmi-lab-user/ros2_ws/build/turtlesim' returned '0': CMAKE_PREFIX_PATH=${CMAKE_PREFIX_PATH}:/home/avmi-lab-user/turtlebot4_ws/install/py_sub:/home/avmi-lab-user/turtlebot4_ws/install/path_pubsub:/home/avmi-lab-user/turtlebot4_ws/install/opencv_tests:/home/avmi-lab-user/turtlebot4_ws/install/avmi_lab_threat_field:/opt/ros/humble /usr/bin/cmake --install /home/avmi-lab-user/ros2_ws/build/turtlesim
