[0.056s] Invoking command in '/home/avmi-lab-user/ThreatField2025/workspace/ros2_ws/build/example_mode_goto_global_cpp': AMENT_PREFIX_PATH=/home/avmi-lab-user/ThreatField2025/workspace/ros2_ws/install/px4_ros2_cpp:/home/avmi-lab-user/ThreatField2025/workspace/ros2_ws/install/px4_msgs:${AMENT_PREFIX_PATH} CMAKE_PREFIX_PATH=/home/avmi-lab-user/ThreatField2025/workspace/ros2_ws/install/px4_ros2_cpp:/home/avmi-lab-user/ThreatField2025/workspace/ros2_ws/install/px4_msgs:/opt/ros/humble LD_LIBRARY_PATH=/home/avmi-lab-user/ThreatField2025/workspace/ros2_ws/install/px4_ros2_cpp/lib:/home/avmi-lab-user/ThreatField2025/workspace/ros2_ws/install/px4_msgs/lib:${LD_LIBRARY_PATH} PYTHONPATH=/home/avmi-lab-user/ThreatField2025/workspace/ros2_ws/install/px4_msgs/local/lib/python3.10/dist-packages:${PYTHONPATH} /usr/bin/cmake /home/avmi-lab-user/ThreatField2025/workspace/ros2_ws/src/px4-ros2-interface-lib/examples/cpp/modes/goto_global -DCMAKE_INSTALL_PREFIX=/home/avmi-lab-user/ThreatField2025/workspace/ros2_ws/install/example_mode_goto_global_cpp
[2.678s] -- The C compiler identification is GNU 11.4.0
[2.678s] -- The CXX compiler identification is GNU 11.4.0
[2.678s] -- Detecting C compiler ABI info
[2.678s] -- Detecting C compiler ABI info - done
[2.679s] -- Check for working C compiler: /usr/bin/cc - skipped
[2.679s] -- Detecting C compile features
[2.679s] -- Detecting C compile features - done
[2.679s] -- Detecting CXX compiler ABI info
[2.679s] -- Detecting CXX compiler ABI info - done
[2.679s] -- Check for working CXX compiler: /usr/bin/c++ - skipped
[2.679s] -- Detecting CXX compile features
[2.679s] -- Detecting CXX compile features - done
[2.679s] -- Found eigen3_cmake_module: 0.1.1 (/opt/ros/humble/share/eigen3_cmake_module/cmake)
[2.679s] -- Found Eigen3: TRUE (found version "3.4.0") 
[2.680s] -- Found ament_cmake: 1.3.11 (/opt/ros/humble/share/ament_cmake/cmake)
[2.680s] -- Found Python3: /usr/bin/python3 (found version "3.10.12") found components: Interpreter 
[2.680s] -- Found rclcpp: 16.0.12 (/opt/ros/humble/share/rclcpp/cmake)
[2.680s] -- Found rosidl_generator_c: 3.1.6 (/opt/ros/humble/share/rosidl_generator_c/cmake)
[2.680s] -- Found rosidl_adapter: 3.1.6 (/opt/ros/humble/share/rosidl_adapter/cmake)
[2.680s] -- Found rosidl_generator_cpp: 3.1.6 (/opt/ros/humble/share/rosidl_generator_cpp/cmake)
[2.680s] -- Using all available rosidl_typesupport_c: rosidl_typesupport_fastrtps_c;rosidl_typesupport_introspection_c
[2.680s] -- Using all available rosidl_typesupport_cpp: rosidl_typesupport_fastrtps_cpp;rosidl_typesupport_introspection_cpp
[2.680s] -- Found rmw_implementation_cmake: 6.1.2 (/opt/ros/humble/share/rmw_implementation_cmake/cmake)
[2.681s] -- Found rmw_fastrtps_cpp: 6.2.7 (/opt/ros/humble/share/rmw_fastrtps_cpp/cmake)
[2.681s] -- Found OpenSSL: /usr/lib/x86_64-linux-gnu/libcrypto.so (found version "3.0.2")  
[2.681s] -- Found FastRTPS: /opt/ros/humble/include  
[2.681s] -- Using RMW implementation 'rmw_fastrtps_cpp' as default
[2.681s] -- Looking for pthread.h
[2.681s] -- Looking for pthread.h - found
[2.681s] -- Performing Test CMAKE_HAVE_LIBC_PTHREAD
[2.682s] -- Performing Test CMAKE_HAVE_LIBC_PTHREAD - Success
[2.682s] -- Found Threads: TRUE  
[2.682s] -- Found px4_ros2_cpp: 0.0.1 (/home/avmi-lab-user/ThreatField2025/workspace/ros2_ws/install/px4_ros2_cpp/share/px4_ros2_cpp/cmake)
[2.682s] -- Found ament_lint_auto: 0.12.12 (/opt/ros/humble/share/ament_lint_auto/cmake)
[2.682s] -- Added test 'copyright' to check source files copyright and LICENSE
[2.682s] -- Added test 'cppcheck' to perform static code analysis on C / C++ code
[2.682s] -- Configured cppcheck include dirs: /home/avmi-lab-user/ThreatField2025/workspace/ros2_ws/src/px4-ros2-interface-lib/examples/cpp/modes/goto_global/include
[2.682s] -- Configured cppcheck exclude dirs and/or files: 
[2.682s] -- Added test 'cpplint' to check C / C++ code against the Google style
[2.682s] -- Configured cpplint exclude dirs and/or files: 
[2.682s] -- Added test 'lint_cmake' to check CMake code style
[2.682s] -- Added test 'uncrustify' to check C / C++ code style
[2.682s] -- Configured uncrustify additional arguments: 
[2.682s] -- Added test 'xmllint' to check XML markup files
[2.682s] -- Configuring done
[2.682s] -- Generating done
[2.683s] -- Build files have been written to: /home/avmi-lab-user/ThreatField2025/workspace/ros2_ws/build/example_mode_goto_global_cpp
[2.690s] Invoked command in '/home/avmi-lab-user/ThreatField2025/workspace/ros2_ws/build/example_mode_goto_global_cpp' returned '0': AMENT_PREFIX_PATH=/home/avmi-lab-user/ThreatField2025/workspace/ros2_ws/install/px4_ros2_cpp:/home/avmi-lab-user/ThreatField2025/workspace/ros2_ws/install/px4_msgs:${AMENT_PREFIX_PATH} CMAKE_PREFIX_PATH=/home/avmi-lab-user/ThreatField2025/workspace/ros2_ws/install/px4_ros2_cpp:/home/avmi-lab-user/ThreatField2025/workspace/ros2_ws/install/px4_msgs:/opt/ros/humble LD_LIBRARY_PATH=/home/avmi-lab-user/ThreatField2025/workspace/ros2_ws/install/px4_ros2_cpp/lib:/home/avmi-lab-user/ThreatField2025/workspace/ros2_ws/install/px4_msgs/lib:${LD_LIBRARY_PATH} PYTHONPATH=/home/avmi-lab-user/ThreatField2025/workspace/ros2_ws/install/px4_msgs/local/lib/python3.10/dist-packages:${PYTHONPATH} /usr/bin/cmake /home/avmi-lab-user/ThreatField2025/workspace/ros2_ws/src/px4-ros2-interface-lib/examples/cpp/modes/goto_global -DCMAKE_INSTALL_PREFIX=/home/avmi-lab-user/ThreatField2025/workspace/ros2_ws/install/example_mode_goto_global_cpp
[2.691s] Invoking command in '/home/avmi-lab-user/ThreatField2025/workspace/ros2_ws/build/example_mode_goto_global_cpp': AMENT_PREFIX_PATH=/home/avmi-lab-user/ThreatField2025/workspace/ros2_ws/install/px4_ros2_cpp:/home/avmi-lab-user/ThreatField2025/workspace/ros2_ws/install/px4_msgs:${AMENT_PREFIX_PATH} CMAKE_PREFIX_PATH=/home/avmi-lab-user/ThreatField2025/workspace/ros2_ws/install/px4_ros2_cpp:/home/avmi-lab-user/ThreatField2025/workspace/ros2_ws/install/px4_msgs:/opt/ros/humble LD_LIBRARY_PATH=/home/avmi-lab-user/ThreatField2025/workspace/ros2_ws/install/px4_ros2_cpp/lib:/home/avmi-lab-user/ThreatField2025/workspace/ros2_ws/install/px4_msgs/lib:${LD_LIBRARY_PATH} PYTHONPATH=/home/avmi-lab-user/ThreatField2025/workspace/ros2_ws/install/px4_msgs/local/lib/python3.10/dist-packages:${PYTHONPATH} /usr/bin/cmake --build /home/avmi-lab-user/ThreatField2025/workspace/ros2_ws/build/example_mode_goto_global_cpp -- -j8 -l8
[2.788s] [ 50%] [32mBuilding CXX object CMakeFiles/example_mode_goto_global.dir/src/main.cpp.o[0m
[13.002s] [100%] [32m[1mLinking CXX executable example_mode_goto_global[0m
[14.811s] [100%] Built target example_mode_goto_global
[14.830s] Invoked command in '/home/avmi-lab-user/ThreatField2025/workspace/ros2_ws/build/example_mode_goto_global_cpp' returned '0': AMENT_PREFIX_PATH=/home/avmi-lab-user/ThreatField2025/workspace/ros2_ws/install/px4_ros2_cpp:/home/avmi-lab-user/ThreatField2025/workspace/ros2_ws/install/px4_msgs:${AMENT_PREFIX_PATH} CMAKE_PREFIX_PATH=/home/avmi-lab-user/ThreatField2025/workspace/ros2_ws/install/px4_ros2_cpp:/home/avmi-lab-user/ThreatField2025/workspace/ros2_ws/install/px4_msgs:/opt/ros/humble LD_LIBRARY_PATH=/home/avmi-lab-user/ThreatField2025/workspace/ros2_ws/install/px4_ros2_cpp/lib:/home/avmi-lab-user/ThreatField2025/workspace/ros2_ws/install/px4_msgs/lib:${LD_LIBRARY_PATH} PYTHONPATH=/home/avmi-lab-user/ThreatField2025/workspace/ros2_ws/install/px4_msgs/local/lib/python3.10/dist-packages:${PYTHONPATH} /usr/bin/cmake --build /home/avmi-lab-user/ThreatField2025/workspace/ros2_ws/build/example_mode_goto_global_cpp -- -j8 -l8
[14.832s] Invoking command in '/home/avmi-lab-user/ThreatField2025/workspace/ros2_ws/build/example_mode_goto_global_cpp': AMENT_PREFIX_PATH=/home/avmi-lab-user/ThreatField2025/workspace/ros2_ws/install/px4_ros2_cpp:/home/avmi-lab-user/ThreatField2025/workspace/ros2_ws/install/px4_msgs:${AMENT_PREFIX_PATH} CMAKE_PREFIX_PATH=/home/avmi-lab-user/ThreatField2025/workspace/ros2_ws/install/px4_ros2_cpp:/home/avmi-lab-user/ThreatField2025/workspace/ros2_ws/install/px4_msgs:/opt/ros/humble LD_LIBRARY_PATH=/home/avmi-lab-user/ThreatField2025/workspace/ros2_ws/install/px4_ros2_cpp/lib:/home/avmi-lab-user/ThreatField2025/workspace/ros2_ws/install/px4_msgs/lib:${LD_LIBRARY_PATH} PYTHONPATH=/home/avmi-lab-user/ThreatField2025/workspace/ros2_ws/install/px4_msgs/local/lib/python3.10/dist-packages:${PYTHONPATH} /usr/bin/cmake --install /home/avmi-lab-user/ThreatField2025/workspace/ros2_ws/build/example_mode_goto_global_cpp
[14.841s] -- Install configuration: ""
[14.843s] -- Installing: /home/avmi-lab-user/ThreatField2025/workspace/ros2_ws/install/example_mode_goto_global_cpp/lib/example_mode_goto_global_cpp/example_mode_goto_global
[14.843s] -- Set runtime path of "/home/avmi-lab-user/ThreatField2025/workspace/ros2_ws/install/example_mode_goto_global_cpp/lib/example_mode_goto_global_cpp/example_mode_goto_global" to ""
[14.843s] -- Installing: /home/avmi-lab-user/ThreatField2025/workspace/ros2_ws/install/example_mode_goto_global_cpp/share/ament_index/resource_index/package_run_dependencies/example_mode_goto_global_cpp
[14.844s] -- Installing: /home/avmi-lab-user/ThreatField2025/workspace/ros2_ws/install/example_mode_goto_global_cpp/share/ament_index/resource_index/parent_prefix_path/example_mode_goto_global_cpp
[14.844s] -- Installing: /home/avmi-lab-user/ThreatField2025/workspace/ros2_ws/install/example_mode_goto_global_cpp/share/example_mode_goto_global_cpp/environment/ament_prefix_path.sh
[14.844s] -- Installing: /home/avmi-lab-user/ThreatField2025/workspace/ros2_ws/install/example_mode_goto_global_cpp/share/example_mode_goto_global_cpp/environment/ament_prefix_path.dsv
[14.844s] -- Installing: /home/avmi-lab-user/ThreatField2025/workspace/ros2_ws/install/example_mode_goto_global_cpp/share/example_mode_goto_global_cpp/environment/path.sh
[14.844s] -- Installing: /home/avmi-lab-user/ThreatField2025/workspace/ros2_ws/install/example_mode_goto_global_cpp/share/example_mode_goto_global_cpp/environment/path.dsv
[14.844s] -- Installing: /home/avmi-lab-user/ThreatField2025/workspace/ros2_ws/install/example_mode_goto_global_cpp/share/example_mode_goto_global_cpp/local_setup.bash
[14.846s] -- Installing: /home/avmi-lab-user/ThreatField2025/workspace/ros2_ws/install/example_mode_goto_global_cpp/share/example_mode_goto_global_cpp/local_setup.sh
[14.846s] -- Installing: /home/avmi-lab-user/ThreatField2025/workspace/ros2_ws/install/example_mode_goto_global_cpp/share/example_mode_goto_global_cpp/local_setup.zsh
[14.847s] -- Installing: /home/avmi-lab-user/ThreatField2025/workspace/ros2_ws/install/example_mode_goto_global_cpp/share/example_mode_goto_global_cpp/local_setup.dsv
[14.847s] -- Installing: /home/avmi-lab-user/ThreatField2025/workspace/ros2_ws/install/example_mode_goto_global_cpp/share/example_mode_goto_global_cpp/package.dsv
[14.847s] -- Installing: /home/avmi-lab-user/ThreatField2025/workspace/ros2_ws/install/example_mode_goto_global_cpp/share/ament_index/resource_index/packages/example_mode_goto_global_cpp
[14.848s] -- Installing: /home/avmi-lab-user/ThreatField2025/workspace/ros2_ws/install/example_mode_goto_global_cpp/share/example_mode_goto_global_cpp/cmake/example_mode_goto_global_cppConfig.cmake
[14.848s] -- Installing: /home/avmi-lab-user/ThreatField2025/workspace/ros2_ws/install/example_mode_goto_global_cpp/share/example_mode_goto_global_cpp/cmake/example_mode_goto_global_cppConfig-version.cmake
[14.848s] -- Installing: /home/avmi-lab-user/ThreatField2025/workspace/ros2_ws/install/example_mode_goto_global_cpp/share/example_mode_goto_global_cpp/package.xml
[14.852s] Invoked command in '/home/avmi-lab-user/ThreatField2025/workspace/ros2_ws/build/example_mode_goto_global_cpp' returned '0': AMENT_PREFIX_PATH=/home/avmi-lab-user/ThreatField2025/workspace/ros2_ws/install/px4_ros2_cpp:/home/avmi-lab-user/ThreatField2025/workspace/ros2_ws/install/px4_msgs:${AMENT_PREFIX_PATH} CMAKE_PREFIX_PATH=/home/avmi-lab-user/ThreatField2025/workspace/ros2_ws/install/px4_ros2_cpp:/home/avmi-lab-user/ThreatField2025/workspace/ros2_ws/install/px4_msgs:/opt/ros/humble LD_LIBRARY_PATH=/home/avmi-lab-user/ThreatField2025/workspace/ros2_ws/install/px4_ros2_cpp/lib:/home/avmi-lab-user/ThreatField2025/workspace/ros2_ws/install/px4_msgs/lib:${LD_LIBRARY_PATH} PYTHONPATH=/home/avmi-lab-user/ThreatField2025/workspace/ros2_ws/install/px4_msgs/local/lib/python3.10/dist-packages:${PYTHONPATH} /usr/bin/cmake --install /home/avmi-lab-user/ThreatField2025/workspace/ros2_ws/build/example_mode_goto_global_cpp
