[0.089s] DEBUG:colcon:Command line arguments: ['/usr/bin/colcon', 'build']
[0.089s] DEBUG:colcon:Parsed command line arguments: Namespace(log_base=None, log_level=None, verb_name='build', build_base='build', install_base='install', merge_install=False, symlink_install=False, test_result_base=None, continue_on_error=False, executor='parallel', parallel_workers=8, event_handlers=None, ignore_user_meta=False, metas=['./colcon.meta'], base_paths=['.'], packages_ignore=None, packages_ignore_regex=None, paths=None, packages_up_to=None, packages_up_to_regex=None, packages_above=None, packages_above_and_dependencies=None, packages_above_depth=None, packages_select_by_dep=None, packages_skip_by_dep=None, packages_skip_up_to=None, packages_select_build_failed=False, packages_skip_build_finished=False, packages_select_test_failures=False, packages_skip_test_passed=False, packages_select=None, packages_skip=None, packages_select_regex=None, packages_skip_regex=None, packages_start=None, packages_end=None, allow_overriding=[], cmake_args=None, cmake_target=None, cmake_target_skip_unavailable=False, cmake_clean_cache=False, cmake_clean_first=False, cmake_force_configure=False, ament_cmake_args=None, catkin_cmake_args=None, catkin_skip_building_tests=False, mixin_files=None, mixin=None, verb_parser=<colcon_mixin.mixin.mixin_argument.MixinArgumentDecorator object at 0x7456e8179ea0>, verb_extension=<colcon_core.verb.build.BuildVerb object at 0x7456e81794e0>, main=<bound method BuildVerb.main of <colcon_core.verb.build.BuildVerb object at 0x7456e81794e0>>, mixin_verb=('build',))
[0.124s] Level 1:colcon.colcon_core.package_discovery:discover_packages(colcon_meta) check parameters
[0.124s] Level 1:colcon.colcon_core.package_discovery:discover_packages(recursive) check parameters
[0.124s] Level 1:colcon.colcon_core.package_discovery:discover_packages(ignore) check parameters
[0.124s] Level 1:colcon.colcon_core.package_discovery:discover_packages(path) check parameters
[0.124s] Level 1:colcon.colcon_core.package_discovery:discover_packages(colcon_meta) discover
[0.124s] Level 1:colcon.colcon_core.package_discovery:discover_packages(recursive) discover
[0.124s] INFO:colcon.colcon_core.package_discovery:Crawling recursively for packages in '/home/avmi-lab-user/ThreatField2025/workspace/example_ws'
[0.124s] Level 1:colcon.colcon_core.package_identification:_identify(.) by extensions ['ignore', 'ignore_ament_install']
[0.124s] Level 1:colcon.colcon_core.package_identification:_identify(.) by extension 'ignore'
[0.124s] Level 1:colcon.colcon_core.package_identification:_identify(.) by extension 'ignore_ament_install'
[0.124s] Level 1:colcon.colcon_core.package_identification:_identify(.) by extensions ['colcon_pkg']
[0.124s] Level 1:colcon.colcon_core.package_identification:_identify(.) by extension 'colcon_pkg'
[0.124s] Level 1:colcon.colcon_core.package_identification:_identify(.) by extensions ['colcon_meta']
[0.124s] Level 1:colcon.colcon_core.package_identification:_identify(.) by extension 'colcon_meta'
[0.124s] Level 1:colcon.colcon_core.package_identification:_identify(.) by extensions ['ros']
[0.124s] Level 1:colcon.colcon_core.package_identification:_identify(.) by extension 'ros'
[0.136s] Level 1:colcon.colcon_core.package_identification:_identify(.) by extensions ['cmake', 'python']
[0.136s] Level 1:colcon.colcon_core.package_identification:_identify(.) by extension 'cmake'
[0.136s] Level 1:colcon.colcon_core.package_identification:_identify(.) by extension 'python'
[0.136s] Level 1:colcon.colcon_core.package_identification:_identify(.) by extensions ['python_setup_py']
[0.136s] Level 1:colcon.colcon_core.package_identification:_identify(.) by extension 'python_setup_py'
[0.137s] Level 1:colcon.colcon_core.package_identification:_identify(build) by extensions ['ignore', 'ignore_ament_install']
[0.137s] Level 1:colcon.colcon_core.package_identification:_identify(build) by extension 'ignore'
[0.137s] Level 1:colcon.colcon_core.package_identification:_identify(build) ignored
[0.137s] Level 1:colcon.colcon_core.package_identification:_identify(install) by extensions ['ignore', 'ignore_ament_install']
[0.137s] Level 1:colcon.colcon_core.package_identification:_identify(install) by extension 'ignore'
[0.137s] Level 1:colcon.colcon_core.package_identification:_identify(install) ignored
[0.137s] Level 1:colcon.colcon_core.package_identification:_identify(log) by extensions ['ignore', 'ignore_ament_install']
[0.137s] Level 1:colcon.colcon_core.package_identification:_identify(log) by extension 'ignore'
[0.137s] Level 1:colcon.colcon_core.package_identification:_identify(log) ignored
[0.137s] Level 1:colcon.colcon_core.package_identification:_identify(px4_msgs) by extensions ['ignore', 'ignore_ament_install']
[0.137s] Level 1:colcon.colcon_core.package_identification:_identify(px4_msgs) by extension 'ignore'
[0.137s] Level 1:colcon.colcon_core.package_identification:_identify(px4_msgs) by extension 'ignore_ament_install'
[0.137s] Level 1:colcon.colcon_core.package_identification:_identify(px4_msgs) by extensions ['colcon_pkg']
[0.137s] Level 1:colcon.colcon_core.package_identification:_identify(px4_msgs) by extension 'colcon_pkg'
[0.137s] Level 1:colcon.colcon_core.package_identification:_identify(px4_msgs) by extensions ['colcon_meta']
[0.137s] Level 1:colcon.colcon_core.package_identification:_identify(px4_msgs) by extension 'colcon_meta'
[0.137s] Level 1:colcon.colcon_core.package_identification:_identify(px4_msgs) by extensions ['ros']
[0.137s] Level 1:colcon.colcon_core.package_identification:_identify(px4_msgs) by extension 'ros'
[0.140s] DEBUG:colcon.colcon_core.package_identification:Package 'px4_msgs' with type 'ros.ament_cmake' and name 'px4_msgs'
[0.140s] Level 1:colcon.colcon_core.package_identification:_identify(src) by extensions ['ignore', 'ignore_ament_install']
[0.140s] Level 1:colcon.colcon_core.package_identification:_identify(src) by extension 'ignore'
[0.140s] Level 1:colcon.colcon_core.package_identification:_identify(src) by extension 'ignore_ament_install'
[0.140s] Level 1:colcon.colcon_core.package_identification:_identify(src) by extensions ['colcon_pkg']
[0.140s] Level 1:colcon.colcon_core.package_identification:_identify(src) by extension 'colcon_pkg'
[0.140s] Level 1:colcon.colcon_core.package_identification:_identify(src) by extensions ['colcon_meta']
[0.140s] Level 1:colcon.colcon_core.package_identification:_identify(src) by extension 'colcon_meta'
[0.140s] Level 1:colcon.colcon_core.package_identification:_identify(src) by extensions ['ros']
[0.140s] Level 1:colcon.colcon_core.package_identification:_identify(src) by extension 'ros'
[0.140s] Level 1:colcon.colcon_core.package_identification:_identify(src) by extensions ['cmake', 'python']
[0.140s] Level 1:colcon.colcon_core.package_identification:_identify(src) by extension 'cmake'
[0.140s] Level 1:colcon.colcon_core.package_identification:_identify(src) by extension 'python'
[0.140s] Level 1:colcon.colcon_core.package_identification:_identify(src) by extensions ['python_setup_py']
[0.140s] Level 1:colcon.colcon_core.package_identification:_identify(src) by extension 'python_setup_py'
[0.141s] Level 1:colcon.colcon_core.package_identification:_identify(src/px4-offboard) by extensions ['ignore', 'ignore_ament_install']
[0.141s] Level 1:colcon.colcon_core.package_identification:_identify(src/px4-offboard) by extension 'ignore'
[0.141s] Level 1:colcon.colcon_core.package_identification:_identify(src/px4-offboard) by extension 'ignore_ament_install'
[0.141s] Level 1:colcon.colcon_core.package_identification:_identify(src/px4-offboard) by extensions ['colcon_pkg']
[0.141s] Level 1:colcon.colcon_core.package_identification:_identify(src/px4-offboard) by extension 'colcon_pkg'
[0.141s] Level 1:colcon.colcon_core.package_identification:_identify(src/px4-offboard) by extensions ['colcon_meta']
[0.141s] Level 1:colcon.colcon_core.package_identification:_identify(src/px4-offboard) by extension 'colcon_meta'
[0.141s] Level 1:colcon.colcon_core.package_identification:_identify(src/px4-offboard) by extensions ['ros']
[0.141s] Level 1:colcon.colcon_core.package_identification:_identify(src/px4-offboard) by extension 'ros'
[0.141s] DEBUG:colcon.colcon_core.package_identification:Package 'src/px4-offboard' with type 'ros.ament_python' and name 'px4_offboard'
[0.141s] Level 1:colcon.colcon_core.package_identification:_identify(src/px4_ros_com) by extensions ['ignore', 'ignore_ament_install']
[0.141s] Level 1:colcon.colcon_core.package_identification:_identify(src/px4_ros_com) by extension 'ignore'
[0.141s] Level 1:colcon.colcon_core.package_identification:_identify(src/px4_ros_com) by extension 'ignore_ament_install'
[0.141s] Level 1:colcon.colcon_core.package_identification:_identify(src/px4_ros_com) by extensions ['colcon_pkg']
[0.142s] Level 1:colcon.colcon_core.package_identification:_identify(src/px4_ros_com) by extension 'colcon_pkg'
[0.142s] Level 1:colcon.colcon_core.package_identification:_identify(src/px4_ros_com) by extensions ['colcon_meta']
[0.142s] Level 1:colcon.colcon_core.package_identification:_identify(src/px4_ros_com) by extension 'colcon_meta'
[0.142s] Level 1:colcon.colcon_core.package_identification:_identify(src/px4_ros_com) by extensions ['ros']
[0.142s] Level 1:colcon.colcon_core.package_identification:_identify(src/px4_ros_com) by extension 'ros'
[0.142s] DEBUG:colcon.colcon_core.package_identification:Package 'src/px4_ros_com' with type 'ros.ament_cmake' and name 'px4_ros_com'
[0.142s] Level 1:colcon.colcon_core.package_discovery:discover_packages(recursive) using defaults
[0.142s] Level 1:colcon.colcon_core.package_discovery:discover_packages(ignore) discover
[0.142s] Level 1:colcon.colcon_core.package_discovery:discover_packages(ignore) using defaults
[0.142s] Level 1:colcon.colcon_core.package_discovery:discover_packages(path) discover
[0.142s] Level 1:colcon.colcon_core.package_discovery:discover_packages(path) using defaults
[0.160s] Level 1:colcon.colcon_core.package_discovery:discover_packages(prefix_path) check parameters
[0.160s] Level 1:colcon.colcon_core.package_discovery:discover_packages(prefix_path) discover
[0.162s] DEBUG:colcon.colcon_installed_package_information.package_discovery:Found 6 installed packages in /home/avmi-lab-user/ThreatField2025/workspace/ros2_ws/install
[0.162s] DEBUG:colcon.colcon_installed_package_information.package_discovery:Found 17 installed packages in /home/avmi-lab-user/turtlebot4_ws/install
[0.163s] DEBUG:colcon.colcon_installed_package_information.package_discovery:Found 295 installed packages in /opt/ros/humble
[0.164s] Level 1:colcon.colcon_core.package_discovery:discover_packages(prefix_path) using defaults
[0.193s] Level 5:colcon.colcon_core.verb:set package 'px4_msgs' build argument 'cmake_args' from command line to 'None'
[0.193s] Level 5:colcon.colcon_core.verb:set package 'px4_msgs' build argument 'cmake_target' from command line to 'None'
[0.193s] Level 5:colcon.colcon_core.verb:set package 'px4_msgs' build argument 'cmake_target_skip_unavailable' from command line to 'False'
[0.193s] Level 5:colcon.colcon_core.verb:set package 'px4_msgs' build argument 'cmake_clean_cache' from command line to 'False'
[0.193s] Level 5:colcon.colcon_core.verb:set package 'px4_msgs' build argument 'cmake_clean_first' from command line to 'False'
[0.193s] Level 5:colcon.colcon_core.verb:set package 'px4_msgs' build argument 'cmake_force_configure' from command line to 'False'
[0.193s] Level 5:colcon.colcon_core.verb:set package 'px4_msgs' build argument 'ament_cmake_args' from command line to 'None'
[0.193s] Level 5:colcon.colcon_core.verb:set package 'px4_msgs' build argument 'catkin_cmake_args' from command line to 'None'
[0.193s] Level 5:colcon.colcon_core.verb:set package 'px4_msgs' build argument 'catkin_skip_building_tests' from command line to 'False'
[0.193s] DEBUG:colcon.colcon_core.verb:Building package 'px4_msgs' with the following arguments: {'ament_cmake_args': None, 'build_base': '/home/avmi-lab-user/ThreatField2025/workspace/example_ws/build/px4_msgs', 'catkin_cmake_args': None, 'catkin_skip_building_tests': False, 'cmake_args': None, 'cmake_clean_cache': False, 'cmake_clean_first': False, 'cmake_force_configure': False, 'cmake_target': None, 'cmake_target_skip_unavailable': False, 'install_base': '/home/avmi-lab-user/ThreatField2025/workspace/example_ws/install/px4_msgs', 'merge_install': False, 'path': '/home/avmi-lab-user/ThreatField2025/workspace/example_ws/px4_msgs', 'symlink_install': False, 'test_result_base': None}
[0.193s] Level 5:colcon.colcon_core.verb:set package 'px4_offboard' build argument 'cmake_args' from command line to 'None'
[0.193s] Level 5:colcon.colcon_core.verb:set package 'px4_offboard' build argument 'cmake_target' from command line to 'None'
[0.193s] Level 5:colcon.colcon_core.verb:set package 'px4_offboard' build argument 'cmake_target_skip_unavailable' from command line to 'False'
[0.193s] Level 5:colcon.colcon_core.verb:set package 'px4_offboard' build argument 'cmake_clean_cache' from command line to 'False'
[0.193s] Level 5:colcon.colcon_core.verb:set package 'px4_offboard' build argument 'cmake_clean_first' from command line to 'False'
[0.193s] Level 5:colcon.colcon_core.verb:set package 'px4_offboard' build argument 'cmake_force_configure' from command line to 'False'
[0.193s] Level 5:colcon.colcon_core.verb:set package 'px4_offboard' build argument 'ament_cmake_args' from command line to 'None'
[0.193s] Level 5:colcon.colcon_core.verb:set package 'px4_offboard' build argument 'catkin_cmake_args' from command line to 'None'
[0.193s] Level 5:colcon.colcon_core.verb:set package 'px4_offboard' build argument 'catkin_skip_building_tests' from command line to 'False'
[0.193s] DEBUG:colcon.colcon_core.verb:Building package 'px4_offboard' with the following arguments: {'ament_cmake_args': None, 'build_base': '/home/avmi-lab-user/ThreatField2025/workspace/example_ws/build/px4_offboard', 'catkin_cmake_args': None, 'catkin_skip_building_tests': False, 'cmake_args': None, 'cmake_clean_cache': False, 'cmake_clean_first': False, 'cmake_force_configure': False, 'cmake_target': None, 'cmake_target_skip_unavailable': False, 'install_base': '/home/avmi-lab-user/ThreatField2025/workspace/example_ws/install/px4_offboard', 'merge_install': False, 'path': '/home/avmi-lab-user/ThreatField2025/workspace/example_ws/src/px4-offboard', 'symlink_install': False, 'test_result_base': None}
[0.193s] Level 5:colcon.colcon_core.verb:set package 'px4_ros_com' build argument 'cmake_args' from command line to 'None'
[0.193s] Level 5:colcon.colcon_core.verb:set package 'px4_ros_com' build argument 'cmake_target' from command line to 'None'
[0.193s] Level 5:colcon.colcon_core.verb:set package 'px4_ros_com' build argument 'cmake_target_skip_unavailable' from command line to 'False'
[0.193s] Level 5:colcon.colcon_core.verb:set package 'px4_ros_com' build argument 'cmake_clean_cache' from command line to 'False'
[0.193s] Level 5:colcon.colcon_core.verb:set package 'px4_ros_com' build argument 'cmake_clean_first' from command line to 'False'
[0.193s] Level 5:colcon.colcon_core.verb:set package 'px4_ros_com' build argument 'cmake_force_configure' from command line to 'False'
[0.193s] Level 5:colcon.colcon_core.verb:set package 'px4_ros_com' build argument 'ament_cmake_args' from command line to 'None'
[0.193s] Level 5:colcon.colcon_core.verb:set package 'px4_ros_com' build argument 'catkin_cmake_args' from command line to 'None'
[0.193s] Level 5:colcon.colcon_core.verb:set package 'px4_ros_com' build argument 'catkin_skip_building_tests' from command line to 'False'
[0.193s] DEBUG:colcon.colcon_core.verb:Building package 'px4_ros_com' with the following arguments: {'ament_cmake_args': None, 'build_base': '/home/avmi-lab-user/ThreatField2025/workspace/example_ws/build/px4_ros_com', 'catkin_cmake_args': None, 'catkin_skip_building_tests': False, 'cmake_args': None, 'cmake_clean_cache': False, 'cmake_clean_first': False, 'cmake_force_configure': False, 'cmake_target': None, 'cmake_target_skip_unavailable': False, 'install_base': '/home/avmi-lab-user/ThreatField2025/workspace/example_ws/install/px4_ros_com', 'merge_install': False, 'path': '/home/avmi-lab-user/ThreatField2025/workspace/example_ws/src/px4_ros_com', 'symlink_install': False, 'test_result_base': None}
[0.194s] INFO:colcon.colcon_core.executor:Executing jobs using 'parallel' executor
[0.194s] DEBUG:colcon.colcon_parallel_executor.executor.parallel:run_until_complete
[0.194s] INFO:colcon.colcon_ros.task.ament_cmake.build:Building ROS package in '/home/avmi-lab-user/ThreatField2025/workspace/example_ws/px4_msgs' with build type 'ament_cmake'
[0.195s] INFO:colcon.colcon_cmake.task.cmake.build:Building CMake package in '/home/avmi-lab-user/ThreatField2025/workspace/example_ws/px4_msgs'
[0.196s] INFO:colcon.colcon_core.plugin_system:Skipping extension 'colcon_core.shell.bat': Not used on non-Windows systems
[0.196s] INFO:colcon.colcon_core.shell:Skip shell extension 'powershell' for command environment: Not usable outside of PowerShell
[0.196s] DEBUG:colcon.colcon_core.shell:Skip shell extension 'dsv' for command environment
[0.205s] DEBUG:colcon.colcon_core.event_handler.log_command:Invoking command in '/home/avmi-lab-user/ThreatField2025/workspace/example_ws/build/px4_msgs': CMAKE_PREFIX_PATH=${CMAKE_PREFIX_PATH}:/home/avmi-lab-user/ThreatField2025/workspace/ros2_ws/install/sensor_py:/home/avmi-lab-user/ThreatField2025/workspace/ros2_ws/install/py_srvcli:/home/avmi-lab-user/ThreatField2025/workspace/ros2_ws/install/py_sensor:/home/avmi-lab-user/turtlebot4_ws/install/py_sub:/home/avmi-lab-user/turtlebot4_ws/install/path_pubsub:/home/avmi-lab-user/turtlebot4_ws/install/opencv_tests:/home/avmi-lab-user/turtlebot4_ws/install/avmi_lab_threat_field:/opt/ros/humble /usr/bin/cmake /home/avmi-lab-user/ThreatField2025/workspace/example_ws/px4_msgs -DCMAKE_INSTALL_PREFIX=/home/avmi-lab-user/ThreatField2025/workspace/example_ws/install/px4_msgs
[3.437s] DEBUG:colcon.colcon_core.event_handler.log_command:Invoked command in '/home/avmi-lab-user/ThreatField2025/workspace/example_ws/build/px4_msgs' returned '0': CMAKE_PREFIX_PATH=${CMAKE_PREFIX_PATH}:/home/avmi-lab-user/ThreatField2025/workspace/ros2_ws/install/sensor_py:/home/avmi-lab-user/ThreatField2025/workspace/ros2_ws/install/py_srvcli:/home/avmi-lab-user/ThreatField2025/workspace/ros2_ws/install/py_sensor:/home/avmi-lab-user/turtlebot4_ws/install/py_sub:/home/avmi-lab-user/turtlebot4_ws/install/path_pubsub:/home/avmi-lab-user/turtlebot4_ws/install/opencv_tests:/home/avmi-lab-user/turtlebot4_ws/install/avmi_lab_threat_field:/opt/ros/humble /usr/bin/cmake /home/avmi-lab-user/ThreatField2025/workspace/example_ws/px4_msgs -DCMAKE_INSTALL_PREFIX=/home/avmi-lab-user/ThreatField2025/workspace/example_ws/install/px4_msgs
[3.439s] DEBUG:colcon.colcon_core.event_handler.log_command:Invoking command in '/home/avmi-lab-user/ThreatField2025/workspace/example_ws/build/px4_msgs': CMAKE_PREFIX_PATH=${CMAKE_PREFIX_PATH}:/home/avmi-lab-user/ThreatField2025/workspace/ros2_ws/install/sensor_py:/home/avmi-lab-user/ThreatField2025/workspace/ros2_ws/install/py_srvcli:/home/avmi-lab-user/ThreatField2025/workspace/ros2_ws/install/py_sensor:/home/avmi-lab-user/turtlebot4_ws/install/py_sub:/home/avmi-lab-user/turtlebot4_ws/install/path_pubsub:/home/avmi-lab-user/turtlebot4_ws/install/opencv_tests:/home/avmi-lab-user/turtlebot4_ws/install/avmi_lab_threat_field:/opt/ros/humble /usr/bin/cmake --build /home/avmi-lab-user/ThreatField2025/workspace/example_ws/build/px4_msgs -- -j8 -l8
[248.119s] DEBUG:colcon.colcon_core.event_handler.log_command:Invoked command in '/home/avmi-lab-user/ThreatField2025/workspace/example_ws/build/px4_msgs' returned '0': CMAKE_PREFIX_PATH=${CMAKE_PREFIX_PATH}:/home/avmi-lab-user/ThreatField2025/workspace/ros2_ws/install/sensor_py:/home/avmi-lab-user/ThreatField2025/workspace/ros2_ws/install/py_srvcli:/home/avmi-lab-user/ThreatField2025/workspace/ros2_ws/install/py_sensor:/home/avmi-lab-user/turtlebot4_ws/install/py_sub:/home/avmi-lab-user/turtlebot4_ws/install/path_pubsub:/home/avmi-lab-user/turtlebot4_ws/install/opencv_tests:/home/avmi-lab-user/turtlebot4_ws/install/avmi_lab_threat_field:/opt/ros/humble /usr/bin/cmake --build /home/avmi-lab-user/ThreatField2025/workspace/example_ws/build/px4_msgs -- -j8 -l8
[248.128s] DEBUG:colcon.colcon_core.event_handler.log_command:Invoking command in '/home/avmi-lab-user/ThreatField2025/workspace/example_ws/build/px4_msgs': CMAKE_PREFIX_PATH=${CMAKE_PREFIX_PATH}:/home/avmi-lab-user/ThreatField2025/workspace/ros2_ws/install/sensor_py:/home/avmi-lab-user/ThreatField2025/workspace/ros2_ws/install/py_srvcli:/home/avmi-lab-user/ThreatField2025/workspace/ros2_ws/install/py_sensor:/home/avmi-lab-user/turtlebot4_ws/install/py_sub:/home/avmi-lab-user/turtlebot4_ws/install/path_pubsub:/home/avmi-lab-user/turtlebot4_ws/install/opencv_tests:/home/avmi-lab-user/turtlebot4_ws/install/avmi_lab_threat_field:/opt/ros/humble /usr/bin/cmake --install /home/avmi-lab-user/ThreatField2025/workspace/example_ws/build/px4_msgs
[249.046s] Level 1:colcon.colcon_core.environment:create_environment_scripts_only(px4_msgs)
[249.046s] DEBUG:colcon.colcon_core.event_handler.log_command:Invoked command in '/home/avmi-lab-user/ThreatField2025/workspace/example_ws/build/px4_msgs' returned '0': CMAKE_PREFIX_PATH=${CMAKE_PREFIX_PATH}:/home/avmi-lab-user/ThreatField2025/workspace/ros2_ws/install/sensor_py:/home/avmi-lab-user/ThreatField2025/workspace/ros2_ws/install/py_srvcli:/home/avmi-lab-user/ThreatField2025/workspace/ros2_ws/install/py_sensor:/home/avmi-lab-user/turtlebot4_ws/install/py_sub:/home/avmi-lab-user/turtlebot4_ws/install/path_pubsub:/home/avmi-lab-user/turtlebot4_ws/install/opencv_tests:/home/avmi-lab-user/turtlebot4_ws/install/avmi_lab_threat_field:/opt/ros/humble /usr/bin/cmake --install /home/avmi-lab-user/ThreatField2025/workspace/example_ws/build/px4_msgs
[249.048s] Level 1:colcon.colcon_core.environment:checking '/home/avmi-lab-user/ThreatField2025/workspace/example_ws/install/px4_msgs' for CMake module files
[249.048s] Level 1:colcon.colcon_core.environment:checking '/home/avmi-lab-user/ThreatField2025/workspace/example_ws/install/px4_msgs' for CMake config files
[249.049s] Level 1:colcon.colcon_core.shell:create_environment_hook('px4_msgs', 'cmake_prefix_path')
[249.049s] INFO:colcon.colcon_core.shell:Creating environment hook '/home/avmi-lab-user/ThreatField2025/workspace/example_ws/install/px4_msgs/share/px4_msgs/hook/cmake_prefix_path.ps1'
[249.049s] INFO:colcon.colcon_core.shell:Creating environment descriptor '/home/avmi-lab-user/ThreatField2025/workspace/example_ws/install/px4_msgs/share/px4_msgs/hook/cmake_prefix_path.dsv'
[249.049s] INFO:colcon.colcon_core.shell:Creating environment hook '/home/avmi-lab-user/ThreatField2025/workspace/example_ws/install/px4_msgs/share/px4_msgs/hook/cmake_prefix_path.sh'
[249.050s] Level 1:colcon.colcon_core.environment:checking '/home/avmi-lab-user/ThreatField2025/workspace/example_ws/install/px4_msgs/lib'
[249.050s] Level 1:colcon.colcon_core.shell:create_environment_hook('px4_msgs', 'ld_library_path_lib')
[249.050s] INFO:colcon.colcon_core.shell:Creating environment hook '/home/avmi-lab-user/ThreatField2025/workspace/example_ws/install/px4_msgs/share/px4_msgs/hook/ld_library_path_lib.ps1'
[249.051s] INFO:colcon.colcon_core.shell:Creating environment descriptor '/home/avmi-lab-user/ThreatField2025/workspace/example_ws/install/px4_msgs/share/px4_msgs/hook/ld_library_path_lib.dsv'
[249.051s] INFO:colcon.colcon_core.shell:Creating environment hook '/home/avmi-lab-user/ThreatField2025/workspace/example_ws/install/px4_msgs/share/px4_msgs/hook/ld_library_path_lib.sh'
[249.051s] Level 1:colcon.colcon_core.environment:checking '/home/avmi-lab-user/ThreatField2025/workspace/example_ws/install/px4_msgs/bin'
[249.051s] Level 1:colcon.colcon_core.environment:checking '/home/avmi-lab-user/ThreatField2025/workspace/example_ws/install/px4_msgs/lib/pkgconfig/px4_msgs.pc'
[249.051s] Level 1:colcon.colcon_core.environment:checking '/home/avmi-lab-user/ThreatField2025/workspace/example_ws/install/px4_msgs/lib/python3.10/site-packages'
[249.051s] Level 1:colcon.colcon_core.environment:checking '/home/avmi-lab-user/ThreatField2025/workspace/example_ws/install/px4_msgs/bin'
[249.052s] INFO:colcon.colcon_core.shell:Creating package script '/home/avmi-lab-user/ThreatField2025/workspace/example_ws/install/px4_msgs/share/px4_msgs/package.ps1'
[249.052s] INFO:colcon.colcon_core.shell:Creating package descriptor '/home/avmi-lab-user/ThreatField2025/workspace/example_ws/install/px4_msgs/share/px4_msgs/package.dsv'
[249.053s] INFO:colcon.colcon_core.shell:Creating package script '/home/avmi-lab-user/ThreatField2025/workspace/example_ws/install/px4_msgs/share/px4_msgs/package.sh'
[249.053s] INFO:colcon.colcon_core.shell:Creating package script '/home/avmi-lab-user/ThreatField2025/workspace/example_ws/install/px4_msgs/share/px4_msgs/package.bash'
[249.054s] INFO:colcon.colcon_core.shell:Creating package script '/home/avmi-lab-user/ThreatField2025/workspace/example_ws/install/px4_msgs/share/px4_msgs/package.zsh'
[249.054s] Level 1:colcon.colcon_core.environment:create_file_with_runtime_dependencies(/home/avmi-lab-user/ThreatField2025/workspace/example_ws/install/px4_msgs/share/colcon-core/packages/px4_msgs)
[249.055s] Level 1:colcon.colcon_core.environment:create_environment_scripts_only(px4_msgs)
[249.055s] Level 1:colcon.colcon_core.environment:checking '/home/avmi-lab-user/ThreatField2025/workspace/example_ws/install/px4_msgs' for CMake module files
[249.055s] Level 1:colcon.colcon_core.environment:checking '/home/avmi-lab-user/ThreatField2025/workspace/example_ws/install/px4_msgs' for CMake config files
[249.056s] Level 1:colcon.colcon_core.shell:create_environment_hook('px4_msgs', 'cmake_prefix_path')
[249.056s] INFO:colcon.colcon_core.shell:Creating environment hook '/home/avmi-lab-user/ThreatField2025/workspace/example_ws/install/px4_msgs/share/px4_msgs/hook/cmake_prefix_path.ps1'
[249.056s] INFO:colcon.colcon_core.shell:Creating environment descriptor '/home/avmi-lab-user/ThreatField2025/workspace/example_ws/install/px4_msgs/share/px4_msgs/hook/cmake_prefix_path.dsv'
[249.056s] INFO:colcon.colcon_core.shell:Creating environment hook '/home/avmi-lab-user/ThreatField2025/workspace/example_ws/install/px4_msgs/share/px4_msgs/hook/cmake_prefix_path.sh'
[249.057s] Level 1:colcon.colcon_core.environment:checking '/home/avmi-lab-user/ThreatField2025/workspace/example_ws/install/px4_msgs/lib'
[249.057s] Level 1:colcon.colcon_core.shell:create_environment_hook('px4_msgs', 'ld_library_path_lib')
[249.057s] INFO:colcon.colcon_core.shell:Creating environment hook '/home/avmi-lab-user/ThreatField2025/workspace/example_ws/install/px4_msgs/share/px4_msgs/hook/ld_library_path_lib.ps1'
[249.057s] INFO:colcon.colcon_core.shell:Creating environment descriptor '/home/avmi-lab-user/ThreatField2025/workspace/example_ws/install/px4_msgs/share/px4_msgs/hook/ld_library_path_lib.dsv'
[249.057s] INFO:colcon.colcon_core.shell:Creating environment hook '/home/avmi-lab-user/ThreatField2025/workspace/example_ws/install/px4_msgs/share/px4_msgs/hook/ld_library_path_lib.sh'
[249.057s] Level 1:colcon.colcon_core.environment:checking '/home/avmi-lab-user/ThreatField2025/workspace/example_ws/install/px4_msgs/bin'
[249.057s] Level 1:colcon.colcon_core.environment:checking '/home/avmi-lab-user/ThreatField2025/workspace/example_ws/install/px4_msgs/lib/pkgconfig/px4_msgs.pc'
[249.058s] Level 1:colcon.colcon_core.environment:checking '/home/avmi-lab-user/ThreatField2025/workspace/example_ws/install/px4_msgs/lib/python3.10/site-packages'
[249.058s] Level 1:colcon.colcon_core.environment:checking '/home/avmi-lab-user/ThreatField2025/workspace/example_ws/install/px4_msgs/bin'
[249.058s] INFO:colcon.colcon_core.shell:Creating package script '/home/avmi-lab-user/ThreatField2025/workspace/example_ws/install/px4_msgs/share/px4_msgs/package.ps1'
[249.058s] INFO:colcon.colcon_core.shell:Creating package descriptor '/home/avmi-lab-user/ThreatField2025/workspace/example_ws/install/px4_msgs/share/px4_msgs/package.dsv'
[249.059s] INFO:colcon.colcon_core.shell:Creating package script '/home/avmi-lab-user/ThreatField2025/workspace/example_ws/install/px4_msgs/share/px4_msgs/package.sh'
[249.059s] INFO:colcon.colcon_core.shell:Creating package script '/home/avmi-lab-user/ThreatField2025/workspace/example_ws/install/px4_msgs/share/px4_msgs/package.bash'
[249.059s] INFO:colcon.colcon_core.shell:Creating package script '/home/avmi-lab-user/ThreatField2025/workspace/example_ws/install/px4_msgs/share/px4_msgs/package.zsh'
[249.060s] Level 1:colcon.colcon_core.environment:create_file_with_runtime_dependencies(/home/avmi-lab-user/ThreatField2025/workspace/example_ws/install/px4_msgs/share/colcon-core/packages/px4_msgs)
[249.060s] INFO:colcon.colcon_ros.task.ament_python.build:Building ROS package in '/home/avmi-lab-user/ThreatField2025/workspace/example_ws/src/px4-offboard' with build type 'ament_python'
[249.060s] Level 1:colcon.colcon_core.shell:create_environment_hook('px4_offboard', 'ament_prefix_path')
[249.060s] INFO:colcon.colcon_core.shell:Creating environment hook '/home/avmi-lab-user/ThreatField2025/workspace/example_ws/install/px4_offboard/share/px4_offboard/hook/ament_prefix_path.ps1'
[249.061s] INFO:colcon.colcon_core.shell:Creating environment descriptor '/home/avmi-lab-user/ThreatField2025/workspace/example_ws/install/px4_offboard/share/px4_offboard/hook/ament_prefix_path.dsv'
[249.061s] INFO:colcon.colcon_core.shell:Creating environment hook '/home/avmi-lab-user/ThreatField2025/workspace/example_ws/install/px4_offboard/share/px4_offboard/hook/ament_prefix_path.sh'
[249.061s] INFO:colcon.colcon_core.shell:Skip shell extension 'powershell' for command environment: Not usable outside of PowerShell
[249.061s] DEBUG:colcon.colcon_core.shell:Skip shell extension 'dsv' for command environment
[249.064s] INFO:colcon.colcon_ros.task.ament_cmake.build:Building ROS package in '/home/avmi-lab-user/ThreatField2025/workspace/example_ws/src/px4_ros_com' with build type 'ament_cmake'
[249.065s] INFO:colcon.colcon_cmake.task.cmake.build:Building CMake package in '/home/avmi-lab-user/ThreatField2025/workspace/example_ws/src/px4_ros_com'
[249.065s] INFO:colcon.colcon_core.shell:Skip shell extension 'powershell' for command environment: Not usable outside of PowerShell
[249.065s] DEBUG:colcon.colcon_core.shell:Skip shell extension 'dsv' for command environment
[249.246s] INFO:colcon.colcon_core.task.python.build:Building Python package in '/home/avmi-lab-user/ThreatField2025/workspace/example_ws/src/px4-offboard'
[249.247s] INFO:colcon.colcon_core.shell:Skip shell extension 'powershell' for command environment: Not usable outside of PowerShell
[249.247s] DEBUG:colcon.colcon_core.shell:Skip shell extension 'dsv' for command environment
[249.253s] DEBUG:colcon.colcon_core.event_handler.log_command:Invoking command in '/home/avmi-lab-user/ThreatField2025/workspace/example_ws/build/px4_ros_com': AMENT_PREFIX_PATH=/home/avmi-lab-user/ThreatField2025/workspace/example_ws/install/px4_msgs:${AMENT_PREFIX_PATH} CMAKE_PREFIX_PATH=/home/avmi-lab-user/ThreatField2025/workspace/example_ws/install/px4_msgs:/home/avmi-lab-user/ThreatField2025/workspace/ros2_ws/install/turtlesim:/home/avmi-lab-user/ThreatField2025/workspace/ros2_ws/install/microxrcedds_agent:/home/avmi-lab-user/ThreatField2025/workspace/ros2_ws/install/interface:/home/avmi-lab-user/turtlebot4_ws/install/vision_opencv:/home/avmi-lab-user/turtlebot4_ws/install/turtlebot4_simulator:/home/avmi-lab-user/turtlebot4_ws/install/turtlebot4_ignition_bringup:/home/avmi-lab-user/turtlebot4_ws/install/turtlebot4_node:/home/avmi-lab-user/turtlebot4_ws/install/turtlebot4_navigation:/home/avmi-lab-user/turtlebot4_ws/install/turtlebot4_ignition_toolbox:/home/avmi-lab-user/turtlebot4_ws/install/turtlebot4_msgs:/home/avmi-lab-user/turtlebot4_ws/install/turtlebot4_ignition_gui_plugins:/home/avmi-lab-user/turtlebot4_ws/install/turtlebot4_description:/home/avmi-lab-user/turtlebot4_ws/install/rviz_visual_tools:/home/avmi-lab-user/turtlebot4_ws/install/image_geometry:/home/avmi-lab-user/turtlebot4_ws/install/cv_bridge:/home/avmi-lab-user/turtlebot4_ws/install/avmi_interfaces:/home/avmi-lab-user/ThreatField2025/workspace/ros2_ws/install/sensor_py:/home/avmi-lab-user/ThreatField2025/workspace/ros2_ws/install/py_srvcli:/home/avmi-lab-user/ThreatField2025/workspace/ros2_ws/install/py_sensor:/home/avmi-lab-user/turtlebot4_ws/install/py_sub:/home/avmi-lab-user/turtlebot4_ws/install/path_pubsub:/home/avmi-lab-user/turtlebot4_ws/install/opencv_tests:/home/avmi-lab-user/turtlebot4_ws/install/avmi_lab_threat_field:/opt/ros/humble LD_LIBRARY_PATH=/home/avmi-lab-user/ThreatField2025/workspace/example_ws/install/px4_msgs/lib:${LD_LIBRARY_PATH} PYTHONPATH=/home/avmi-lab-user/ThreatField2025/workspace/example_ws/install/px4_msgs/local/lib/python3.10/dist-packages:${PYTHONPATH} /usr/bin/cmake /home/avmi-lab-user/ThreatField2025/workspace/example_ws/src/px4_ros_com -DCMAKE_INSTALL_PREFIX=/home/avmi-lab-user/ThreatField2025/workspace/example_ws/install/px4_ros_com
[249.585s] DEBUG:colcon.colcon_core.event_handler.log_command:Invoking command in '/home/avmi-lab-user/ThreatField2025/workspace/example_ws/src/px4-offboard': AMENT_PREFIX_PATH=/home/avmi-lab-user/ThreatField2025/workspace/example_ws/install/px4_msgs:${AMENT_PREFIX_PATH} CMAKE_PREFIX_PATH=/home/avmi-lab-user/ThreatField2025/workspace/example_ws/install/px4_msgs:${CMAKE_PREFIX_PATH} LD_LIBRARY_PATH=/home/avmi-lab-user/ThreatField2025/workspace/example_ws/install/px4_msgs/lib:${LD_LIBRARY_PATH} PYTHONPATH=/home/avmi-lab-user/ThreatField2025/workspace/example_ws/build/px4_offboard/prefix_override:/usr/lib/python3/dist-packages/colcon_core/task/python/colcon_distutils_commands:/home/avmi-lab-user/ThreatField2025/workspace/example_ws/install/px4_offboard/lib/python3.10/site-packages:/home/avmi-lab-user/ThreatField2025/workspace/example_ws/install/px4_msgs/local/lib/python3.10/dist-packages:${PYTHONPATH} /usr/bin/python3 -W ignore:setup.py install is deprecated -W ignore:easy_install command is deprecated setup.py egg_info --egg-base ../../build/px4_offboard build --build-base /home/avmi-lab-user/ThreatField2025/workspace/example_ws/build/px4_offboard/build install --record /home/avmi-lab-user/ThreatField2025/workspace/example_ws/build/px4_offboard/install.log --single-version-externally-managed install_data
[249.943s] Level 1:colcon.colcon_core.environment:checking '/home/avmi-lab-user/ThreatField2025/workspace/example_ws/install/px4_offboard' for CMake module files
[249.944s] DEBUG:colcon.colcon_core.event_handler.log_command:Invoked command in '/home/avmi-lab-user/ThreatField2025/workspace/example_ws/src/px4-offboard' returned '0': AMENT_PREFIX_PATH=/home/avmi-lab-user/ThreatField2025/workspace/example_ws/install/px4_msgs:${AMENT_PREFIX_PATH} CMAKE_PREFIX_PATH=/home/avmi-lab-user/ThreatField2025/workspace/example_ws/install/px4_msgs:${CMAKE_PREFIX_PATH} LD_LIBRARY_PATH=/home/avmi-lab-user/ThreatField2025/workspace/example_ws/install/px4_msgs/lib:${LD_LIBRARY_PATH} PYTHONPATH=/home/avmi-lab-user/ThreatField2025/workspace/example_ws/build/px4_offboard/prefix_override:/usr/lib/python3/dist-packages/colcon_core/task/python/colcon_distutils_commands:/home/avmi-lab-user/ThreatField2025/workspace/example_ws/install/px4_offboard/lib/python3.10/site-packages:/home/avmi-lab-user/ThreatField2025/workspace/example_ws/install/px4_msgs/local/lib/python3.10/dist-packages:${PYTHONPATH} /usr/bin/python3 -W ignore:setup.py install is deprecated -W ignore:easy_install command is deprecated setup.py egg_info --egg-base ../../build/px4_offboard build --build-base /home/avmi-lab-user/ThreatField2025/workspace/example_ws/build/px4_offboard/build install --record /home/avmi-lab-user/ThreatField2025/workspace/example_ws/build/px4_offboard/install.log --single-version-externally-managed install_data
[249.944s] Level 1:colcon.colcon_core.environment:checking '/home/avmi-lab-user/ThreatField2025/workspace/example_ws/install/px4_offboard' for CMake config files
[249.944s] Level 1:colcon.colcon_core.environment:checking '/home/avmi-lab-user/ThreatField2025/workspace/example_ws/install/px4_offboard/lib'
[249.944s] Level 1:colcon.colcon_core.environment:checking '/home/avmi-lab-user/ThreatField2025/workspace/example_ws/install/px4_offboard/bin'
[249.944s] Level 1:colcon.colcon_core.environment:checking '/home/avmi-lab-user/ThreatField2025/workspace/example_ws/install/px4_offboard/lib/pkgconfig/px4_offboard.pc'
[249.944s] Level 1:colcon.colcon_core.environment:checking '/home/avmi-lab-user/ThreatField2025/workspace/example_ws/install/px4_offboard/lib/python3.10/site-packages'
[249.945s] Level 1:colcon.colcon_core.shell:create_environment_hook('px4_offboard', 'pythonpath')
[249.945s] INFO:colcon.colcon_core.shell:Creating environment hook '/home/avmi-lab-user/ThreatField2025/workspace/example_ws/install/px4_offboard/share/px4_offboard/hook/pythonpath.ps1'
[249.945s] INFO:colcon.colcon_core.shell:Creating environment descriptor '/home/avmi-lab-user/ThreatField2025/workspace/example_ws/install/px4_offboard/share/px4_offboard/hook/pythonpath.dsv'
[249.945s] INFO:colcon.colcon_core.shell:Creating environment hook '/home/avmi-lab-user/ThreatField2025/workspace/example_ws/install/px4_offboard/share/px4_offboard/hook/pythonpath.sh'
[249.946s] Level 1:colcon.colcon_core.environment:checking '/home/avmi-lab-user/ThreatField2025/workspace/example_ws/install/px4_offboard/bin'
[249.946s] Level 1:colcon.colcon_core.environment:create_environment_scripts_only(px4_offboard)
[249.946s] INFO:colcon.colcon_core.shell:Creating package script '/home/avmi-lab-user/ThreatField2025/workspace/example_ws/install/px4_offboard/share/px4_offboard/package.ps1'
[249.946s] INFO:colcon.colcon_core.shell:Creating package descriptor '/home/avmi-lab-user/ThreatField2025/workspace/example_ws/install/px4_offboard/share/px4_offboard/package.dsv'
[249.946s] INFO:colcon.colcon_core.shell:Creating package script '/home/avmi-lab-user/ThreatField2025/workspace/example_ws/install/px4_offboard/share/px4_offboard/package.sh'
[249.947s] INFO:colcon.colcon_core.shell:Creating package script '/home/avmi-lab-user/ThreatField2025/workspace/example_ws/install/px4_offboard/share/px4_offboard/package.bash'
[249.947s] INFO:colcon.colcon_core.shell:Creating package script '/home/avmi-lab-user/ThreatField2025/workspace/example_ws/install/px4_offboard/share/px4_offboard/package.zsh'
[249.947s] Level 1:colcon.colcon_core.environment:create_file_with_runtime_dependencies(/home/avmi-lab-user/ThreatField2025/workspace/example_ws/install/px4_offboard/share/colcon-core/packages/px4_offboard)
[250.628s] DEBUG:colcon.colcon_core.event_handler.log_command:Invoked command in '/home/avmi-lab-user/ThreatField2025/workspace/example_ws/build/px4_ros_com' returned '0': AMENT_PREFIX_PATH=/home/avmi-lab-user/ThreatField2025/workspace/example_ws/install/px4_msgs:${AMENT_PREFIX_PATH} CMAKE_PREFIX_PATH=/home/avmi-lab-user/ThreatField2025/workspace/example_ws/install/px4_msgs:/home/avmi-lab-user/ThreatField2025/workspace/ros2_ws/install/turtlesim:/home/avmi-lab-user/ThreatField2025/workspace/ros2_ws/install/microxrcedds_agent:/home/avmi-lab-user/ThreatField2025/workspace/ros2_ws/install/interface:/home/avmi-lab-user/turtlebot4_ws/install/vision_opencv:/home/avmi-lab-user/turtlebot4_ws/install/turtlebot4_simulator:/home/avmi-lab-user/turtlebot4_ws/install/turtlebot4_ignition_bringup:/home/avmi-lab-user/turtlebot4_ws/install/turtlebot4_node:/home/avmi-lab-user/turtlebot4_ws/install/turtlebot4_navigation:/home/avmi-lab-user/turtlebot4_ws/install/turtlebot4_ignition_toolbox:/home/avmi-lab-user/turtlebot4_ws/install/turtlebot4_msgs:/home/avmi-lab-user/turtlebot4_ws/install/turtlebot4_ignition_gui_plugins:/home/avmi-lab-user/turtlebot4_ws/install/turtlebot4_description:/home/avmi-lab-user/turtlebot4_ws/install/rviz_visual_tools:/home/avmi-lab-user/turtlebot4_ws/install/image_geometry:/home/avmi-lab-user/turtlebot4_ws/install/cv_bridge:/home/avmi-lab-user/turtlebot4_ws/install/avmi_interfaces:/home/avmi-lab-user/ThreatField2025/workspace/ros2_ws/install/sensor_py:/home/avmi-lab-user/ThreatField2025/workspace/ros2_ws/install/py_srvcli:/home/avmi-lab-user/ThreatField2025/workspace/ros2_ws/install/py_sensor:/home/avmi-lab-user/turtlebot4_ws/install/py_sub:/home/avmi-lab-user/turtlebot4_ws/install/path_pubsub:/home/avmi-lab-user/turtlebot4_ws/install/opencv_tests:/home/avmi-lab-user/turtlebot4_ws/install/avmi_lab_threat_field:/opt/ros/humble LD_LIBRARY_PATH=/home/avmi-lab-user/ThreatField2025/workspace/example_ws/install/px4_msgs/lib:${LD_LIBRARY_PATH} PYTHONPATH=/home/avmi-lab-user/ThreatField2025/workspace/example_ws/install/px4_msgs/local/lib/python3.10/dist-packages:${PYTHONPATH} /usr/bin/cmake /home/avmi-lab-user/ThreatField2025/workspace/example_ws/src/px4_ros_com -DCMAKE_INSTALL_PREFIX=/home/avmi-lab-user/ThreatField2025/workspace/example_ws/install/px4_ros_com
[250.629s] DEBUG:colcon.colcon_core.event_handler.log_command:Invoking command in '/home/avmi-lab-user/ThreatField2025/workspace/example_ws/build/px4_ros_com': AMENT_PREFIX_PATH=/home/avmi-lab-user/ThreatField2025/workspace/example_ws/install/px4_msgs:${AMENT_PREFIX_PATH} CMAKE_PREFIX_PATH=/home/avmi-lab-user/ThreatField2025/workspace/example_ws/install/px4_msgs:/home/avmi-lab-user/ThreatField2025/workspace/ros2_ws/install/turtlesim:/home/avmi-lab-user/ThreatField2025/workspace/ros2_ws/install/microxrcedds_agent:/home/avmi-lab-user/ThreatField2025/workspace/ros2_ws/install/interface:/home/avmi-lab-user/turtlebot4_ws/install/vision_opencv:/home/avmi-lab-user/turtlebot4_ws/install/turtlebot4_simulator:/home/avmi-lab-user/turtlebot4_ws/install/turtlebot4_ignition_bringup:/home/avmi-lab-user/turtlebot4_ws/install/turtlebot4_node:/home/avmi-lab-user/turtlebot4_ws/install/turtlebot4_navigation:/home/avmi-lab-user/turtlebot4_ws/install/turtlebot4_ignition_toolbox:/home/avmi-lab-user/turtlebot4_ws/install/turtlebot4_msgs:/home/avmi-lab-user/turtlebot4_ws/install/turtlebot4_ignition_gui_plugins:/home/avmi-lab-user/turtlebot4_ws/install/turtlebot4_description:/home/avmi-lab-user/turtlebot4_ws/install/rviz_visual_tools:/home/avmi-lab-user/turtlebot4_ws/install/image_geometry:/home/avmi-lab-user/turtlebot4_ws/install/cv_bridge:/home/avmi-lab-user/turtlebot4_ws/install/avmi_interfaces:/home/avmi-lab-user/ThreatField2025/workspace/ros2_ws/install/sensor_py:/home/avmi-lab-user/ThreatField2025/workspace/ros2_ws/install/py_srvcli:/home/avmi-lab-user/ThreatField2025/workspace/ros2_ws/install/py_sensor:/home/avmi-lab-user/turtlebot4_ws/install/py_sub:/home/avmi-lab-user/turtlebot4_ws/install/path_pubsub:/home/avmi-lab-user/turtlebot4_ws/install/opencv_tests:/home/avmi-lab-user/turtlebot4_ws/install/avmi_lab_threat_field:/opt/ros/humble LD_LIBRARY_PATH=/home/avmi-lab-user/ThreatField2025/workspace/example_ws/install/px4_msgs/lib:${LD_LIBRARY_PATH} PYTHONPATH=/home/avmi-lab-user/ThreatField2025/workspace/example_ws/install/px4_msgs/local/lib/python3.10/dist-packages:${PYTHONPATH} /usr/bin/cmake --build /home/avmi-lab-user/ThreatField2025/workspace/example_ws/build/px4_ros_com -- -j8 -l8
[261.041s] DEBUG:colcon.colcon_core.event_handler.log_command:Invoked command in '/home/avmi-lab-user/ThreatField2025/workspace/example_ws/build/px4_ros_com' returned '0': AMENT_PREFIX_PATH=/home/avmi-lab-user/ThreatField2025/workspace/example_ws/install/px4_msgs:${AMENT_PREFIX_PATH} CMAKE_PREFIX_PATH=/home/avmi-lab-user/ThreatField2025/workspace/example_ws/install/px4_msgs:/home/avmi-lab-user/ThreatField2025/workspace/ros2_ws/install/turtlesim:/home/avmi-lab-user/ThreatField2025/workspace/ros2_ws/install/microxrcedds_agent:/home/avmi-lab-user/ThreatField2025/workspace/ros2_ws/install/interface:/home/avmi-lab-user/turtlebot4_ws/install/vision_opencv:/home/avmi-lab-user/turtlebot4_ws/install/turtlebot4_simulator:/home/avmi-lab-user/turtlebot4_ws/install/turtlebot4_ignition_bringup:/home/avmi-lab-user/turtlebot4_ws/install/turtlebot4_node:/home/avmi-lab-user/turtlebot4_ws/install/turtlebot4_navigation:/home/avmi-lab-user/turtlebot4_ws/install/turtlebot4_ignition_toolbox:/home/avmi-lab-user/turtlebot4_ws/install/turtlebot4_msgs:/home/avmi-lab-user/turtlebot4_ws/install/turtlebot4_ignition_gui_plugins:/home/avmi-lab-user/turtlebot4_ws/install/turtlebot4_description:/home/avmi-lab-user/turtlebot4_ws/install/rviz_visual_tools:/home/avmi-lab-user/turtlebot4_ws/install/image_geometry:/home/avmi-lab-user/turtlebot4_ws/install/cv_bridge:/home/avmi-lab-user/turtlebot4_ws/install/avmi_interfaces:/home/avmi-lab-user/ThreatField2025/workspace/ros2_ws/install/sensor_py:/home/avmi-lab-user/ThreatField2025/workspace/ros2_ws/install/py_srvcli:/home/avmi-lab-user/ThreatField2025/workspace/ros2_ws/install/py_sensor:/home/avmi-lab-user/turtlebot4_ws/install/py_sub:/home/avmi-lab-user/turtlebot4_ws/install/path_pubsub:/home/avmi-lab-user/turtlebot4_ws/install/opencv_tests:/home/avmi-lab-user/turtlebot4_ws/install/avmi_lab_threat_field:/opt/ros/humble LD_LIBRARY_PATH=/home/avmi-lab-user/ThreatField2025/workspace/example_ws/install/px4_msgs/lib:${LD_LIBRARY_PATH} PYTHONPATH=/home/avmi-lab-user/ThreatField2025/workspace/example_ws/install/px4_msgs/local/lib/python3.10/dist-packages:${PYTHONPATH} /usr/bin/cmake --build /home/avmi-lab-user/ThreatField2025/workspace/example_ws/build/px4_ros_com -- -j8 -l8
[261.043s] DEBUG:colcon.colcon_core.event_handler.log_command:Invoking command in '/home/avmi-lab-user/ThreatField2025/workspace/example_ws/build/px4_ros_com': AMENT_PREFIX_PATH=/home/avmi-lab-user/ThreatField2025/workspace/example_ws/install/px4_msgs:${AMENT_PREFIX_PATH} CMAKE_PREFIX_PATH=/home/avmi-lab-user/ThreatField2025/workspace/example_ws/install/px4_msgs:/home/avmi-lab-user/ThreatField2025/workspace/ros2_ws/install/turtlesim:/home/avmi-lab-user/ThreatField2025/workspace/ros2_ws/install/microxrcedds_agent:/home/avmi-lab-user/ThreatField2025/workspace/ros2_ws/install/interface:/home/avmi-lab-user/turtlebot4_ws/install/vision_opencv:/home/avmi-lab-user/turtlebot4_ws/install/turtlebot4_simulator:/home/avmi-lab-user/turtlebot4_ws/install/turtlebot4_ignition_bringup:/home/avmi-lab-user/turtlebot4_ws/install/turtlebot4_node:/home/avmi-lab-user/turtlebot4_ws/install/turtlebot4_navigation:/home/avmi-lab-user/turtlebot4_ws/install/turtlebot4_ignition_toolbox:/home/avmi-lab-user/turtlebot4_ws/install/turtlebot4_msgs:/home/avmi-lab-user/turtlebot4_ws/install/turtlebot4_ignition_gui_plugins:/home/avmi-lab-user/turtlebot4_ws/install/turtlebot4_description:/home/avmi-lab-user/turtlebot4_ws/install/rviz_visual_tools:/home/avmi-lab-user/turtlebot4_ws/install/image_geometry:/home/avmi-lab-user/turtlebot4_ws/install/cv_bridge:/home/avmi-lab-user/turtlebot4_ws/install/avmi_interfaces:/home/avmi-lab-user/ThreatField2025/workspace/ros2_ws/install/sensor_py:/home/avmi-lab-user/ThreatField2025/workspace/ros2_ws/install/py_srvcli:/home/avmi-lab-user/ThreatField2025/workspace/ros2_ws/install/py_sensor:/home/avmi-lab-user/turtlebot4_ws/install/py_sub:/home/avmi-lab-user/turtlebot4_ws/install/path_pubsub:/home/avmi-lab-user/turtlebot4_ws/install/opencv_tests:/home/avmi-lab-user/turtlebot4_ws/install/avmi_lab_threat_field:/opt/ros/humble LD_LIBRARY_PATH=/home/avmi-lab-user/ThreatField2025/workspace/example_ws/install/px4_msgs/lib:${LD_LIBRARY_PATH} PYTHONPATH=/home/avmi-lab-user/ThreatField2025/workspace/example_ws/install/px4_msgs/local/lib/python3.10/dist-packages:${PYTHONPATH} /usr/bin/cmake --install /home/avmi-lab-user/ThreatField2025/workspace/example_ws/build/px4_ros_com
[261.099s] Level 1:colcon.colcon_core.environment:create_environment_scripts_only(px4_ros_com)
[261.100s] Level 1:colcon.colcon_core.environment:checking '/home/avmi-lab-user/ThreatField2025/workspace/example_ws/install/px4_ros_com' for CMake module files
[261.100s] DEBUG:colcon.colcon_core.event_handler.log_command:Invoked command in '/home/avmi-lab-user/ThreatField2025/workspace/example_ws/build/px4_ros_com' returned '0': AMENT_PREFIX_PATH=/home/avmi-lab-user/ThreatField2025/workspace/example_ws/install/px4_msgs:${AMENT_PREFIX_PATH} CMAKE_PREFIX_PATH=/home/avmi-lab-user/ThreatField2025/workspace/example_ws/install/px4_msgs:/home/avmi-lab-user/ThreatField2025/workspace/ros2_ws/install/turtlesim:/home/avmi-lab-user/ThreatField2025/workspace/ros2_ws/install/microxrcedds_agent:/home/avmi-lab-user/ThreatField2025/workspace/ros2_ws/install/interface:/home/avmi-lab-user/turtlebot4_ws/install/vision_opencv:/home/avmi-lab-user/turtlebot4_ws/install/turtlebot4_simulator:/home/avmi-lab-user/turtlebot4_ws/install/turtlebot4_ignition_bringup:/home/avmi-lab-user/turtlebot4_ws/install/turtlebot4_node:/home/avmi-lab-user/turtlebot4_ws/install/turtlebot4_navigation:/home/avmi-lab-user/turtlebot4_ws/install/turtlebot4_ignition_toolbox:/home/avmi-lab-user/turtlebot4_ws/install/turtlebot4_msgs:/home/avmi-lab-user/turtlebot4_ws/install/turtlebot4_ignition_gui_plugins:/home/avmi-lab-user/turtlebot4_ws/install/turtlebot4_description:/home/avmi-lab-user/turtlebot4_ws/install/rviz_visual_tools:/home/avmi-lab-user/turtlebot4_ws/install/image_geometry:/home/avmi-lab-user/turtlebot4_ws/install/cv_bridge:/home/avmi-lab-user/turtlebot4_ws/install/avmi_interfaces:/home/avmi-lab-user/ThreatField2025/workspace/ros2_ws/install/sensor_py:/home/avmi-lab-user/ThreatField2025/workspace/ros2_ws/install/py_srvcli:/home/avmi-lab-user/ThreatField2025/workspace/ros2_ws/install/py_sensor:/home/avmi-lab-user/turtlebot4_ws/install/py_sub:/home/avmi-lab-user/turtlebot4_ws/install/path_pubsub:/home/avmi-lab-user/turtlebot4_ws/install/opencv_tests:/home/avmi-lab-user/turtlebot4_ws/install/avmi_lab_threat_field:/opt/ros/humble LD_LIBRARY_PATH=/home/avmi-lab-user/ThreatField2025/workspace/example_ws/install/px4_msgs/lib:${LD_LIBRARY_PATH} PYTHONPATH=/home/avmi-lab-user/ThreatField2025/workspace/example_ws/install/px4_msgs/local/lib/python3.10/dist-packages:${PYTHONPATH} /usr/bin/cmake --install /home/avmi-lab-user/ThreatField2025/workspace/example_ws/build/px4_ros_com
[261.101s] Level 1:colcon.colcon_core.environment:checking '/home/avmi-lab-user/ThreatField2025/workspace/example_ws/install/px4_ros_com' for CMake config files
[261.101s] Level 1:colcon.colcon_core.shell:create_environment_hook('px4_ros_com', 'cmake_prefix_path')
[261.101s] INFO:colcon.colcon_core.shell:Creating environment hook '/home/avmi-lab-user/ThreatField2025/workspace/example_ws/install/px4_ros_com/share/px4_ros_com/hook/cmake_prefix_path.ps1'
[261.101s] INFO:colcon.colcon_core.shell:Creating environment descriptor '/home/avmi-lab-user/ThreatField2025/workspace/example_ws/install/px4_ros_com/share/px4_ros_com/hook/cmake_prefix_path.dsv'
[261.102s] INFO:colcon.colcon_core.shell:Creating environment hook '/home/avmi-lab-user/ThreatField2025/workspace/example_ws/install/px4_ros_com/share/px4_ros_com/hook/cmake_prefix_path.sh'
[261.102s] Level 1:colcon.colcon_core.environment:checking '/home/avmi-lab-user/ThreatField2025/workspace/example_ws/install/px4_ros_com/lib'
[261.102s] Level 1:colcon.colcon_core.shell:create_environment_hook('px4_ros_com', 'ld_library_path_lib')
[261.103s] INFO:colcon.colcon_core.shell:Creating environment hook '/home/avmi-lab-user/ThreatField2025/workspace/example_ws/install/px4_ros_com/share/px4_ros_com/hook/ld_library_path_lib.ps1'
[261.103s] INFO:colcon.colcon_core.shell:Creating environment descriptor '/home/avmi-lab-user/ThreatField2025/workspace/example_ws/install/px4_ros_com/share/px4_ros_com/hook/ld_library_path_lib.dsv'
[261.104s] INFO:colcon.colcon_core.shell:Creating environment hook '/home/avmi-lab-user/ThreatField2025/workspace/example_ws/install/px4_ros_com/share/px4_ros_com/hook/ld_library_path_lib.sh'
[261.104s] Level 1:colcon.colcon_core.environment:checking '/home/avmi-lab-user/ThreatField2025/workspace/example_ws/install/px4_ros_com/bin'
[261.104s] Level 1:colcon.colcon_core.environment:checking '/home/avmi-lab-user/ThreatField2025/workspace/example_ws/install/px4_ros_com/lib/pkgconfig/px4_ros_com.pc'
[261.104s] Level 1:colcon.colcon_core.environment:checking '/home/avmi-lab-user/ThreatField2025/workspace/example_ws/install/px4_ros_com/lib/python3.10/site-packages'
[261.104s] Level 1:colcon.colcon_core.environment:checking '/home/avmi-lab-user/ThreatField2025/workspace/example_ws/install/px4_ros_com/bin'
[261.104s] INFO:colcon.colcon_core.shell:Creating package script '/home/avmi-lab-user/ThreatField2025/workspace/example_ws/install/px4_ros_com/share/px4_ros_com/package.ps1'
[261.105s] INFO:colcon.colcon_core.shell:Creating package descriptor '/home/avmi-lab-user/ThreatField2025/workspace/example_ws/install/px4_ros_com/share/px4_ros_com/package.dsv'
[261.105s] INFO:colcon.colcon_core.shell:Creating package script '/home/avmi-lab-user/ThreatField2025/workspace/example_ws/install/px4_ros_com/share/px4_ros_com/package.sh'
[261.105s] INFO:colcon.colcon_core.shell:Creating package script '/home/avmi-lab-user/ThreatField2025/workspace/example_ws/install/px4_ros_com/share/px4_ros_com/package.bash'
[261.106s] INFO:colcon.colcon_core.shell:Creating package script '/home/avmi-lab-user/ThreatField2025/workspace/example_ws/install/px4_ros_com/share/px4_ros_com/package.zsh'
[261.106s] Level 1:colcon.colcon_core.environment:create_file_with_runtime_dependencies(/home/avmi-lab-user/ThreatField2025/workspace/example_ws/install/px4_ros_com/share/colcon-core/packages/px4_ros_com)
[261.106s] Level 1:colcon.colcon_core.environment:create_environment_scripts_only(px4_ros_com)
[261.106s] Level 1:colcon.colcon_core.environment:checking '/home/avmi-lab-user/ThreatField2025/workspace/example_ws/install/px4_ros_com' for CMake module files
[261.107s] Level 1:colcon.colcon_core.environment:checking '/home/avmi-lab-user/ThreatField2025/workspace/example_ws/install/px4_ros_com' for CMake config files
[261.107s] Level 1:colcon.colcon_core.shell:create_environment_hook('px4_ros_com', 'cmake_prefix_path')
[261.107s] INFO:colcon.colcon_core.shell:Creating environment hook '/home/avmi-lab-user/ThreatField2025/workspace/example_ws/install/px4_ros_com/share/px4_ros_com/hook/cmake_prefix_path.ps1'
[261.107s] INFO:colcon.colcon_core.shell:Creating environment descriptor '/home/avmi-lab-user/ThreatField2025/workspace/example_ws/install/px4_ros_com/share/px4_ros_com/hook/cmake_prefix_path.dsv'
[261.108s] INFO:colcon.colcon_core.shell:Creating environment hook '/home/avmi-lab-user/ThreatField2025/workspace/example_ws/install/px4_ros_com/share/px4_ros_com/hook/cmake_prefix_path.sh'
[261.108s] Level 1:colcon.colcon_core.environment:checking '/home/avmi-lab-user/ThreatField2025/workspace/example_ws/install/px4_ros_com/lib'
[261.108s] Level 1:colcon.colcon_core.shell:create_environment_hook('px4_ros_com', 'ld_library_path_lib')
[261.108s] INFO:colcon.colcon_core.shell:Creating environment hook '/home/avmi-lab-user/ThreatField2025/workspace/example_ws/install/px4_ros_com/share/px4_ros_com/hook/ld_library_path_lib.ps1'
[261.108s] INFO:colcon.colcon_core.shell:Creating environment descriptor '/home/avmi-lab-user/ThreatField2025/workspace/example_ws/install/px4_ros_com/share/px4_ros_com/hook/ld_library_path_lib.dsv'
[261.109s] INFO:colcon.colcon_core.shell:Creating environment hook '/home/avmi-lab-user/ThreatField2025/workspace/example_ws/install/px4_ros_com/share/px4_ros_com/hook/ld_library_path_lib.sh'
[261.109s] Level 1:colcon.colcon_core.environment:checking '/home/avmi-lab-user/ThreatField2025/workspace/example_ws/install/px4_ros_com/bin'
[261.109s] Level 1:colcon.colcon_core.environment:checking '/home/avmi-lab-user/ThreatField2025/workspace/example_ws/install/px4_ros_com/lib/pkgconfig/px4_ros_com.pc'
[261.109s] Level 1:colcon.colcon_core.environment:checking '/home/avmi-lab-user/ThreatField2025/workspace/example_ws/install/px4_ros_com/lib/python3.10/site-packages'
[261.109s] Level 1:colcon.colcon_core.environment:checking '/home/avmi-lab-user/ThreatField2025/workspace/example_ws/install/px4_ros_com/bin'
[261.109s] INFO:colcon.colcon_core.shell:Creating package script '/home/avmi-lab-user/ThreatField2025/workspace/example_ws/install/px4_ros_com/share/px4_ros_com/package.ps1'
[261.110s] INFO:colcon.colcon_core.shell:Creating package descriptor '/home/avmi-lab-user/ThreatField2025/workspace/example_ws/install/px4_ros_com/share/px4_ros_com/package.dsv'
[261.110s] INFO:colcon.colcon_core.shell:Creating package script '/home/avmi-lab-user/ThreatField2025/workspace/example_ws/install/px4_ros_com/share/px4_ros_com/package.sh'
[261.110s] INFO:colcon.colcon_core.shell:Creating package script '/home/avmi-lab-user/ThreatField2025/workspace/example_ws/install/px4_ros_com/share/px4_ros_com/package.bash'
[261.110s] INFO:colcon.colcon_core.shell:Creating package script '/home/avmi-lab-user/ThreatField2025/workspace/example_ws/install/px4_ros_com/share/px4_ros_com/package.zsh'
[261.111s] Level 1:colcon.colcon_core.environment:create_file_with_runtime_dependencies(/home/avmi-lab-user/ThreatField2025/workspace/example_ws/install/px4_ros_com/share/colcon-core/packages/px4_ros_com)
[261.111s] DEBUG:colcon.colcon_parallel_executor.executor.parallel:closing loop
[261.111s] DEBUG:colcon.colcon_parallel_executor.executor.parallel:loop closed
[261.111s] DEBUG:colcon.colcon_parallel_executor.executor.parallel:run_until_complete finished with '0'
[261.111s] DEBUG:colcon.colcon_core.event_reactor:joining thread
[261.115s] INFO:colcon.colcon_core.plugin_system:Skipping extension 'colcon_notification.desktop_notification.terminal_notifier': Not used on non-Darwin systems
[261.115s] INFO:colcon.colcon_core.plugin_system:Skipping extension 'colcon_notification.desktop_notification.win32': Not used on non-Windows systems
[261.115s] INFO:colcon.colcon_notification.desktop_notification:Sending desktop notification using 'notify2'
[261.125s] DEBUG:colcon.colcon_core.event_reactor:joined thread
[261.125s] INFO:colcon.colcon_core.shell:Creating prefix script '/home/avmi-lab-user/ThreatField2025/workspace/example_ws/install/local_setup.ps1'
[261.126s] INFO:colcon.colcon_core.shell:Creating prefix util module '/home/avmi-lab-user/ThreatField2025/workspace/example_ws/install/_local_setup_util_ps1.py'
[261.127s] INFO:colcon.colcon_core.shell:Creating prefix chain script '/home/avmi-lab-user/ThreatField2025/workspace/example_ws/install/setup.ps1'
[261.128s] INFO:colcon.colcon_core.shell:Creating prefix script '/home/avmi-lab-user/ThreatField2025/workspace/example_ws/install/local_setup.sh'
[261.128s] INFO:colcon.colcon_core.shell:Creating prefix util module '/home/avmi-lab-user/ThreatField2025/workspace/example_ws/install/_local_setup_util_sh.py'
[261.129s] INFO:colcon.colcon_core.shell:Creating prefix chain script '/home/avmi-lab-user/ThreatField2025/workspace/example_ws/install/setup.sh'
[261.130s] INFO:colcon.colcon_core.shell:Creating prefix script '/home/avmi-lab-user/ThreatField2025/workspace/example_ws/install/local_setup.bash'
[261.130s] INFO:colcon.colcon_core.shell:Creating prefix chain script '/home/avmi-lab-user/ThreatField2025/workspace/example_ws/install/setup.bash'
[261.131s] INFO:colcon.colcon_core.shell:Creating prefix script '/home/avmi-lab-user/ThreatField2025/workspace/example_ws/install/local_setup.zsh'
[261.131s] INFO:colcon.colcon_core.shell:Creating prefix chain script '/home/avmi-lab-user/ThreatField2025/workspace/example_ws/install/setup.zsh'
