[0.011s] Invoking command in '/home/avmi-lab-user/ThreatField2025/workspace/ros2_ws/build/sensor_pubsub': CMAKE_PREFIX_PATH=/opt/ros/humble /usr/bin/cmake /home/avmi-lab-user/ThreatField2025/workspace/ros2_ws/src/sensor_pubsub -DCMAKE_INSTALL_PREFIX=/home/avmi-lab-user/ThreatField2025/workspace/ros2_ws/install/sensor_pubsub
[0.054s] -- The C compiler identification is GNU 11.4.0
[0.100s] -- The CXX compiler identification is GNU 11.4.0
[0.105s] -- Detecting C compiler ABI info
[0.166s] -- Detecting C compiler ABI info - done
[0.174s] -- Check for working C compiler: /usr/bin/cc - skipped
[0.174s] -- Detecting C compile features
[0.174s] -- Detecting C compile features - done
[0.177s] -- Detecting CXX compiler ABI info
[0.246s] -- Detecting CXX compiler ABI info - done
[0.252s] -- Check for working CXX compiler: /usr/bin/c++ - skipped
[0.252s] -- Detecting CXX compile features
[0.253s] -- Detecting CXX compile features - done
[0.254s] -- Found ament_cmake: 1.3.11 (/opt/ros/humble/share/ament_cmake/cmake)
[1.089s] -- Found Python3: /usr/bin/python3 (found version "3.10.12") found components: Interpreter 
[1.181s] -- Found ament_lint_auto: 0.12.12 (/opt/ros/humble/share/ament_lint_auto/cmake)
[1.249s] -- Added test 'lint_cmake' to check CMake code style
[1.250s] -- Added test 'xmllint' to check XML markup files
[1.251s] -- Configuring done
[1.254s] -- Generating done
[1.257s] -- Build files have been written to: /home/avmi-lab-user/ThreatField2025/workspace/ros2_ws/build/sensor_pubsub
[1.261s] Invoked command in '/home/avmi-lab-user/ThreatField2025/workspace/ros2_ws/build/sensor_pubsub' returned '0': CMAKE_PREFIX_PATH=/opt/ros/humble /usr/bin/cmake /home/avmi-lab-user/ThreatField2025/workspace/ros2_ws/src/sensor_pubsub -DCMAKE_INSTALL_PREFIX=/home/avmi-lab-user/ThreatField2025/workspace/ros2_ws/install/sensor_pubsub
[1.263s] Invoking command in '/home/avmi-lab-user/ThreatField2025/workspace/ros2_ws/build/sensor_pubsub': CMAKE_PREFIX_PATH=/opt/ros/humble /usr/bin/cmake --build /home/avmi-lab-user/ThreatField2025/workspace/ros2_ws/build/sensor_pubsub -- -j8 -l8
[1.294s] Invoked command in '/home/avmi-lab-user/ThreatField2025/workspace/ros2_ws/build/sensor_pubsub' returned '0': CMAKE_PREFIX_PATH=/opt/ros/humble /usr/bin/cmake --build /home/avmi-lab-user/ThreatField2025/workspace/ros2_ws/build/sensor_pubsub -- -j8 -l8
[1.303s] Invoking command in '/home/avmi-lab-user/ThreatField2025/workspace/ros2_ws/build/sensor_pubsub': CMAKE_PREFIX_PATH=/opt/ros/humble /usr/bin/cmake --install /home/avmi-lab-user/ThreatField2025/workspace/ros2_ws/build/sensor_pubsub
[1.310s] -- Install configuration: ""
[1.310s] -- Installing: /home/avmi-lab-user/ThreatField2025/workspace/ros2_ws/install/sensor_pubsub/share/ament_index/resource_index/package_run_dependencies/sensor_pubsub
[1.310s] -- Installing: /home/avmi-lab-user/ThreatField2025/workspace/ros2_ws/install/sensor_pubsub/share/ament_index/resource_index/parent_prefix_path/sensor_pubsub
[1.310s] -- Installing: /home/avmi-lab-user/ThreatField2025/workspace/ros2_ws/install/sensor_pubsub/share/sensor_pubsub/environment/ament_prefix_path.sh
[1.310s] -- Installing: /home/avmi-lab-user/ThreatField2025/workspace/ros2_ws/install/sensor_pubsub/share/sensor_pubsub/environment/ament_prefix_path.dsv
[1.310s] -- Installing: /home/avmi-lab-user/ThreatField2025/workspace/ros2_ws/install/sensor_pubsub/share/sensor_pubsub/environment/path.sh
[1.310s] -- Installing: /home/avmi-lab-user/ThreatField2025/workspace/ros2_ws/install/sensor_pubsub/share/sensor_pubsub/environment/path.dsv
[1.310s] -- Installing: /home/avmi-lab-user/ThreatField2025/workspace/ros2_ws/install/sensor_pubsub/share/sensor_pubsub/local_setup.bash
[1.310s] -- Installing: /home/avmi-lab-user/ThreatField2025/workspace/ros2_ws/install/sensor_pubsub/share/sensor_pubsub/local_setup.sh
[1.310s] -- Installing: /home/avmi-lab-user/ThreatField2025/workspace/ros2_ws/install/sensor_pubsub/share/sensor_pubsub/local_setup.zsh
[1.310s] -- Installing: /home/avmi-lab-user/ThreatField2025/workspace/ros2_ws/install/sensor_pubsub/share/sensor_pubsub/local_setup.dsv
[1.311s] -- Installing: /home/avmi-lab-user/ThreatField2025/workspace/ros2_ws/install/sensor_pubsub/share/sensor_pubsub/package.dsv
[1.311s] -- Installing: /home/avmi-lab-user/ThreatField2025/workspace/ros2_ws/install/sensor_pubsub/share/ament_index/resource_index/packages/sensor_pubsub
[1.311s] -- Installing: /home/avmi-lab-user/ThreatField2025/workspace/ros2_ws/install/sensor_pubsub/share/sensor_pubsub/cmake/sensor_pubsubConfig.cmake
[1.311s] -- Installing: /home/avmi-lab-user/ThreatField2025/workspace/ros2_ws/install/sensor_pubsub/share/sensor_pubsub/cmake/sensor_pubsubConfig-version.cmake
[1.311s] -- Installing: /home/avmi-lab-user/ThreatField2025/workspace/ros2_ws/install/sensor_pubsub/share/sensor_pubsub/package.xml
[1.313s] Invoked command in '/home/avmi-lab-user/ThreatField2025/workspace/ros2_ws/build/sensor_pubsub' returned '0': CMAKE_PREFIX_PATH=/opt/ros/humble /usr/bin/cmake --install /home/avmi-lab-user/ThreatField2025/workspace/ros2_ws/build/sensor_pubsub
