[0.016s] Invoking command in '/home/eldavo07/ThreatField2025/workspace/ros2_ws/build/interface': CMAKE_PREFIX_PATH=${CMAKE_PREFIX_PATH}:/home/eldavo07/ThreatField2025/workspace/ros2_ws/install/py_sensor:/opt/ros/humble /usr/bin/cmake --build /home/eldavo07/ThreatField2025/workspace/ros2_ws/build/interface -- -j12 -l12
[0.050s] -- Found ament_cmake: 1.3.12 (/opt/ros/humble/share/ament_cmake/cmake)
[0.197s] -- Found geometry_msgs: 4.9.0 (/opt/ros/humble/share/geometry_msgs/cmake)
[0.231s] -- Found rosidl_generator_c: 3.1.7 (/opt/ros/humble/share/rosidl_generator_c/cmake)
[0.235s] -- Found rosidl_adapter: 3.1.7 (/opt/ros/humble/share/rosidl_adapter/cmake)
[0.243s] -- Found rosidl_generator_cpp: 3.1.7 (/opt/ros/humble/share/rosidl_generator_cpp/cmake)
[0.258s] -- Using all available rosidl_typesupport_c: rosidl_typesupport_fastrtps_c;rosidl_typesupport_introspection_c
[0.272s] -- Using all available rosidl_typesupport_cpp: rosidl_typesupport_fastrtps_cpp;rosidl_typesupport_introspection_cpp
[0.315s] -- Found rosidl_default_generators: 1.2.0 (/opt/ros/humble/share/rosidl_default_generators/cmake)
[0.601s] -- Found ament_cmake_ros: 0.10.0 (/opt/ros/humble/share/ament_cmake_ros/cmake)
[0.956s] -- Using all available rosidl_typesupport_c: rosidl_typesupport_fastrtps_c;rosidl_typesupport_introspection_c
[1.106s] -- Using all available rosidl_typesupport_cpp: rosidl_typesupport_fastrtps_cpp;rosidl_typesupport_introspection_cpp
[1.137s] -- Found python_cmake_module: 0.10.0 (/opt/ros/humble/share/python_cmake_module/cmake)
[1.165s] -- Using PYTHON_EXECUTABLE: /usr/bin/python3
[1.165s] -- Using PYTHON_INCLUDE_DIRS: /usr/include/python3.10
[1.165s] -- Using PYTHON_LIBRARIES: /usr/lib/x86_64-linux-gnu/libpython3.10.so
[1.181s] -- Found ament_lint_auto: 0.12.14 (/opt/ros/humble/share/ament_lint_auto/cmake)
[1.196s] -- Added test 'lint_cmake' to check CMake code style
[1.197s] -- Added test 'xmllint' to check XML markup files
[1.199s] -- Configuring done
[1.235s] -- Generating done
[1.248s] -- Build files have been written to: /home/eldavo07/ThreatField2025/workspace/ros2_ws/build/interface
[1.293s] [  2%] Built target interface__cpp
[1.296s] [35m[1mConsolidate compiler generated dependencies of target interface__rosidl_generator_c[0m
[1.308s] [35m[1mConsolidate compiler generated dependencies of target interface__rosidl_typesupport_fastrtps_cpp[0m
[1.309s] [35m[1mConsolidate compiler generated dependencies of target interface__rosidl_typesupport_introspection_cpp[0m
[1.310s] [  2%] Built target ament_cmake_python_copy_interface
[1.310s] [35m[1mConsolidate compiler generated dependencies of target interface__rosidl_typesupport_cpp[0m
[1.320s] [  5%] [32mBuilding C object CMakeFiles/interface__rosidl_generator_c.dir/rosidl_generator_c/interface/msg/detail/state__functions.c.o[0m
[1.320s] [  7%] [32mBuilding C object CMakeFiles/interface__rosidl_generator_c.dir/rosidl_generator_c/interface/msg/detail/sensor__functions.c.o[0m
[1.335s] [ 12%] [32mBuilding CXX object CMakeFiles/interface__rosidl_typesupport_fastrtps_cpp.dir/rosidl_typesupport_fastrtps_cpp/interface/msg/detail/dds_fastrtps/sensor__type_support.cpp.o[0m
[1.337s] [ 12%] [32mBuilding CXX object CMakeFiles/interface__rosidl_typesupport_fastrtps_cpp.dir/rosidl_typesupport_fastrtps_cpp/interface/msg/detail/dds_fastrtps/state__type_support.cpp.o[0m
[1.337s] [ 15%] [32mBuilding CXX object CMakeFiles/interface__rosidl_typesupport_introspection_cpp.dir/rosidl_typesupport_introspection_cpp/interface/msg/detail/state__type_support.cpp.o[0m
[1.338s] [ 17%] [32mBuilding CXX object CMakeFiles/interface__rosidl_typesupport_introspection_cpp.dir/rosidl_typesupport_introspection_cpp/interface/msg/detail/sensor__type_support.cpp.o[0m
[1.341s] [ 20%] [32mBuilding CXX object CMakeFiles/interface__rosidl_typesupport_cpp.dir/rosidl_typesupport_cpp/interface/msg/sensor__type_support.cpp.o[0m
[1.341s] [ 23%] [32mBuilding CXX object CMakeFiles/interface__rosidl_typesupport_cpp.dir/rosidl_typesupport_cpp/interface/msg/state__type_support.cpp.o[0m
[1.487s] [ 25%] [32m[1mLinking C shared library libinterface__rosidl_generator_c.so[0m
[1.580s] [ 28%] Built target interface__rosidl_generator_c
[1.611s] [35m[1mConsolidate compiler generated dependencies of target interface__rosidl_typesupport_fastrtps_c[0m
[1.613s] [35m[1mConsolidate compiler generated dependencies of target interface__rosidl_typesupport_c[0m
[1.624s] [35m[1mConsolidate compiler generated dependencies of target interface__rosidl_typesupport_introspection_c[0m
[1.651s] [ 30%] [32mBuilding CXX object CMakeFiles/interface__rosidl_typesupport_c.dir/rosidl_typesupport_c/interface/msg/sensor__type_support.cpp.o[0m
[1.671s] [ 33%] [32mBuilding CXX object CMakeFiles/interface__rosidl_typesupport_c.dir/rosidl_typesupport_c/interface/msg/state__type_support.cpp.o[0m
[1.672s] [ 38%] [32mBuilding CXX object CMakeFiles/interface__rosidl_typesupport_fastrtps_c.dir/rosidl_typesupport_fastrtps_c/interface/msg/detail/sensor__type_support_c.cpp.o[0m
[1.675s] [ 38%] [32mBuilding CXX object CMakeFiles/interface__rosidl_typesupport_fastrtps_c.dir/rosidl_typesupport_fastrtps_c/interface/msg/detail/state__type_support_c.cpp.o[0m
[1.689s] [ 41%] [32mBuilding C object CMakeFiles/interface__rosidl_typesupport_introspection_c.dir/rosidl_typesupport_introspection_c/interface/msg/detail/sensor__type_support.c.o[0m
[1.799s] [ 43%] [32mBuilding C object CMakeFiles/interface__rosidl_typesupport_introspection_c.dir/rosidl_typesupport_introspection_c/interface/msg/detail/state__type_support.c.o[0m
[1.802s] [ 46%] [32m[1mLinking CXX shared library libinterface__rosidl_typesupport_c.so[0m
[1.885s] [ 48%] [32m[1mLinking C shared library libinterface__rosidl_typesupport_introspection_c.so[0m
[1.961s] [ 51%] Built target interface__rosidl_typesupport_introspection_c
[1.985s] [ 53%] Built target interface__rosidl_typesupport_c
[1.996s] running egg_info
[2.071s] writing interface.egg-info/PKG-INFO
[2.073s] writing dependency_links to interface.egg-info/dependency_links.txt
[2.075s] writing top-level names to interface.egg-info/top_level.txt
[2.190s] [ 56%] [32m[1mLinking CXX shared library libinterface__rosidl_typesupport_cpp.so[0m
[2.245s] reading manifest file 'interface.egg-info/SOURCES.txt'
[2.246s] writing manifest file 'interface.egg-info/SOURCES.txt'
[2.295s] [ 58%] Built target interface__rosidl_typesupport_cpp
[2.314s] [ 58%] Built target ament_cmake_python_build_interface_egg
[2.383s] [ 61%] [32m[1mLinking CXX shared library libinterface__rosidl_typesupport_introspection_cpp.so[0m
[2.401s] [ 64%] [32m[1mLinking CXX shared library libinterface__rosidl_typesupport_fastrtps_cpp.so[0m
[2.448s] [ 66%] Built target interface__rosidl_typesupport_introspection_cpp
[2.518s] [ 69%] Built target interface__rosidl_typesupport_fastrtps_cpp
[2.537s] [ 71%] [32m[1mLinking CXX shared library libinterface__rosidl_typesupport_fastrtps_c.so[0m
[2.651s] [ 74%] Built target interface__rosidl_typesupport_fastrtps_c
[2.679s] [ 74%] Built target interface
[2.708s] [ 76%] Built target interface__py
[2.724s] [35m[1mConsolidate compiler generated dependencies of target interface__rosidl_generator_py[0m
[2.752s] [ 79%] [32mBuilding C object CMakeFiles/interface__rosidl_generator_py.dir/rosidl_generator_py/interface/msg/_state_s.c.o[0m
[2.754s] [ 82%] [32mBuilding C object CMakeFiles/interface__rosidl_generator_py.dir/rosidl_generator_py/interface/msg/_sensor_s.c.o[0m
[3.003s] [ 84%] [32m[1mLinking C shared library rosidl_generator_py/interface/libinterface__rosidl_generator_py.so[0m
[3.067s] [ 84%] Built target interface__rosidl_generator_py
[3.084s] [35m[1mConsolidate compiler generated dependencies of target interface__rosidl_typesupport_c__pyext[0m
[3.088s] [35m[1mConsolidate compiler generated dependencies of target interface__rosidl_typesupport_introspection_c__pyext[0m
[3.088s] [35m[1mConsolidate compiler generated dependencies of target interface__rosidl_typesupport_fastrtps_c__pyext[0m
[3.109s] [ 87%] [32mBuilding C object CMakeFiles/interface__rosidl_typesupport_c__pyext.dir/rosidl_generator_py/interface/_interface_s.ep.rosidl_typesupport_c.c.o[0m
[3.115s] [ 89%] [32mBuilding C object CMakeFiles/interface__rosidl_typesupport_introspection_c__pyext.dir/rosidl_generator_py/interface/_interface_s.ep.rosidl_typesupport_introspection_c.c.o[0m
[3.116s] [ 92%] [32mBuilding C object CMakeFiles/interface__rosidl_typesupport_fastrtps_c__pyext.dir/rosidl_generator_py/interface/_interface_s.ep.rosidl_typesupport_fastrtps_c.c.o[0m
[3.334s] [ 94%] [32m[1mLinking C shared library rosidl_generator_py/interface/interface_s__rosidl_typesupport_c.cpython-310-x86_64-linux-gnu.so[0m
[3.365s] [ 97%] [32m[1mLinking C shared library rosidl_generator_py/interface/interface_s__rosidl_typesupport_fastrtps_c.cpython-310-x86_64-linux-gnu.so[0m
[3.373s] [100%] [32m[1mLinking C shared library rosidl_generator_py/interface/interface_s__rosidl_typesupport_introspection_c.cpython-310-x86_64-linux-gnu.so[0m
[3.387s] [100%] Built target interface__rosidl_typesupport_c__pyext
[3.423s] [100%] Built target interface__rosidl_typesupport_fastrtps_c__pyext
[3.431s] [100%] Built target interface__rosidl_typesupport_introspection_c__pyext
[3.449s] Invoked command in '/home/eldavo07/ThreatField2025/workspace/ros2_ws/build/interface' returned '0': CMAKE_PREFIX_PATH=${CMAKE_PREFIX_PATH}:/home/eldavo07/ThreatField2025/workspace/ros2_ws/install/py_sensor:/opt/ros/humble /usr/bin/cmake --build /home/eldavo07/ThreatField2025/workspace/ros2_ws/build/interface -- -j12 -l12
[3.465s] Invoking command in '/home/eldavo07/ThreatField2025/workspace/ros2_ws/build/interface': CMAKE_PREFIX_PATH=${CMAKE_PREFIX_PATH}:/home/eldavo07/ThreatField2025/workspace/ros2_ws/install/py_sensor:/opt/ros/humble /usr/bin/cmake --install /home/eldavo07/ThreatField2025/workspace/ros2_ws/build/interface
[3.476s] -- Install configuration: ""
[3.476s] -- Installing: /home/eldavo07/ThreatField2025/workspace/ros2_ws/install/interface/share/ament_index/resource_index/rosidl_interfaces/interface
[3.476s] -- Up-to-date: /home/eldavo07/ThreatField2025/workspace/ros2_ws/install/interface/include/interface/interface
[3.477s] -- Up-to-date: /home/eldavo07/ThreatField2025/workspace/ros2_ws/install/interface/include/interface/interface/msg
[3.477s] -- Up-to-date: /home/eldavo07/ThreatField2025/workspace/ros2_ws/install/interface/include/interface/interface/msg/rosidl_generator_c__visibility_control.h
[3.477s] -- Installing: /home/eldavo07/ThreatField2025/workspace/ros2_ws/install/interface/include/interface/interface/msg/state.h
[3.477s] -- Installing: /home/eldavo07/ThreatField2025/workspace/ros2_ws/install/interface/include/interface/interface/msg/sensor.h
[3.477s] -- Up-to-date: /home/eldavo07/ThreatField2025/workspace/ros2_ws/install/interface/include/interface/interface/msg/detail
[3.477s] -- Installing: /home/eldavo07/ThreatField2025/workspace/ros2_ws/install/interface/include/interface/interface/msg/detail/sensor__functions.h
[3.478s] -- Installing: /home/eldavo07/ThreatField2025/workspace/ros2_ws/install/interface/include/interface/interface/msg/detail/sensor__struct.h
[3.478s] -- Installing: /home/eldavo07/ThreatField2025/workspace/ros2_ws/install/interface/include/interface/interface/msg/detail/state__functions.h
[3.478s] -- Installing: /home/eldavo07/ThreatField2025/workspace/ros2_ws/install/interface/include/interface/interface/msg/detail/sensor__type_support.h
[3.478s] -- Installing: /home/eldavo07/ThreatField2025/workspace/ros2_ws/install/interface/include/interface/interface/msg/detail/sensor__functions.c
[3.478s] -- Installing: /home/eldavo07/ThreatField2025/workspace/ros2_ws/install/interface/include/interface/interface/msg/detail/state__functions.c
[3.479s] -- Installing: /home/eldavo07/ThreatField2025/workspace/ros2_ws/install/interface/include/interface/interface/msg/detail/state__type_support.h
[3.479s] -- Installing: /home/eldavo07/ThreatField2025/workspace/ros2_ws/install/interface/include/interface/interface/msg/detail/state__struct.h
[3.479s] -- Up-to-date: /home/eldavo07/ThreatField2025/workspace/ros2_ws/install/interface/share/interface/environment/library_path.sh
[3.479s] -- Installing: /home/eldavo07/ThreatField2025/workspace/ros2_ws/install/interface/share/interface/environment/library_path.dsv
[3.479s] -- Installing: /home/eldavo07/ThreatField2025/workspace/ros2_ws/install/interface/lib/libinterface__rosidl_generator_c.so
[3.480s] -- Set runtime path of "/home/eldavo07/ThreatField2025/workspace/ros2_ws/install/interface/lib/libinterface__rosidl_generator_c.so" to ""
[3.480s] -- Up-to-date: /home/eldavo07/ThreatField2025/workspace/ros2_ws/install/interface/include/interface/interface
[3.480s] -- Up-to-date: /home/eldavo07/ThreatField2025/workspace/ros2_ws/install/interface/include/interface/interface/msg
[3.480s] -- Up-to-date: /home/eldavo07/ThreatField2025/workspace/ros2_ws/install/interface/include/interface/interface/msg/rosidl_typesupport_fastrtps_c__visibility_control.h
[3.480s] -- Up-to-date: /home/eldavo07/ThreatField2025/workspace/ros2_ws/install/interface/include/interface/interface/msg/detail
[3.481s] -- Installing: /home/eldavo07/ThreatField2025/workspace/ros2_ws/install/interface/include/interface/interface/msg/detail/state__rosidl_typesupport_fastrtps_c.h
[3.481s] -- Installing: /home/eldavo07/ThreatField2025/workspace/ros2_ws/install/interface/include/interface/interface/msg/detail/sensor__rosidl_typesupport_fastrtps_c.h
[3.481s] -- Installing: /home/eldavo07/ThreatField2025/workspace/ros2_ws/install/interface/lib/libinterface__rosidl_typesupport_fastrtps_c.so
[3.482s] -- Set runtime path of "/home/eldavo07/ThreatField2025/workspace/ros2_ws/install/interface/lib/libinterface__rosidl_typesupport_fastrtps_c.so" to ""
[3.482s] -- Up-to-date: /home/eldavo07/ThreatField2025/workspace/ros2_ws/install/interface/include/interface/interface
[3.483s] -- Up-to-date: /home/eldavo07/ThreatField2025/workspace/ros2_ws/install/interface/include/interface/interface/msg
[3.483s] -- Up-to-date: /home/eldavo07/ThreatField2025/workspace/ros2_ws/install/interface/include/interface/interface/msg/rosidl_generator_cpp__visibility_control.hpp
[3.483s] -- Installing: /home/eldavo07/ThreatField2025/workspace/ros2_ws/install/interface/include/interface/interface/msg/sensor.hpp
[3.483s] -- Installing: /home/eldavo07/ThreatField2025/workspace/ros2_ws/install/interface/include/interface/interface/msg/state.hpp
[3.483s] -- Up-to-date: /home/eldavo07/ThreatField2025/workspace/ros2_ws/install/interface/include/interface/interface/msg/detail
[3.483s] -- Installing: /home/eldavo07/ThreatField2025/workspace/ros2_ws/install/interface/include/interface/interface/msg/detail/sensor__struct.hpp
[3.483s] -- Installing: /home/eldavo07/ThreatField2025/workspace/ros2_ws/install/interface/include/interface/interface/msg/detail/state__type_support.hpp
[3.484s] -- Installing: /home/eldavo07/ThreatField2025/workspace/ros2_ws/install/interface/include/interface/interface/msg/detail/state__traits.hpp
[3.484s] -- Installing: /home/eldavo07/ThreatField2025/workspace/ros2_ws/install/interface/include/interface/interface/msg/detail/sensor__type_support.hpp
[3.484s] -- Installing: /home/eldavo07/ThreatField2025/workspace/ros2_ws/install/interface/include/interface/interface/msg/detail/sensor__builder.hpp
[3.484s] -- Installing: /home/eldavo07/ThreatField2025/workspace/ros2_ws/install/interface/include/interface/interface/msg/detail/sensor__traits.hpp
[3.485s] -- Installing: /home/eldavo07/ThreatField2025/workspace/ros2_ws/install/interface/include/interface/interface/msg/detail/state__struct.hpp
[3.485s] -- Installing: /home/eldavo07/ThreatField2025/workspace/ros2_ws/install/interface/include/interface/interface/msg/detail/state__builder.hpp
[3.485s] -- Up-to-date: /home/eldavo07/ThreatField2025/workspace/ros2_ws/install/interface/include/interface/interface
[3.485s] -- Up-to-date: /home/eldavo07/ThreatField2025/workspace/ros2_ws/install/interface/include/interface/interface/msg
[3.486s] -- Up-to-date: /home/eldavo07/ThreatField2025/workspace/ros2_ws/install/interface/include/interface/interface/msg/rosidl_typesupport_fastrtps_cpp__visibility_control.h
[3.486s] -- Up-to-date: /home/eldavo07/ThreatField2025/workspace/ros2_ws/install/interface/include/interface/interface/msg/detail
[3.486s] -- Installing: /home/eldavo07/ThreatField2025/workspace/ros2_ws/install/interface/include/interface/interface/msg/detail/state__rosidl_typesupport_fastrtps_cpp.hpp
[3.486s] -- Installing: /home/eldavo07/ThreatField2025/workspace/ros2_ws/install/interface/include/interface/interface/msg/detail/sensor__rosidl_typesupport_fastrtps_cpp.hpp
[3.486s] -- Up-to-date: /home/eldavo07/ThreatField2025/workspace/ros2_ws/install/interface/include/interface/interface/msg/detail/dds_fastrtps
[3.486s] -- Installing: /home/eldavo07/ThreatField2025/workspace/ros2_ws/install/interface/lib/libinterface__rosidl_typesupport_fastrtps_cpp.so
[3.487s] -- Set runtime path of "/home/eldavo07/ThreatField2025/workspace/ros2_ws/install/interface/lib/libinterface__rosidl_typesupport_fastrtps_cpp.so" to ""
[3.487s] -- Up-to-date: /home/eldavo07/ThreatField2025/workspace/ros2_ws/install/interface/include/interface/interface
[3.488s] -- Up-to-date: /home/eldavo07/ThreatField2025/workspace/ros2_ws/install/interface/include/interface/interface/msg
[3.488s] -- Up-to-date: /home/eldavo07/ThreatField2025/workspace/ros2_ws/install/interface/include/interface/interface/msg/detail
[3.488s] -- Installing: /home/eldavo07/ThreatField2025/workspace/ros2_ws/install/interface/include/interface/interface/msg/detail/sensor__type_support.c
[3.488s] -- Installing: /home/eldavo07/ThreatField2025/workspace/ros2_ws/install/interface/include/interface/interface/msg/detail/state__rosidl_typesupport_introspection_c.h
[3.488s] -- Installing: /home/eldavo07/ThreatField2025/workspace/ros2_ws/install/interface/include/interface/interface/msg/detail/state__type_support.c
[3.488s] -- Installing: /home/eldavo07/ThreatField2025/workspace/ros2_ws/install/interface/include/interface/interface/msg/detail/sensor__rosidl_typesupport_introspection_c.h
[3.489s] -- Up-to-date: /home/eldavo07/ThreatField2025/workspace/ros2_ws/install/interface/include/interface/interface/msg/rosidl_typesupport_introspection_c__visibility_control.h
[3.489s] -- Installing: /home/eldavo07/ThreatField2025/workspace/ros2_ws/install/interface/lib/libinterface__rosidl_typesupport_introspection_c.so
[3.490s] -- Set runtime path of "/home/eldavo07/ThreatField2025/workspace/ros2_ws/install/interface/lib/libinterface__rosidl_typesupport_introspection_c.so" to ""
[3.490s] -- Installing: /home/eldavo07/ThreatField2025/workspace/ros2_ws/install/interface/lib/libinterface__rosidl_typesupport_c.so
[3.491s] -- Set runtime path of "/home/eldavo07/ThreatField2025/workspace/ros2_ws/install/interface/lib/libinterface__rosidl_typesupport_c.so" to ""
[3.491s] -- Up-to-date: /home/eldavo07/ThreatField2025/workspace/ros2_ws/install/interface/include/interface/interface
[3.491s] -- Up-to-date: /home/eldavo07/ThreatField2025/workspace/ros2_ws/install/interface/include/interface/interface/msg
[3.491s] -- Up-to-date: /home/eldavo07/ThreatField2025/workspace/ros2_ws/install/interface/include/interface/interface/msg/detail
[3.491s] -- Installing: /home/eldavo07/ThreatField2025/workspace/ros2_ws/install/interface/include/interface/interface/msg/detail/state__type_support.cpp
[3.491s] -- Installing: /home/eldavo07/ThreatField2025/workspace/ros2_ws/install/interface/include/interface/interface/msg/detail/state__rosidl_typesupport_introspection_cpp.hpp
[3.491s] -- Installing: /home/eldavo07/ThreatField2025/workspace/ros2_ws/install/interface/include/interface/interface/msg/detail/sensor__type_support.cpp
[3.492s] -- Installing: /home/eldavo07/ThreatField2025/workspace/ros2_ws/install/interface/include/interface/interface/msg/detail/sensor__rosidl_typesupport_introspection_cpp.hpp
[3.492s] -- Installing: /home/eldavo07/ThreatField2025/workspace/ros2_ws/install/interface/lib/libinterface__rosidl_typesupport_introspection_cpp.so
[3.493s] -- Set runtime path of "/home/eldavo07/ThreatField2025/workspace/ros2_ws/install/interface/lib/libinterface__rosidl_typesupport_introspection_cpp.so" to ""
[3.493s] -- Installing: /home/eldavo07/ThreatField2025/workspace/ros2_ws/install/interface/lib/libinterface__rosidl_typesupport_cpp.so
[3.494s] -- Set runtime path of "/home/eldavo07/ThreatField2025/workspace/ros2_ws/install/interface/lib/libinterface__rosidl_typesupport_cpp.so" to ""
[3.494s] -- Up-to-date: /home/eldavo07/ThreatField2025/workspace/ros2_ws/install/interface/share/interface/environment/pythonpath.sh
[3.494s] -- Installing: /home/eldavo07/ThreatField2025/workspace/ros2_ws/install/interface/share/interface/environment/pythonpath.dsv
[3.494s] -- Up-to-date: /home/eldavo07/ThreatField2025/workspace/ros2_ws/install/interface/local/lib/python3.10/dist-packages/interface-0.0.0-py3.10.egg-info
[3.495s] -- Installing: /home/eldavo07/ThreatField2025/workspace/ros2_ws/install/interface/local/lib/python3.10/dist-packages/interface-0.0.0-py3.10.egg-info/top_level.txt
[3.495s] -- Installing: /home/eldavo07/ThreatField2025/workspace/ros2_ws/install/interface/local/lib/python3.10/dist-packages/interface-0.0.0-py3.10.egg-info/dependency_links.txt
[3.495s] -- Installing: /home/eldavo07/ThreatField2025/workspace/ros2_ws/install/interface/local/lib/python3.10/dist-packages/interface-0.0.0-py3.10.egg-info/SOURCES.txt
[3.495s] -- Installing: /home/eldavo07/ThreatField2025/workspace/ros2_ws/install/interface/local/lib/python3.10/dist-packages/interface-0.0.0-py3.10.egg-info/PKG-INFO
[3.495s] -- Up-to-date: /home/eldavo07/ThreatField2025/workspace/ros2_ws/install/interface/local/lib/python3.10/dist-packages/interface
[3.495s] -- Installing: /home/eldavo07/ThreatField2025/workspace/ros2_ws/install/interface/local/lib/python3.10/dist-packages/interface/interface_s__rosidl_typesupport_introspection_c.cpython-310-x86_64-linux-gnu.so
[3.496s] -- Installing: /home/eldavo07/ThreatField2025/workspace/ros2_ws/install/interface/local/lib/python3.10/dist-packages/interface/_interface_s.ep.rosidl_typesupport_c.c
[3.496s] -- Installing: /home/eldavo07/ThreatField2025/workspace/ros2_ws/install/interface/local/lib/python3.10/dist-packages/interface/interface_s__rosidl_typesupport_fastrtps_c.cpython-310-x86_64-linux-gnu.so
[3.496s] -- Installing: /home/eldavo07/ThreatField2025/workspace/ros2_ws/install/interface/local/lib/python3.10/dist-packages/interface/libinterface__rosidl_generator_py.so
[3.497s] -- Installing: /home/eldavo07/ThreatField2025/workspace/ros2_ws/install/interface/local/lib/python3.10/dist-packages/interface/interface_s__rosidl_typesupport_c.cpython-310-x86_64-linux-gnu.so
[3.497s] -- Installing: /home/eldavo07/ThreatField2025/workspace/ros2_ws/install/interface/local/lib/python3.10/dist-packages/interface/_interface_s.ep.rosidl_typesupport_fastrtps_c.c
[3.497s] -- Installing: /home/eldavo07/ThreatField2025/workspace/ros2_ws/install/interface/local/lib/python3.10/dist-packages/interface/__init__.py
[3.497s] -- Installing: /home/eldavo07/ThreatField2025/workspace/ros2_ws/install/interface/local/lib/python3.10/dist-packages/interface/_interface_s.ep.rosidl_typesupport_introspection_c.c
[3.498s] -- Up-to-date: /home/eldavo07/ThreatField2025/workspace/ros2_ws/install/interface/local/lib/python3.10/dist-packages/interface/msg
[3.498s] -- Installing: /home/eldavo07/ThreatField2025/workspace/ros2_ws/install/interface/local/lib/python3.10/dist-packages/interface/msg/_state_s.c
[3.498s] -- Installing: /home/eldavo07/ThreatField2025/workspace/ros2_ws/install/interface/local/lib/python3.10/dist-packages/interface/msg/_sensor.py
[3.498s] -- Installing: /home/eldavo07/ThreatField2025/workspace/ros2_ws/install/interface/local/lib/python3.10/dist-packages/interface/msg/_state.py
[3.499s] -- Installing: /home/eldavo07/ThreatField2025/workspace/ros2_ws/install/interface/local/lib/python3.10/dist-packages/interface/msg/__init__.py
[3.499s] -- Installing: /home/eldavo07/ThreatField2025/workspace/ros2_ws/install/interface/local/lib/python3.10/dist-packages/interface/msg/_sensor_s.c
[3.559s] Listing '/home/eldavo07/ThreatField2025/workspace/ros2_ws/install/interface/local/lib/python3.10/dist-packages/interface'...
[3.559s] Compiling '/home/eldavo07/ThreatField2025/workspace/ros2_ws/install/interface/local/lib/python3.10/dist-packages/interface/__init__.py'...
[3.559s] Listing '/home/eldavo07/ThreatField2025/workspace/ros2_ws/install/interface/local/lib/python3.10/dist-packages/interface/msg'...
[3.559s] Compiling '/home/eldavo07/ThreatField2025/workspace/ros2_ws/install/interface/local/lib/python3.10/dist-packages/interface/msg/__init__.py'...
[3.560s] Compiling '/home/eldavo07/ThreatField2025/workspace/ros2_ws/install/interface/local/lib/python3.10/dist-packages/interface/msg/_sensor.py'...
[3.560s] Compiling '/home/eldavo07/ThreatField2025/workspace/ros2_ws/install/interface/local/lib/python3.10/dist-packages/interface/msg/_state.py'...
[3.567s] -- Installing: /home/eldavo07/ThreatField2025/workspace/ros2_ws/install/interface/local/lib/python3.10/dist-packages/interface/interface_s__rosidl_typesupport_fastrtps_c.cpython-310-x86_64-linux-gnu.so
[3.568s] -- Set runtime path of "/home/eldavo07/ThreatField2025/workspace/ros2_ws/install/interface/local/lib/python3.10/dist-packages/interface/interface_s__rosidl_typesupport_fastrtps_c.cpython-310-x86_64-linux-gnu.so" to ""
[3.568s] -- Installing: /home/eldavo07/ThreatField2025/workspace/ros2_ws/install/interface/local/lib/python3.10/dist-packages/interface/interface_s__rosidl_typesupport_introspection_c.cpython-310-x86_64-linux-gnu.so
[3.569s] -- Set runtime path of "/home/eldavo07/ThreatField2025/workspace/ros2_ws/install/interface/local/lib/python3.10/dist-packages/interface/interface_s__rosidl_typesupport_introspection_c.cpython-310-x86_64-linux-gnu.so" to ""
[3.569s] -- Installing: /home/eldavo07/ThreatField2025/workspace/ros2_ws/install/interface/local/lib/python3.10/dist-packages/interface/interface_s__rosidl_typesupport_c.cpython-310-x86_64-linux-gnu.so
[3.570s] -- Set runtime path of "/home/eldavo07/ThreatField2025/workspace/ros2_ws/install/interface/local/lib/python3.10/dist-packages/interface/interface_s__rosidl_typesupport_c.cpython-310-x86_64-linux-gnu.so" to ""
[3.571s] -- Installing: /home/eldavo07/ThreatField2025/workspace/ros2_ws/install/interface/lib/libinterface__rosidl_generator_py.so
[3.571s] -- Set runtime path of "/home/eldavo07/ThreatField2025/workspace/ros2_ws/install/interface/lib/libinterface__rosidl_generator_py.so" to ""
[3.572s] -- Installing: /home/eldavo07/ThreatField2025/workspace/ros2_ws/install/interface/share/interface/msg/Sensor.idl
[3.572s] -- Installing: /home/eldavo07/ThreatField2025/workspace/ros2_ws/install/interface/share/interface/msg/State.idl
[3.572s] -- Up-to-date: /home/eldavo07/ThreatField2025/workspace/ros2_ws/install/interface/share/interface/msg/Sensor.msg
[3.572s] -- Up-to-date: /home/eldavo07/ThreatField2025/workspace/ros2_ws/install/interface/share/interface/msg/State.msg
[3.573s] -- Up-to-date: /home/eldavo07/ThreatField2025/workspace/ros2_ws/install/interface/share/ament_index/resource_index/package_run_dependencies/interface
[3.573s] -- Installing: /home/eldavo07/ThreatField2025/workspace/ros2_ws/install/interface/share/ament_index/resource_index/parent_prefix_path/interface
[3.573s] -- Up-to-date: /home/eldavo07/ThreatField2025/workspace/ros2_ws/install/interface/share/interface/environment/ament_prefix_path.sh
[3.573s] -- Installing: /home/eldavo07/ThreatField2025/workspace/ros2_ws/install/interface/share/interface/environment/ament_prefix_path.dsv
[3.573s] -- Up-to-date: /home/eldavo07/ThreatField2025/workspace/ros2_ws/install/interface/share/interface/environment/path.sh
[3.573s] -- Installing: /home/eldavo07/ThreatField2025/workspace/ros2_ws/install/interface/share/interface/environment/path.dsv
[3.574s] -- Up-to-date: /home/eldavo07/ThreatField2025/workspace/ros2_ws/install/interface/share/interface/local_setup.bash
[3.574s] -- Installing: /home/eldavo07/ThreatField2025/workspace/ros2_ws/install/interface/share/interface/local_setup.sh
[3.574s] -- Up-to-date: /home/eldavo07/ThreatField2025/workspace/ros2_ws/install/interface/share/interface/local_setup.zsh
[3.574s] -- Installing: /home/eldavo07/ThreatField2025/workspace/ros2_ws/install/interface/share/interface/local_setup.dsv
[3.575s] -- Installing: /home/eldavo07/ThreatField2025/workspace/ros2_ws/install/interface/share/interface/package.dsv
[3.575s] -- Up-to-date: /home/eldavo07/ThreatField2025/workspace/ros2_ws/install/interface/share/ament_index/resource_index/packages/interface
[3.575s] -- Installing: /home/eldavo07/ThreatField2025/workspace/ros2_ws/install/interface/share/interface/cmake/export_interface__rosidl_generator_cExport.cmake
[3.576s] -- Up-to-date: /home/eldavo07/ThreatField2025/workspace/ros2_ws/install/interface/share/interface/cmake/export_interface__rosidl_generator_cExport-noconfig.cmake
[3.576s] -- Installing: /home/eldavo07/ThreatField2025/workspace/ros2_ws/install/interface/share/interface/cmake/export_interface__rosidl_typesupport_fastrtps_cExport.cmake
[3.576s] -- Up-to-date: /home/eldavo07/ThreatField2025/workspace/ros2_ws/install/interface/share/interface/cmake/export_interface__rosidl_typesupport_fastrtps_cExport-noconfig.cmake
[3.576s] -- Installing: /home/eldavo07/ThreatField2025/workspace/ros2_ws/install/interface/share/interface/cmake/export_interface__rosidl_generator_cppExport.cmake
[3.577s] -- Installing: /home/eldavo07/ThreatField2025/workspace/ros2_ws/install/interface/share/interface/cmake/export_interface__rosidl_typesupport_fastrtps_cppExport.cmake
[3.577s] -- Up-to-date: /home/eldavo07/ThreatField2025/workspace/ros2_ws/install/interface/share/interface/cmake/export_interface__rosidl_typesupport_fastrtps_cppExport-noconfig.cmake
[3.577s] -- Installing: /home/eldavo07/ThreatField2025/workspace/ros2_ws/install/interface/share/interface/cmake/interface__rosidl_typesupport_introspection_cExport.cmake
[3.578s] -- Up-to-date: /home/eldavo07/ThreatField2025/workspace/ros2_ws/install/interface/share/interface/cmake/interface__rosidl_typesupport_introspection_cExport-noconfig.cmake
[3.578s] -- Installing: /home/eldavo07/ThreatField2025/workspace/ros2_ws/install/interface/share/interface/cmake/interface__rosidl_typesupport_cExport.cmake
[3.578s] -- Up-to-date: /home/eldavo07/ThreatField2025/workspace/ros2_ws/install/interface/share/interface/cmake/interface__rosidl_typesupport_cExport-noconfig.cmake
[3.578s] -- Installing: /home/eldavo07/ThreatField2025/workspace/ros2_ws/install/interface/share/interface/cmake/interface__rosidl_typesupport_introspection_cppExport.cmake
[3.579s] -- Up-to-date: /home/eldavo07/ThreatField2025/workspace/ros2_ws/install/interface/share/interface/cmake/interface__rosidl_typesupport_introspection_cppExport-noconfig.cmake
[3.579s] -- Installing: /home/eldavo07/ThreatField2025/workspace/ros2_ws/install/interface/share/interface/cmake/interface__rosidl_typesupport_cppExport.cmake
[3.579s] -- Up-to-date: /home/eldavo07/ThreatField2025/workspace/ros2_ws/install/interface/share/interface/cmake/interface__rosidl_typesupport_cppExport-noconfig.cmake
[3.580s] -- Installing: /home/eldavo07/ThreatField2025/workspace/ros2_ws/install/interface/share/interface/cmake/export_interface__rosidl_generator_pyExport.cmake
[3.580s] -- Up-to-date: /home/eldavo07/ThreatField2025/workspace/ros2_ws/install/interface/share/interface/cmake/export_interface__rosidl_generator_pyExport-noconfig.cmake
[3.580s] -- Installing: /home/eldavo07/ThreatField2025/workspace/ros2_ws/install/interface/share/interface/cmake/rosidl_cmake-extras.cmake
[3.580s] -- Up-to-date: /home/eldavo07/ThreatField2025/workspace/ros2_ws/install/interface/share/interface/cmake/ament_cmake_export_include_directories-extras.cmake
[3.581s] -- Up-to-date: /home/eldavo07/ThreatField2025/workspace/ros2_ws/install/interface/share/interface/cmake/ament_cmake_export_libraries-extras.cmake
[3.581s] -- Up-to-date: /home/eldavo07/ThreatField2025/workspace/ros2_ws/install/interface/share/interface/cmake/ament_cmake_export_targets-extras.cmake
[3.581s] -- Up-to-date: /home/eldavo07/ThreatField2025/workspace/ros2_ws/install/interface/share/interface/cmake/rosidl_cmake_export_typesupport_targets-extras.cmake
[3.581s] -- Installing: /home/eldavo07/ThreatField2025/workspace/ros2_ws/install/interface/share/interface/cmake/ament_cmake_export_dependencies-extras.cmake
[3.581s] -- Up-to-date: /home/eldavo07/ThreatField2025/workspace/ros2_ws/install/interface/share/interface/cmake/rosidl_cmake_export_typesupport_libraries-extras.cmake
[3.581s] -- Installing: /home/eldavo07/ThreatField2025/workspace/ros2_ws/install/interface/share/interface/cmake/interfaceConfig.cmake
[3.581s] -- Up-to-date: /home/eldavo07/ThreatField2025/workspace/ros2_ws/install/interface/share/interface/cmake/interfaceConfig-version.cmake
[3.582s] -- Up-to-date: /home/eldavo07/ThreatField2025/workspace/ros2_ws/install/interface/share/interface/package.xml
[3.586s] Invoked command in '/home/eldavo07/ThreatField2025/workspace/ros2_ws/build/interface' returned '0': CMAKE_PREFIX_PATH=${CMAKE_PREFIX_PATH}:/home/eldavo07/ThreatField2025/workspace/ros2_ws/install/py_sensor:/opt/ros/humble /usr/bin/cmake --install /home/eldavo07/ThreatField2025/workspace/ros2_ws/build/interface
